steps/train_mono.sh --boost-silence 1.25 --num_iters 40 --totgauss 2000 --nj 10 --cmd run.pl data/train_2kshort data/lang_nosp exp/mono-2
steps/train_mono.sh: Initializing monophone system.
finished stage 1
steps/train_mono.sh: Compiling training graphs
finished stage 2
steps/train_mono.sh: Aligning data equally (pass 0)
finished stage 3
finished stage 4
steps/train_mono.sh: Pass 1
steps/train_mono.sh: Aligning data
steps/train_mono.sh: Finished Aligning
steps/train_mono.sh: Pass 2
steps/train_mono.sh: Aligning data
steps/train_mono.sh: Finished Aligning
steps/train_mono.sh: Pass 3
steps/train_mono.sh: Aligning data
steps/train_mono.sh: Finished Aligning
steps/train_mono.sh: Pass 4
steps/train_mono.sh: Aligning data
steps/train_mono.sh: Finished Aligning
steps/train_mono.sh: Pass 5
steps/train_mono.sh: Aligning data
steps/train_mono.sh: Finished Aligning
steps/train_mono.sh: Pass 6
steps/train_mono.sh: Aligning data
steps/train_mono.sh: Finished Aligning
steps/train_mono.sh: Pass 7
steps/train_mono.sh: Aligning data
steps/train_mono.sh: Finished Aligning
steps/train_mono.sh: Pass 8
steps/train_mono.sh: Aligning data
steps/train_mono.sh: Finished Aligning
steps/train_mono.sh: Pass 9
steps/train_mono.sh: Aligning data
steps/train_mono.sh: Finished Aligning
steps/train_mono.sh: Pass 10
steps/train_mono.sh: Aligning data
steps/train_mono.sh: Finished Aligning
steps/train_mono.sh: Pass 11
steps/train_mono.sh: Finished Aligning
steps/train_mono.sh: Pass 12
steps/train_mono.sh: Aligning data
steps/train_mono.sh: Finished Aligning
steps/train_mono.sh: Pass 13
steps/train_mono.sh: Finished Aligning
steps/train_mono.sh: Pass 14
steps/train_mono.sh: Aligning data
steps/train_mono.sh: Finished Aligning
steps/train_mono.sh: Pass 15
steps/train_mono.sh: Finished Aligning
steps/train_mono.sh: Pass 16
steps/train_mono.sh: Aligning data
steps/train_mono.sh: Finished Aligning
steps/train_mono.sh: Pass 17
steps/train_mono.sh: Finished Aligning
steps/train_mono.sh: Pass 18
steps/train_mono.sh: Aligning data
steps/train_mono.sh: Finished Aligning
steps/train_mono.sh: Pass 19
steps/train_mono.sh: Finished Aligning
steps/train_mono.sh: Pass 20
steps/train_mono.sh: Aligning data
steps/train_mono.sh: Finished Aligning
steps/train_mono.sh: Pass 21
steps/train_mono.sh: Finished Aligning
steps/train_mono.sh: Pass 22
steps/train_mono.sh: Finished Aligning
steps/train_mono.sh: Pass 23
steps/train_mono.sh: Aligning data
steps/train_mono.sh: Finished Aligning
steps/train_mono.sh: Pass 24
steps/train_mono.sh: Finished Aligning
steps/train_mono.sh: Pass 25
steps/train_mono.sh: Finished Aligning
steps/train_mono.sh: Pass 26
steps/train_mono.sh: Aligning data
steps/train_mono.sh: Finished Aligning
steps/train_mono.sh: Pass 27
steps/train_mono.sh: Finished Aligning
steps/train_mono.sh: Pass 28
steps/train_mono.sh: Finished Aligning
steps/train_mono.sh: Pass 29
steps/train_mono.sh: Aligning data
steps/train_mono.sh: Finished Aligning
steps/train_mono.sh: Pass 30
steps/train_mono.sh: Finished Aligning
steps/train_mono.sh: Pass 31
steps/train_mono.sh: Finished Aligning
steps/train_mono.sh: Pass 32
steps/train_mono.sh: Aligning data
steps/train_mono.sh: Finished Aligning
steps/train_mono.sh: Pass 33
steps/train_mono.sh: Finished Aligning
steps/train_mono.sh: Pass 34
steps/train_mono.sh: Finished Aligning
steps/train_mono.sh: Pass 35
steps/train_mono.sh: Aligning data
steps/train_mono.sh: Finished Aligning
steps/train_mono.sh: Pass 36
steps/train_mono.sh: Finished Aligning
steps/train_mono.sh: Pass 37
steps/train_mono.sh: Finished Aligning
steps/train_mono.sh: Pass 38
steps/train_mono.sh: Aligning data
steps/train_mono.sh: Finished Aligning
steps/train_mono.sh: Pass 39
steps/train_mono.sh: Finished Aligning
steps/diagnostic/analyze_alignments.sh --cmd run.pl data/lang_nosp exp/mono-2
steps/diagnostic/analyze_alignments.sh: see stats in exp/mono-2/log/analyze_alignments.log
411 warnings in exp/mono-2/log/align.*.*.log
exp/mono-2: nj=10 align prob=-99.22 over 1.99h [retry=0.1%, fail=0.0%] states=127 gauss=1992
steps/train_mono.sh: Done training monophone system in exp/mono-2
