# gmm-acc-stats-ali exp/tri2b/35.mdl "ark,s,cs:apply-cmvn  --utt2spk=ark:data/train_10k/split10/7/utt2spk scp:data/train_10k/split10/7/cmvn.scp scp:data/train_10k/split10/7/feats.scp ark:- | splice-feats --left-context=10 --right-context=10 ark:- ark:- | transform-feats exp/tri2b/12.mat ark:- ark:- |" "ark,s,cs:gunzip -c exp/tri2b/ali.7.gz|" exp/tri2b/35.7.acc 
# Started at Tue Mar 16 14:15:30 EET 2021
#
gmm-acc-stats-ali exp/tri2b/35.mdl 'ark,s,cs:apply-cmvn  --utt2spk=ark:data/train_10k/split10/7/utt2spk scp:data/train_10k/split10/7/cmvn.scp scp:data/train_10k/split10/7/feats.scp ark:- | splice-feats --left-context=10 --right-context=10 ark:- ark:- | transform-feats exp/tri2b/12.mat ark:- ark:- |' 'ark,s,cs:gunzip -c exp/tri2b/ali.7.gz|' exp/tri2b/35.7.acc 
apply-cmvn --utt2spk=ark:data/train_10k/split10/7/utt2spk scp:data/train_10k/split10/7/cmvn.scp scp:data/train_10k/split10/7/feats.scp ark:- 
splice-feats --left-context=10 --right-context=10 ark:- ark:- 
transform-feats exp/tri2b/12.mat ark:- ark:- 
LOG (gmm-acc-stats-ali[5.5.268-f9828]:main():gmm-acc-stats-ali.cc:105) Processed 50 utterances; for utterance 5393-19218-0026 avg. like is -42.3754 over 1291 frames.
LOG (gmm-acc-stats-ali[5.5.268-f9828]:main():gmm-acc-stats-ali.cc:105) Processed 100 utterances; for utterance 5456-58161-0020 avg. like is -49.1993 over 1506 frames.
LOG (gmm-acc-stats-ali[5.5.268-f9828]:main():gmm-acc-stats-ali.cc:105) Processed 150 utterances; for utterance 5463-39174-0011 avg. like is -43.4339 over 1102 frames.
LOG (gmm-acc-stats-ali[5.5.268-f9828]:main():gmm-acc-stats-ali.cc:105) Processed 200 utterances; for utterance 5561-39621-0015 avg. like is -48.49 over 783 frames.
LOG (gmm-acc-stats-ali[5.5.268-f9828]:main():gmm-acc-stats-ali.cc:105) Processed 250 utterances; for utterance 5652-19215-0024 avg. like is -51.5636 over 650 frames.
LOG (gmm-acc-stats-ali[5.5.268-f9828]:main():gmm-acc-stats-ali.cc:105) Processed 300 utterances; for utterance 5678-43302-0009 avg. like is -47.4932 over 1310 frames.
LOG (gmm-acc-stats-ali[5.5.268-f9828]:main():gmm-acc-stats-ali.cc:105) Processed 350 utterances; for utterance 5688-41232-0024 avg. like is -51.7045 over 1303 frames.
LOG (gmm-acc-stats-ali[5.5.268-f9828]:main():gmm-acc-stats-ali.cc:105) Processed 400 utterances; for utterance 5703-47212-0029 avg. like is -51.4333 over 953 frames.
LOG (gmm-acc-stats-ali[5.5.268-f9828]:main():gmm-acc-stats-ali.cc:105) Processed 450 utterances; for utterance 5778-12761-0000 avg. like is -47.7179 over 1454 frames.
LOG (gmm-acc-stats-ali[5.5.268-f9828]:main():gmm-acc-stats-ali.cc:105) Processed 500 utterances; for utterance 5789-57195-0006 avg. like is -47.8584 over 1520 frames.
LOG (gmm-acc-stats-ali[5.5.268-f9828]:main():gmm-acc-stats-ali.cc:105) Processed 550 utterances; for utterance 5808-54425-0012 avg. like is -53.1543 over 1345 frames.
LOG (gmm-acc-stats-ali[5.5.268-f9828]:main():gmm-acc-stats-ali.cc:105) Processed 600 utterances; for utterance 5867-48852-0097 avg. like is -39.5986 over 1514 frames.
LOG (gmm-acc-stats-ali[5.5.268-f9828]:main():gmm-acc-stats-ali.cc:105) Processed 650 utterances; for utterance 60-121082-0010 avg. like is -39.9256 over 1541 frames.
LOG (gmm-acc-stats-ali[5.5.268-f9828]:main():gmm-acc-stats-ali.cc:105) Processed 700 utterances; for utterance 6000-55211-0056 avg. like is -45.075 over 1483 frames.
LOG (gmm-acc-stats-ali[5.5.268-f9828]:main():gmm-acc-stats-ali.cc:105) Processed 750 utterances; for utterance 6019-3185-0109 avg. like is -51.5514 over 1499 frames.
LOG (gmm-acc-stats-ali[5.5.268-f9828]:main():gmm-acc-stats-ali.cc:105) Processed 800 utterances; for utterance 6078-54007-0031 avg. like is -50.2641 over 1323 frames.
LOG (gmm-acc-stats-ali[5.5.268-f9828]:main():gmm-acc-stats-ali.cc:105) Processed 850 utterances; for utterance 6081-41998-0000 avg. like is -46.0729 over 1446 frames.
LOG (gmm-acc-stats-ali[5.5.268-f9828]:main():gmm-acc-stats-ali.cc:105) Processed 900 utterances; for utterance 6147-34606-0020 avg. like is -50.2429 over 1066 frames.
LOG (gmm-acc-stats-ali[5.5.268-f9828]:main():gmm-acc-stats-ali.cc:105) Processed 950 utterances; for utterance 6181-216552-0086 avg. like is -39.0377 over 1542 frames.
LOG (apply-cmvn[5.5.268-f9828]:main():apply-cmvn.cc:162) Applied cepstral mean normalization to 998 utterances, errors on 0
LOG (transform-feats[5.5.268-f9828]:main():transform-feats.cc:158) Overall average [pseudo-]logdet is -107.822 over 1.25142e+06 frames.
LOG (transform-feats[5.5.268-f9828]:main():transform-feats.cc:161) Applied transform to 998 utterances; 0 had errors.
LOG (gmm-acc-stats-ali[5.5.268-f9828]:main():gmm-acc-stats-ali.cc:112) Done 998 files, 0 with errors.
LOG (gmm-acc-stats-ali[5.5.268-f9828]:main():gmm-acc-stats-ali.cc:115) Overall avg like per frame (Gaussian only) = -46.1285 over 1251424 frames.
LOG (gmm-acc-stats-ali[5.5.268-f9828]:main():gmm-acc-stats-ali.cc:123) Written accs.
# Accounting: time=36 threads=1
# Ended (code 0) at Tue Mar 16 14:16:06 EET 2021, elapsed time 36 seconds
