# gmm-acc-stats-ali exp/tri2b/9.mdl "ark,s,cs:apply-cmvn  --utt2spk=ark:data/train_10k/split10/10/utt2spk scp:data/train_10k/split10/10/cmvn.scp scp:data/train_10k/split10/10/feats.scp ark:- | splice-feats --left-context=10 --right-context=10 ark:- ark:- | transform-feats exp/tri2b/6.mat ark:- ark:- |" "ark,s,cs:gunzip -c exp/tri2b/ali.10.gz|" exp/tri2b/9.10.acc 
# Started at Tue Mar 16 15:04:13 EET 2021
#
gmm-acc-stats-ali exp/tri2b/9.mdl 'ark,s,cs:apply-cmvn  --utt2spk=ark:data/train_10k/split10/10/utt2spk scp:data/train_10k/split10/10/cmvn.scp scp:data/train_10k/split10/10/feats.scp ark:- | splice-feats --left-context=10 --right-context=10 ark:- ark:- | transform-feats exp/tri2b/6.mat ark:- ark:- |' 'ark,s,cs:gunzip -c exp/tri2b/ali.10.gz|' exp/tri2b/9.10.acc 
transform-feats exp/tri2b/6.mat ark:- ark:- 
splice-feats --left-context=10 --right-context=10 ark:- ark:- 
apply-cmvn --utt2spk=ark:data/train_10k/split10/10/utt2spk scp:data/train_10k/split10/10/cmvn.scp scp:data/train_10k/split10/10/feats.scp ark:- 
LOG (gmm-acc-stats-ali[5.5.268-f9828]:main():gmm-acc-stats-ali.cc:105) Processed 50 utterances; for utterance 8226-274371-0030 avg. like is -51.4487 over 686 frames.
LOG (gmm-acc-stats-ali[5.5.268-f9828]:main():gmm-acc-stats-ali.cc:105) Processed 100 utterances; for utterance 8238-283452-0042 avg. like is -59.8996 over 1332 frames.
LOG (gmm-acc-stats-ali[5.5.268-f9828]:main():gmm-acc-stats-ali.cc:105) Processed 150 utterances; for utterance 831-130739-0017 avg. like is -49.6303 over 1282 frames.
LOG (gmm-acc-stats-ali[5.5.268-f9828]:main():gmm-acc-stats-ali.cc:105) Processed 200 utterances; for utterance 8312-279790-0036 avg. like is -53.7919 over 1240 frames.
LOG (gmm-acc-stats-ali[5.5.268-f9828]:main():gmm-acc-stats-ali.cc:105) Processed 250 utterances; for utterance 8324-286682-0046 avg. like is -54.1297 over 1419 frames.
LOG (gmm-acc-stats-ali[5.5.268-f9828]:main():gmm-acc-stats-ali.cc:105) Processed 300 utterances; for utterance 8419-286667-0000 avg. like is -44.1529 over 1548 frames.
LOG (gmm-acc-stats-ali[5.5.268-f9828]:main():gmm-acc-stats-ali.cc:105) Processed 350 utterances; for utterance 8425-246962-0030 avg. like is -45.8124 over 1525 frames.
LOG (gmm-acc-stats-ali[5.5.268-f9828]:main():gmm-acc-stats-ali.cc:105) Processed 400 utterances; for utterance 8465-246942-0027 avg. like is -50.0665 over 936 frames.
LOG (gmm-acc-stats-ali[5.5.268-f9828]:main():gmm-acc-stats-ali.cc:105) Processed 450 utterances; for utterance 8468-295198-0000 avg. like is -51.2715 over 1518 frames.
LOG (gmm-acc-stats-ali[5.5.268-f9828]:main():gmm-acc-stats-ali.cc:105) Processed 500 utterances; for utterance 8609-262281-0022 avg. like is -54.879 over 1349 frames.
LOG (gmm-acc-stats-ali[5.5.268-f9828]:main():gmm-acc-stats-ali.cc:105) Processed 550 utterances; for utterance 8629-261139-0049 avg. like is -49.5593 over 1562 frames.
LOG (gmm-acc-stats-ali[5.5.268-f9828]:main():gmm-acc-stats-ali.cc:105) Processed 600 utterances; for utterance 8630-305213-0020 avg. like is -48.1816 over 1333 frames.
LOG (gmm-acc-stats-ali[5.5.268-f9828]:main():gmm-acc-stats-ali.cc:105) Processed 650 utterances; for utterance 87-121553-0107 avg. like is -54.8509 over 766 frames.
LOG (gmm-acc-stats-ali[5.5.268-f9828]:main():gmm-acc-stats-ali.cc:105) Processed 700 utterances; for utterance 8770-295462-0032 avg. like is -44.241 over 1478 frames.
LOG (gmm-acc-stats-ali[5.5.268-f9828]:main():gmm-acc-stats-ali.cc:105) Processed 750 utterances; for utterance 8797-294123-0064 avg. like is -49.1252 over 1356 frames.
LOG (gmm-acc-stats-ali[5.5.268-f9828]:main():gmm-acc-stats-ali.cc:105) Processed 800 utterances; for utterance 8838-298546-0050 avg. like is -53.0036 over 1548 frames.
LOG (gmm-acc-stats-ali[5.5.268-f9828]:main():gmm-acc-stats-ali.cc:105) Processed 850 utterances; for utterance 89-218-0023 avg. like is -46.9171 over 1476 frames.
LOG (gmm-acc-stats-ali[5.5.268-f9828]:main():gmm-acc-stats-ali.cc:105) Processed 900 utterances; for utterance 8975-270782-0044 avg. like is -51.2009 over 1161 frames.
LOG (gmm-acc-stats-ali[5.5.268-f9828]:main():gmm-acc-stats-ali.cc:105) Processed 950 utterances; for utterance 909-131045-0005 avg. like is -45.3698 over 1503 frames.
LOG (gmm-acc-stats-ali[5.5.268-f9828]:main():gmm-acc-stats-ali.cc:105) Processed 1000 utterances; for utterance 911-130578-0009 avg. like is -46.496 over 1580 frames.
LOG (apply-cmvn[5.5.268-f9828]:main():apply-cmvn.cc:162) Applied cepstral mean normalization to 1004 utterances, errors on 0
LOG (transform-feats[5.5.268-f9828]:main():transform-feats.cc:158) Overall average [pseudo-]logdet is -108.131 over 1.31908e+06 frames.
LOG (transform-feats[5.5.268-f9828]:main():transform-feats.cc:161) Applied transform to 1004 utterances; 0 had errors.
LOG (gmm-acc-stats-ali[5.5.268-f9828]:main():gmm-acc-stats-ali.cc:112) Done 1004 files, 0 with errors.
LOG (gmm-acc-stats-ali[5.5.268-f9828]:main():gmm-acc-stats-ali.cc:115) Overall avg like per frame (Gaussian only) = -49.9763 over 1319081 frames.
LOG (gmm-acc-stats-ali[5.5.268-f9828]:main():gmm-acc-stats-ali.cc:123) Written accs.
# Accounting: time=27 threads=1
# Ended (code 0) at Tue Mar 16 15:04:40 EET 2021, elapsed time 27 seconds
