# gmm-acc-stats-ali exp/tri2b/23.mdl "ark,s,cs:apply-cmvn  --utt2spk=ark:data/train_10k/split10/1/utt2spk scp:data/train_10k/split10/1/cmvn.scp scp:data/train_10k/split10/1/feats.scp ark:- | splice-feats --left-context=10 --right-context=10 ark:- ark:- | transform-feats exp/tri2b/12.mat ark:- ark:- |" "ark,s,cs:gunzip -c exp/tri2b/ali.1.gz|" exp/tri2b/23.1.acc 
# Started at Tue Mar 16 15:17:22 EET 2021
#
gmm-acc-stats-ali exp/tri2b/23.mdl 'ark,s,cs:apply-cmvn  --utt2spk=ark:data/train_10k/split10/1/utt2spk scp:data/train_10k/split10/1/cmvn.scp scp:data/train_10k/split10/1/feats.scp ark:- | splice-feats --left-context=10 --right-context=10 ark:- ark:- | transform-feats exp/tri2b/12.mat ark:- ark:- |' 'ark,s,cs:gunzip -c exp/tri2b/ali.1.gz|' exp/tri2b/23.1.acc 
apply-cmvn --utt2spk=ark:data/train_10k/split10/1/utt2spk scp:data/train_10k/split10/1/cmvn.scp scp:data/train_10k/split10/1/feats.scp ark:- 
splice-feats --left-context=10 --right-context=10 ark:- ark:- 
transform-feats exp/tri2b/12.mat ark:- ark:- 
LOG (gmm-acc-stats-ali[5.5.268-f9828]:main():gmm-acc-stats-ali.cc:105) Processed 50 utterances; for utterance 1034-121119-0042 avg. like is -39.4448 over 366 frames.
LOG (gmm-acc-stats-ali[5.5.268-f9828]:main():gmm-acc-stats-ali.cc:105) Processed 100 utterances; for utterance 1069-133699-0007 avg. like is -50.5653 over 1250 frames.
LOG (gmm-acc-stats-ali[5.5.268-f9828]:main():gmm-acc-stats-ali.cc:105) Processed 150 utterances; for utterance 1081-125237-0041 avg. like is -48.9907 over 1338 frames.
LOG (gmm-acc-stats-ali[5.5.268-f9828]:main():gmm-acc-stats-ali.cc:105) Processed 200 utterances; for utterance 1088-134315-0024 avg. like is -47.9631 over 1535 frames.
LOG (gmm-acc-stats-ali[5.5.268-f9828]:main():gmm-acc-stats-ali.cc:105) Processed 250 utterances; for utterance 1098-133695-0086 avg. like is -47.2758 over 392 frames.
LOG (gmm-acc-stats-ali[5.5.268-f9828]:main():gmm-acc-stats-ali.cc:105) Processed 300 utterances; for utterance 118-121721-0011 avg. like is -39.497 over 1073 frames.
LOG (gmm-acc-stats-ali[5.5.268-f9828]:main():gmm-acc-stats-ali.cc:105) Processed 350 utterances; for utterance 1183-128659-0009 avg. like is -49.4967 over 929 frames.
LOG (gmm-acc-stats-ali[5.5.268-f9828]:main():gmm-acc-stats-ali.cc:105) Processed 400 utterances; for utterance 1235-135887-0000 avg. like is -36.3771 over 200 frames.
LOG (gmm-acc-stats-ali[5.5.268-f9828]:main():gmm-acc-stats-ali.cc:105) Processed 450 utterances; for utterance 1246-135815-0020 avg. like is -49.4979 over 1102 frames.
LOG (gmm-acc-stats-ali[5.5.268-f9828]:main():gmm-acc-stats-ali.cc:105) Processed 500 utterances; for utterance 125-121342-0048 avg. like is -43.4235 over 1228 frames.
LOG (gmm-acc-stats-ali[5.5.268-f9828]:main():gmm-acc-stats-ali.cc:105) Processed 550 utterances; for utterance 1334-135589-0033 avg. like is -34.3099 over 1532 frames.
LOG (gmm-acc-stats-ali[5.5.268-f9828]:main():gmm-acc-stats-ali.cc:105) Processed 600 utterances; for utterance 1355-39947-0066 avg. like is -47.5946 over 1602 frames.
LOG (gmm-acc-stats-ali[5.5.268-f9828]:main():gmm-acc-stats-ali.cc:105) Processed 650 utterances; for utterance 1447-130550-0012 avg. like is -36.6501 over 1139 frames.
LOG (gmm-acc-stats-ali[5.5.268-f9828]:main():gmm-acc-stats-ali.cc:105) Processed 700 utterances; for utterance 1455-134435-0027 avg. like is -41.836 over 1250 frames.
LOG (gmm-acc-stats-ali[5.5.268-f9828]:main():gmm-acc-stats-ali.cc:105) Processed 750 utterances; for utterance 150-126107-0040 avg. like is -44.0832 over 1526 frames.
LOG (gmm-acc-stats-ali[5.5.268-f9828]:main():gmm-acc-stats-ali.cc:105) Processed 800 utterances; for utterance 1502-122619-0028 avg. like is -42.1478 over 1475 frames.
LOG (gmm-acc-stats-ali[5.5.268-f9828]:main():gmm-acc-stats-ali.cc:105) Processed 850 utterances; for utterance 1553-140048-0022 avg. like is -46.2029 over 1423 frames.
LOG (gmm-acc-stats-ali[5.5.268-f9828]:main():gmm-acc-stats-ali.cc:105) Processed 900 utterances; for utterance 1578-6379-0046 avg. like is -44.4085 over 1453 frames.
LOG (gmm-acc-stats-ali[5.5.268-f9828]:main():gmm-acc-stats-ali.cc:105) Processed 950 utterances; for utterance 1624-142933-0012 avg. like is -49.0015 over 1348 frames.
LOG (apply-cmvn[5.5.268-f9828]:main():apply-cmvn.cc:162) Applied cepstral mean normalization to 985 utterances, errors on 0
LOG (transform-feats[5.5.268-f9828]:main():transform-feats.cc:158) Overall average [pseudo-]logdet is -107.822 over 1.19321e+06 frames.
LOG (transform-feats[5.5.268-f9828]:main():transform-feats.cc:161) Applied transform to 985 utterances; 0 had errors.
LOG (gmm-acc-stats-ali[5.5.268-f9828]:main():gmm-acc-stats-ali.cc:112) Done 985 files, 0 with errors.
LOG (gmm-acc-stats-ali[5.5.268-f9828]:main():gmm-acc-stats-ali.cc:115) Overall avg like per frame (Gaussian only) = -45.2913 over 1193212 frames.
LOG (gmm-acc-stats-ali[5.5.268-f9828]:main():gmm-acc-stats-ali.cc:123) Written accs.
# Accounting: time=30 threads=1
# Ended (code 0) at Tue Mar 16 15:17:52 EET 2021, elapsed time 30 seconds
