# gmm-acc-stats-ali exp/tri2b/3.mdl "ark,s,cs:apply-cmvn  --utt2spk=ark:data/train_10k/split10/3/utt2spk scp:data/train_10k/split10/3/cmvn.scp scp:data/train_10k/split10/3/feats.scp ark:- | splice-feats --left-context=10 --right-context=10 ark:- ark:- | transform-feats exp/tri2b/2.mat ark:- ark:- |" "ark,s,cs:gunzip -c exp/tri2b/ali.3.gz|" exp/tri2b/3.3.acc 
# Started at Tue Mar 16 14:59:18 EET 2021
#
gmm-acc-stats-ali exp/tri2b/3.mdl 'ark,s,cs:apply-cmvn  --utt2spk=ark:data/train_10k/split10/3/utt2spk scp:data/train_10k/split10/3/cmvn.scp scp:data/train_10k/split10/3/feats.scp ark:- | splice-feats --left-context=10 --right-context=10 ark:- ark:- | transform-feats exp/tri2b/2.mat ark:- ark:- |' 'ark,s,cs:gunzip -c exp/tri2b/ali.3.gz|' exp/tri2b/3.3.acc 
transform-feats exp/tri2b/2.mat ark:- ark:- 
apply-cmvn --utt2spk=ark:data/train_10k/split10/3/utt2spk scp:data/train_10k/split10/3/cmvn.scp scp:data/train_10k/split10/3/feats.scp ark:- 
splice-feats --left-context=10 --right-context=10 ark:- ark:- 
WARNING (gmm-acc-stats-ali[5.5.268-f9828]:main():gmm-acc-stats-ali.cc:79) No alignment for utterance 226-122538-0000
WARNING (gmm-acc-stats-ali[5.5.268-f9828]:main():gmm-acc-stats-ali.cc:79) No alignment for utterance 226-122538-0002
WARNING (gmm-acc-stats-ali[5.5.268-f9828]:main():gmm-acc-stats-ali.cc:79) No alignment for utterance 226-122538-0005
WARNING (gmm-acc-stats-ali[5.5.268-f9828]:main():gmm-acc-stats-ali.cc:79) No alignment for utterance 226-122538-0009
WARNING (gmm-acc-stats-ali[5.5.268-f9828]:main():gmm-acc-stats-ali.cc:79) No alignment for utterance 226-122538-0012
WARNING (gmm-acc-stats-ali[5.5.268-f9828]:main():gmm-acc-stats-ali.cc:79) No alignment for utterance 226-122538-0014
WARNING (gmm-acc-stats-ali[5.5.268-f9828]:main():gmm-acc-stats-ali.cc:79) No alignment for utterance 226-122538-0016
WARNING (gmm-acc-stats-ali[5.5.268-f9828]:main():gmm-acc-stats-ali.cc:79) No alignment for utterance 226-122538-0019
WARNING (gmm-acc-stats-ali[5.5.268-f9828]:main():gmm-acc-stats-ali.cc:79) No alignment for utterance 226-122538-0023
WARNING (gmm-acc-stats-ali[5.5.268-f9828]:main():gmm-acc-stats-ali.cc:79) No alignment for utterance 226-122538-0026
WARNING (gmm-acc-stats-ali[5.5.268-f9828]:main():gmm-acc-stats-ali.cc:79) No alignment for utterance 226-122538-0028
WARNING (gmm-acc-stats-ali[5.5.268-f9828]:main():gmm-acc-stats-ali.cc:79) No alignment for utterance 226-122538-0030
WARNING (gmm-acc-stats-ali[5.5.268-f9828]:main():gmm-acc-stats-ali.cc:79) No alignment for utterance 226-122538-0033
LOG (gmm-acc-stats-ali[5.5.268-f9828]:main():gmm-acc-stats-ali.cc:105) Processed 50 utterances; for utterance 2289-152257-0011 avg. like is -55.6853 over 1492 frames.
LOG (gmm-acc-stats-ali[5.5.268-f9828]:main():gmm-acc-stats-ali.cc:105) Processed 100 utterances; for utterance 229-130880-0084 avg. like is -49.9124 over 1563 frames.
LOG (gmm-acc-stats-ali[5.5.268-f9828]:main():gmm-acc-stats-ali.cc:105) Processed 150 utterances; for utterance 2384-152900-0021 avg. like is -49.535 over 1362 frames.
LOG (gmm-acc-stats-ali[5.5.268-f9828]:main():gmm-acc-stats-ali.cc:105) Processed 200 utterances; for utterance 2391-145015-0074 avg. like is -49.4999 over 455 frames.
LOG (gmm-acc-stats-ali[5.5.268-f9828]:main():gmm-acc-stats-ali.cc:105) Processed 250 utterances; for utterance 2416-152139-0060 avg. like is -52.3972 over 1251 frames.
LOG (gmm-acc-stats-ali[5.5.268-f9828]:main():gmm-acc-stats-ali.cc:105) Processed 300 utterances; for utterance 248-130644-0012 avg. like is -47.5672 over 1095 frames.
LOG (gmm-acc-stats-ali[5.5.268-f9828]:main():gmm-acc-stats-ali.cc:105) Processed 350 utterances; for utterance 250-142276-0023 avg. like is -53.3811 over 1586 frames.
LOG (gmm-acc-stats-ali[5.5.268-f9828]:main():gmm-acc-stats-ali.cc:105) Processed 400 utterances; for utterance 2514-149482-0072 avg. like is -57.9875 over 493 frames.
LOG (gmm-acc-stats-ali[5.5.268-f9828]:main():gmm-acc-stats-ali.cc:105) Processed 450 utterances; for utterance 2518-154826-0049 avg. like is -51.572 over 1062 frames.
LOG (gmm-acc-stats-ali[5.5.268-f9828]:main():gmm-acc-stats-ali.cc:105) Processed 500 utterances; for utterance 26-495-0012 avg. like is -55.0445 over 1262 frames.
LOG (gmm-acc-stats-ali[5.5.268-f9828]:main():gmm-acc-stats-ali.cc:105) Processed 550 utterances; for utterance 2691-156745-0035 avg. like is -49.0271 over 1294 frames.
LOG (gmm-acc-stats-ali[5.5.268-f9828]:main():gmm-acc-stats-ali.cc:105) Processed 600 utterances; for utterance 27-124992-0003 avg. like is -49.5499 over 308 frames.
LOG (gmm-acc-stats-ali[5.5.268-f9828]:main():gmm-acc-stats-ali.cc:105) Processed 650 utterances; for utterance 2764-36617-0029 avg. like is -55.3096 over 1243 frames.
LOG (gmm-acc-stats-ali[5.5.268-f9828]:main():gmm-acc-stats-ali.cc:105) Processed 700 utterances; for utterance 2817-142380-0011 avg. like is -46.2066 over 1471 frames.
LOG (gmm-acc-stats-ali[5.5.268-f9828]:main():gmm-acc-stats-ali.cc:105) Processed 750 utterances; for utterance 2843-152918-0002 avg. like is -51.1213 over 1466 frames.
LOG (gmm-acc-stats-ali[5.5.268-f9828]:main():gmm-acc-stats-ali.cc:105) Processed 800 utterances; for utterance 289-121652-0029 avg. like is -56.211 over 1315 frames.
LOG (gmm-acc-stats-ali[5.5.268-f9828]:main():gmm-acc-stats-ali.cc:105) Processed 850 utterances; for utterance 2893-139322-0032 avg. like is -51.6853 over 1598 frames.
LOG (gmm-acc-stats-ali[5.5.268-f9828]:main():gmm-acc-stats-ali.cc:105) Processed 900 utterances; for utterance 2911-15045-0001 avg. like is -52.5441 over 1586 frames.
LOG (gmm-acc-stats-ali[5.5.268-f9828]:main():gmm-acc-stats-ali.cc:105) Processed 950 utterances; for utterance 2952-408-0020 avg. like is -53.5716 over 1446 frames.
LOG (apply-cmvn[5.5.268-f9828]:main():apply-cmvn.cc:162) Applied cepstral mean normalization to 1003 utterances, errors on 0
LOG (transform-feats[5.5.268-f9828]:main():transform-feats.cc:158) Overall average [pseudo-]logdet is -109.212 over 1.27128e+06 frames.
LOG (transform-feats[5.5.268-f9828]:main():transform-feats.cc:161) Applied transform to 1003 utterances; 0 had errors.
LOG (gmm-acc-stats-ali[5.5.268-f9828]:main():gmm-acc-stats-ali.cc:112) Done 990 files, 13 with errors.
LOG (gmm-acc-stats-ali[5.5.268-f9828]:main():gmm-acc-stats-ali.cc:115) Overall avg like per frame (Gaussian only) = -51.4442 over 1252232 frames.
LOG (gmm-acc-stats-ali[5.5.268-f9828]:main():gmm-acc-stats-ali.cc:123) Written accs.
# Accounting: time=22 threads=1
# Ended (code 0) at Tue Mar 16 14:59:40 EET 2021, elapsed time 22 seconds
