# gmm-acc-stats-ali exp/tri2b/4.mdl "ark,s,cs:apply-cmvn  --utt2spk=ark:data/train_10k/split10/2/utt2spk scp:data/train_10k/split10/2/cmvn.scp scp:data/train_10k/split10/2/feats.scp ark:- | splice-feats --left-context=10 --right-context=10 ark:- ark:- | transform-feats exp/tri2b/4.mat ark:- ark:- |" "ark,s,cs:gunzip -c exp/tri2b/ali.2.gz|" exp/tri2b/4.2.acc 
# Started at Tue Mar 16 15:00:48 EET 2021
#
gmm-acc-stats-ali exp/tri2b/4.mdl 'ark,s,cs:apply-cmvn  --utt2spk=ark:data/train_10k/split10/2/utt2spk scp:data/train_10k/split10/2/cmvn.scp scp:data/train_10k/split10/2/feats.scp ark:- | splice-feats --left-context=10 --right-context=10 ark:- ark:- | transform-feats exp/tri2b/4.mat ark:- ark:- |' 'ark,s,cs:gunzip -c exp/tri2b/ali.2.gz|' exp/tri2b/4.2.acc 
apply-cmvn --utt2spk=ark:data/train_10k/split10/2/utt2spk scp:data/train_10k/split10/2/cmvn.scp scp:data/train_10k/split10/2/feats.scp ark:- 
transform-feats exp/tri2b/4.mat ark:- ark:- 
splice-feats --left-context=10 --right-context=10 ark:- ark:- 
LOG (gmm-acc-stats-ali[5.5.268-f9828]:main():gmm-acc-stats-ali.cc:105) Processed 50 utterances; for utterance 1723-141149-0041 avg. like is -48.3641 over 1589 frames.
LOG (gmm-acc-stats-ali[5.5.268-f9828]:main():gmm-acc-stats-ali.cc:105) Processed 100 utterances; for utterance 1737-146161-0006 avg. like is -50.7686 over 866 frames.
LOG (gmm-acc-stats-ali[5.5.268-f9828]:main():gmm-acc-stats-ali.cc:105) Processed 150 utterances; for utterance 1743-142914-0021 avg. like is -58.426 over 1204 frames.
LOG (gmm-acc-stats-ali[5.5.268-f9828]:main():gmm-acc-stats-ali.cc:105) Processed 200 utterances; for utterance 1867-148436-0014 avg. like is -46.7833 over 1073 frames.
LOG (gmm-acc-stats-ali[5.5.268-f9828]:main():gmm-acc-stats-ali.cc:105) Processed 250 utterances; for utterance 1898-145702-0017 avg. like is -46.4309 over 219 frames.
LOG (gmm-acc-stats-ali[5.5.268-f9828]:main():gmm-acc-stats-ali.cc:105) Processed 300 utterances; for utterance 19-198-0031 avg. like is -46.4309 over 1320 frames.
LOG (gmm-acc-stats-ali[5.5.268-f9828]:main():gmm-acc-stats-ali.cc:105) Processed 350 utterances; for utterance 1926-147979-0018 avg. like is -51.6308 over 1591 frames.
LOG (gmm-acc-stats-ali[5.5.268-f9828]:main():gmm-acc-stats-ali.cc:105) Processed 400 utterances; for utterance 196-122152-0033 avg. like is -48.9262 over 1616 frames.
LOG (gmm-acc-stats-ali[5.5.268-f9828]:main():gmm-acc-stats-ali.cc:105) Processed 450 utterances; for utterance 1963-147036-0014 avg. like is -49.5965 over 1437 frames.
LOG (gmm-acc-stats-ali[5.5.268-f9828]:main():gmm-acc-stats-ali.cc:105) Processed 500 utterances; for utterance 1970-28415-0039 avg. like is -49.8282 over 1083 frames.
LOG (gmm-acc-stats-ali[5.5.268-f9828]:main():gmm-acc-stats-ali.cc:105) Processed 550 utterances; for utterance 1992-141719-0019 avg. like is -49.2469 over 553 frames.
LOG (gmm-acc-stats-ali[5.5.268-f9828]:main():gmm-acc-stats-ali.cc:105) Processed 600 utterances; for utterance 200-126784-0026 avg. like is -45.415 over 1671 frames.
LOG (gmm-acc-stats-ali[5.5.268-f9828]:main():gmm-acc-stats-ali.cc:105) Processed 650 utterances; for utterance 2007-132570-0014 avg. like is -57.1582 over 1260 frames.
LOG (gmm-acc-stats-ali[5.5.268-f9828]:main():gmm-acc-stats-ali.cc:105) Processed 700 utterances; for utterance 201-122255-0037 avg. like is -55.2014 over 1292 frames.
LOG (gmm-acc-stats-ali[5.5.268-f9828]:main():gmm-acc-stats-ali.cc:105) Processed 750 utterances; for utterance 2092-145706-0052 avg. like is -49.8524 over 1285 frames.
LOG (gmm-acc-stats-ali[5.5.268-f9828]:main():gmm-acc-stats-ali.cc:105) Processed 800 utterances; for utterance 211-122442-0006 avg. like is -50.3253 over 733 frames.
LOG (gmm-acc-stats-ali[5.5.268-f9828]:main():gmm-acc-stats-ali.cc:105) Processed 850 utterances; for utterance 2136-5143-0022 avg. like is -47.725 over 1297 frames.
LOG (gmm-acc-stats-ali[5.5.268-f9828]:main():gmm-acc-stats-ali.cc:105) Processed 900 utterances; for utterance 2159-179157-0002 avg. like is -49.8864 over 1130 frames.
LOG (gmm-acc-stats-ali[5.5.268-f9828]:main():gmm-acc-stats-ali.cc:105) Processed 950 utterances; for utterance 2182-181183-0034 avg. like is -51.303 over 1545 frames.
LOG (apply-cmvn[5.5.268-f9828]:main():apply-cmvn.cc:162) Applied cepstral mean normalization to 990 utterances, errors on 0
LOG (transform-feats[5.5.268-f9828]:main():transform-feats.cc:158) Overall average [pseudo-]logdet is -108.746 over 1.22257e+06 frames.
LOG (transform-feats[5.5.268-f9828]:main():transform-feats.cc:161) Applied transform to 990 utterances; 0 had errors.
LOG (gmm-acc-stats-ali[5.5.268-f9828]:main():gmm-acc-stats-ali.cc:112) Done 990 files, 0 with errors.
LOG (gmm-acc-stats-ali[5.5.268-f9828]:main():gmm-acc-stats-ali.cc:115) Overall avg like per frame (Gaussian only) = -50.3857 over 1222567 frames.
LOG (gmm-acc-stats-ali[5.5.268-f9828]:main():gmm-acc-stats-ali.cc:123) Written accs.
WARNING (gmm-acc-stats-ali[5.5.268-f9828]:Close():kaldi-io.cc:515) Pipe gunzip -c exp/tri2b/ali.2.gz| had nonzero return status 36096
# Accounting: time=22 threads=1
# Ended (code 0) at Tue Mar 16 15:01:10 EET 2021, elapsed time 22 seconds
