# gmm-acc-stats-ali exp/tri2b/4.mdl "ark,s,cs:apply-cmvn  --utt2spk=ark:data/train_10k/split10/4/utt2spk scp:data/train_10k/split10/4/cmvn.scp scp:data/train_10k/split10/4/feats.scp ark:- | splice-feats --left-context=10 --right-context=10 ark:- ark:- | transform-feats exp/tri2b/4.mat ark:- ark:- |" "ark,s,cs:gunzip -c exp/tri2b/ali.4.gz|" exp/tri2b/4.4.acc 
# Started at Tue Mar 16 15:00:48 EET 2021
#
gmm-acc-stats-ali exp/tri2b/4.mdl 'ark,s,cs:apply-cmvn  --utt2spk=ark:data/train_10k/split10/4/utt2spk scp:data/train_10k/split10/4/cmvn.scp scp:data/train_10k/split10/4/feats.scp ark:- | splice-feats --left-context=10 --right-context=10 ark:- ark:- | transform-feats exp/tri2b/4.mat ark:- ark:- |' 'ark,s,cs:gunzip -c exp/tri2b/ali.4.gz|' exp/tri2b/4.4.acc 
transform-feats exp/tri2b/4.mat ark:- ark:- 
splice-feats --left-context=10 --right-context=10 ark:- ark:- 
apply-cmvn --utt2spk=ark:data/train_10k/split10/4/utt2spk scp:data/train_10k/split10/4/cmvn.scp scp:data/train_10k/split10/4/feats.scp ark:- 
LOG (gmm-acc-stats-ali[5.5.268-f9828]:main():gmm-acc-stats-ali.cc:105) Processed 50 utterances; for utterance 2989-138028-0074 avg. like is -49.6358 over 277 frames.
LOG (gmm-acc-stats-ali[5.5.268-f9828]:main():gmm-acc-stats-ali.cc:105) Processed 100 utterances; for utterance 302-123516-0023 avg. like is -59.6967 over 1518 frames.
LOG (gmm-acc-stats-ali[5.5.268-f9828]:main():gmm-acc-stats-ali.cc:105) Processed 150 utterances; for utterance 307-127539-0041 avg. like is -51.3328 over 1205 frames.
LOG (gmm-acc-stats-ali[5.5.268-f9828]:main():gmm-acc-stats-ali.cc:105) Processed 200 utterances; for utterance 311-124404-0107 avg. like is -56.5637 over 1248 frames.
LOG (gmm-acc-stats-ali[5.5.268-f9828]:main():gmm-acc-stats-ali.cc:105) Processed 250 utterances; for utterance 3168-173564-0009 avg. like is -49.7613 over 1536 frames.
LOG (gmm-acc-stats-ali[5.5.268-f9828]:main():gmm-acc-stats-ali.cc:105) Processed 300 utterances; for utterance 32-21634-0007 avg. like is -51.1701 over 1444 frames.
LOG (gmm-acc-stats-ali[5.5.268-f9828]:main():gmm-acc-stats-ali.cc:105) Processed 350 utterances; for utterance 3214-167606-0034 avg. like is -53.0413 over 1192 frames.
LOG (gmm-acc-stats-ali[5.5.268-f9828]:main():gmm-acc-stats-ali.cc:105) Processed 400 utterances; for utterance 322-124147-0059 avg. like is -42.0592 over 1470 frames.
LOG (gmm-acc-stats-ali[5.5.268-f9828]:main():gmm-acc-stats-ali.cc:105) Processed 450 utterances; for utterance 3240-131231-0005 avg. like is -55.2425 over 1320 frames.
LOG (gmm-acc-stats-ali[5.5.268-f9828]:main():gmm-acc-stats-ali.cc:105) Processed 500 utterances; for utterance 3242-67153-0021 avg. like is -60.8681 over 379 frames.
LOG (gmm-acc-stats-ali[5.5.268-f9828]:main():gmm-acc-stats-ali.cc:105) Processed 550 utterances; for utterance 3259-158083-0042 avg. like is -57.4017 over 1532 frames.
LOG (gmm-acc-stats-ali[5.5.268-f9828]:main():gmm-acc-stats-ali.cc:105) Processed 600 utterances; for utterance 328-129766-0058 avg. like is -50.2685 over 1467 frames.
LOG (gmm-acc-stats-ali[5.5.268-f9828]:main():gmm-acc-stats-ali.cc:105) Processed 650 utterances; for utterance 3374-298025-0012 avg. like is -53.301 over 1490 frames.
LOG (gmm-acc-stats-ali[5.5.268-f9828]:main():gmm-acc-stats-ali.cc:105) Processed 700 utterances; for utterance 3436-172162-0035 avg. like is -53.2668 over 1583 frames.
LOG (gmm-acc-stats-ali[5.5.268-f9828]:main():gmm-acc-stats-ali.cc:105) Processed 750 utterances; for utterance 3440-171009-0026 avg. like is -49.0991 over 1488 frames.
LOG (gmm-acc-stats-ali[5.5.268-f9828]:main():gmm-acc-stats-ali.cc:105) Processed 800 utterances; for utterance 3486-166446-0008 avg. like is -51.805 over 1550 frames.
LOG (gmm-acc-stats-ali[5.5.268-f9828]:main():gmm-acc-stats-ali.cc:105) Processed 850 utterances; for utterance 3526-176653-0047 avg. like is -57.9482 over 1210 frames.
LOG (gmm-acc-stats-ali[5.5.268-f9828]:main():gmm-acc-stats-ali.cc:105) Processed 900 utterances; for utterance 3664-178355-0008 avg. like is -57.5407 over 1531 frames.
LOG (gmm-acc-stats-ali[5.5.268-f9828]:main():gmm-acc-stats-ali.cc:105) Processed 950 utterances; for utterance 3699-19402-0022 avg. like is -60.3146 over 1281 frames.
LOG (gmm-acc-stats-ali[5.5.268-f9828]:main():gmm-acc-stats-ali.cc:105) Processed 1000 utterances; for utterance 3723-171631-0042 avg. like is -44.9425 over 367 frames.
LOG (apply-cmvn[5.5.268-f9828]:main():apply-cmvn.cc:162) Applied cepstral mean normalization to 1006 utterances, errors on 0
LOG (transform-feats[5.5.268-f9828]:main():transform-feats.cc:158) Overall average [pseudo-]logdet is -108.746 over 1.26693e+06 frames.
LOG (transform-feats[5.5.268-f9828]:main():transform-feats.cc:161) Applied transform to 1006 utterances; 0 had errors.
LOG (gmm-acc-stats-ali[5.5.268-f9828]:main():gmm-acc-stats-ali.cc:112) Done 1006 files, 0 with errors.
LOG (gmm-acc-stats-ali[5.5.268-f9828]:main():gmm-acc-stats-ali.cc:115) Overall avg like per frame (Gaussian only) = -52.3542 over 1266930 frames.
LOG (gmm-acc-stats-ali[5.5.268-f9828]:main():gmm-acc-stats-ali.cc:123) Written accs.
# Accounting: time=23 threads=1
# Ended (code 0) at Tue Mar 16 15:01:11 EET 2021, elapsed time 23 seconds
