# gmm-acc-stats-ali exp/tri2b/5.mdl "ark,s,cs:apply-cmvn  --utt2spk=ark:data/train_10k/split10/5/utt2spk scp:data/train_10k/split10/5/cmvn.scp scp:data/train_10k/split10/5/feats.scp ark:- | splice-feats --left-context=10 --right-context=10 ark:- ark:- | transform-feats exp/tri2b/4.mat ark:- ark:- |" "ark,s,cs:gunzip -c exp/tri2b/ali.5.gz|" exp/tri2b/5.5.acc 
# Started at Tue Mar 16 15:01:13 EET 2021
#
gmm-acc-stats-ali exp/tri2b/5.mdl 'ark,s,cs:apply-cmvn  --utt2spk=ark:data/train_10k/split10/5/utt2spk scp:data/train_10k/split10/5/cmvn.scp scp:data/train_10k/split10/5/feats.scp ark:- | splice-feats --left-context=10 --right-context=10 ark:- ark:- | transform-feats exp/tri2b/4.mat ark:- ark:- |' 'ark,s,cs:gunzip -c exp/tri2b/ali.5.gz|' exp/tri2b/5.5.acc 
transform-feats exp/tri2b/4.mat ark:- ark:- 
apply-cmvn --utt2spk=ark:data/train_10k/split10/5/utt2spk scp:data/train_10k/split10/5/cmvn.scp scp:data/train_10k/split10/5/feats.scp ark:- 
splice-feats --left-context=10 --right-context=10 ark:- ark:- 
LOG (gmm-acc-stats-ali[5.5.268-f9828]:main():gmm-acc-stats-ali.cc:105) Processed 50 utterances; for utterance 3807-4923-0030 avg. like is -48.2024 over 1272 frames.
LOG (gmm-acc-stats-ali[5.5.268-f9828]:main():gmm-acc-stats-ali.cc:105) Processed 100 utterances; for utterance 3830-12531-0021 avg. like is -48.5629 over 1555 frames.
LOG (gmm-acc-stats-ali[5.5.268-f9828]:main():gmm-acc-stats-ali.cc:105) Processed 150 utterances; for utterance 3857-182317-0021 avg. like is -52.4687 over 1192 frames.
LOG (gmm-acc-stats-ali[5.5.268-f9828]:main():gmm-acc-stats-ali.cc:105) Processed 200 utterances; for utterance 39-121914-0014 avg. like is -49.638 over 1304 frames.
LOG (gmm-acc-stats-ali[5.5.268-f9828]:main():gmm-acc-stats-ali.cc:105) Processed 250 utterances; for utterance 3947-13260-0034 avg. like is -47.6952 over 1522 frames.
LOG (gmm-acc-stats-ali[5.5.268-f9828]:main():gmm-acc-stats-ali.cc:105) Processed 300 utterances; for utterance 3982-182255-0007 avg. like is -47.1925 over 1502 frames.
LOG (gmm-acc-stats-ali[5.5.268-f9828]:main():gmm-acc-stats-ali.cc:105) Processed 350 utterances; for utterance 3983-5371-0048 avg. like is -52.6435 over 874 frames.
LOG (gmm-acc-stats-ali[5.5.268-f9828]:main():gmm-acc-stats-ali.cc:105) Processed 400 utterances; for utterance 4014-186175-0016 avg. like is -52.6452 over 932 frames.
LOG (gmm-acc-stats-ali[5.5.268-f9828]:main():gmm-acc-stats-ali.cc:105) Processed 450 utterances; for utterance 4014-186183-0026 avg. like is -59.2664 over 809 frames.
LOG (gmm-acc-stats-ali[5.5.268-f9828]:main():gmm-acc-stats-ali.cc:105) Processed 500 utterances; for utterance 403-126855-0027 avg. like is -48.8742 over 451 frames.
LOG (gmm-acc-stats-ali[5.5.268-f9828]:main():gmm-acc-stats-ali.cc:105) Processed 550 utterances; for utterance 405-130894-0055 avg. like is -47.6344 over 1582 frames.
LOG (gmm-acc-stats-ali[5.5.268-f9828]:main():gmm-acc-stats-ali.cc:105) Processed 600 utterances; for utterance 4051-11218-0012 avg. like is -52.9914 over 1137 frames.
LOG (gmm-acc-stats-ali[5.5.268-f9828]:main():gmm-acc-stats-ali.cc:105) Processed 650 utterances; for utterance 4088-158077-0091 avg. like is -52.2885 over 1474 frames.
LOG (gmm-acc-stats-ali[5.5.268-f9828]:main():gmm-acc-stats-ali.cc:105) Processed 700 utterances; for utterance 4137-11701-0022 avg. like is -66.1141 over 1148 frames.
LOG (gmm-acc-stats-ali[5.5.268-f9828]:main():gmm-acc-stats-ali.cc:105) Processed 750 utterances; for utterance 4160-11550-0013 avg. like is -55.9094 over 1670 frames.
LOG (gmm-acc-stats-ali[5.5.268-f9828]:main():gmm-acc-stats-ali.cc:105) Processed 800 utterances; for utterance 4195-186237-0007 avg. like is -61.1986 over 1196 frames.
LOG (gmm-acc-stats-ali[5.5.268-f9828]:main():gmm-acc-stats-ali.cc:105) Processed 850 utterances; for utterance 426-122819-0007 avg. like is -47.5689 over 1450 frames.
LOG (gmm-acc-stats-ali[5.5.268-f9828]:main():gmm-acc-stats-ali.cc:105) Processed 900 utterances; for utterance 4267-287369-0034 avg. like is -50.8835 over 1379 frames.
LOG (gmm-acc-stats-ali[5.5.268-f9828]:main():gmm-acc-stats-ali.cc:105) Processed 950 utterances; for utterance 4297-13009-0021 avg. like is -57.8466 over 1365 frames.
LOG (apply-cmvn[5.5.268-f9828]:main():apply-cmvn.cc:162) Applied cepstral mean normalization to 1002 utterances, errors on 0
LOG (gmm-acc-stats-ali[5.5.268-f9828]:main():gmm-acc-stats-ali.cc:105) Processed 1000 utterances; for utterance 4340-15220-0095 avg. like is -51.3115 over 1043 frames.
LOG (transform-feats[5.5.268-f9828]:main():transform-feats.cc:158) Overall average [pseudo-]logdet is -108.746 over 1.28778e+06 frames.
LOG (transform-feats[5.5.268-f9828]:main():transform-feats.cc:161) Applied transform to 1002 utterances; 0 had errors.
LOG (gmm-acc-stats-ali[5.5.268-f9828]:main():gmm-acc-stats-ali.cc:112) Done 1002 files, 0 with errors.
LOG (gmm-acc-stats-ali[5.5.268-f9828]:main():gmm-acc-stats-ali.cc:115) Overall avg like per frame (Gaussian only) = -51.1354 over 1287784 frames.
LOG (gmm-acc-stats-ali[5.5.268-f9828]:main():gmm-acc-stats-ali.cc:123) Written accs.
# Accounting: time=25 threads=1
# Ended (code 0) at Tue Mar 16 15:01:38 EET 2021, elapsed time 25 seconds
