# gmm-acc-stats-ali exp/tri2b/29.mdl "ark,s,cs:apply-cmvn  --utt2spk=ark:data/train_10k/split10/10/utt2spk scp:data/train_10k/split10/10/cmvn.scp scp:data/train_10k/split10/10/feats.scp ark:- | splice-feats --left-context=10 --right-context=10 ark:- ark:- | transform-feats exp/tri2b/12.mat ark:- ark:- |" "ark,s,cs:gunzip -c exp/tri2b/ali.10.gz|" exp/tri2b/29.10.acc 
# Started at Tue Mar 16 15:21:07 EET 2021
#
gmm-acc-stats-ali exp/tri2b/29.mdl 'ark,s,cs:apply-cmvn  --utt2spk=ark:data/train_10k/split10/10/utt2spk scp:data/train_10k/split10/10/cmvn.scp scp:data/train_10k/split10/10/feats.scp ark:- | splice-feats --left-context=10 --right-context=10 ark:- ark:- | transform-feats exp/tri2b/12.mat ark:- ark:- |' 'ark,s,cs:gunzip -c exp/tri2b/ali.10.gz|' exp/tri2b/29.10.acc 
splice-feats --left-context=10 --right-context=10 ark:- ark:- 
transform-feats exp/tri2b/12.mat ark:- ark:- 
apply-cmvn --utt2spk=ark:data/train_10k/split10/10/utt2spk scp:data/train_10k/split10/10/cmvn.scp scp:data/train_10k/split10/10/feats.scp ark:- 
LOG (gmm-acc-stats-ali[5.5.268-f9828]:main():gmm-acc-stats-ali.cc:105) Processed 50 utterances; for utterance 8226-274371-0030 avg. like is -47.6566 over 686 frames.
LOG (gmm-acc-stats-ali[5.5.268-f9828]:main():gmm-acc-stats-ali.cc:105) Processed 100 utterances; for utterance 8238-283452-0042 avg. like is -56.2516 over 1332 frames.
LOG (gmm-acc-stats-ali[5.5.268-f9828]:main():gmm-acc-stats-ali.cc:105) Processed 150 utterances; for utterance 831-130739-0017 avg. like is -46.2989 over 1282 frames.
LOG (gmm-acc-stats-ali[5.5.268-f9828]:main():gmm-acc-stats-ali.cc:105) Processed 200 utterances; for utterance 8312-279790-0036 avg. like is -50.4115 over 1240 frames.
LOG (gmm-acc-stats-ali[5.5.268-f9828]:main():gmm-acc-stats-ali.cc:105) Processed 250 utterances; for utterance 8324-286682-0046 avg. like is -50.6751 over 1419 frames.
LOG (gmm-acc-stats-ali[5.5.268-f9828]:main():gmm-acc-stats-ali.cc:105) Processed 300 utterances; for utterance 8419-286667-0000 avg. like is -40.6505 over 1548 frames.
LOG (gmm-acc-stats-ali[5.5.268-f9828]:main():gmm-acc-stats-ali.cc:105) Processed 350 utterances; for utterance 8425-246962-0030 avg. like is -42.8517 over 1525 frames.
LOG (gmm-acc-stats-ali[5.5.268-f9828]:main():gmm-acc-stats-ali.cc:105) Processed 400 utterances; for utterance 8465-246942-0027 avg. like is -46.3547 over 936 frames.
LOG (gmm-acc-stats-ali[5.5.268-f9828]:main():gmm-acc-stats-ali.cc:105) Processed 450 utterances; for utterance 8468-295198-0000 avg. like is -46.9993 over 1518 frames.
LOG (gmm-acc-stats-ali[5.5.268-f9828]:main():gmm-acc-stats-ali.cc:105) Processed 500 utterances; for utterance 8609-262281-0022 avg. like is -51.7466 over 1349 frames.
LOG (gmm-acc-stats-ali[5.5.268-f9828]:main():gmm-acc-stats-ali.cc:105) Processed 550 utterances; for utterance 8629-261139-0049 avg. like is -46.9053 over 1562 frames.
LOG (gmm-acc-stats-ali[5.5.268-f9828]:main():gmm-acc-stats-ali.cc:105) Processed 600 utterances; for utterance 8630-305213-0020 avg. like is -45.4696 over 1333 frames.
LOG (gmm-acc-stats-ali[5.5.268-f9828]:main():gmm-acc-stats-ali.cc:105) Processed 650 utterances; for utterance 87-121553-0107 avg. like is -51.4936 over 766 frames.
LOG (gmm-acc-stats-ali[5.5.268-f9828]:main():gmm-acc-stats-ali.cc:105) Processed 700 utterances; for utterance 8770-295462-0032 avg. like is -41.1353 over 1478 frames.
LOG (gmm-acc-stats-ali[5.5.268-f9828]:main():gmm-acc-stats-ali.cc:105) Processed 750 utterances; for utterance 8797-294123-0064 avg. like is -46.1086 over 1356 frames.
LOG (gmm-acc-stats-ali[5.5.268-f9828]:main():gmm-acc-stats-ali.cc:105) Processed 800 utterances; for utterance 8838-298546-0050 avg. like is -50.2196 over 1548 frames.
LOG (gmm-acc-stats-ali[5.5.268-f9828]:main():gmm-acc-stats-ali.cc:105) Processed 850 utterances; for utterance 89-218-0023 avg. like is -43.9823 over 1476 frames.
LOG (gmm-acc-stats-ali[5.5.268-f9828]:main():gmm-acc-stats-ali.cc:105) Processed 900 utterances; for utterance 8975-270782-0044 avg. like is -47.4542 over 1161 frames.
LOG (gmm-acc-stats-ali[5.5.268-f9828]:main():gmm-acc-stats-ali.cc:105) Processed 950 utterances; for utterance 909-131045-0005 avg. like is -42.1403 over 1503 frames.
LOG (gmm-acc-stats-ali[5.5.268-f9828]:main():gmm-acc-stats-ali.cc:105) Processed 1000 utterances; for utterance 911-130578-0009 avg. like is -43.4644 over 1580 frames.
LOG (apply-cmvn[5.5.268-f9828]:main():apply-cmvn.cc:162) Applied cepstral mean normalization to 1004 utterances, errors on 0
LOG (transform-feats[5.5.268-f9828]:main():transform-feats.cc:158) Overall average [pseudo-]logdet is -107.822 over 1.31908e+06 frames.
LOG (transform-feats[5.5.268-f9828]:main():transform-feats.cc:161) Applied transform to 1004 utterances; 0 had errors.
LOG (gmm-acc-stats-ali[5.5.268-f9828]:main():gmm-acc-stats-ali.cc:112) Done 1004 files, 0 with errors.
LOG (gmm-acc-stats-ali[5.5.268-f9828]:main():gmm-acc-stats-ali.cc:115) Overall avg like per frame (Gaussian only) = -46.7877 over 1319081 frames.
LOG (gmm-acc-stats-ali[5.5.268-f9828]:main():gmm-acc-stats-ali.cc:123) Written accs.
# Accounting: time=37 threads=1
# Ended (code 0) at Tue Mar 16 15:21:44 EET 2021, elapsed time 37 seconds
