# gmm-align-compiled --transition-scale=1.0 --acoustic-scale=0.1 --self-loop-scale=0.1 --beam=10 --retry-beam=40 --careful=false "gmm-boost-silence --boost=1.0 1 exp/tri2b/20.mdl - |" "ark:gunzip -c exp/tri2b/fsts.3.gz|" "ark,s,cs:apply-cmvn  --utt2spk=ark:data/train_10k/split10/3/utt2spk scp:data/train_10k/split10/3/cmvn.scp scp:data/train_10k/split10/3/feats.scp ark:- | splice-feats --left-context=10 --right-context=10 ark:- ark:- | transform-feats exp/tri2b/12.mat ark:- ark:- |" "ark:|gzip -c >exp/tri2b/ali.3.gz" 
# Started at Tue Mar 16 15:12:49 EET 2021
#
gmm-align-compiled --transition-scale=1.0 --acoustic-scale=0.1 --self-loop-scale=0.1 --beam=10 --retry-beam=40 --careful=false 'gmm-boost-silence --boost=1.0 1 exp/tri2b/20.mdl - |' 'ark:gunzip -c exp/tri2b/fsts.3.gz|' 'ark,s,cs:apply-cmvn  --utt2spk=ark:data/train_10k/split10/3/utt2spk scp:data/train_10k/split10/3/cmvn.scp scp:data/train_10k/split10/3/feats.scp ark:- | splice-feats --left-context=10 --right-context=10 ark:- ark:- | transform-feats exp/tri2b/12.mat ark:- ark:- |' 'ark:|gzip -c >exp/tri2b/ali.3.gz' 
gmm-boost-silence --boost=1.0 1 exp/tri2b/20.mdl - 
WARNING (gmm-boost-silence[5.5.268-f9828]:main():gmm-boost-silence.cc:82) The pdfs for the silence phones may be shared by other phones (note: this probably does not matter.)
LOG (gmm-boost-silence[5.5.268-f9828]:main():gmm-boost-silence.cc:93) Boosted weights for 5 pdfs, by factor of 1
LOG (gmm-boost-silence[5.5.268-f9828]:main():gmm-boost-silence.cc:103) Wrote model to -
splice-feats --left-context=10 --right-context=10 ark:- ark:- 
transform-feats exp/tri2b/12.mat ark:- ark:- 
apply-cmvn --utt2spk=ark:data/train_10k/split10/3/utt2spk scp:data/train_10k/split10/3/cmvn.scp scp:data/train_10k/split10/3/feats.scp ark:- 
LOG (gmm-align-compiled[5.5.268-f9828]:main():gmm-align-compiled.cc:127) 226-122538-0000
LOG (gmm-align-compiled[5.5.268-f9828]:main():gmm-align-compiled.cc:127) 226-122538-0002
LOG (gmm-align-compiled[5.5.268-f9828]:main():gmm-align-compiled.cc:127) 226-122538-0005
LOG (gmm-align-compiled[5.5.268-f9828]:main():gmm-align-compiled.cc:127) 226-122538-0009
LOG (gmm-align-compiled[5.5.268-f9828]:main():gmm-align-compiled.cc:127) 226-122538-0012
LOG (gmm-align-compiled[5.5.268-f9828]:main():gmm-align-compiled.cc:127) 226-122538-0014
LOG (gmm-align-compiled[5.5.268-f9828]:main():gmm-align-compiled.cc:127) 226-122538-0016
LOG (gmm-align-compiled[5.5.268-f9828]:main():gmm-align-compiled.cc:127) 226-122538-0019
LOG (gmm-align-compiled[5.5.268-f9828]:main():gmm-align-compiled.cc:127) 226-122538-0023
LOG (gmm-align-compiled[5.5.268-f9828]:main():gmm-align-compiled.cc:127) 226-122538-0026
LOG (gmm-align-compiled[5.5.268-f9828]:main():gmm-align-compiled.cc:127) 226-122538-0028
LOG (gmm-align-compiled[5.5.268-f9828]:main():gmm-align-compiled.cc:127) 226-122538-0030
LOG (gmm-align-compiled[5.5.268-f9828]:main():gmm-align-compiled.cc:127) 226-122538-0033
LOG (gmm-align-compiled[5.5.268-f9828]:main():gmm-align-compiled.cc:127) 226-131532-0002
LOG (gmm-align-compiled[5.5.268-f9828]:main():gmm-align-compiled.cc:127) 226-131532-0005
LOG (gmm-align-compiled[5.5.268-f9828]:main():gmm-align-compiled.cc:127) 226-131532-0007
LOG (gmm-align-compiled[5.5.268-f9828]:main():gmm-align-compiled.cc:127) 226-131532-0009
LOG (gmm-align-compiled[5.5.268-f9828]:main():gmm-align-compiled.cc:127) 226-131532-0012
LOG (gmm-align-compiled[5.5.268-f9828]:main():gmm-align-compiled.cc:127) 226-131532-0016
LOG (gmm-align-compiled[5.5.268-f9828]:main():gmm-align-compiled.cc:127) 226-131532-0019
LOG (gmm-align-compiled[5.5.268-f9828]:main():gmm-align-compiled.cc:127) 226-131532-0023
LOG (gmm-align-compiled[5.5.268-f9828]:main():gmm-align-compiled.cc:127) 226-131532-0026
LOG (gmm-align-compiled[5.5.268-f9828]:main():gmm-align-compiled.cc:127) 226-131532-0030
LOG (gmm-align-compiled[5.5.268-f9828]:main():gmm-align-compiled.cc:127) 226-131532-0033
LOG (gmm-align-compiled[5.5.268-f9828]:main():gmm-align-compiled.cc:127) 226-131533-0000
LOG (gmm-align-compiled[5.5.268-f9828]:main():gmm-align-compiled.cc:127) 226-131533-0002
LOG (gmm-align-compiled[5.5.268-f9828]:main():gmm-align-compiled.cc:127) 226-131533-0005
LOG (gmm-align-compiled[5.5.268-f9828]:main():gmm-align-compiled.cc:127) 226-131533-0009
LOG (gmm-align-compiled[5.5.268-f9828]:main():gmm-align-compiled.cc:127) 226-131533-0012
LOG (gmm-align-compiled[5.5.268-f9828]:main():gmm-align-compiled.cc:127) 226-131533-0014
LOG (gmm-align-compiled[5.5.268-f9828]:main():gmm-align-compiled.cc:127) 226-131533-0016
LOG (gmm-align-compiled[5.5.268-f9828]:main():gmm-align-compiled.cc:127) 226-131533-0019
LOG (gmm-align-compiled[5.5.268-f9828]:main():gmm-align-compiled.cc:127) 226-131533-0023
LOG (gmm-align-compiled[5.5.268-f9828]:main():gmm-align-compiled.cc:127) 226-131533-0026
LOG (gmm-align-compiled[5.5.268-f9828]:main():gmm-align-compiled.cc:127) 226-131533-0028
LOG (gmm-align-compiled[5.5.268-f9828]:main():gmm-align-compiled.cc:127) 226-131533-0030
LOG (gmm-align-compiled[5.5.268-f9828]:main():gmm-align-compiled.cc:127) 226-131533-0033
LOG (gmm-align-compiled[5.5.268-f9828]:main():gmm-align-compiled.cc:127) 2289-152253-0000
LOG (gmm-align-compiled[5.5.268-f9828]:main():gmm-align-compiled.cc:127) 2289-152253-0003
LOG (gmm-align-compiled[5.5.268-f9828]:main():gmm-align-compiled.cc:127) 2289-152253-0005
LOG (gmm-align-compiled[5.5.268-f9828]:main():gmm-align-compiled.cc:127) 2289-152253-0007
LOG (gmm-align-compiled[5.5.268-f9828]:main():gmm-align-compiled.cc:127) 2289-152253-0010
LOG (gmm-align-compiled[5.5.268-f9828]:main():gmm-align-compiled.cc:127) 2289-152253-0014
LOG (gmm-align-compiled[5.5.268-f9828]:main():gmm-align-compiled.cc:127) 2289-152253-0017
LOG (gmm-align-compiled[5.5.268-f9828]:main():gmm-align-compiled.cc:127) 2289-152253-0019
LOG (gmm-align-compiled[5.5.268-f9828]:main():gmm-align-compiled.cc:127) 2289-152253-0021
LOG (gmm-align-compiled[5.5.268-f9828]:main():gmm-align-compiled.cc:127) 2289-152253-0024
LOG (gmm-align-compiled[5.5.268-f9828]:main():gmm-align-compiled.cc:127) 2289-152253-0028
LOG (gmm-align-compiled[5.5.268-f9828]:main():gmm-align-compiled.cc:127) 2289-152254-0000
LOG (gmm-align-compiled[5.5.268-f9828]:main():gmm-align-compiled.cc:127) 2289-152254-0002
LOG (gmm-align-compiled[5.5.268-f9828]:main():gmm-align-compiled.cc:127) 2289-152254-0004
LOG (gmm-align-compiled[5.5.268-f9828]:main():gmm-align-compiled.cc:127) 2289-152254-0007
LOG (gmm-align-compiled[5.5.268-f9828]:main():gmm-align-compiled.cc:127) 2289-152254-0011
LOG (gmm-align-compiled[5.5.268-f9828]:main():gmm-align-compiled.cc:127) 2289-152254-0014
LOG (gmm-align-compiled[5.5.268-f9828]:main():gmm-align-compiled.cc:127) 2289-152254-0016
LOG (gmm-align-compiled[5.5.268-f9828]:main():gmm-align-compiled.cc:127) 2289-152254-0018
LOG (gmm-align-compiled[5.5.268-f9828]:main():gmm-align-compiled.cc:127) 2289-152254-0021
LOG (gmm-align-compiled[5.5.268-f9828]:main():gmm-align-compiled.cc:127) 2289-152254-0024
LOG (gmm-align-compiled[5.5.268-f9828]:main():gmm-align-compiled.cc:127) 2289-152254-0027
LOG (gmm-align-compiled[5.5.268-f9828]:main():gmm-align-compiled.cc:127) 2289-152257-0001
LOG (gmm-align-compiled[5.5.268-f9828]:main():gmm-align-compiled.cc:127) 2289-152257-0004
LOG (gmm-align-compiled[5.5.268-f9828]:main():gmm-align-compiled.cc:127) 2289-152257-0008
LOG (gmm-align-compiled[5.5.268-f9828]:main():gmm-align-compiled.cc:127) 2289-152257-0011
LOG (gmm-align-compiled[5.5.268-f9828]:main():gmm-align-compiled.cc:127) 2289-152257-0013
LOG (gmm-align-compiled[5.5.268-f9828]:main():gmm-align-compiled.cc:127) 2289-152257-0015
LOG (gmm-align-compiled[5.5.268-f9828]:main():gmm-align-compiled.cc:127) 2289-152257-0018
LOG (gmm-align-compiled[5.5.268-f9828]:main():gmm-align-compiled.cc:127) 2289-152257-0022
LOG (gmm-align-compiled[5.5.268-f9828]:main():gmm-align-compiled.cc:127) 2289-152257-0025
LOG (gmm-align-compiled[5.5.268-f9828]:main():gmm-align-compiled.cc:127) 2289-152257-0027
LOG (gmm-align-compiled[5.5.268-f9828]:main():gmm-align-compiled.cc:127) 2289-152258-0001
LOG (gmm-align-compiled[5.5.268-f9828]:main():gmm-align-compiled.cc:127) 2289-152258-0004
LOG (gmm-align-compiled[5.5.268-f9828]:main():gmm-align-compiled.cc:127) 2289-152258-0008
LOG (gmm-align-compiled[5.5.268-f9828]:main():gmm-align-compiled.cc:127) 2289-152258-0011
LOG (gmm-align-compiled[5.5.268-f9828]:main():gmm-align-compiled.cc:127) 2289-152258-0013
LOG (gmm-align-compiled[5.5.268-f9828]:main():gmm-align-compiled.cc:127) 2289-152258-0015
LOG (gmm-align-compiled[5.5.268-f9828]:main():gmm-align-compiled.cc:127) 2289-152258-0018
LOG (gmm-align-compiled[5.5.268-f9828]:main():gmm-align-compiled.cc:127) 2289-152258-0022
LOG (gmm-align-compiled[5.5.268-f9828]:main():gmm-align-compiled.cc:127) 2289-152258-0025
LOG (gmm-align-compiled[5.5.268-f9828]:main():gmm-align-compiled.cc:127) 2289-152258-0027
LOG (gmm-align-compiled[5.5.268-f9828]:main():gmm-align-compiled.cc:127) 2289-152258-0029
LOG (gmm-align-compiled[5.5.268-f9828]:main():gmm-align-compiled.cc:127) 2289-152258-0032
LOG (gmm-align-compiled[5.5.268-f9828]:main():gmm-align-compiled.cc:127) 2289-152258-0036
LOG (gmm-align-compiled[5.5.268-f9828]:main():gmm-align-compiled.cc:127) 2289-152258-0039
LOG (gmm-align-compiled[5.5.268-f9828]:main():gmm-align-compiled.cc:127) 229-130880-0000
LOG (gmm-align-compiled[5.5.268-f9828]:main():gmm-align-compiled.cc:127) 229-130880-0002
LOG (gmm-align-compiled[5.5.268-f9828]:main():gmm-align-compiled.cc:127) 229-130880-0005
LOG (gmm-align-compiled[5.5.268-f9828]:main():gmm-align-compiled.cc:127) 229-130880-0009
LOG (gmm-align-compiled[5.5.268-f9828]:main():gmm-align-compiled.cc:127) 229-130880-0012
LOG (gmm-align-compiled[5.5.268-f9828]:main():gmm-align-compiled.cc:127) 229-130880-0014
LOG (gmm-align-compiled[5.5.268-f9828]:main():gmm-align-compiled.cc:127) 229-130880-0016
LOG (gmm-align-compiled[5.5.268-f9828]:main():gmm-align-compiled.cc:127) 229-130880-0019
LOG (gmm-align-compiled[5.5.268-f9828]:main():gmm-align-compiled.cc:127) 229-130880-0023
LOG (gmm-align-compiled[5.5.268-f9828]:main():gmm-align-compiled.cc:127) 229-130880-0026
LOG (gmm-align-compiled[5.5.268-f9828]:main():gmm-align-compiled.cc:127) 229-130880-0028
LOG (gmm-align-compiled[5.5.268-f9828]:main():gmm-align-compiled.cc:127) 229-130880-0030
LOG (gmm-align-compiled[5.5.268-f9828]:main():gmm-align-compiled.cc:127) 229-130880-0033
LOG (gmm-align-compiled[5.5.268-f9828]:main():gmm-align-compiled.cc:127) 229-130880-0037
LOG (gmm-align-compiled[5.5.268-f9828]:main():gmm-align-compiled.cc:127) 229-130880-0040
LOG (gmm-align-compiled[5.5.268-f9828]:main():gmm-align-compiled.cc:127) 229-130880-0044
LOG (gmm-align-compiled[5.5.268-f9828]:main():gmm-align-compiled.cc:127) 229-130880-0047
LOG (gmm-align-compiled[5.5.268-f9828]:main():gmm-align-compiled.cc:127) 229-130880-0051
LOG (gmm-align-compiled[5.5.268-f9828]:main():gmm-align-compiled.cc:127) 229-130880-0054
LOG (gmm-align-compiled[5.5.268-f9828]:main():gmm-align-compiled.cc:127) 229-130880-0056
LOG (gmm-align-compiled[5.5.268-f9828]:main():gmm-align-compiled.cc:127) 229-130880-0058
LOG (gmm-align-compiled[5.5.268-f9828]:main():gmm-align-compiled.cc:127) 229-130880-0061
LOG (gmm-align-compiled[5.5.268-f9828]:main():gmm-align-compiled.cc:127) 229-130880-0065
LOG (gmm-align-compiled[5.5.268-f9828]:main():gmm-align-compiled.cc:127) 229-130880-0068
LOG (gmm-align-compiled[5.5.268-f9828]:main():gmm-align-compiled.cc:127) 229-130880-0070
LOG (gmm-align-compiled[5.5.268-f9828]:main():gmm-align-compiled.cc:127) 229-130880-0072
LOG (gmm-align-compiled[5.5.268-f9828]:main():gmm-align-compiled.cc:127) 229-130880-0075
LOG (gmm-align-compiled[5.5.268-f9828]:main():gmm-align-compiled.cc:127) 229-130880-0079
LOG (gmm-align-compiled[5.5.268-f9828]:main():gmm-align-compiled.cc:127) 229-130880-0082
LOG (gmm-align-compiled[5.5.268-f9828]:main():gmm-align-compiled.cc:127) 229-130880-0084
LOG (gmm-align-compiled[5.5.268-f9828]:main():gmm-align-compiled.cc:127) 229-130880-0086
LOG (gmm-align-compiled[5.5.268-f9828]:main():gmm-align-compiled.cc:127) 229-130880-0089
LOG (gmm-align-compiled[5.5.268-f9828]:main():gmm-align-compiled.cc:127) 229-130880-0093
LOG (gmm-align-compiled[5.5.268-f9828]:main():gmm-align-compiled.cc:127) 233-134440-0002
LOG (gmm-align-compiled[5.5.268-f9828]:main():gmm-align-compiled.cc:127) 233-134440-0004
LOG (gmm-align-compiled[5.5.268-f9828]:main():gmm-align-compiled.cc:127) 233-134440-0006
LOG (gmm-align-compiled[5.5.268-f9828]:main():gmm-align-compiled.cc:127) 233-134440-0009
LOG (gmm-align-compiled[5.5.268-f9828]:main():gmm-align-compiled.cc:127) 233-134440-0013
LOG (gmm-align-compiled[5.5.268-f9828]:main():gmm-align-compiled.cc:127) 233-134440-0016
LOG (gmm-align-compiled[5.5.268-f9828]:main():gmm-align-compiled.cc:127) 233-134440-0018
LOG (gmm-align-compiled[5.5.268-f9828]:main():gmm-align-compiled.cc:127) 233-134440-0020
LOG (gmm-align-compiled[5.5.268-f9828]:main():gmm-align-compiled.cc:127) 233-134440-0023
LOG (gmm-align-compiled[5.5.268-f9828]:main():gmm-align-compiled.cc:127) 233-134440-0027
LOG (gmm-align-compiled[5.5.268-f9828]:main():gmm-align-compiled.cc:127) 233-134440-0030
LOG (gmm-align-compiled[5.5.268-f9828]:main():gmm-align-compiled.cc:127) 233-134440-0032
LOG (gmm-align-compiled[5.5.268-f9828]:main():gmm-align-compiled.cc:127) 233-134440-0034
LOG (gmm-align-compiled[5.5.268-f9828]:main():gmm-align-compiled.cc:127) 233-134440-0037
LOG (gmm-align-compiled[5.5.268-f9828]:main():gmm-align-compiled.cc:127) 233-134440-0041
LOG (gmm-align-compiled[5.5.268-f9828]:main():gmm-align-compiled.cc:127) 233-134440-0044
LOG (gmm-align-compiled[5.5.268-f9828]:main():gmm-align-compiled.cc:127) 233-134440-0046
LOG (gmm-align-compiled[5.5.268-f9828]:main():gmm-align-compiled.cc:127) 233-134440-0048
LOG (gmm-align-compiled[5.5.268-f9828]:main():gmm-align-compiled.cc:127) 233-134440-0051
LOG (gmm-align-compiled[5.5.268-f9828]:main():gmm-align-compiled.cc:127) 233-134440-0054
LOG (gmm-align-compiled[5.5.268-f9828]:main():gmm-align-compiled.cc:127) 233-134440-0057
LOG (gmm-align-compiled[5.5.268-f9828]:main():gmm-align-compiled.cc:127) 233-134440-0061
LOG (gmm-align-compiled[5.5.268-f9828]:main():gmm-align-compiled.cc:127) 233-155990-0001
LOG (gmm-align-compiled[5.5.268-f9828]:main():gmm-align-compiled.cc:127) 233-155990-0005
LOG (gmm-align-compiled[5.5.268-f9828]:main():gmm-align-compiled.cc:127) 233-155990-0008
LOG (gmm-align-compiled[5.5.268-f9828]:main():gmm-align-compiled.cc:127) 233-155990-0010
LOG (gmm-align-compiled[5.5.268-f9828]:main():gmm-align-compiled.cc:127) 233-155990-0012
LOG (gmm-align-compiled[5.5.268-f9828]:main():gmm-align-compiled.cc:127) 233-155990-0015
LOG (gmm-align-compiled[5.5.268-f9828]:main():gmm-align-compiled.cc:127) 233-155990-0019
LOG (gmm-align-compiled[5.5.268-f9828]:main():gmm-align-compiled.cc:127) 233-155990-0022
LOG (gmm-align-compiled[5.5.268-f9828]:main():gmm-align-compiled.cc:127) 233-155990-0024
LOG (gmm-align-compiled[5.5.268-f9828]:main():gmm-align-compiled.cc:127) 233-155990-0026
LOG (gmm-align-compiled[5.5.268-f9828]:main():gmm-align-compiled.cc:127) 233-155990-0029
LOG (gmm-align-compiled[5.5.268-f9828]:main():gmm-align-compiled.cc:127) 233-155990-0033
LOG (gmm-align-compiled[5.5.268-f9828]:main():gmm-align-compiled.cc:127) 233-155990-0036
LOG (gmm-align-compiled[5.5.268-f9828]:main():gmm-align-compiled.cc:127) 233-155990-0038
LOG (gmm-align-compiled[5.5.268-f9828]:main():gmm-align-compiled.cc:127) 233-155990-0040
LOG (gmm-align-compiled[5.5.268-f9828]:main():gmm-align-compiled.cc:127) 233-155990-0043
LOG (gmm-align-compiled[5.5.268-f9828]:main():gmm-align-compiled.cc:127) 2384-152900-0000
LOG (gmm-align-compiled[5.5.268-f9828]:main():gmm-align-compiled.cc:127) 2384-152900-0003
LOG (gmm-align-compiled[5.5.268-f9828]:main():gmm-align-compiled.cc:127) 2384-152900-0005
LOG (gmm-align-compiled[5.5.268-f9828]:main():gmm-align-compiled.cc:127) 2384-152900-0007
LOG (gmm-align-compiled[5.5.268-f9828]:main():gmm-align-compiled.cc:127) 2384-152900-0010
LOG (gmm-align-compiled[5.5.268-f9828]:main():gmm-align-compiled.cc:127) 2384-152900-0014
LOG (gmm-align-compiled[5.5.268-f9828]:main():gmm-align-compiled.cc:127) 2384-152900-0017
LOG (gmm-align-compiled[5.5.268-f9828]:main():gmm-align-compiled.cc:127) 2384-152900-0019
LOG (gmm-align-compiled[5.5.268-f9828]:main():gmm-align-compiled.cc:127) 2384-152900-0021
LOG (gmm-align-compiled[5.5.268-f9828]:main():gmm-align-compiled.cc:127) 2384-152900-0024
LOG (gmm-align-compiled[5.5.268-f9828]:main():gmm-align-compiled.cc:127) 2384-152900-0028
LOG (gmm-align-compiled[5.5.268-f9828]:main():gmm-align-compiled.cc:127) 2384-152900-0031
LOG (gmm-align-compiled[5.5.268-f9828]:main():gmm-align-compiled.cc:127) 2384-152900-0033
LOG (gmm-align-compiled[5.5.268-f9828]:main():gmm-align-compiled.cc:127) 2384-152900-0035
LOG (gmm-align-compiled[5.5.268-f9828]:main():gmm-align-compiled.cc:127) 2384-152900-0038
LOG (gmm-align-compiled[5.5.268-f9828]:main():gmm-align-compiled.cc:127) 2384-152900-0042
LOG (gmm-align-compiled[5.5.268-f9828]:main():gmm-align-compiled.cc:127) 2384-152900-0045
LOG (gmm-align-compiled[5.5.268-f9828]:main():gmm-align-compiled.cc:127) 2384-152900-0047
LOG (gmm-align-compiled[5.5.268-f9828]:main():gmm-align-compiled.cc:127) 2384-152900-0049
LOG (gmm-align-compiled[5.5.268-f9828]:main():gmm-align-compiled.cc:127) 2384-152900-0052
LOG (gmm-align-compiled[5.5.268-f9828]:main():gmm-align-compiled.cc:127) 2384-152900-0056
LOG (gmm-align-compiled[5.5.268-f9828]:main():gmm-align-compiled.cc:127) 2384-152900-0059
LOG (gmm-align-compiled[5.5.268-f9828]:main():gmm-align-compiled.cc:127) 2384-152900-0063
LOG (gmm-align-compiled[5.5.268-f9828]:main():gmm-align-compiled.cc:127) 2384-152900-0066
LOG (gmm-align-compiled[5.5.268-f9828]:main():gmm-align-compiled.cc:127) 2384-152900-0070
LOG (gmm-align-compiled[5.5.268-f9828]:main():gmm-align-compiled.cc:127) 2384-152900-0073
LOG (gmm-align-compiled[5.5.268-f9828]:main():gmm-align-compiled.cc:127) 2384-152900-0075
LOG (gmm-align-compiled[5.5.268-f9828]:main():gmm-align-compiled.cc:127) 2384-152900-0077
LOG (gmm-align-compiled[5.5.268-f9828]:main():gmm-align-compiled.cc:127) 2384-152900-0080
LOG (gmm-align-compiled[5.5.268-f9828]:main():gmm-align-compiled.cc:127) 2384-152900-0084
LOG (gmm-align-compiled[5.5.268-f9828]:main():gmm-align-compiled.cc:127) 2384-152900-0087
LOG (gmm-align-compiled[5.5.268-f9828]:main():gmm-align-compiled.cc:127) 2384-152900-0089
LOG (gmm-align-compiled[5.5.268-f9828]:main():gmm-align-compiled.cc:127) 2391-145015-0001
LOG (gmm-align-compiled[5.5.268-f9828]:main():gmm-align-compiled.cc:127) 2391-145015-0004
LOG (gmm-align-compiled[5.5.268-f9828]:main():gmm-align-compiled.cc:127) 2391-145015-0008
LOG (gmm-align-compiled[5.5.268-f9828]:main():gmm-align-compiled.cc:127) 2391-145015-0011
LOG (gmm-align-compiled[5.5.268-f9828]:main():gmm-align-compiled.cc:127) 2391-145015-0013
LOG (gmm-align-compiled[5.5.268-f9828]:main():gmm-align-compiled.cc:127) 2391-145015-0015
LOG (gmm-align-compiled[5.5.268-f9828]:main():gmm-align-compiled.cc:127) 2391-145015-0018
LOG (gmm-align-compiled[5.5.268-f9828]:main():gmm-align-compiled.cc:127) 2391-145015-0022
LOG (gmm-align-compiled[5.5.268-f9828]:main():gmm-align-compiled.cc:127) 2391-145015-0025
LOG (gmm-align-compiled[5.5.268-f9828]:main():gmm-align-compiled.cc:127) 2391-145015-0027
LOG (gmm-align-compiled[5.5.268-f9828]:main():gmm-align-compiled.cc:127) 2391-145015-0029
LOG (gmm-align-compiled[5.5.268-f9828]:main():gmm-align-compiled.cc:127) 2391-145015-0032
LOG (gmm-align-compiled[5.5.268-f9828]:main():gmm-align-compiled.cc:127) 2391-145015-0036
LOG (gmm-align-compiled[5.5.268-f9828]:main():gmm-align-compiled.cc:127) 2391-145015-0039
LOG (gmm-align-compiled[5.5.268-f9828]:main():gmm-align-compiled.cc:127) 2391-145015-0041
LOG (gmm-align-compiled[5.5.268-f9828]:main():gmm-align-compiled.cc:127) 2391-145015-0043
LOG (gmm-align-compiled[5.5.268-f9828]:main():gmm-align-compiled.cc:127) 2391-145015-0046
LOG (gmm-align-compiled[5.5.268-f9828]:main():gmm-align-compiled.cc:127) 2391-145015-0050
LOG (gmm-align-compiled[5.5.268-f9828]:main():gmm-align-compiled.cc:127) 2391-145015-0053
LOG (gmm-align-compiled[5.5.268-f9828]:main():gmm-align-compiled.cc:127) 2391-145015-0055
LOG (gmm-align-compiled[5.5.268-f9828]:main():gmm-align-compiled.cc:127) 2391-145015-0057
LOG (gmm-align-compiled[5.5.268-f9828]:main():gmm-align-compiled.cc:127) 2391-145015-0060
LOG (gmm-align-compiled[5.5.268-f9828]:main():gmm-align-compiled.cc:127) 2391-145015-0064
LOG (gmm-align-compiled[5.5.268-f9828]:main():gmm-align-compiled.cc:127) 2391-145015-0067
LOG (gmm-align-compiled[5.5.268-f9828]:main():gmm-align-compiled.cc:127) 2391-145015-0069
LOG (gmm-align-compiled[5.5.268-f9828]:main():gmm-align-compiled.cc:127) 2391-145015-0071
LOG (gmm-align-compiled[5.5.268-f9828]:main():gmm-align-compiled.cc:127) 2391-145015-0074
LOG (gmm-align-compiled[5.5.268-f9828]:main():gmm-align-compiled.cc:127) 2391-145015-0077
LOG (gmm-align-compiled[5.5.268-f9828]:main():gmm-align-compiled.cc:127) 2391-145015-0080
LOG (gmm-align-compiled[5.5.268-f9828]:main():gmm-align-compiled.cc:127) 2391-145015-0084
LOG (gmm-align-compiled[5.5.268-f9828]:main():gmm-align-compiled.cc:127) 2391-145015-0087
LOG (gmm-align-compiled[5.5.268-f9828]:main():gmm-align-compiled.cc:127) 2391-145015-0091
LOG (gmm-align-compiled[5.5.268-f9828]:main():gmm-align-compiled.cc:127) 2391-145015-0094
LOG (gmm-align-compiled[5.5.268-f9828]:main():gmm-align-compiled.cc:127) 2391-145015-0096
LOG (gmm-align-compiled[5.5.268-f9828]:main():gmm-align-compiled.cc:127) 2391-145015-0098
LOG (gmm-align-compiled[5.5.268-f9828]:main():gmm-align-compiled.cc:127) 2391-145015-0101
LOG (gmm-align-compiled[5.5.268-f9828]:main():gmm-align-compiled.cc:127) 2391-145015-0105
LOG (gmm-align-compiled[5.5.268-f9828]:main():gmm-align-compiled.cc:127) 2391-145015-0108
LOG (gmm-align-compiled[5.5.268-f9828]:main():gmm-align-compiled.cc:127) 2391-145015-0110
LOG (gmm-align-compiled[5.5.268-f9828]:main():gmm-align-compiled.cc:127) 2391-145015-0112
LOG (gmm-align-compiled[5.5.268-f9828]:main():gmm-align-compiled.cc:127) 2391-145015-0115
LOG (gmm-align-compiled[5.5.268-f9828]:main():gmm-align-compiled.cc:127) 2391-145015-0119
LOG (gmm-align-compiled[5.5.268-f9828]:main():gmm-align-compiled.cc:127) 2391-145015-0122
LOG (gmm-align-compiled[5.5.268-f9828]:main():gmm-align-compiled.cc:127) 2416-152137-0001
LOG (gmm-align-compiled[5.5.268-f9828]:main():gmm-align-compiled.cc:127) 2416-152137-0003
LOG (gmm-align-compiled[5.5.268-f9828]:main():gmm-align-compiled.cc:127) 2416-152137-0006
LOG (gmm-align-compiled[5.5.268-f9828]:main():gmm-align-compiled.cc:127) 2416-152137-0010
LOG (gmm-align-compiled[5.5.268-f9828]:main():gmm-align-compiled.cc:127) 2416-152137-0013
LOG (gmm-align-compiled[5.5.268-f9828]:main():gmm-align-compiled.cc:127) 2416-152137-0015
LOG (gmm-align-compiled[5.5.268-f9828]:main():gmm-align-compiled.cc:127) 2416-152137-0017
LOG (gmm-align-compiled[5.5.268-f9828]:main():gmm-align-compiled.cc:127) 2416-152137-0020
LOG (gmm-align-compiled[5.5.268-f9828]:main():gmm-align-compiled.cc:127) 2416-152137-0024
LOG (gmm-align-compiled[5.5.268-f9828]:main():gmm-align-compiled.cc:127) 2416-152137-0027
LOG (gmm-align-compiled[5.5.268-f9828]:main():gmm-align-compiled.cc:127) 2416-152137-0029
LOG (gmm-align-compiled[5.5.268-f9828]:main():gmm-align-compiled.cc:127) 2416-152137-0031
LOG (gmm-align-compiled[5.5.268-f9828]:main():gmm-align-compiled.cc:127) 2416-152137-0034
LOG (gmm-align-compiled[5.5.268-f9828]:main():gmm-align-compiled.cc:127) 2416-152139-0001
LOG (gmm-align-compiled[5.5.268-f9828]:main():gmm-align-compiled.cc:127) 2416-152139-0004
LOG (gmm-align-compiled[5.5.268-f9828]:main():gmm-align-compiled.cc:127) 2416-152139-0006
LOG (gmm-align-compiled[5.5.268-f9828]:main():gmm-align-compiled.cc:127) 2416-152139-0008
LOG (gmm-align-compiled[5.5.268-f9828]:main():gmm-align-compiled.cc:127) 2416-152139-0011
LOG (gmm-align-compiled[5.5.268-f9828]:main():gmm-align-compiled.cc:127) 2416-152139-0015
LOG (gmm-align-compiled[5.5.268-f9828]:main():gmm-align-compiled.cc:127) 2416-152139-0018
LOG (gmm-align-compiled[5.5.268-f9828]:main():gmm-align-compiled.cc:127) 2416-152139-0020
LOG (gmm-align-compiled[5.5.268-f9828]:main():gmm-align-compiled.cc:127) 2416-152139-0022
LOG (gmm-align-compiled[5.5.268-f9828]:main():gmm-align-compiled.cc:127) 2416-152139-0025
LOG (gmm-align-compiled[5.5.268-f9828]:main():gmm-align-compiled.cc:127) 2416-152139-0029
LOG (gmm-align-compiled[5.5.268-f9828]:main():gmm-align-compiled.cc:127) 2416-152139-0032
LOG (gmm-align-compiled[5.5.268-f9828]:main():gmm-align-compiled.cc:127) 2416-152139-0036
LOG (gmm-align-compiled[5.5.268-f9828]:main():gmm-align-compiled.cc:127) 2416-152139-0039
LOG (gmm-align-compiled[5.5.268-f9828]:main():gmm-align-compiled.cc:127) 2416-152139-0043
LOG (gmm-align-compiled[5.5.268-f9828]:main():gmm-align-compiled.cc:127) 2416-152139-0046
LOG (gmm-align-compiled[5.5.268-f9828]:main():gmm-align-compiled.cc:127) 2416-152139-0048
LOG (gmm-align-compiled[5.5.268-f9828]:main():gmm-align-compiled.cc:127) 2416-152139-0050
LOG (gmm-align-compiled[5.5.268-f9828]:main():gmm-align-compiled.cc:127) 2416-152139-0053
LOG (gmm-align-compiled[5.5.268-f9828]:main():gmm-align-compiled.cc:127) 2416-152139-0057
LOG (gmm-align-compiled[5.5.268-f9828]:main():gmm-align-compiled.cc:127) 2416-152139-0060
LOG (gmm-align-compiled[5.5.268-f9828]:main():gmm-align-compiled.cc:127) 2416-152139-0062
LOG (gmm-align-compiled[5.5.268-f9828]:main():gmm-align-compiled.cc:127) 2416-152139-0064
LOG (gmm-align-compiled[5.5.268-f9828]:main():gmm-align-compiled.cc:127) 2416-152139-0067
LOG (gmm-align-compiled[5.5.268-f9828]:main():gmm-align-compiled.cc:127) 2416-152139-0071
LOG (gmm-align-compiled[5.5.268-f9828]:main():gmm-align-compiled.cc:127) 2436-2476-0001
LOG (gmm-align-compiled[5.5.268-f9828]:main():gmm-align-compiled.cc:127) 2436-2476-0003
LOG (gmm-align-compiled[5.5.268-f9828]:main():gmm-align-compiled.cc:127) 2436-2476-0005
LOG (gmm-align-compiled[5.5.268-f9828]:main():gmm-align-compiled.cc:127) 2436-2476-0008
LOG (gmm-align-compiled[5.5.268-f9828]:main():gmm-align-compiled.cc:127) 2436-2476-0012
LOG (gmm-align-compiled[5.5.268-f9828]:main():gmm-align-compiled.cc:127) 2436-2476-0015
LOG (gmm-align-compiled[5.5.268-f9828]:main():gmm-align-compiled.cc:127) 2436-2476-0017
LOG (gmm-align-compiled[5.5.268-f9828]:main():gmm-align-compiled.cc:127) 2436-2476-0019
LOG (gmm-align-compiled[5.5.268-f9828]:main():gmm-align-compiled.cc:127) 2436-2476-0022
LOG (gmm-align-compiled[5.5.268-f9828]:main():gmm-align-compiled.cc:127) 2436-2476-0026
LOG (gmm-align-compiled[5.5.268-f9828]:main():gmm-align-compiled.cc:127) 2436-2476-0029
LOG (gmm-align-compiled[5.5.268-f9828]:main():gmm-align-compiled.cc:127) 2436-2476-0031
LOG (gmm-align-compiled[5.5.268-f9828]:main():gmm-align-compiled.cc:127) 2436-2476-0033
LOG (gmm-align-compiled[5.5.268-f9828]:main():gmm-align-compiled.cc:127) 2436-2476-0036
LOG (gmm-align-compiled[5.5.268-f9828]:main():gmm-align-compiled.cc:127) 2436-2476-0040
LOG (gmm-align-compiled[5.5.268-f9828]:main():gmm-align-compiled.cc:127) 2436-2477-0002
LOG (gmm-align-compiled[5.5.268-f9828]:main():gmm-align-compiled.cc:127) 2436-2477-0004
LOG (gmm-align-compiled[5.5.268-f9828]:main():gmm-align-compiled.cc:127) 2436-2477-0006
LOG (gmm-align-compiled[5.5.268-f9828]:main():gmm-align-compiled.cc:127) 2436-2477-0009
LOG (gmm-align-compiled[5.5.268-f9828]:main():gmm-align-compiled.cc:127) 2436-2477-0013
LOG (gmm-align-compiled[5.5.268-f9828]:main():gmm-align-compiled.cc:127) 2436-2477-0016
LOG (gmm-align-compiled[5.5.268-f9828]:main():gmm-align-compiled.cc:127) 2436-2477-0018
LOG (gmm-align-compiled[5.5.268-f9828]:main():gmm-align-compiled.cc:127) 2436-2477-0020
LOG (gmm-align-compiled[5.5.268-f9828]:main():gmm-align-compiled.cc:127) 2436-2477-0023
LOG (gmm-align-compiled[5.5.268-f9828]:main():gmm-align-compiled.cc:127) 2436-2477-0026
LOG (gmm-align-compiled[5.5.268-f9828]:main():gmm-align-compiled.cc:127) 2436-2477-0029
LOG (gmm-align-compiled[5.5.268-f9828]:main():gmm-align-compiled.cc:127) 2436-2477-0033
LOG (gmm-align-compiled[5.5.268-f9828]:main():gmm-align-compiled.cc:127) 2436-2477-0036
LOG (gmm-align-compiled[5.5.268-f9828]:main():gmm-align-compiled.cc:127) 2436-2481-0003
LOG (gmm-align-compiled[5.5.268-f9828]:main():gmm-align-compiled.cc:127) 2436-2481-0006
LOG (gmm-align-compiled[5.5.268-f9828]:main():gmm-align-compiled.cc:127) 2436-2481-0008
LOG (gmm-align-compiled[5.5.268-f9828]:main():gmm-align-compiled.cc:127) 2436-2481-0010
LOG (gmm-align-compiled[5.5.268-f9828]:main():gmm-align-compiled.cc:127) 2436-2481-0013
LOG (gmm-align-compiled[5.5.268-f9828]:main():gmm-align-compiled.cc:127) 2436-2481-0017
LOG (gmm-align-compiled[5.5.268-f9828]:main():gmm-align-compiled.cc:127) 2436-2481-0020
LOG (gmm-align-compiled[5.5.268-f9828]:main():gmm-align-compiled.cc:127) 2436-2481-0022
LOG (gmm-align-compiled[5.5.268-f9828]:main():gmm-align-compiled.cc:127) 2436-2481-0024
LOG (gmm-align-compiled[5.5.268-f9828]:main():gmm-align-compiled.cc:127) 2436-2481-0027
LOG (gmm-align-compiled[5.5.268-f9828]:main():gmm-align-compiled.cc:127) 2436-2481-0031
LOG (gmm-align-compiled[5.5.268-f9828]:main():gmm-align-compiled.cc:127) 2436-2481-0034
LOG (gmm-align-compiled[5.5.268-f9828]:main():gmm-align-compiled.cc:127) 2436-2481-0036
LOG (gmm-align-compiled[5.5.268-f9828]:main():gmm-align-compiled.cc:127) 248-130644-0000
LOG (gmm-align-compiled[5.5.268-f9828]:main():gmm-align-compiled.cc:127) 248-130644-0003
LOG (gmm-align-compiled[5.5.268-f9828]:main():gmm-align-compiled.cc:127) 248-130644-0007
LOG (gmm-align-compiled[5.5.268-f9828]:main():gmm-align-compiled.cc:127) 248-130644-0010
LOG (gmm-align-compiled[5.5.268-f9828]:main():gmm-align-compiled.cc:127) 248-130644-0012
LOG (gmm-align-compiled[5.5.268-f9828]:main():gmm-align-compiled.cc:127) 248-130644-0014
LOG (gmm-align-compiled[5.5.268-f9828]:main():gmm-align-compiled.cc:127) 248-130644-0017
LOG (gmm-align-compiled[5.5.268-f9828]:main():gmm-align-compiled.cc:127) 248-130644-0021
LOG (gmm-align-compiled[5.5.268-f9828]:main():gmm-align-compiled.cc:127) 248-130644-0024
LOG (gmm-align-compiled[5.5.268-f9828]:main():gmm-align-compiled.cc:127) 248-130644-0026
LOG (gmm-align-compiled[5.5.268-f9828]:main():gmm-align-compiled.cc:127) 248-130644-0028
LOG (gmm-align-compiled[5.5.268-f9828]:main():gmm-align-compiled.cc:127) 248-130644-0031
LOG (gmm-align-compiled[5.5.268-f9828]:main():gmm-align-compiled.cc:127) 248-130644-0035
LOG (gmm-align-compiled[5.5.268-f9828]:main():gmm-align-compiled.cc:127) 248-130652-0001
LOG (gmm-align-compiled[5.5.268-f9828]:main():gmm-align-compiled.cc:127) 248-130652-0003
LOG (gmm-align-compiled[5.5.268-f9828]:main():gmm-align-compiled.cc:127) 248-130652-0005
LOG (gmm-align-compiled[5.5.268-f9828]:main():gmm-align-compiled.cc:127) 248-130652-0008
LOG (gmm-align-compiled[5.5.268-f9828]:main():gmm-align-compiled.cc:127) 248-130652-0012
LOG (gmm-align-compiled[5.5.268-f9828]:main():gmm-align-compiled.cc:127) 248-130652-0015
LOG (gmm-align-compiled[5.5.268-f9828]:main():gmm-align-compiled.cc:127) 248-130652-0017
LOG (gmm-align-compiled[5.5.268-f9828]:main():gmm-align-compiled.cc:127) 248-130652-0019
LOG (gmm-align-compiled[5.5.268-f9828]:main():gmm-align-compiled.cc:127) 248-130652-0022
LOG (gmm-align-compiled[5.5.268-f9828]:main():gmm-align-compiled.cc:127) 248-130652-0026
LOG (gmm-align-compiled[5.5.268-f9828]:main():gmm-align-compiled.cc:127) 248-130652-0029
LOG (gmm-align-compiled[5.5.268-f9828]:main():gmm-align-compiled.cc:127) 248-130652-0033
LOG (gmm-align-compiled[5.5.268-f9828]:main():gmm-align-compiled.cc:127) 248-130652-0036
LOG (gmm-align-compiled[5.5.268-f9828]:main():gmm-align-compiled.cc:127) 248-130697-0000
LOG (gmm-align-compiled[5.5.268-f9828]:main():gmm-align-compiled.cc:127) 248-130697-0003
LOG (gmm-align-compiled[5.5.268-f9828]:main():gmm-align-compiled.cc:127) 248-130697-0005
LOG (gmm-align-compiled[5.5.268-f9828]:main():gmm-align-compiled.cc:127) 248-130697-0007
LOG (gmm-align-compiled[5.5.268-f9828]:main():gmm-align-compiled.cc:127) 248-130697-0010
LOG (gmm-align-compiled[5.5.268-f9828]:main():gmm-align-compiled.cc:127) 248-130697-0014
LOG (gmm-align-compiled[5.5.268-f9828]:main():gmm-align-compiled.cc:127) 248-130697-0017
LOG (gmm-align-compiled[5.5.268-f9828]:main():gmm-align-compiled.cc:127) 248-130697-0019
LOG (gmm-align-compiled[5.5.268-f9828]:main():gmm-align-compiled.cc:127) 248-130697-0021
LOG (gmm-align-compiled[5.5.268-f9828]:main():gmm-align-compiled.cc:127) 248-130697-0024
LOG (gmm-align-compiled[5.5.268-f9828]:main():gmm-align-compiled.cc:127) 248-130697-0028
LOG (gmm-align-compiled[5.5.268-f9828]:main():gmm-align-compiled.cc:127) 248-130697-0031
LOG (gmm-align-compiled[5.5.268-f9828]:main():gmm-align-compiled.cc:127) 248-130697-0033
LOG (gmm-align-compiled[5.5.268-f9828]:main():gmm-align-compiled.cc:127) 248-130697-0035
LOG (gmm-align-compiled[5.5.268-f9828]:main():gmm-align-compiled.cc:127) 250-140277-0001
LOG (gmm-align-compiled[5.5.268-f9828]:main():gmm-align-compiled.cc:127) 250-140277-0005
LOG (gmm-align-compiled[5.5.268-f9828]:main():gmm-align-compiled.cc:127) 250-140277-0008
LOG (gmm-align-compiled[5.5.268-f9828]:main():gmm-align-compiled.cc:127) 250-140277-0010
LOG (gmm-align-compiled[5.5.268-f9828]:main():gmm-align-compiled.cc:127) 250-140277-0012
LOG (gmm-align-compiled[5.5.268-f9828]:main():gmm-align-compiled.cc:127) 250-140277-0015
LOG (gmm-align-compiled[5.5.268-f9828]:main():gmm-align-compiled.cc:127) 250-142276-0002
LOG (gmm-align-compiled[5.5.268-f9828]:main():gmm-align-compiled.cc:127) 250-142276-0005
LOG (gmm-align-compiled[5.5.268-f9828]:main():gmm-align-compiled.cc:127) 250-142276-0007
LOG (gmm-align-compiled[5.5.268-f9828]:main():gmm-align-compiled.cc:127) 250-142276-0009
LOG (gmm-align-compiled[5.5.268-f9828]:main():gmm-align-compiled.cc:127) 250-142276-0012
LOG (gmm-align-compiled[5.5.268-f9828]:main():gmm-align-compiled.cc:127) 250-142276-0016
LOG (gmm-align-compiled[5.5.268-f9828]:main():gmm-align-compiled.cc:127) 250-142276-0019
LOG (gmm-align-compiled[5.5.268-f9828]:main():gmm-align-compiled.cc:127) 250-142276-0021
LOG (gmm-align-compiled[5.5.268-f9828]:main():gmm-align-compiled.cc:127) 250-142276-0023
LOG (gmm-align-compiled[5.5.268-f9828]:main():gmm-align-compiled.cc:127) 250-142276-0026
LOG (gmm-align-compiled[5.5.268-f9828]:main():gmm-align-compiled.cc:127) 250-142276-0030
LOG (gmm-align-compiled[5.5.268-f9828]:main():gmm-align-compiled.cc:127) 250-142276-0033
LOG (gmm-align-compiled[5.5.268-f9828]:main():gmm-align-compiled.cc:127) 250-142276-0035
LOG (gmm-align-compiled[5.5.268-f9828]:main():gmm-align-compiled.cc:127) 250-142276-0037
LOG (gmm-align-compiled[5.5.268-f9828]:main():gmm-align-compiled.cc:127) 250-142276-0040
LOG (gmm-align-compiled[5.5.268-f9828]:main():gmm-align-compiled.cc:127) 250-142276-0043
LOG (gmm-align-compiled[5.5.268-f9828]:main():gmm-align-compiled.cc:127) 250-142276-0046
LOG (gmm-align-compiled[5.5.268-f9828]:main():gmm-align-compiled.cc:127) 250-142276-0050
LOG (gmm-align-compiled[5.5.268-f9828]:main():gmm-align-compiled.cc:127) 250-142276-0053
LOG (gmm-align-compiled[5.5.268-f9828]:main():gmm-align-compiled.cc:127) 250-142276-0057
LOG (gmm-align-compiled[5.5.268-f9828]:main():gmm-align-compiled.cc:127) 250-142276-0060
LOG (gmm-align-compiled[5.5.268-f9828]:main():gmm-align-compiled.cc:127) 250-142276-0062
LOG (gmm-align-compiled[5.5.268-f9828]:main():gmm-align-compiled.cc:127) 250-142286-0000
LOG (gmm-align-compiled[5.5.268-f9828]:main():gmm-align-compiled.cc:127) 250-142286-0003
LOG (gmm-align-compiled[5.5.268-f9828]:main():gmm-align-compiled.cc:127) 250-142286-0007
LOG (gmm-align-compiled[5.5.268-f9828]:main():gmm-align-compiled.cc:127) 250-142286-0010
LOG (gmm-align-compiled[5.5.268-f9828]:main():gmm-align-compiled.cc:127) 250-142286-0012
LOG (gmm-align-compiled[5.5.268-f9828]:main():gmm-align-compiled.cc:127) 250-142286-0014
LOG (gmm-align-compiled[5.5.268-f9828]:main():gmm-align-compiled.cc:127) 250-142286-0017
LOG (gmm-align-compiled[5.5.268-f9828]:main():gmm-align-compiled.cc:127) 250-142286-0021
LOG (gmm-align-compiled[5.5.268-f9828]:main():gmm-align-compiled.cc:127) 250-142286-0024
LOG (gmm-align-compiled[5.5.268-f9828]:main():gmm-align-compiled.cc:127) 250-142286-0026
LOG (gmm-align-compiled[5.5.268-f9828]:main():gmm-align-compiled.cc:127) 250-142286-0028
LOG (gmm-align-compiled[5.5.268-f9828]:main():gmm-align-compiled.cc:127) 250-142286-0031
LOG (gmm-align-compiled[5.5.268-f9828]:main():gmm-align-compiled.cc:127) 2514-149482-0002
LOG (gmm-align-compiled[5.5.268-f9828]:main():gmm-align-compiled.cc:127) 2514-149482-0005
LOG (gmm-align-compiled[5.5.268-f9828]:main():gmm-align-compiled.cc:127) 2514-149482-0007
LOG (gmm-align-compiled[5.5.268-f9828]:main():gmm-align-compiled.cc:127) 2514-149482-0009
LOG (gmm-align-compiled[5.5.268-f9828]:main():gmm-align-compiled.cc:127) 2514-149482-0012
LOG (gmm-align-compiled[5.5.268-f9828]:main():gmm-align-compiled.cc:127) 2514-149482-0016
LOG (gmm-align-compiled[5.5.268-f9828]:main():gmm-align-compiled.cc:127) 2514-149482-0019
LOG (gmm-align-compiled[5.5.268-f9828]:main():gmm-align-compiled.cc:127) 2514-149482-0021
LOG (gmm-align-compiled[5.5.268-f9828]:main():gmm-align-compiled.cc:127) 2514-149482-0023
LOG (gmm-align-compiled[5.5.268-f9828]:main():gmm-align-compiled.cc:127) 2514-149482-0026
LOG (gmm-align-compiled[5.5.268-f9828]:main():gmm-align-compiled.cc:127) 2514-149482-0030
LOG (gmm-align-compiled[5.5.268-f9828]:main():gmm-align-compiled.cc:127) 2514-149482-0033
LOG (gmm-align-compiled[5.5.268-f9828]:main():gmm-align-compiled.cc:127) 2514-149482-0035
LOG (gmm-align-compiled[5.5.268-f9828]:main():gmm-align-compiled.cc:127) 2514-149482-0037
LOG (gmm-align-compiled[5.5.268-f9828]:main():gmm-align-compiled.cc:127) 2514-149482-0040
LOG (gmm-align-compiled[5.5.268-f9828]:main():gmm-align-compiled.cc:127) 2514-149482-0044
LOG (gmm-align-compiled[5.5.268-f9828]:main():gmm-align-compiled.cc:127) 2514-149482-0047
LOG (gmm-align-compiled[5.5.268-f9828]:main():gmm-align-compiled.cc:127) 2514-149482-0049
LOG (gmm-align-compiled[5.5.268-f9828]:main():gmm-align-compiled.cc:127) 2514-149482-0051
LOG (gmm-align-compiled[5.5.268-f9828]:main():gmm-align-compiled.cc:127) 2514-149482-0054
LOG (gmm-align-compiled[5.5.268-f9828]:main():gmm-align-compiled.cc:127) 2514-149482-0058
LOG (gmm-align-compiled[5.5.268-f9828]:main():gmm-align-compiled.cc:127) 2514-149482-0061
LOG (gmm-align-compiled[5.5.268-f9828]:main():gmm-align-compiled.cc:127) 2514-149482-0065
LOG (gmm-align-compiled[5.5.268-f9828]:main():gmm-align-compiled.cc:127) 2514-149482-0068
LOG (gmm-align-compiled[5.5.268-f9828]:main():gmm-align-compiled.cc:127) 2514-149482-0072
LOG (gmm-align-compiled[5.5.268-f9828]:main():gmm-align-compiled.cc:127) 2514-149482-0075
LOG (gmm-align-compiled[5.5.268-f9828]:main():gmm-align-compiled.cc:127) 2514-149482-0077
LOG (gmm-align-compiled[5.5.268-f9828]:main():gmm-align-compiled.cc:127) 2514-149482-0079
LOG (gmm-align-compiled[5.5.268-f9828]:main():gmm-align-compiled.cc:127) 2514-149482-0082
LOG (gmm-align-compiled[5.5.268-f9828]:main():gmm-align-compiled.cc:127) 2514-149482-0086
LOG (gmm-align-compiled[5.5.268-f9828]:main():gmm-align-compiled.cc:127) 2514-149482-0089
LOG (gmm-align-compiled[5.5.268-f9828]:main():gmm-align-compiled.cc:127) 2514-149482-0091
LOG (gmm-align-compiled[5.5.268-f9828]:main():gmm-align-compiled.cc:127) 2514-149482-0093
LOG (gmm-align-compiled[5.5.268-f9828]:main():gmm-align-compiled.cc:127) 2514-149482-0096
LOG (gmm-align-compiled[5.5.268-f9828]:main():gmm-align-compiled.cc:127) 2514-149482-0100
LOG (gmm-align-compiled[5.5.268-f9828]:main():gmm-align-compiled.cc:127) 2514-149482-0103
LOG (gmm-align-compiled[5.5.268-f9828]:main():gmm-align-compiled.cc:127) 2514-149482-0105
LOG (gmm-align-compiled[5.5.268-f9828]:main():gmm-align-compiled.cc:127) 2514-149482-0107
LOG (gmm-align-compiled[5.5.268-f9828]:main():gmm-align-compiled.cc:127) 2518-154825-0002
LOG (gmm-align-compiled[5.5.268-f9828]:main():gmm-align-compiled.cc:127) 2518-154825-0006
LOG (gmm-align-compiled[5.5.268-f9828]:main():gmm-align-compiled.cc:127) 2518-154825-0009
LOG (gmm-align-compiled[5.5.268-f9828]:main():gmm-align-compiled.cc:127) 2518-154825-0011
LOG (gmm-align-compiled[5.5.268-f9828]:main():gmm-align-compiled.cc:127) 2518-154825-0013
LOG (gmm-align-compiled[5.5.268-f9828]:main():gmm-align-compiled.cc:127) 2518-154825-0016
LOG (gmm-align-compiled[5.5.268-f9828]:main():gmm-align-compiled.cc:127) 2518-154825-0020
LOG (gmm-align-compiled[5.5.268-f9828]:main():gmm-align-compiled.cc:127) 2518-154825-0023
LOG (gmm-align-compiled[5.5.268-f9828]:main():gmm-align-compiled.cc:127) 2518-154825-0025
LOG (gmm-align-compiled[5.5.268-f9828]:main():gmm-align-compiled.cc:127) 2518-154825-0027
LOG (gmm-align-compiled[5.5.268-f9828]:main():gmm-align-compiled.cc:127) 2518-154825-0030
LOG (gmm-align-compiled[5.5.268-f9828]:main():gmm-align-compiled.cc:127) 2518-154825-0034
LOG (gmm-align-compiled[5.5.268-f9828]:main():gmm-align-compiled.cc:127) 2518-154825-0037
LOG (gmm-align-compiled[5.5.268-f9828]:main():gmm-align-compiled.cc:127) 2518-154825-0039
LOG (gmm-align-compiled[5.5.268-f9828]:main():gmm-align-compiled.cc:127) 2518-154825-0041
LOG (gmm-align-compiled[5.5.268-f9828]:main():gmm-align-compiled.cc:127) 2518-154825-0044
LOG (gmm-align-compiled[5.5.268-f9828]:main():gmm-align-compiled.cc:127) 2518-154825-0048
LOG (gmm-align-compiled[5.5.268-f9828]:main():gmm-align-compiled.cc:127) 2518-154825-0051
LOG (gmm-align-compiled[5.5.268-f9828]:main():gmm-align-compiled.cc:127) 2518-154825-0053
LOG (gmm-align-compiled[5.5.268-f9828]:main():gmm-align-compiled.cc:127) 2518-154825-0055
LOG (gmm-align-compiled[5.5.268-f9828]:main():gmm-align-compiled.cc:127) 2518-154826-0001
LOG (gmm-align-compiled[5.5.268-f9828]:main():gmm-align-compiled.cc:127) 2518-154826-0004
LOG (gmm-align-compiled[5.5.268-f9828]:main():gmm-align-compiled.cc:127) 2518-154826-0007
LOG (gmm-align-compiled[5.5.268-f9828]:main():gmm-align-compiled.cc:127) 2518-154826-0011
LOG (gmm-align-compiled[5.5.268-f9828]:main():gmm-align-compiled.cc:127) 2518-154826-0014
LOG (gmm-align-compiled[5.5.268-f9828]:main():gmm-align-compiled.cc:127) 2518-154826-0018
LOG (gmm-align-compiled[5.5.268-f9828]:main():gmm-align-compiled.cc:127) 2518-154826-0021
LOG (gmm-align-compiled[5.5.268-f9828]:main():gmm-align-compiled.cc:127) 2518-154826-0023
LOG (gmm-align-compiled[5.5.268-f9828]:main():gmm-align-compiled.cc:127) 2518-154826-0025
LOG (gmm-align-compiled[5.5.268-f9828]:main():gmm-align-compiled.cc:127) 2518-154826-0028
LOG (gmm-align-compiled[5.5.268-f9828]:main():gmm-align-compiled.cc:127) 2518-154826-0032
LOG (gmm-align-compiled[5.5.268-f9828]:main():gmm-align-compiled.cc:127) 2518-154826-0035
LOG (gmm-align-compiled[5.5.268-f9828]:main():gmm-align-compiled.cc:127) 2518-154826-0037
LOG (gmm-align-compiled[5.5.268-f9828]:main():gmm-align-compiled.cc:127) 2518-154826-0039
LOG (gmm-align-compiled[5.5.268-f9828]:main():gmm-align-compiled.cc:127) 2518-154826-0042
LOG (gmm-align-compiled[5.5.268-f9828]:main():gmm-align-compiled.cc:127) 2518-154826-0046
LOG (gmm-align-compiled[5.5.268-f9828]:main():gmm-align-compiled.cc:127) 2518-154826-0049
LOG (gmm-align-compiled[5.5.268-f9828]:main():gmm-align-compiled.cc:127) 2518-154826-0051
LOG (gmm-align-compiled[5.5.268-f9828]:main():gmm-align-compiled.cc:127) 2518-154826-0053
LOG (gmm-align-compiled[5.5.268-f9828]:main():gmm-align-compiled.cc:127) 254-12312-0001
LOG (gmm-align-compiled[5.5.268-f9828]:main():gmm-align-compiled.cc:127) 254-12312-0005
LOG (gmm-align-compiled[5.5.268-f9828]:main():gmm-align-compiled.cc:127) 254-12312-0008
LOG (gmm-align-compiled[5.5.268-f9828]:main():gmm-align-compiled.cc:127) 254-12312-0010
LOG (gmm-align-compiled[5.5.268-f9828]:main():gmm-align-compiled.cc:127) 254-12312-0012
LOG (gmm-align-compiled[5.5.268-f9828]:main():gmm-align-compiled.cc:127) 254-12312-0015
LOG (gmm-align-compiled[5.5.268-f9828]:main():gmm-align-compiled.cc:127) 254-12312-0019
LOG (gmm-align-compiled[5.5.268-f9828]:main():gmm-align-compiled.cc:127) 254-127705-0000
LOG (gmm-align-compiled[5.5.268-f9828]:main():gmm-align-compiled.cc:127) 254-127705-0002
LOG (gmm-align-compiled[5.5.268-f9828]:main():gmm-align-compiled.cc:127) 254-127705-0004
LOG (gmm-align-compiled[5.5.268-f9828]:main():gmm-align-compiled.cc:127) 254-127705-0007
LOG (gmm-align-compiled[5.5.268-f9828]:main():gmm-align-compiled.cc:127) 254-127705-0011
LOG (gmm-align-compiled[5.5.268-f9828]:main():gmm-align-compiled.cc:127) 254-127705-0014
LOG (gmm-align-compiled[5.5.268-f9828]:main():gmm-align-compiled.cc:127) 254-127705-0016
LOG (gmm-align-compiled[5.5.268-f9828]:main():gmm-align-compiled.cc:127) 254-127705-0018
LOG (gmm-align-compiled[5.5.268-f9828]:main():gmm-align-compiled.cc:127) 254-127705-0021
LOG (gmm-align-compiled[5.5.268-f9828]:main():gmm-align-compiled.cc:127) 254-127705-0025
LOG (gmm-align-compiled[5.5.268-f9828]:main():gmm-align-compiled.cc:127) 254-127705-0028
LOG (gmm-align-compiled[5.5.268-f9828]:main():gmm-align-compiled.cc:127) 254-127705-0030
LOG (gmm-align-compiled[5.5.268-f9828]:main():gmm-align-compiled.cc:127) 254-127705-0032
LOG (gmm-align-compiled[5.5.268-f9828]:main():gmm-align-compiled.cc:127) 254-127705-0035
LOG (gmm-align-compiled[5.5.268-f9828]:main():gmm-align-compiled.cc:127) 254-127705-0039
LOG (gmm-align-compiled[5.5.268-f9828]:main():gmm-align-compiled.cc:127) 254-127705-0042
LOG (gmm-align-compiled[5.5.268-f9828]:main():gmm-align-compiled.cc:127) 254-145458-0001
LOG (gmm-align-compiled[5.5.268-f9828]:main():gmm-align-compiled.cc:127) 254-145458-0003
LOG (gmm-align-compiled[5.5.268-f9828]:main():gmm-align-compiled.cc:127) 254-145458-0006
LOG (gmm-align-compiled[5.5.268-f9828]:main():gmm-align-compiled.cc:127) 254-145458-0010
LOG (gmm-align-compiled[5.5.268-f9828]:main():gmm-align-compiled.cc:127) 254-145458-0013
LOG (gmm-align-compiled[5.5.268-f9828]:main():gmm-align-compiled.cc:127) 254-145458-0015
LOG (gmm-align-compiled[5.5.268-f9828]:main():gmm-align-compiled.cc:127) 254-145458-0017
LOG (gmm-align-compiled[5.5.268-f9828]:main():gmm-align-compiled.cc:127) 254-145458-0020
LOG (gmm-align-compiled[5.5.268-f9828]:main():gmm-align-compiled.cc:127) 254-27760-0002
LOG (gmm-align-compiled[5.5.268-f9828]:main():gmm-align-compiled.cc:127) 254-27760-0005
LOG (gmm-align-compiled[5.5.268-f9828]:main():gmm-align-compiled.cc:127) 254-27760-0007
LOG (gmm-align-compiled[5.5.268-f9828]:main():gmm-align-compiled.cc:127) 254-27760-0009
LOG (gmm-align-compiled[5.5.268-f9828]:main():gmm-align-compiled.cc:127) 254-27760-0012
LOG (gmm-align-compiled[5.5.268-f9828]:main():gmm-align-compiled.cc:127) 254-27760-0016
LOG (gmm-align-compiled[5.5.268-f9828]:main():gmm-align-compiled.cc:127) 254-27760-0019
LOG (gmm-align-compiled[5.5.268-f9828]:main():gmm-align-compiled.cc:127) 254-27760-0021
LOG (gmm-align-compiled[5.5.268-f9828]:main():gmm-align-compiled.cc:127) 254-27760-0023
LOG (gmm-align-compiled[5.5.268-f9828]:main():gmm-align-compiled.cc:127) 254-27760-0026
LOG (gmm-align-compiled[5.5.268-f9828]:main():gmm-align-compiled.cc:127) 254-27760-0030
LOG (gmm-align-compiled[5.5.268-f9828]:main():gmm-align-compiled.cc:127) 254-27760-0033
LOG (gmm-align-compiled[5.5.268-f9828]:main():gmm-align-compiled.cc:127) 26-495-0000
LOG (gmm-align-compiled[5.5.268-f9828]:main():gmm-align-compiled.cc:127) 26-495-0002
LOG (gmm-align-compiled[5.5.268-f9828]:main():gmm-align-compiled.cc:127) 26-495-0005
LOG (gmm-align-compiled[5.5.268-f9828]:main():gmm-align-compiled.cc:127) 26-495-0009
LOG (gmm-align-compiled[5.5.268-f9828]:main():gmm-align-compiled.cc:127) 26-495-0012
LOG (gmm-align-compiled[5.5.268-f9828]:main():gmm-align-compiled.cc:127) 26-495-0014
LOG (gmm-align-compiled[5.5.268-f9828]:main():gmm-align-compiled.cc:127) 26-495-0016
LOG (gmm-align-compiled[5.5.268-f9828]:main():gmm-align-compiled.cc:127) 26-495-0019
LOG (gmm-align-compiled[5.5.268-f9828]:main():gmm-align-compiled.cc:127) 26-495-0023
LOG (gmm-align-compiled[5.5.268-f9828]:main():gmm-align-compiled.cc:127) 26-495-0026
LOG (gmm-align-compiled[5.5.268-f9828]:main():gmm-align-compiled.cc:127) 26-495-0028
LOG (gmm-align-compiled[5.5.268-f9828]:main():gmm-align-compiled.cc:127) 26-495-0030
LOG (gmm-align-compiled[5.5.268-f9828]:main():gmm-align-compiled.cc:127) 26-495-0033
LOG (gmm-align-compiled[5.5.268-f9828]:main():gmm-align-compiled.cc:127) 26-495-0037
LOG (gmm-align-compiled[5.5.268-f9828]:main():gmm-align-compiled.cc:127) 26-495-0040
LOG (gmm-align-compiled[5.5.268-f9828]:main():gmm-align-compiled.cc:127) 26-495-0042
LOG (gmm-align-compiled[5.5.268-f9828]:main():gmm-align-compiled.cc:127) 26-495-0044
LOG (gmm-align-compiled[5.5.268-f9828]:main():gmm-align-compiled.cc:127) 26-495-0047
LOG (gmm-align-compiled[5.5.268-f9828]:main():gmm-align-compiled.cc:127) 26-495-0050
LOG (gmm-align-compiled[5.5.268-f9828]:main():gmm-align-compiled.cc:127) 26-495-0053
LOG (gmm-align-compiled[5.5.268-f9828]:main():gmm-align-compiled.cc:127) 26-495-0057
LOG (gmm-align-compiled[5.5.268-f9828]:main():gmm-align-compiled.cc:127) 26-495-0060
LOG (gmm-align-compiled[5.5.268-f9828]:main():gmm-align-compiled.cc:127) 26-495-0064
LOG (gmm-align-compiled[5.5.268-f9828]:main():gmm-align-compiled.cc:127) 26-495-0067
LOG (gmm-align-compiled[5.5.268-f9828]:main():gmm-align-compiled.cc:127) 26-495-0069
LOG (gmm-align-compiled[5.5.268-f9828]:main():gmm-align-compiled.cc:127) 26-495-0071
LOG (gmm-align-compiled[5.5.268-f9828]:main():gmm-align-compiled.cc:127) 26-495-0074
LOG (gmm-align-compiled[5.5.268-f9828]:main():gmm-align-compiled.cc:127) 26-495-0078
LOG (gmm-align-compiled[5.5.268-f9828]:main():gmm-align-compiled.cc:127) 26-495-0081
LOG (gmm-align-compiled[5.5.268-f9828]:main():gmm-align-compiled.cc:127) 26-495-0083
LOG (gmm-align-compiled[5.5.268-f9828]:main():gmm-align-compiled.cc:127) 26-495-0085
LOG (gmm-align-compiled[5.5.268-f9828]:main():gmm-align-compiled.cc:127) 26-495-0088
LOG (gmm-align-compiled[5.5.268-f9828]:main():gmm-align-compiled.cc:127) 26-496-0001
LOG (gmm-align-compiled[5.5.268-f9828]:main():gmm-align-compiled.cc:127) 26-496-0004
LOG (gmm-align-compiled[5.5.268-f9828]:main():gmm-align-compiled.cc:127) 26-496-0006
LOG (gmm-align-compiled[5.5.268-f9828]:main():gmm-align-compiled.cc:127) 26-496-0008
LOG (gmm-align-compiled[5.5.268-f9828]:main():gmm-align-compiled.cc:127) 26-496-0011
LOG (gmm-align-compiled[5.5.268-f9828]:main():gmm-align-compiled.cc:127) 26-496-0015
LOG (gmm-align-compiled[5.5.268-f9828]:main():gmm-align-compiled.cc:127) 26-496-0018
LOG (gmm-align-compiled[5.5.268-f9828]:main():gmm-align-compiled.cc:127) 26-496-0020
LOG (gmm-align-compiled[5.5.268-f9828]:main():gmm-align-compiled.cc:127) 26-496-0022
LOG (gmm-align-compiled[5.5.268-f9828]:main():gmm-align-compiled.cc:127) 26-496-0025
LOG (gmm-align-compiled[5.5.268-f9828]:main():gmm-align-compiled.cc:127) 2691-156745-0002
LOG (gmm-align-compiled[5.5.268-f9828]:main():gmm-align-compiled.cc:127) 2691-156745-0005
LOG (gmm-align-compiled[5.5.268-f9828]:main():gmm-align-compiled.cc:127) 2691-156745-0007
LOG (gmm-align-compiled[5.5.268-f9828]:main():gmm-align-compiled.cc:127) 2691-156745-0009
LOG (gmm-align-compiled[5.5.268-f9828]:main():gmm-align-compiled.cc:127) 2691-156745-0012
LOG (gmm-align-compiled[5.5.268-f9828]:main():gmm-align-compiled.cc:127) 2691-156745-0016
LOG (gmm-align-compiled[5.5.268-f9828]:main():gmm-align-compiled.cc:127) 2691-156745-0019
LOG (gmm-align-compiled[5.5.268-f9828]:main():gmm-align-compiled.cc:127) 2691-156745-0021
LOG (gmm-align-compiled[5.5.268-f9828]:main():gmm-align-compiled.cc:127) 2691-156745-0023
LOG (gmm-align-compiled[5.5.268-f9828]:main():gmm-align-compiled.cc:127) 2691-156745-0026
LOG (gmm-align-compiled[5.5.268-f9828]:main():gmm-align-compiled.cc:127) 2691-156745-0030
LOG (gmm-align-compiled[5.5.268-f9828]:main():gmm-align-compiled.cc:127) 2691-156745-0033
LOG (gmm-align-compiled[5.5.268-f9828]:main():gmm-align-compiled.cc:127) 2691-156745-0035
LOG (gmm-align-compiled[5.5.268-f9828]:main():gmm-align-compiled.cc:127) 2691-156745-0037
LOG (gmm-align-compiled[5.5.268-f9828]:main():gmm-align-compiled.cc:127) 2691-156745-0040
LOG (gmm-align-compiled[5.5.268-f9828]:main():gmm-align-compiled.cc:127) 2691-156745-0043
LOG (gmm-align-compiled[5.5.268-f9828]:main():gmm-align-compiled.cc:127) 2691-156750-0001
LOG (gmm-align-compiled[5.5.268-f9828]:main():gmm-align-compiled.cc:127) 2691-156750-0005
LOG (gmm-align-compiled[5.5.268-f9828]:main():gmm-align-compiled.cc:127) 2691-156750-0008
LOG (gmm-align-compiled[5.5.268-f9828]:main():gmm-align-compiled.cc:127) 2691-156750-0012
LOG (gmm-align-compiled[5.5.268-f9828]:main():gmm-align-compiled.cc:127) 2691-156750-0015
LOG (gmm-align-compiled[5.5.268-f9828]:main():gmm-align-compiled.cc:127) 2691-156750-0017
LOG (gmm-align-compiled[5.5.268-f9828]:main():gmm-align-compiled.cc:127) 2691-156750-0019
LOG (gmm-align-compiled[5.5.268-f9828]:main():gmm-align-compiled.cc:127) 2691-156750-0022
LOG (gmm-align-compiled[5.5.268-f9828]:main():gmm-align-compiled.cc:127) 2691-156750-0026
LOG (gmm-align-compiled[5.5.268-f9828]:main():gmm-align-compiled.cc:127) 2691-156750-0029
LOG (gmm-align-compiled[5.5.268-f9828]:main():gmm-align-compiled.cc:127) 2691-156750-0031
LOG (gmm-align-compiled[5.5.268-f9828]:main():gmm-align-compiled.cc:127) 2691-156750-0033
LOG (gmm-align-compiled[5.5.268-f9828]:main():gmm-align-compiled.cc:127) 2691-156755-0002
LOG (gmm-align-compiled[5.5.268-f9828]:main():gmm-align-compiled.cc:127) 2691-156755-0006
LOG (gmm-align-compiled[5.5.268-f9828]:main():gmm-align-compiled.cc:127) 2691-156755-0009
LOG (gmm-align-compiled[5.5.268-f9828]:main():gmm-align-compiled.cc:127) 2691-156755-0011
LOG (gmm-align-compiled[5.5.268-f9828]:main():gmm-align-compiled.cc:127) 2691-156755-0013
LOG (gmm-align-compiled[5.5.268-f9828]:main():gmm-align-compiled.cc:127) 2691-156755-0016
LOG (gmm-align-compiled[5.5.268-f9828]:main():gmm-align-compiled.cc:127) 2691-156755-0020
LOG (gmm-align-compiled[5.5.268-f9828]:main():gmm-align-compiled.cc:127) 2691-156755-0023
LOG (gmm-align-compiled[5.5.268-f9828]:main():gmm-align-compiled.cc:127) 2691-156755-0025
LOG (gmm-align-compiled[5.5.268-f9828]:main():gmm-align-compiled.cc:127) 2691-156755-0027
LOG (gmm-align-compiled[5.5.268-f9828]:main():gmm-align-compiled.cc:127) 2691-156755-0030
LOG (gmm-align-compiled[5.5.268-f9828]:main():gmm-align-compiled.cc:127) 2691-156755-0034
LOG (gmm-align-compiled[5.5.268-f9828]:main():gmm-align-compiled.cc:127) 27-123349-0000
LOG (gmm-align-compiled[5.5.268-f9828]:main():gmm-align-compiled.cc:127) 27-123349-0002
LOG (gmm-align-compiled[5.5.268-f9828]:main():gmm-align-compiled.cc:127) 27-123349-0004
LOG (gmm-align-compiled[5.5.268-f9828]:main():gmm-align-compiled.cc:127) 27-123349-0007
LOG (gmm-align-compiled[5.5.268-f9828]:main():gmm-align-compiled.cc:127) 27-123349-0011
LOG (gmm-align-compiled[5.5.268-f9828]:main():gmm-align-compiled.cc:127) 27-123349-0014
LOG (gmm-align-compiled[5.5.268-f9828]:main():gmm-align-compiled.cc:127) 27-123349-0016
LOG (gmm-align-compiled[5.5.268-f9828]:main():gmm-align-compiled.cc:127) 27-123349-0018
LOG (gmm-align-compiled[5.5.268-f9828]:main():gmm-align-compiled.cc:127) 27-123349-0021
LOG (gmm-align-compiled[5.5.268-f9828]:main():gmm-align-compiled.cc:127) 27-123349-0025
LOG (gmm-align-compiled[5.5.268-f9828]:main():gmm-align-compiled.cc:127) 27-123349-0028
LOG (gmm-align-compiled[5.5.268-f9828]:main():gmm-align-compiled.cc:127) 27-123349-0030
LOG (gmm-align-compiled[5.5.268-f9828]:main():gmm-align-compiled.cc:127) 27-123349-0032
LOG (gmm-align-compiled[5.5.268-f9828]:main():gmm-align-compiled.cc:127) 27-123349-0035
LOG (gmm-align-compiled[5.5.268-f9828]:main():gmm-align-compiled.cc:127) 27-123349-0038
LOG (gmm-align-compiled[5.5.268-f9828]:main():gmm-align-compiled.cc:127) 27-123349-0041
LOG (gmm-align-compiled[5.5.268-f9828]:main():gmm-align-compiled.cc:127) 27-123349-0045
LOG (gmm-align-compiled[5.5.268-f9828]:main():gmm-align-compiled.cc:127) 27-123349-0048
LOG (gmm-align-compiled[5.5.268-f9828]:main():gmm-align-compiled.cc:127) 27-123349-0052
LOG (gmm-align-compiled[5.5.268-f9828]:main():gmm-align-compiled.cc:127) 27-123349-0055
LOG (gmm-align-compiled[5.5.268-f9828]:main():gmm-align-compiled.cc:127) 27-123349-0057
LOG (gmm-align-compiled[5.5.268-f9828]:main():gmm-align-compiled.cc:127) 27-124992-0000
LOG (gmm-align-compiled[5.5.268-f9828]:main():gmm-align-compiled.cc:127) 27-124992-0003
LOG (gmm-align-compiled[5.5.268-f9828]:main():gmm-align-compiled.cc:127) 27-124992-0007
LOG (gmm-align-compiled[5.5.268-f9828]:main():gmm-align-compiled.cc:127) 27-124992-0010
LOG (gmm-align-compiled[5.5.268-f9828]:main():gmm-align-compiled.cc:127) 27-124992-0012
LOG (gmm-align-compiled[5.5.268-f9828]:main():gmm-align-compiled.cc:127) 27-124992-0014
LOG (gmm-align-compiled[5.5.268-f9828]:main():gmm-align-compiled.cc:127) 27-124992-0017
LOG (gmm-align-compiled[5.5.268-f9828]:main():gmm-align-compiled.cc:127) 27-124992-0021
LOG (gmm-align-compiled[5.5.268-f9828]:main():gmm-align-compiled.cc:127) 27-124992-0024
LOG (gmm-align-compiled[5.5.268-f9828]:main():gmm-align-compiled.cc:127) 27-124992-0026
LOG (gmm-align-compiled[5.5.268-f9828]:main():gmm-align-compiled.cc:127) 27-124992-0028
LOG (gmm-align-compiled[5.5.268-f9828]:main():gmm-align-compiled.cc:127) 27-124992-0031
LOG (gmm-align-compiled[5.5.268-f9828]:main():gmm-align-compiled.cc:127) 27-124992-0035
LOG (gmm-align-compiled[5.5.268-f9828]:main():gmm-align-compiled.cc:127) 27-124992-0038
LOG (gmm-align-compiled[5.5.268-f9828]:main():gmm-align-compiled.cc:127) 27-124992-0040
LOG (gmm-align-compiled[5.5.268-f9828]:main():gmm-align-compiled.cc:127) 27-124992-0042
LOG (gmm-align-compiled[5.5.268-f9828]:main():gmm-align-compiled.cc:127) 27-124992-0045
LOG (gmm-align-compiled[5.5.268-f9828]:main():gmm-align-compiled.cc:127) 27-124992-0049
LOG (gmm-align-compiled[5.5.268-f9828]:main():gmm-align-compiled.cc:127) 27-124992-0052
LOG (gmm-align-compiled[5.5.268-f9828]:main():gmm-align-compiled.cc:127) 27-124992-0054
LOG (gmm-align-compiled[5.5.268-f9828]:main():gmm-align-compiled.cc:127) 27-124992-0056
LOG (gmm-align-compiled[5.5.268-f9828]:main():gmm-align-compiled.cc:127) 27-124992-0059
LOG (gmm-align-compiled[5.5.268-f9828]:main():gmm-align-compiled.cc:127) 27-124992-0063
LOG (gmm-align-compiled[5.5.268-f9828]:main():gmm-align-compiled.cc:127) 27-124992-0066
LOG (gmm-align-compiled[5.5.268-f9828]:main():gmm-align-compiled.cc:127) 27-124992-0068
LOG (gmm-align-compiled[5.5.268-f9828]:main():gmm-align-compiled.cc:127) 27-124992-0070
LOG (gmm-align-compiled[5.5.268-f9828]:main():gmm-align-compiled.cc:127) 27-124992-0073
LOG (gmm-align-compiled[5.5.268-f9828]:main():gmm-align-compiled.cc:127) 27-124992-0077
LOG (gmm-align-compiled[5.5.268-f9828]:main():gmm-align-compiled.cc:127) 2764-36616-0001
LOG (gmm-align-compiled[5.5.268-f9828]:main():gmm-align-compiled.cc:127) 2764-36616-0003
LOG (gmm-align-compiled[5.5.268-f9828]:main():gmm-align-compiled.cc:127) 2764-36616-0005
LOG (gmm-align-compiled[5.5.268-f9828]:main():gmm-align-compiled.cc:127) 2764-36616-0008
LOG (gmm-align-compiled[5.5.268-f9828]:main():gmm-align-compiled.cc:127) 2764-36616-0012
LOG (gmm-align-compiled[5.5.268-f9828]:main():gmm-align-compiled.cc:127) 2764-36616-0015
LOG (gmm-align-compiled[5.5.268-f9828]:main():gmm-align-compiled.cc:127) 2764-36616-0019
LOG (gmm-align-compiled[5.5.268-f9828]:main():gmm-align-compiled.cc:127) 2764-36616-0022
LOG (gmm-align-compiled[5.5.268-f9828]:main():gmm-align-compiled.cc:127) 2764-36616-0026
LOG (gmm-align-compiled[5.5.268-f9828]:main():gmm-align-compiled.cc:127) 2764-36616-0029
LOG (gmm-align-compiled[5.5.268-f9828]:main():gmm-align-compiled.cc:127) 2764-36616-0031
LOG (gmm-align-compiled[5.5.268-f9828]:main():gmm-align-compiled.cc:127) 2764-36616-0033
LOG (gmm-align-compiled[5.5.268-f9828]:main():gmm-align-compiled.cc:127) 2764-36616-0036
LOG (gmm-align-compiled[5.5.268-f9828]:main():gmm-align-compiled.cc:127) 2764-36617-0001
LOG (gmm-align-compiled[5.5.268-f9828]:main():gmm-align-compiled.cc:127) 2764-36617-0004
LOG (gmm-align-compiled[5.5.268-f9828]:main():gmm-align-compiled.cc:127) 2764-36617-0006
LOG (gmm-align-compiled[5.5.268-f9828]:main():gmm-align-compiled.cc:127) 2764-36617-0008
LOG (gmm-align-compiled[5.5.268-f9828]:main():gmm-align-compiled.cc:127) 2764-36617-0011
LOG (gmm-align-compiled[5.5.268-f9828]:main():gmm-align-compiled.cc:127) 2764-36617-0015
LOG (gmm-align-compiled[5.5.268-f9828]:main():gmm-align-compiled.cc:127) 2764-36617-0018
LOG (gmm-align-compiled[5.5.268-f9828]:main():gmm-align-compiled.cc:127) 2764-36617-0020
LOG (gmm-align-compiled[5.5.268-f9828]:main():gmm-align-compiled.cc:127) 2764-36617-0022
LOG (gmm-align-compiled[5.5.268-f9828]:main():gmm-align-compiled.cc:127) 2764-36617-0025
LOG (gmm-align-compiled[5.5.268-f9828]:main():gmm-align-compiled.cc:127) 2764-36617-0029
LOG (gmm-align-compiled[5.5.268-f9828]:main():gmm-align-compiled.cc:127) 2764-36617-0032
LOG (gmm-align-compiled[5.5.268-f9828]:main():gmm-align-compiled.cc:127) 2764-36617-0034
LOG (gmm-align-compiled[5.5.268-f9828]:main():gmm-align-compiled.cc:127) 2764-36617-0036
LOG (gmm-align-compiled[5.5.268-f9828]:main():gmm-align-compiled.cc:127) 2764-36619-0000
LOG (gmm-align-compiled[5.5.268-f9828]:main():gmm-align-compiled.cc:127) 2764-36619-0004
LOG (gmm-align-compiled[5.5.268-f9828]:main():gmm-align-compiled.cc:127) 2764-36619-0007
LOG (gmm-align-compiled[5.5.268-f9828]:main():gmm-align-compiled.cc:127) 2764-36619-0009
LOG (gmm-align-compiled[5.5.268-f9828]:main():gmm-align-compiled.cc:127) 2764-36619-0011
LOG (gmm-align-compiled[5.5.268-f9828]:main():gmm-align-compiled.cc:127) 2764-36619-0014
LOG (gmm-align-compiled[5.5.268-f9828]:main():gmm-align-compiled.cc:127) 2764-36619-0018
LOG (gmm-align-compiled[5.5.268-f9828]:main():gmm-align-compiled.cc:127) 2764-36619-0021
LOG (gmm-align-compiled[5.5.268-f9828]:main():gmm-align-compiled.cc:127) 2764-36619-0023
LOG (gmm-align-compiled[5.5.268-f9828]:main():gmm-align-compiled.cc:127) 2764-36619-0025
LOG (gmm-align-compiled[5.5.268-f9828]:main():gmm-align-compiled.cc:127) 2764-36619-0028
LOG (gmm-align-compiled[5.5.268-f9828]:main():gmm-align-compiled.cc:127) 2764-36619-0032
LOG (gmm-align-compiled[5.5.268-f9828]:main():gmm-align-compiled.cc:127) 2764-36619-0035
LOG (gmm-align-compiled[5.5.268-f9828]:main():gmm-align-compiled.cc:127) 2764-36619-0037
LOG (gmm-align-compiled[5.5.268-f9828]:main():gmm-align-compiled.cc:127) 2764-36619-0039
LOG (gmm-align-compiled[5.5.268-f9828]:main():gmm-align-compiled.cc:127) 2817-142371-0000
LOG (gmm-align-compiled[5.5.268-f9828]:main():gmm-align-compiled.cc:127) 2817-142371-0003
LOG (gmm-align-compiled[5.5.268-f9828]:main():gmm-align-compiled.cc:127) 2817-142371-0006
LOG (gmm-align-compiled[5.5.268-f9828]:main():gmm-align-compiled.cc:127) 2817-142371-0010
LOG (gmm-align-compiled[5.5.268-f9828]:main():gmm-align-compiled.cc:127) 2817-142371-0013
LOG (gmm-align-compiled[5.5.268-f9828]:main():gmm-align-compiled.cc:127) 2817-142371-0017
LOG (gmm-align-compiled[5.5.268-f9828]:main():gmm-align-compiled.cc:127) 2817-142371-0020
LOG (gmm-align-compiled[5.5.268-f9828]:main():gmm-align-compiled.cc:127) 2817-142371-0022
LOG (gmm-align-compiled[5.5.268-f9828]:main():gmm-align-compiled.cc:127) 2817-142371-0024
LOG (gmm-align-compiled[5.5.268-f9828]:main():gmm-align-compiled.cc:127) 2817-142371-0027
LOG (gmm-align-compiled[5.5.268-f9828]:main():gmm-align-compiled.cc:127) 2817-142371-0031
LOG (gmm-align-compiled[5.5.268-f9828]:main():gmm-align-compiled.cc:127) 2817-142371-0034
LOG (gmm-align-compiled[5.5.268-f9828]:main():gmm-align-compiled.cc:127) 2817-142371-0036
LOG (gmm-align-compiled[5.5.268-f9828]:main():gmm-align-compiled.cc:127) 2817-142371-0038
LOG (gmm-align-compiled[5.5.268-f9828]:main():gmm-align-compiled.cc:127) 2817-142371-0041
LOG (gmm-align-compiled[5.5.268-f9828]:main():gmm-align-compiled.cc:127) 2817-142371-0045
WARNING (gmm-align-compiled[5.5.268-f9828]:AlignUtteranceWrapper():decoder-wrappers.cc:501) Retrying utterance 2817-142371-0045 with beam 40
LOG (gmm-align-compiled[5.5.268-f9828]:main():gmm-align-compiled.cc:127) 2817-142371-0048
LOG (gmm-align-compiled[5.5.268-f9828]:main():gmm-align-compiled.cc:127) 2817-142371-0050
LOG (gmm-align-compiled[5.5.268-f9828]:main():gmm-align-compiled.cc:127) 2817-142371-0052
WARNING (gmm-align-compiled[5.5.268-f9828]:AlignUtteranceWrapper():decoder-wrappers.cc:501) Retrying utterance 2817-142371-0052 with beam 40
LOG (gmm-align-compiled[5.5.268-f9828]:main():gmm-align-compiled.cc:127) 2817-142371-0055
LOG (gmm-align-compiled[5.5.268-f9828]:main():gmm-align-compiled.cc:127) 2817-142371-0059
LOG (gmm-align-compiled[5.5.268-f9828]:main():gmm-align-compiled.cc:127) 2817-142371-0062
LOG (gmm-align-compiled[5.5.268-f9828]:main():gmm-align-compiled.cc:127) 2817-142371-0064
LOG (gmm-align-compiled[5.5.268-f9828]:main():gmm-align-compiled.cc:127) 2817-142371-0066
LOG (gmm-align-compiled[5.5.268-f9828]:main():gmm-align-compiled.cc:127) 2817-142371-0069
LOG (gmm-align-compiled[5.5.268-f9828]:main():gmm-align-compiled.cc:127) 2817-142371-0073
LOG (gmm-align-compiled[5.5.268-f9828]:main():gmm-align-compiled.cc:127) 2817-142371-0076
LOG (gmm-align-compiled[5.5.268-f9828]:main():gmm-align-compiled.cc:127) 2817-142371-0078
LOG (gmm-align-compiled[5.5.268-f9828]:main():gmm-align-compiled.cc:127) 2817-142380-0001
LOG (gmm-align-compiled[5.5.268-f9828]:main():gmm-align-compiled.cc:127) 2817-142380-0004
LOG (gmm-align-compiled[5.5.268-f9828]:main():gmm-align-compiled.cc:127) 2817-142380-0008
LOG (gmm-align-compiled[5.5.268-f9828]:main():gmm-align-compiled.cc:127) 2817-142380-0011
LOG (gmm-align-compiled[5.5.268-f9828]:main():gmm-align-compiled.cc:127) 2817-142380-0013
LOG (gmm-align-compiled[5.5.268-f9828]:main():gmm-align-compiled.cc:127) 2817-142380-0015
LOG (gmm-align-compiled[5.5.268-f9828]:main():gmm-align-compiled.cc:127) 2817-142380-0018
LOG (gmm-align-compiled[5.5.268-f9828]:main():gmm-align-compiled.cc:127) 2817-142380-0022
LOG (gmm-align-compiled[5.5.268-f9828]:main():gmm-align-compiled.cc:127) 2817-142380-0025
LOG (gmm-align-compiled[5.5.268-f9828]:main():gmm-align-compiled.cc:127) 2817-142380-0027
LOG (gmm-align-compiled[5.5.268-f9828]:main():gmm-align-compiled.cc:127) 2817-142380-0029
LOG (gmm-align-compiled[5.5.268-f9828]:main():gmm-align-compiled.cc:127) 2817-142380-0032
LOG (gmm-align-compiled[5.5.268-f9828]:main():gmm-align-compiled.cc:127) 2817-142380-0036
LOG (gmm-align-compiled[5.5.268-f9828]:main():gmm-align-compiled.cc:127) 2817-142380-0039
LOG (gmm-align-compiled[5.5.268-f9828]:main():gmm-align-compiled.cc:127) 2836-5354-0000
LOG (gmm-align-compiled[5.5.268-f9828]:main():gmm-align-compiled.cc:127) 2836-5354-0003
LOG (gmm-align-compiled[5.5.268-f9828]:main():gmm-align-compiled.cc:127) 2836-5354-0007
LOG (gmm-align-compiled[5.5.268-f9828]:main():gmm-align-compiled.cc:127) 2836-5354-0010
LOG (gmm-align-compiled[5.5.268-f9828]:main():gmm-align-compiled.cc:127) 2836-5354-0012
LOG (gmm-align-compiled[5.5.268-f9828]:main():gmm-align-compiled.cc:127) 2836-5354-0014
LOG (gmm-align-compiled[5.5.268-f9828]:main():gmm-align-compiled.cc:127) 2836-5354-0017
LOG (gmm-align-compiled[5.5.268-f9828]:main():gmm-align-compiled.cc:127) 2836-5354-0021
LOG (gmm-align-compiled[5.5.268-f9828]:main():gmm-align-compiled.cc:127) 2836-5354-0024
LOG (gmm-align-compiled[5.5.268-f9828]:main():gmm-align-compiled.cc:127) 2836-5354-0026
LOG (gmm-align-compiled[5.5.268-f9828]:main():gmm-align-compiled.cc:127) 2836-5354-0028
LOG (gmm-align-compiled[5.5.268-f9828]:main():gmm-align-compiled.cc:127) 2836-5354-0031
LOG (gmm-align-compiled[5.5.268-f9828]:main():gmm-align-compiled.cc:127) 2836-5354-0035
LOG (gmm-align-compiled[5.5.268-f9828]:main():gmm-align-compiled.cc:127) 2836-5354-0038
LOG (gmm-align-compiled[5.5.268-f9828]:main():gmm-align-compiled.cc:127) 2836-5354-0040
LOG (gmm-align-compiled[5.5.268-f9828]:main():gmm-align-compiled.cc:127) 2836-5354-0042
LOG (gmm-align-compiled[5.5.268-f9828]:main():gmm-align-compiled.cc:127) 2836-5354-0045
LOG (gmm-align-compiled[5.5.268-f9828]:main():gmm-align-compiled.cc:127) 2836-5354-0049
LOG (gmm-align-compiled[5.5.268-f9828]:main():gmm-align-compiled.cc:127) 2836-5354-0052
LOG (gmm-align-compiled[5.5.268-f9828]:main():gmm-align-compiled.cc:127) 2836-5354-0054
LOG (gmm-align-compiled[5.5.268-f9828]:main():gmm-align-compiled.cc:127) 2836-5355-0001
LOG (gmm-align-compiled[5.5.268-f9828]:main():gmm-align-compiled.cc:127) 2836-5355-0004
LOG (gmm-align-compiled[5.5.268-f9828]:main():gmm-align-compiled.cc:127) 2836-5355-0008
LOG (gmm-align-compiled[5.5.268-f9828]:main():gmm-align-compiled.cc:127) 2836-5355-0011
LOG (gmm-align-compiled[5.5.268-f9828]:main():gmm-align-compiled.cc:127) 2836-5355-0013
LOG (gmm-align-compiled[5.5.268-f9828]:main():gmm-align-compiled.cc:127) 2836-5355-0015
LOG (gmm-align-compiled[5.5.268-f9828]:main():gmm-align-compiled.cc:127) 2836-5355-0018
LOG (gmm-align-compiled[5.5.268-f9828]:main():gmm-align-compiled.cc:127) 2836-5355-0022
LOG (gmm-align-compiled[5.5.268-f9828]:main():gmm-align-compiled.cc:127) 2836-5355-0025
LOG (gmm-align-compiled[5.5.268-f9828]:main():gmm-align-compiled.cc:127) 2836-5355-0027
LOG (gmm-align-compiled[5.5.268-f9828]:main():gmm-align-compiled.cc:127) 2836-5355-0029
LOG (gmm-align-compiled[5.5.268-f9828]:main():gmm-align-compiled.cc:127) 2836-5355-0032
LOG (gmm-align-compiled[5.5.268-f9828]:main():gmm-align-compiled.cc:127) 2836-5355-0036
LOG (gmm-align-compiled[5.5.268-f9828]:main():gmm-align-compiled.cc:127) 2836-5355-0039
LOG (gmm-align-compiled[5.5.268-f9828]:main():gmm-align-compiled.cc:127) 2836-5355-0041
LOG (gmm-align-compiled[5.5.268-f9828]:main():gmm-align-compiled.cc:127) 2836-5355-0043
LOG (gmm-align-compiled[5.5.268-f9828]:main():gmm-align-compiled.cc:127) 2836-5355-0046
LOG (gmm-align-compiled[5.5.268-f9828]:main():gmm-align-compiled.cc:127) 2836-5355-0049
LOG (gmm-align-compiled[5.5.268-f9828]:main():gmm-align-compiled.cc:127) 2836-5355-0052
LOG (gmm-align-compiled[5.5.268-f9828]:main():gmm-align-compiled.cc:127) 2843-152918-0002
LOG (gmm-align-compiled[5.5.268-f9828]:main():gmm-align-compiled.cc:127) 2843-152918-0005
LOG (gmm-align-compiled[5.5.268-f9828]:main():gmm-align-compiled.cc:127) 2843-152918-0009
LOG (gmm-align-compiled[5.5.268-f9828]:main():gmm-align-compiled.cc:127) 2843-152918-0012
LOG (gmm-align-compiled[5.5.268-f9828]:main():gmm-align-compiled.cc:127) 2843-152918-0014
LOG (gmm-align-compiled[5.5.268-f9828]:main():gmm-align-compiled.cc:127) 2843-152918-0016
LOG (gmm-align-compiled[5.5.268-f9828]:main():gmm-align-compiled.cc:127) 2843-152918-0019
LOG (gmm-align-compiled[5.5.268-f9828]:main():gmm-align-compiled.cc:127) 2843-152918-0023
LOG (gmm-align-compiled[5.5.268-f9828]:main():gmm-align-compiled.cc:127) 2843-152918-0026
LOG (gmm-align-compiled[5.5.268-f9828]:main():gmm-align-compiled.cc:127) 2843-152918-0028
LOG (gmm-align-compiled[5.5.268-f9828]:main():gmm-align-compiled.cc:127) 2843-152918-0030
LOG (gmm-align-compiled[5.5.268-f9828]:main():gmm-align-compiled.cc:127) 2843-152918-0033
LOG (gmm-align-compiled[5.5.268-f9828]:main():gmm-align-compiled.cc:127) 2843-152918-0037
LOG (gmm-align-compiled[5.5.268-f9828]:main():gmm-align-compiled.cc:127) 2843-152918-0040
LOG (gmm-align-compiled[5.5.268-f9828]:main():gmm-align-compiled.cc:127) 2843-152918-0042
LOG (gmm-align-compiled[5.5.268-f9828]:main():gmm-align-compiled.cc:127) 2843-152918-0044
LOG (gmm-align-compiled[5.5.268-f9828]:main():gmm-align-compiled.cc:127) 2843-152918-0047
LOG (gmm-align-compiled[5.5.268-f9828]:main():gmm-align-compiled.cc:127) 2843-152918-0051
LOG (gmm-align-compiled[5.5.268-f9828]:main():gmm-align-compiled.cc:127) 2843-152918-0054
LOG (gmm-align-compiled[5.5.268-f9828]:main():gmm-align-compiled.cc:127) 2843-152918-0056
LOG (gmm-align-compiled[5.5.268-f9828]:main():gmm-align-compiled.cc:127) 2843-152918-0058
LOG (gmm-align-compiled[5.5.268-f9828]:main():gmm-align-compiled.cc:127) 2843-152918-0061
LOG (gmm-align-compiled[5.5.268-f9828]:main():gmm-align-compiled.cc:127) 2843-152918-0065
LOG (gmm-align-compiled[5.5.268-f9828]:main():gmm-align-compiled.cc:127) 2843-152918-0068
LOG (gmm-align-compiled[5.5.268-f9828]:main():gmm-align-compiled.cc:127) 2843-152918-0070
LOG (gmm-align-compiled[5.5.268-f9828]:main():gmm-align-compiled.cc:127) 2843-152918-0072
LOG (gmm-align-compiled[5.5.268-f9828]:main():gmm-align-compiled.cc:127) 2843-152918-0075
LOG (gmm-align-compiled[5.5.268-f9828]:main():gmm-align-compiled.cc:127) 2843-152918-0079
LOG (gmm-align-compiled[5.5.268-f9828]:main():gmm-align-compiled.cc:127) 2843-152918-0082
LOG (gmm-align-compiled[5.5.268-f9828]:main():gmm-align-compiled.cc:127) 2843-152918-0084
LOG (gmm-align-compiled[5.5.268-f9828]:main():gmm-align-compiled.cc:127) 2843-152918-0086
LOG (gmm-align-compiled[5.5.268-f9828]:main():gmm-align-compiled.cc:127) 2843-152918-0089
LOG (gmm-align-compiled[5.5.268-f9828]:main():gmm-align-compiled.cc:127) 2843-152918-0093
LOG (gmm-align-compiled[5.5.268-f9828]:main():gmm-align-compiled.cc:127) 2843-152918-0096
LOG (gmm-align-compiled[5.5.268-f9828]:main():gmm-align-compiled.cc:127) 2843-152918-0098
LOG (gmm-align-compiled[5.5.268-f9828]:main():gmm-align-compiled.cc:127) 2843-152918-0100
LOG (gmm-align-compiled[5.5.268-f9828]:main():gmm-align-compiled.cc:127) 2843-152918-0103
LOG (gmm-align-compiled[5.5.268-f9828]:main():gmm-align-compiled.cc:127) 2843-152918-0107
LOG (gmm-align-compiled[5.5.268-f9828]:main():gmm-align-compiled.cc:127) 2843-152918-0110
LOG (gmm-align-compiled[5.5.268-f9828]:main():gmm-align-compiled.cc:127) 2843-152918-0114
LOG (gmm-align-compiled[5.5.268-f9828]:main():gmm-align-compiled.cc:127) 289-121652-0001
LOG (gmm-align-compiled[5.5.268-f9828]:main():gmm-align-compiled.cc:127) 289-121652-0005
LOG (gmm-align-compiled[5.5.268-f9828]:main():gmm-align-compiled.cc:127) 289-121652-0008
LOG (gmm-align-compiled[5.5.268-f9828]:main():gmm-align-compiled.cc:127) 289-121652-0010
LOG (gmm-align-compiled[5.5.268-f9828]:main():gmm-align-compiled.cc:127) 289-121652-0012
LOG (gmm-align-compiled[5.5.268-f9828]:main():gmm-align-compiled.cc:127) 289-121652-0015
LOG (gmm-align-compiled[5.5.268-f9828]:main():gmm-align-compiled.cc:127) 289-121652-0019
LOG (gmm-align-compiled[5.5.268-f9828]:main():gmm-align-compiled.cc:127) 289-121652-0022
LOG (gmm-align-compiled[5.5.268-f9828]:main():gmm-align-compiled.cc:127) 289-121652-0024
LOG (gmm-align-compiled[5.5.268-f9828]:main():gmm-align-compiled.cc:127) 289-121652-0026
LOG (gmm-align-compiled[5.5.268-f9828]:main():gmm-align-compiled.cc:127) 289-121652-0029
LOG (gmm-align-compiled[5.5.268-f9828]:main():gmm-align-compiled.cc:127) 289-121652-0033
LOG (gmm-align-compiled[5.5.268-f9828]:main():gmm-align-compiled.cc:127) 289-121652-0036
LOG (gmm-align-compiled[5.5.268-f9828]:main():gmm-align-compiled.cc:127) 289-121652-0038
LOG (gmm-align-compiled[5.5.268-f9828]:main():gmm-align-compiled.cc:127) 289-121665-0001
LOG (gmm-align-compiled[5.5.268-f9828]:main():gmm-align-compiled.cc:127) 289-121665-0004
LOG (gmm-align-compiled[5.5.268-f9828]:main():gmm-align-compiled.cc:127) 289-121665-0008
LOG (gmm-align-compiled[5.5.268-f9828]:main():gmm-align-compiled.cc:127) 289-121665-0011
LOG (gmm-align-compiled[5.5.268-f9828]:main():gmm-align-compiled.cc:127) 289-121665-0013
LOG (gmm-align-compiled[5.5.268-f9828]:main():gmm-align-compiled.cc:127) 289-121665-0015
LOG (gmm-align-compiled[5.5.268-f9828]:main():gmm-align-compiled.cc:127) 289-121665-0018
LOG (gmm-align-compiled[5.5.268-f9828]:main():gmm-align-compiled.cc:127) 289-121665-0022
LOG (gmm-align-compiled[5.5.268-f9828]:main():gmm-align-compiled.cc:127) 289-121665-0025
LOG (gmm-align-compiled[5.5.268-f9828]:main():gmm-align-compiled.cc:127) 289-121665-0027
LOG (gmm-align-compiled[5.5.268-f9828]:main():gmm-align-compiled.cc:127) 289-121665-0029
LOG (gmm-align-compiled[5.5.268-f9828]:main():gmm-align-compiled.cc:127) 289-121665-0032
LOG (gmm-align-compiled[5.5.268-f9828]:main():gmm-align-compiled.cc:127) 289-121665-0036
LOG (gmm-align-compiled[5.5.268-f9828]:main():gmm-align-compiled.cc:127) 289-121665-0039
LOG (gmm-align-compiled[5.5.268-f9828]:main():gmm-align-compiled.cc:127) 289-121665-0041
LOG (gmm-align-compiled[5.5.268-f9828]:main():gmm-align-compiled.cc:127) 289-121665-0043
LOG (gmm-align-compiled[5.5.268-f9828]:main():gmm-align-compiled.cc:127) 289-121665-0046
LOG (gmm-align-compiled[5.5.268-f9828]:main():gmm-align-compiled.cc:127) 2893-139310-0003
LOG (gmm-align-compiled[5.5.268-f9828]:main():gmm-align-compiled.cc:127) 2893-139310-0006
LOG (gmm-align-compiled[5.5.268-f9828]:main():gmm-align-compiled.cc:127) 2893-139310-0008
LOG (gmm-align-compiled[5.5.268-f9828]:main():gmm-align-compiled.cc:127) 2893-139310-0010
LOG (gmm-align-compiled[5.5.268-f9828]:main():gmm-align-compiled.cc:127) 2893-139310-0013
LOG (gmm-align-compiled[5.5.268-f9828]:main():gmm-align-compiled.cc:127) 2893-139310-0016
LOG (gmm-align-compiled[5.5.268-f9828]:main():gmm-align-compiled.cc:127) 2893-139310-0019
LOG (gmm-align-compiled[5.5.268-f9828]:main():gmm-align-compiled.cc:127) 2893-139310-0023
LOG (gmm-align-compiled[5.5.268-f9828]:main():gmm-align-compiled.cc:127) 2893-139310-0026
LOG (gmm-align-compiled[5.5.268-f9828]:main():gmm-align-compiled.cc:127) 2893-139310-0030
LOG (gmm-align-compiled[5.5.268-f9828]:main():gmm-align-compiled.cc:127) 2893-139310-0033
LOG (gmm-align-compiled[5.5.268-f9828]:main():gmm-align-compiled.cc:127) 2893-139310-0035
LOG (gmm-align-compiled[5.5.268-f9828]:main():gmm-align-compiled.cc:127) 2893-139310-0037
LOG (gmm-align-compiled[5.5.268-f9828]:main():gmm-align-compiled.cc:127) 2893-139310-0040
LOG (gmm-align-compiled[5.5.268-f9828]:main():gmm-align-compiled.cc:127) 2893-139310-0044
LOG (gmm-align-compiled[5.5.268-f9828]:main():gmm-align-compiled.cc:127) 2893-139310-0047
LOG (gmm-align-compiled[5.5.268-f9828]:main():gmm-align-compiled.cc:127) 2893-139310-0049
LOG (gmm-align-compiled[5.5.268-f9828]:main():gmm-align-compiled.cc:127) 2893-139310-0051
LOG (gmm-align-compiled[5.5.268-f9828]:main():gmm-align-compiled.cc:127) 2893-139322-0000
LOG (gmm-align-compiled[5.5.268-f9828]:main():gmm-align-compiled.cc:127) 2893-139322-0004
LOG (gmm-align-compiled[5.5.268-f9828]:main():gmm-align-compiled.cc:127) 2893-139322-0007
LOG (gmm-align-compiled[5.5.268-f9828]:main():gmm-align-compiled.cc:127) 2893-139322-0009
LOG (gmm-align-compiled[5.5.268-f9828]:main():gmm-align-compiled.cc:127) 2893-139322-0011
LOG (gmm-align-compiled[5.5.268-f9828]:main():gmm-align-compiled.cc:127) 2893-139322-0014
LOG (gmm-align-compiled[5.5.268-f9828]:main():gmm-align-compiled.cc:127) 2893-139322-0018
LOG (gmm-align-compiled[5.5.268-f9828]:main():gmm-align-compiled.cc:127) 2893-139322-0021
LOG (gmm-align-compiled[5.5.268-f9828]:main():gmm-align-compiled.cc:127) 2893-139322-0023
LOG (gmm-align-compiled[5.5.268-f9828]:main():gmm-align-compiled.cc:127) 2893-139322-0025
LOG (gmm-align-compiled[5.5.268-f9828]:main():gmm-align-compiled.cc:127) 2893-139322-0028
LOG (gmm-align-compiled[5.5.268-f9828]:main():gmm-align-compiled.cc:127) 2893-139322-0032
LOG (gmm-align-compiled[5.5.268-f9828]:main():gmm-align-compiled.cc:127) 2893-139322-0035
LOG (gmm-align-compiled[5.5.268-f9828]:main():gmm-align-compiled.cc:127) 2893-139322-0037
LOG (gmm-align-compiled[5.5.268-f9828]:main():gmm-align-compiled.cc:127) 2893-139322-0039
LOG (gmm-align-compiled[5.5.268-f9828]:main():gmm-align-compiled.cc:127) 2893-139322-0042
LOG (gmm-align-compiled[5.5.268-f9828]:main():gmm-align-compiled.cc:127) 2893-139322-0046
LOG (gmm-align-compiled[5.5.268-f9828]:main():gmm-align-compiled.cc:127) 2893-139322-0049
LOG (gmm-align-compiled[5.5.268-f9828]:main():gmm-align-compiled.cc:127) 2893-139322-0051
LOG (gmm-align-compiled[5.5.268-f9828]:main():gmm-align-compiled.cc:127) 2910-131096-0000
LOG (gmm-align-compiled[5.5.268-f9828]:main():gmm-align-compiled.cc:127) 2910-131096-0003
LOG (gmm-align-compiled[5.5.268-f9828]:main():gmm-align-compiled.cc:127) 2910-131096-0007
LOG (gmm-align-compiled[5.5.268-f9828]:main():gmm-align-compiled.cc:127) 2910-131096-0010
LOG (gmm-align-compiled[5.5.268-f9828]:main():gmm-align-compiled.cc:127) 2910-131096-0012
LOG (gmm-align-compiled[5.5.268-f9828]:main():gmm-align-compiled.cc:127) 2910-131096-0014
LOG (gmm-align-compiled[5.5.268-f9828]:main():gmm-align-compiled.cc:127) 2910-131096-0017
LOG (gmm-align-compiled[5.5.268-f9828]:main():gmm-align-compiled.cc:127) 2910-131096-0021
LOG (gmm-align-compiled[5.5.268-f9828]:main():gmm-align-compiled.cc:127) 2910-131096-0024
LOG (gmm-align-compiled[5.5.268-f9828]:main():gmm-align-compiled.cc:127) 2910-131096-0028
LOG (gmm-align-compiled[5.5.268-f9828]:main():gmm-align-compiled.cc:127) 2910-131096-0031
LOG (gmm-align-compiled[5.5.268-f9828]:main():gmm-align-compiled.cc:127) 2910-131096-0035
LOG (gmm-align-compiled[5.5.268-f9828]:main():gmm-align-compiled.cc:127) 2910-131096-0038
LOG (gmm-align-compiled[5.5.268-f9828]:main():gmm-align-compiled.cc:127) 2910-131096-0040
LOG (gmm-align-compiled[5.5.268-f9828]:main():gmm-align-compiled.cc:127) 2910-131096-0042
LOG (gmm-align-compiled[5.5.268-f9828]:main():gmm-align-compiled.cc:127) 2910-131096-0045
LOG (gmm-align-compiled[5.5.268-f9828]:main():gmm-align-compiled.cc:127) 2910-131096-0049
LOG (gmm-align-compiled[5.5.268-f9828]:main():gmm-align-compiled.cc:127) 2910-131096-0052
LOG (gmm-align-compiled[5.5.268-f9828]:main():gmm-align-compiled.cc:127) 2910-131096-0054
LOG (gmm-align-compiled[5.5.268-f9828]:main():gmm-align-compiled.cc:127) 2910-131096-0056
LOG (gmm-align-compiled[5.5.268-f9828]:main():gmm-align-compiled.cc:127) 2910-131096-0059
LOG (gmm-align-compiled[5.5.268-f9828]:main():gmm-align-compiled.cc:127) 2910-131096-0063
LOG (gmm-align-compiled[5.5.268-f9828]:main():gmm-align-compiled.cc:127) 2910-131096-0066
LOG (gmm-align-compiled[5.5.268-f9828]:main():gmm-align-compiled.cc:127) 2910-131096-0068
LOG (gmm-align-compiled[5.5.268-f9828]:main():gmm-align-compiled.cc:127) 2910-131096-0070
LOG (gmm-align-compiled[5.5.268-f9828]:main():gmm-align-compiled.cc:127) 2910-131096-0073
LOG (gmm-align-compiled[5.5.268-f9828]:main():gmm-align-compiled.cc:127) 2910-131096-0077
LOG (gmm-align-compiled[5.5.268-f9828]:main():gmm-align-compiled.cc:127) 2910-131096-0080
LOG (gmm-align-compiled[5.5.268-f9828]:main():gmm-align-compiled.cc:127) 2910-131096-0082
LOG (gmm-align-compiled[5.5.268-f9828]:main():gmm-align-compiled.cc:127) 2910-131096-0084
LOG (gmm-align-compiled[5.5.268-f9828]:main():gmm-align-compiled.cc:127) 2910-131096-0087
LOG (gmm-align-compiled[5.5.268-f9828]:main():gmm-align-compiled.cc:127) 2910-131096-0091
LOG (gmm-align-compiled[5.5.268-f9828]:main():gmm-align-compiled.cc:127) 2910-131096-0094
LOG (gmm-align-compiled[5.5.268-f9828]:main():gmm-align-compiled.cc:127) 2911-12359-0001
LOG (gmm-align-compiled[5.5.268-f9828]:main():gmm-align-compiled.cc:127) 2911-12359-0003
LOG (gmm-align-compiled[5.5.268-f9828]:main():gmm-align-compiled.cc:127) 2911-12359-0006
LOG (gmm-align-compiled[5.5.268-f9828]:main():gmm-align-compiled.cc:127) 2911-12359-0010
LOG (gmm-align-compiled[5.5.268-f9828]:main():gmm-align-compiled.cc:127) 2911-12359-0013
LOG (gmm-align-compiled[5.5.268-f9828]:main():gmm-align-compiled.cc:127) 2911-12359-0015
LOG (gmm-align-compiled[5.5.268-f9828]:main():gmm-align-compiled.cc:127) 2911-12359-0017
LOG (gmm-align-compiled[5.5.268-f9828]:main():gmm-align-compiled.cc:127) 2911-12359-0020
LOG (gmm-align-compiled[5.5.268-f9828]:main():gmm-align-compiled.cc:127) 2911-12359-0024
LOG (gmm-align-compiled[5.5.268-f9828]:main():gmm-align-compiled.cc:127) 2911-15045-0001
LOG (gmm-align-compiled[5.5.268-f9828]:main():gmm-align-compiled.cc:127) 2911-15045-0003
LOG (gmm-align-compiled[5.5.268-f9828]:main():gmm-align-compiled.cc:127) 2911-15045-0005
LOG (gmm-align-compiled[5.5.268-f9828]:main():gmm-align-compiled.cc:127) 2911-15045-0008
LOG (gmm-align-compiled[5.5.268-f9828]:main():gmm-align-compiled.cc:127) 2911-15045-0011
LOG (gmm-align-compiled[5.5.268-f9828]:main():gmm-align-compiled.cc:127) 2911-15045-0014
LOG (gmm-align-compiled[5.5.268-f9828]:main():gmm-align-compiled.cc:127) 2911-15045-0018
LOG (gmm-align-compiled[5.5.268-f9828]:main():gmm-align-compiled.cc:127) 2911-15045-0021
LOG (gmm-align-compiled[5.5.268-f9828]:main():gmm-align-compiled.cc:127) 2911-15045-0025
LOG (gmm-align-compiled[5.5.268-f9828]:main():gmm-align-compiled.cc:127) 2911-15045-0028
LOG (gmm-align-compiled[5.5.268-f9828]:main():gmm-align-compiled.cc:127) 2911-15084-0000
LOG (gmm-align-compiled[5.5.268-f9828]:main():gmm-align-compiled.cc:127) 2911-15084-0002
LOG (gmm-align-compiled[5.5.268-f9828]:main():gmm-align-compiled.cc:127) 2911-15084-0005
LOG (gmm-align-compiled[5.5.268-f9828]:main():gmm-align-compiled.cc:127) 2911-15084-0009
LOG (gmm-align-compiled[5.5.268-f9828]:main():gmm-align-compiled.cc:127) 2911-15084-0012
LOG (gmm-align-compiled[5.5.268-f9828]:main():gmm-align-compiled.cc:127) 2911-7601-0000
LOG (gmm-align-compiled[5.5.268-f9828]:main():gmm-align-compiled.cc:127) 2911-7601-0002
LOG (gmm-align-compiled[5.5.268-f9828]:main():gmm-align-compiled.cc:127) 2911-7601-0005
LOG (gmm-align-compiled[5.5.268-f9828]:main():gmm-align-compiled.cc:127) 2911-7601-0009
LOG (gmm-align-compiled[5.5.268-f9828]:main():gmm-align-compiled.cc:127) 2911-7601-0012
LOG (gmm-align-compiled[5.5.268-f9828]:main():gmm-align-compiled.cc:127) 2911-7601-0014
LOG (gmm-align-compiled[5.5.268-f9828]:main():gmm-align-compiled.cc:127) 2911-7601-0016
LOG (gmm-align-compiled[5.5.268-f9828]:main():gmm-align-compiled.cc:127) 2911-7601-0019
LOG (gmm-align-compiled[5.5.268-f9828]:main():gmm-align-compiled.cc:127) 2911-7601-0023
LOG (gmm-align-compiled[5.5.268-f9828]:main():gmm-align-compiled.cc:127) 2911-7601-0026
LOG (gmm-align-compiled[5.5.268-f9828]:main():gmm-align-compiled.cc:127) 2911-7601-0028
LOG (gmm-align-compiled[5.5.268-f9828]:main():gmm-align-compiled.cc:127) 2911-7601-0030
LOG (gmm-align-compiled[5.5.268-f9828]:main():gmm-align-compiled.cc:127) 2911-7601-0033
LOG (gmm-align-compiled[5.5.268-f9828]:main():gmm-align-compiled.cc:127) 2911-7601-0037
LOG (gmm-align-compiled[5.5.268-f9828]:main():gmm-align-compiled.cc:127) 2911-7601-0040
LOG (gmm-align-compiled[5.5.268-f9828]:main():gmm-align-compiled.cc:127) 2911-7601-0042
LOG (gmm-align-compiled[5.5.268-f9828]:main():gmm-align-compiled.cc:127) 2911-7601-0044
LOG (gmm-align-compiled[5.5.268-f9828]:main():gmm-align-compiled.cc:127) 2911-7601-0047
LOG (gmm-align-compiled[5.5.268-f9828]:main():gmm-align-compiled.cc:127) 2911-7601-0051
LOG (gmm-align-compiled[5.5.268-f9828]:main():gmm-align-compiled.cc:127) 2952-407-0002
LOG (gmm-align-compiled[5.5.268-f9828]:main():gmm-align-compiled.cc:127) 2952-407-0004
LOG (gmm-align-compiled[5.5.268-f9828]:main():gmm-align-compiled.cc:127) 2952-407-0006
LOG (gmm-align-compiled[5.5.268-f9828]:main():gmm-align-compiled.cc:127) 2952-407-0009
LOG (gmm-align-compiled[5.5.268-f9828]:main():gmm-align-compiled.cc:127) 2952-407-0013
LOG (gmm-align-compiled[5.5.268-f9828]:main():gmm-align-compiled.cc:127) 2952-407-0016
LOG (gmm-align-compiled[5.5.268-f9828]:main():gmm-align-compiled.cc:127) 2952-407-0018
LOG (gmm-align-compiled[5.5.268-f9828]:main():gmm-align-compiled.cc:127) 2952-407-0020
LOG (gmm-align-compiled[5.5.268-f9828]:main():gmm-align-compiled.cc:127) 2952-407-0023
LOG (gmm-align-compiled[5.5.268-f9828]:main():gmm-align-compiled.cc:127) 2952-407-0027
LOG (gmm-align-compiled[5.5.268-f9828]:main():gmm-align-compiled.cc:127) 2952-408-0002
LOG (gmm-align-compiled[5.5.268-f9828]:main():gmm-align-compiled.cc:127) 2952-408-0006
LOG (gmm-align-compiled[5.5.268-f9828]:main():gmm-align-compiled.cc:127) 2952-408-0009
LOG (gmm-align-compiled[5.5.268-f9828]:main():gmm-align-compiled.cc:127) 2952-408-0013
LOG (gmm-align-compiled[5.5.268-f9828]:main():gmm-align-compiled.cc:127) 2952-408-0016
LOG (gmm-align-compiled[5.5.268-f9828]:main():gmm-align-compiled.cc:127) 2952-408-0018
LOG (gmm-align-compiled[5.5.268-f9828]:main():gmm-align-compiled.cc:127) 2952-408-0020
LOG (gmm-align-compiled[5.5.268-f9828]:main():gmm-align-compiled.cc:127) 2952-408-0023
LOG (gmm-align-compiled[5.5.268-f9828]:main():gmm-align-compiled.cc:127) 2952-408-0027
LOG (gmm-align-compiled[5.5.268-f9828]:main():gmm-align-compiled.cc:127) 2952-410-0000
LOG (gmm-align-compiled[5.5.268-f9828]:main():gmm-align-compiled.cc:127) 2952-410-0002
LOG (gmm-align-compiled[5.5.268-f9828]:main():gmm-align-compiled.cc:127) 2952-410-0004
LOG (gmm-align-compiled[5.5.268-f9828]:main():gmm-align-compiled.cc:127) 2952-410-0007
LOG (gmm-align-compiled[5.5.268-f9828]:main():gmm-align-compiled.cc:127) 2952-410-0011
LOG (gmm-align-compiled[5.5.268-f9828]:main():gmm-align-compiled.cc:127) 2952-410-0014
LOG (gmm-align-compiled[5.5.268-f9828]:main():gmm-align-compiled.cc:127) 2952-410-0016
LOG (gmm-align-compiled[5.5.268-f9828]:main():gmm-align-compiled.cc:127) 2952-410-0018
LOG (gmm-align-compiled[5.5.268-f9828]:main():gmm-align-compiled.cc:127) 2952-410-0021
LOG (gmm-align-compiled[5.5.268-f9828]:main():gmm-align-compiled.cc:127) 2952-410-0025
LOG (gmm-align-compiled[5.5.268-f9828]:main():gmm-align-compiled.cc:127) 2952-410-0028
LOG (gmm-align-compiled[5.5.268-f9828]:main():gmm-align-compiled.cc:127) 2952-410-0030
LOG (gmm-align-compiled[5.5.268-f9828]:main():gmm-align-compiled.cc:127) 2952-410-0032
LOG (gmm-align-compiled[5.5.268-f9828]:main():gmm-align-compiled.cc:127) 2952-410-0035
LOG (gmm-align-compiled[5.5.268-f9828]:main():gmm-align-compiled.cc:127) 2952-410-0039
LOG (gmm-align-compiled[5.5.268-f9828]:main():gmm-align-compiled.cc:127) 2952-410-0042
LOG (gmm-align-compiled[5.5.268-f9828]:main():gmm-align-compiled.cc:127) 2952-410-0044
LOG (gmm-align-compiled[5.5.268-f9828]:main():gmm-align-compiled.cc:127) 2952-410-0046
LOG (gmm-align-compiled[5.5.268-f9828]:main():gmm-align-compiled.cc:127) 2952-410-0049
LOG (gmm-align-compiled[5.5.268-f9828]:main():gmm-align-compiled.cc:127) 2952-410-0053
LOG (gmm-align-compiled[5.5.268-f9828]:main():gmm-align-compiled.cc:127) 2952-410-0056
LOG (gmm-align-compiled[5.5.268-f9828]:main():gmm-align-compiled.cc:127) 2952-410-0058
LOG (gmm-align-compiled[5.5.268-f9828]:main():gmm-align-compiled.cc:127) 2952-410-0060
LOG (gmm-align-compiled[5.5.268-f9828]:main():gmm-align-compiled.cc:127) 298-126790-0002
LOG (gmm-align-compiled[5.5.268-f9828]:main():gmm-align-compiled.cc:127) 298-126790-0006
LOG (gmm-align-compiled[5.5.268-f9828]:main():gmm-align-compiled.cc:127) 298-126790-0009
LOG (gmm-align-compiled[5.5.268-f9828]:main():gmm-align-compiled.cc:127) 298-126790-0011
LOG (gmm-align-compiled[5.5.268-f9828]:main():gmm-align-compiled.cc:127) 298-126790-0013
LOG (gmm-align-compiled[5.5.268-f9828]:main():gmm-align-compiled.cc:127) 298-126790-0016
LOG (gmm-align-compiled[5.5.268-f9828]:main():gmm-align-compiled.cc:127) 298-126790-0019
LOG (gmm-align-compiled[5.5.268-f9828]:main():gmm-align-compiled.cc:127) 298-126790-0022
LOG (gmm-align-compiled[5.5.268-f9828]:main():gmm-align-compiled.cc:127) 298-126790-0026
LOG (gmm-align-compiled[5.5.268-f9828]:main():gmm-align-compiled.cc:127) 298-126790-0029
LOG (gmm-align-compiled[5.5.268-f9828]:main():gmm-align-compiled.cc:127) 298-126790-0033
LOG (gmm-align-compiled[5.5.268-f9828]:main():gmm-align-compiled.cc:127) 298-126790-0036
LOG (apply-cmvn[5.5.268-f9828]:main():apply-cmvn.cc:162) Applied cepstral mean normalization to 1003 utterances, errors on 0
LOG (gmm-align-compiled[5.5.268-f9828]:main():gmm-align-compiled.cc:127) 298-126790-0038
LOG (gmm-align-compiled[5.5.268-f9828]:main():gmm-align-compiled.cc:127) 298-126790-0040
LOG (transform-feats[5.5.268-f9828]:main():transform-feats.cc:158) Overall average [pseudo-]logdet is -107.822 over 1.27128e+06 frames.
LOG (transform-feats[5.5.268-f9828]:main():transform-feats.cc:161) Applied transform to 1003 utterances; 0 had errors.
LOG (gmm-align-compiled[5.5.268-f9828]:main():gmm-align-compiled.cc:127) 298-126790-0043
LOG (gmm-align-compiled[5.5.268-f9828]:main():gmm-align-compiled.cc:135) Overall log-likelihood per frame is -47.1173 over 1271275 frames.
LOG (gmm-align-compiled[5.5.268-f9828]:main():gmm-align-compiled.cc:137) Retried 2 out of 1003 utterances.
LOG (gmm-align-compiled[5.5.268-f9828]:main():gmm-align-compiled.cc:139) Done 1003, errors on 0
# Accounting: time=169 threads=1
# Ended (code 0) at Tue Mar 16 15:15:38 EET 2021, elapsed time 169 seconds
