# gmm-align-compiled --transition-scale=1.0 --acoustic-scale=0.1 --self-loop-scale=0.1 --beam=10 --retry-beam=40 --careful=false "gmm-boost-silence --boost=1.0 1 exp/tri2b/20.mdl - |" "ark:gunzip -c exp/tri2b/fsts.4.gz|" "ark,s,cs:apply-cmvn  --utt2spk=ark:data/train_10k/split10/4/utt2spk scp:data/train_10k/split10/4/cmvn.scp scp:data/train_10k/split10/4/feats.scp ark:- | splice-feats --left-context=10 --right-context=10 ark:- ark:- | transform-feats exp/tri2b/12.mat ark:- ark:- |" "ark:|gzip -c >exp/tri2b/ali.4.gz" 
# Started at Tue Mar 16 15:12:49 EET 2021
#
gmm-align-compiled --transition-scale=1.0 --acoustic-scale=0.1 --self-loop-scale=0.1 --beam=10 --retry-beam=40 --careful=false 'gmm-boost-silence --boost=1.0 1 exp/tri2b/20.mdl - |' 'ark:gunzip -c exp/tri2b/fsts.4.gz|' 'ark,s,cs:apply-cmvn  --utt2spk=ark:data/train_10k/split10/4/utt2spk scp:data/train_10k/split10/4/cmvn.scp scp:data/train_10k/split10/4/feats.scp ark:- | splice-feats --left-context=10 --right-context=10 ark:- ark:- | transform-feats exp/tri2b/12.mat ark:- ark:- |' 'ark:|gzip -c >exp/tri2b/ali.4.gz' 
gmm-boost-silence --boost=1.0 1 exp/tri2b/20.mdl - 
WARNING (gmm-boost-silence[5.5.268-f9828]:main():gmm-boost-silence.cc:82) The pdfs for the silence phones may be shared by other phones (note: this probably does not matter.)
LOG (gmm-boost-silence[5.5.268-f9828]:main():gmm-boost-silence.cc:93) Boosted weights for 5 pdfs, by factor of 1
LOG (gmm-boost-silence[5.5.268-f9828]:main():gmm-boost-silence.cc:103) Wrote model to -
transform-feats exp/tri2b/12.mat ark:- ark:- 
apply-cmvn --utt2spk=ark:data/train_10k/split10/4/utt2spk scp:data/train_10k/split10/4/cmvn.scp scp:data/train_10k/split10/4/feats.scp ark:- 
splice-feats --left-context=10 --right-context=10 ark:- ark:- 
LOG (gmm-align-compiled[5.5.268-f9828]:main():gmm-align-compiled.cc:127) 298-126791-0002
LOG (gmm-align-compiled[5.5.268-f9828]:main():gmm-align-compiled.cc:127) 298-126791-0005
LOG (gmm-align-compiled[5.5.268-f9828]:main():gmm-align-compiled.cc:127) 298-126791-0007
LOG (gmm-align-compiled[5.5.268-f9828]:main():gmm-align-compiled.cc:127) 298-126791-0009
LOG (gmm-align-compiled[5.5.268-f9828]:main():gmm-align-compiled.cc:127) 298-126791-0012
LOG (gmm-align-compiled[5.5.268-f9828]:main():gmm-align-compiled.cc:127) 298-126791-0016
LOG (gmm-align-compiled[5.5.268-f9828]:main():gmm-align-compiled.cc:127) 298-126791-0019
LOG (gmm-align-compiled[5.5.268-f9828]:main():gmm-align-compiled.cc:127) 298-126791-0021
LOG (gmm-align-compiled[5.5.268-f9828]:main():gmm-align-compiled.cc:127) 298-126791-0023
LOG (gmm-align-compiled[5.5.268-f9828]:main():gmm-align-compiled.cc:127) 298-126791-0026
LOG (gmm-align-compiled[5.5.268-f9828]:main():gmm-align-compiled.cc:127) 298-126791-0030
LOG (gmm-align-compiled[5.5.268-f9828]:main():gmm-align-compiled.cc:127) 298-126791-0033
LOG (gmm-align-compiled[5.5.268-f9828]:main():gmm-align-compiled.cc:127) 298-126791-0035
LOG (gmm-align-compiled[5.5.268-f9828]:main():gmm-align-compiled.cc:127) 298-126791-0037
LOG (gmm-align-compiled[5.5.268-f9828]:main():gmm-align-compiled.cc:127) 298-126791-0040
LOG (gmm-align-compiled[5.5.268-f9828]:main():gmm-align-compiled.cc:127) 298-126791-0044
LOG (gmm-align-compiled[5.5.268-f9828]:main():gmm-align-compiled.cc:127) 298-126791-0047
LOG (gmm-align-compiled[5.5.268-f9828]:main():gmm-align-compiled.cc:127) 298-126791-0049
LOG (gmm-align-compiled[5.5.268-f9828]:main():gmm-align-compiled.cc:127) 298-126791-0051
LOG (gmm-align-compiled[5.5.268-f9828]:main():gmm-align-compiled.cc:127) 298-126791-0054
LOG (gmm-align-compiled[5.5.268-f9828]:main():gmm-align-compiled.cc:127) 298-126791-0058
LOG (gmm-align-compiled[5.5.268-f9828]:main():gmm-align-compiled.cc:127) 298-126791-0061
LOG (gmm-align-compiled[5.5.268-f9828]:main():gmm-align-compiled.cc:127) 298-126791-0063
LOG (gmm-align-compiled[5.5.268-f9828]:main():gmm-align-compiled.cc:127) 298-126791-0065
LOG (gmm-align-compiled[5.5.268-f9828]:main():gmm-align-compiled.cc:127) 2989-138028-0000
LOG (gmm-align-compiled[5.5.268-f9828]:main():gmm-align-compiled.cc:127) 2989-138028-0004
LOG (gmm-align-compiled[5.5.268-f9828]:main():gmm-align-compiled.cc:127) 2989-138028-0007
LOG (gmm-align-compiled[5.5.268-f9828]:main():gmm-align-compiled.cc:127) 2989-138028-0009
LOG (gmm-align-compiled[5.5.268-f9828]:main():gmm-align-compiled.cc:127) 2989-138028-0011
LOG (gmm-align-compiled[5.5.268-f9828]:main():gmm-align-compiled.cc:127) 2989-138028-0014
LOG (gmm-align-compiled[5.5.268-f9828]:main():gmm-align-compiled.cc:127) 2989-138028-0018
LOG (gmm-align-compiled[5.5.268-f9828]:main():gmm-align-compiled.cc:127) 2989-138028-0021
LOG (gmm-align-compiled[5.5.268-f9828]:main():gmm-align-compiled.cc:127) 2989-138028-0025
LOG (gmm-align-compiled[5.5.268-f9828]:main():gmm-align-compiled.cc:127) 2989-138028-0028
LOG (gmm-align-compiled[5.5.268-f9828]:main():gmm-align-compiled.cc:127) 2989-138028-0032
LOG (gmm-align-compiled[5.5.268-f9828]:main():gmm-align-compiled.cc:127) 2989-138028-0035
LOG (gmm-align-compiled[5.5.268-f9828]:main():gmm-align-compiled.cc:127) 2989-138028-0037
LOG (gmm-align-compiled[5.5.268-f9828]:main():gmm-align-compiled.cc:127) 2989-138028-0039
LOG (gmm-align-compiled[5.5.268-f9828]:main():gmm-align-compiled.cc:127) 2989-138028-0042
LOG (gmm-align-compiled[5.5.268-f9828]:main():gmm-align-compiled.cc:127) 2989-138028-0046
LOG (gmm-align-compiled[5.5.268-f9828]:main():gmm-align-compiled.cc:127) 2989-138028-0049
LOG (gmm-align-compiled[5.5.268-f9828]:main():gmm-align-compiled.cc:127) 2989-138028-0051
LOG (gmm-align-compiled[5.5.268-f9828]:main():gmm-align-compiled.cc:127) 2989-138028-0053
LOG (gmm-align-compiled[5.5.268-f9828]:main():gmm-align-compiled.cc:127) 2989-138028-0056
LOG (gmm-align-compiled[5.5.268-f9828]:main():gmm-align-compiled.cc:127) 2989-138028-0060
LOG (gmm-align-compiled[5.5.268-f9828]:main():gmm-align-compiled.cc:127) 2989-138028-0063
LOG (gmm-align-compiled[5.5.268-f9828]:main():gmm-align-compiled.cc:127) 2989-138028-0065
LOG (gmm-align-compiled[5.5.268-f9828]:main():gmm-align-compiled.cc:127) 2989-138028-0067
LOG (gmm-align-compiled[5.5.268-f9828]:main():gmm-align-compiled.cc:127) 2989-138028-0070
LOG (gmm-align-compiled[5.5.268-f9828]:main():gmm-align-compiled.cc:127) 2989-138028-0074
LOG (gmm-align-compiled[5.5.268-f9828]:main():gmm-align-compiled.cc:127) 2989-138035-0001
LOG (gmm-align-compiled[5.5.268-f9828]:main():gmm-align-compiled.cc:127) 2989-138035-0003
LOG (gmm-align-compiled[5.5.268-f9828]:main():gmm-align-compiled.cc:127) 2989-138035-0005
LOG (gmm-align-compiled[5.5.268-f9828]:main():gmm-align-compiled.cc:127) 2989-138035-0008
LOG (gmm-align-compiled[5.5.268-f9828]:main():gmm-align-compiled.cc:127) 2989-138035-0012
LOG (gmm-align-compiled[5.5.268-f9828]:main():gmm-align-compiled.cc:127) 2989-138035-0015
LOG (gmm-align-compiled[5.5.268-f9828]:main():gmm-align-compiled.cc:127) 2989-138035-0017
LOG (gmm-align-compiled[5.5.268-f9828]:main():gmm-align-compiled.cc:127) 2989-138035-0019
LOG (gmm-align-compiled[5.5.268-f9828]:main():gmm-align-compiled.cc:127) 2989-138035-0022
LOG (gmm-align-compiled[5.5.268-f9828]:main():gmm-align-compiled.cc:127) 2989-138035-0026
LOG (gmm-align-compiled[5.5.268-f9828]:main():gmm-align-compiled.cc:127) 2989-138035-0029
LOG (gmm-align-compiled[5.5.268-f9828]:main():gmm-align-compiled.cc:127) 2989-138035-0031
LOG (gmm-align-compiled[5.5.268-f9828]:main():gmm-align-compiled.cc:127) 2989-138035-0033
LOG (gmm-align-compiled[5.5.268-f9828]:main():gmm-align-compiled.cc:127) 2989-138035-0036
LOG (gmm-align-compiled[5.5.268-f9828]:main():gmm-align-compiled.cc:127) 2989-138035-0040
LOG (gmm-align-compiled[5.5.268-f9828]:main():gmm-align-compiled.cc:127) 2989-138035-0043
LOG (gmm-align-compiled[5.5.268-f9828]:main():gmm-align-compiled.cc:127) 2989-138035-0045
LOG (gmm-align-compiled[5.5.268-f9828]:main():gmm-align-compiled.cc:127) 2989-138035-0047
LOG (gmm-align-compiled[5.5.268-f9828]:main():gmm-align-compiled.cc:127) 2989-138035-0050
LOG (gmm-align-compiled[5.5.268-f9828]:main():gmm-align-compiled.cc:127) 2989-138035-0053
LOG (gmm-align-compiled[5.5.268-f9828]:main():gmm-align-compiled.cc:127) 2989-138035-0056
LOG (gmm-align-compiled[5.5.268-f9828]:main():gmm-align-compiled.cc:127) 2989-138035-0060
LOG (gmm-align-compiled[5.5.268-f9828]:main():gmm-align-compiled.cc:127) 2989-138035-0063
LOG (gmm-align-compiled[5.5.268-f9828]:main():gmm-align-compiled.cc:127) 2989-138035-0067
LOG (gmm-align-compiled[5.5.268-f9828]:main():gmm-align-compiled.cc:127) 2989-138035-0070
LOG (gmm-align-compiled[5.5.268-f9828]:main():gmm-align-compiled.cc:127) 2989-138035-0072
LOG (gmm-align-compiled[5.5.268-f9828]:main():gmm-align-compiled.cc:127) 2989-138035-0074
LOG (gmm-align-compiled[5.5.268-f9828]:main():gmm-align-compiled.cc:127) 2989-138035-0077
LOG (gmm-align-compiled[5.5.268-f9828]:main():gmm-align-compiled.cc:127) 302-123504-0002
LOG (gmm-align-compiled[5.5.268-f9828]:main():gmm-align-compiled.cc:127) 302-123504-0005
LOG (gmm-align-compiled[5.5.268-f9828]:main():gmm-align-compiled.cc:127) 302-123504-0007
LOG (gmm-align-compiled[5.5.268-f9828]:main():gmm-align-compiled.cc:127) 302-123504-0009
LOG (gmm-align-compiled[5.5.268-f9828]:main():gmm-align-compiled.cc:127) 302-123504-0012
LOG (gmm-align-compiled[5.5.268-f9828]:main():gmm-align-compiled.cc:127) 302-123504-0016
LOG (gmm-align-compiled[5.5.268-f9828]:main():gmm-align-compiled.cc:127) 302-123504-0019
LOG (gmm-align-compiled[5.5.268-f9828]:main():gmm-align-compiled.cc:127) 302-123504-0021
LOG (gmm-align-compiled[5.5.268-f9828]:main():gmm-align-compiled.cc:127) 302-123504-0023
LOG (gmm-align-compiled[5.5.268-f9828]:main():gmm-align-compiled.cc:127) 302-123504-0026
LOG (gmm-align-compiled[5.5.268-f9828]:main():gmm-align-compiled.cc:127) 302-123504-0030
LOG (gmm-align-compiled[5.5.268-f9828]:main():gmm-align-compiled.cc:127) 302-123504-0033
LOG (gmm-align-compiled[5.5.268-f9828]:main():gmm-align-compiled.cc:127) 302-123504-0035
LOG (gmm-align-compiled[5.5.268-f9828]:main():gmm-align-compiled.cc:127) 302-123504-0037
LOG (gmm-align-compiled[5.5.268-f9828]:main():gmm-align-compiled.cc:127) 302-123516-0002
LOG (gmm-align-compiled[5.5.268-f9828]:main():gmm-align-compiled.cc:127) 302-123516-0006
LOG (gmm-align-compiled[5.5.268-f9828]:main():gmm-align-compiled.cc:127) 302-123516-0009
LOG (gmm-align-compiled[5.5.268-f9828]:main():gmm-align-compiled.cc:127) 302-123516-0011
LOG (gmm-align-compiled[5.5.268-f9828]:main():gmm-align-compiled.cc:127) 302-123516-0013
LOG (gmm-align-compiled[5.5.268-f9828]:main():gmm-align-compiled.cc:127) 302-123516-0016
LOG (gmm-align-compiled[5.5.268-f9828]:main():gmm-align-compiled.cc:127) 302-123516-0020
LOG (gmm-align-compiled[5.5.268-f9828]:main():gmm-align-compiled.cc:127) 302-123516-0023
LOG (gmm-align-compiled[5.5.268-f9828]:main():gmm-align-compiled.cc:127) 302-123516-0025
LOG (gmm-align-compiled[5.5.268-f9828]:main():gmm-align-compiled.cc:127) 302-123516-0027
LOG (gmm-align-compiled[5.5.268-f9828]:main():gmm-align-compiled.cc:127) 302-123516-0030
LOG (gmm-align-compiled[5.5.268-f9828]:main():gmm-align-compiled.cc:127) 302-123516-0034
LOG (gmm-align-compiled[5.5.268-f9828]:main():gmm-align-compiled.cc:127) 302-123523-0001
LOG (gmm-align-compiled[5.5.268-f9828]:main():gmm-align-compiled.cc:127) 302-123523-0003
LOG (gmm-align-compiled[5.5.268-f9828]:main():gmm-align-compiled.cc:127) 302-123523-0005
LOG (gmm-align-compiled[5.5.268-f9828]:main():gmm-align-compiled.cc:127) 302-123523-0008
LOG (gmm-align-compiled[5.5.268-f9828]:main():gmm-align-compiled.cc:127) 302-123523-0012
LOG (gmm-align-compiled[5.5.268-f9828]:main():gmm-align-compiled.cc:127) 302-123523-0015
LOG (gmm-align-compiled[5.5.268-f9828]:main():gmm-align-compiled.cc:127) 302-123523-0017
LOG (gmm-align-compiled[5.5.268-f9828]:main():gmm-align-compiled.cc:127) 302-123523-0019
LOG (gmm-align-compiled[5.5.268-f9828]:main():gmm-align-compiled.cc:127) 302-123523-0022
LOG (gmm-align-compiled[5.5.268-f9828]:main():gmm-align-compiled.cc:127) 302-123523-0026
LOG (gmm-align-compiled[5.5.268-f9828]:main():gmm-align-compiled.cc:127) 302-123523-0029
LOG (gmm-align-compiled[5.5.268-f9828]:main():gmm-align-compiled.cc:127) 302-123523-0031
LOG (gmm-align-compiled[5.5.268-f9828]:main():gmm-align-compiled.cc:127) 302-123523-0033
LOG (gmm-align-compiled[5.5.268-f9828]:main():gmm-align-compiled.cc:127) 302-123523-0036
LOG (gmm-align-compiled[5.5.268-f9828]:main():gmm-align-compiled.cc:127) 307-127535-0001
LOG (gmm-align-compiled[5.5.268-f9828]:main():gmm-align-compiled.cc:127) 307-127535-0004
LOG (gmm-align-compiled[5.5.268-f9828]:main():gmm-align-compiled.cc:127) 307-127535-0006
LOG (gmm-align-compiled[5.5.268-f9828]:main():gmm-align-compiled.cc:127) 307-127535-0008
LOG (gmm-align-compiled[5.5.268-f9828]:main():gmm-align-compiled.cc:127) 307-127535-0011
LOG (gmm-align-compiled[5.5.268-f9828]:main():gmm-align-compiled.cc:127) 307-127535-0015
LOG (gmm-align-compiled[5.5.268-f9828]:main():gmm-align-compiled.cc:127) 307-127535-0018
LOG (gmm-align-compiled[5.5.268-f9828]:main():gmm-align-compiled.cc:127) 307-127535-0020
LOG (gmm-align-compiled[5.5.268-f9828]:main():gmm-align-compiled.cc:127) 307-127535-0022
LOG (gmm-align-compiled[5.5.268-f9828]:main():gmm-align-compiled.cc:127) 307-127535-0025
LOG (gmm-align-compiled[5.5.268-f9828]:main():gmm-align-compiled.cc:127) 307-127535-0029
LOG (gmm-align-compiled[5.5.268-f9828]:main():gmm-align-compiled.cc:127) 307-127535-0032
LOG (gmm-align-compiled[5.5.268-f9828]:main():gmm-align-compiled.cc:127) 307-127535-0034
LOG (gmm-align-compiled[5.5.268-f9828]:main():gmm-align-compiled.cc:127) 307-127535-0036
LOG (gmm-align-compiled[5.5.268-f9828]:main():gmm-align-compiled.cc:127) 307-127535-0039
LOG (gmm-align-compiled[5.5.268-f9828]:main():gmm-align-compiled.cc:127) 307-127535-0043
LOG (gmm-align-compiled[5.5.268-f9828]:main():gmm-align-compiled.cc:127) 307-127539-0000
LOG (gmm-align-compiled[5.5.268-f9828]:main():gmm-align-compiled.cc:127) 307-127539-0002
LOG (gmm-align-compiled[5.5.268-f9828]:main():gmm-align-compiled.cc:127) 307-127539-0004
LOG (gmm-align-compiled[5.5.268-f9828]:main():gmm-align-compiled.cc:127) 307-127539-0007
LOG (gmm-align-compiled[5.5.268-f9828]:main():gmm-align-compiled.cc:127) 307-127539-0011
LOG (gmm-align-compiled[5.5.268-f9828]:main():gmm-align-compiled.cc:127) 307-127539-0014
LOG (gmm-align-compiled[5.5.268-f9828]:main():gmm-align-compiled.cc:127) 307-127539-0016
LOG (gmm-align-compiled[5.5.268-f9828]:main():gmm-align-compiled.cc:127) 307-127539-0018
LOG (gmm-align-compiled[5.5.268-f9828]:main():gmm-align-compiled.cc:127) 307-127539-0021
LOG (gmm-align-compiled[5.5.268-f9828]:main():gmm-align-compiled.cc:127) 307-127539-0025
LOG (gmm-align-compiled[5.5.268-f9828]:main():gmm-align-compiled.cc:127) 307-127539-0028
LOG (gmm-align-compiled[5.5.268-f9828]:main():gmm-align-compiled.cc:127) 307-127539-0030
LOG (gmm-align-compiled[5.5.268-f9828]:main():gmm-align-compiled.cc:127) 307-127539-0032
LOG (gmm-align-compiled[5.5.268-f9828]:main():gmm-align-compiled.cc:127) 307-127539-0035
LOG (gmm-align-compiled[5.5.268-f9828]:main():gmm-align-compiled.cc:127) 307-127539-0038
LOG (gmm-align-compiled[5.5.268-f9828]:main():gmm-align-compiled.cc:127) 307-127539-0041
LOG (gmm-align-compiled[5.5.268-f9828]:main():gmm-align-compiled.cc:127) 307-127540-0003
LOG (gmm-align-compiled[5.5.268-f9828]:main():gmm-align-compiled.cc:127) 307-127540-0006
LOG (gmm-align-compiled[5.5.268-f9828]:main():gmm-align-compiled.cc:127) 307-127540-0010
LOG (gmm-align-compiled[5.5.268-f9828]:main():gmm-align-compiled.cc:127) 307-127540-0013
LOG (gmm-align-compiled[5.5.268-f9828]:main():gmm-align-compiled.cc:127) 307-127540-0015
LOG (gmm-align-compiled[5.5.268-f9828]:main():gmm-align-compiled.cc:127) 307-127540-0017
LOG (gmm-align-compiled[5.5.268-f9828]:main():gmm-align-compiled.cc:127) 307-127540-0020
LOG (gmm-align-compiled[5.5.268-f9828]:main():gmm-align-compiled.cc:127) 307-127540-0024
LOG (gmm-align-compiled[5.5.268-f9828]:main():gmm-align-compiled.cc:127) 307-127540-0027
LOG (gmm-align-compiled[5.5.268-f9828]:main():gmm-align-compiled.cc:127) 307-127540-0029
LOG (gmm-align-compiled[5.5.268-f9828]:main():gmm-align-compiled.cc:127) 307-127540-0031
LOG (gmm-align-compiled[5.5.268-f9828]:main():gmm-align-compiled.cc:127) 307-127540-0034
LOG (gmm-align-compiled[5.5.268-f9828]:main():gmm-align-compiled.cc:127) 311-124404-0002
LOG (gmm-align-compiled[5.5.268-f9828]:main():gmm-align-compiled.cc:127) 311-124404-0005
LOG (gmm-align-compiled[5.5.268-f9828]:main():gmm-align-compiled.cc:127) 311-124404-0007
LOG (gmm-align-compiled[5.5.268-f9828]:main():gmm-align-compiled.cc:127) 311-124404-0009
LOG (gmm-align-compiled[5.5.268-f9828]:main():gmm-align-compiled.cc:127) 311-124404-0012
LOG (gmm-align-compiled[5.5.268-f9828]:main():gmm-align-compiled.cc:127) 311-124404-0016
LOG (gmm-align-compiled[5.5.268-f9828]:main():gmm-align-compiled.cc:127) 311-124404-0019
LOG (gmm-align-compiled[5.5.268-f9828]:main():gmm-align-compiled.cc:127) 311-124404-0021
LOG (gmm-align-compiled[5.5.268-f9828]:main():gmm-align-compiled.cc:127) 311-124404-0023
LOG (gmm-align-compiled[5.5.268-f9828]:main():gmm-align-compiled.cc:127) 311-124404-0026
LOG (gmm-align-compiled[5.5.268-f9828]:main():gmm-align-compiled.cc:127) 311-124404-0030
LOG (gmm-align-compiled[5.5.268-f9828]:main():gmm-align-compiled.cc:127) 311-124404-0033
LOG (gmm-align-compiled[5.5.268-f9828]:main():gmm-align-compiled.cc:127) 311-124404-0035
LOG (gmm-align-compiled[5.5.268-f9828]:main():gmm-align-compiled.cc:127) 311-124404-0037
LOG (gmm-align-compiled[5.5.268-f9828]:main():gmm-align-compiled.cc:127) 311-124404-0040
LOG (gmm-align-compiled[5.5.268-f9828]:main():gmm-align-compiled.cc:127) 311-124404-0044
LOG (gmm-align-compiled[5.5.268-f9828]:main():gmm-align-compiled.cc:127) 311-124404-0047
LOG (gmm-align-compiled[5.5.268-f9828]:main():gmm-align-compiled.cc:127) 311-124404-0049
LOG (gmm-align-compiled[5.5.268-f9828]:main():gmm-align-compiled.cc:127) 311-124404-0051
LOG (gmm-align-compiled[5.5.268-f9828]:main():gmm-align-compiled.cc:127) 311-124404-0054
LOG (gmm-align-compiled[5.5.268-f9828]:main():gmm-align-compiled.cc:127) 311-124404-0058
LOG (gmm-align-compiled[5.5.268-f9828]:main():gmm-align-compiled.cc:127) 311-124404-0061
LOG (gmm-align-compiled[5.5.268-f9828]:main():gmm-align-compiled.cc:127) 311-124404-0063
LOG (gmm-align-compiled[5.5.268-f9828]:main():gmm-align-compiled.cc:127) 311-124404-0065
LOG (gmm-align-compiled[5.5.268-f9828]:main():gmm-align-compiled.cc:127) 311-124404-0068
LOG (gmm-align-compiled[5.5.268-f9828]:main():gmm-align-compiled.cc:127) 311-124404-0072
LOG (gmm-align-compiled[5.5.268-f9828]:main():gmm-align-compiled.cc:127) 311-124404-0075
LOG (gmm-align-compiled[5.5.268-f9828]:main():gmm-align-compiled.cc:127) 311-124404-0079
LOG (gmm-align-compiled[5.5.268-f9828]:main():gmm-align-compiled.cc:127) 311-124404-0082
LOG (gmm-align-compiled[5.5.268-f9828]:main():gmm-align-compiled.cc:127) 311-124404-0086
LOG (gmm-align-compiled[5.5.268-f9828]:main():gmm-align-compiled.cc:127) 311-124404-0089
LOG (gmm-align-compiled[5.5.268-f9828]:main():gmm-align-compiled.cc:127) 311-124404-0091
LOG (gmm-align-compiled[5.5.268-f9828]:main():gmm-align-compiled.cc:127) 311-124404-0093
LOG (gmm-align-compiled[5.5.268-f9828]:main():gmm-align-compiled.cc:127) 311-124404-0096
LOG (gmm-align-compiled[5.5.268-f9828]:main():gmm-align-compiled.cc:127) 311-124404-0100
LOG (gmm-align-compiled[5.5.268-f9828]:main():gmm-align-compiled.cc:127) 311-124404-0103
LOG (gmm-align-compiled[5.5.268-f9828]:main():gmm-align-compiled.cc:127) 311-124404-0105
LOG (gmm-align-compiled[5.5.268-f9828]:main():gmm-align-compiled.cc:127) 311-124404-0107
LOG (gmm-align-compiled[5.5.268-f9828]:main():gmm-align-compiled.cc:127) 311-124404-0110
LOG (gmm-align-compiled[5.5.268-f9828]:main():gmm-align-compiled.cc:127) 311-124404-0114
LOG (gmm-align-compiled[5.5.268-f9828]:main():gmm-align-compiled.cc:127) 311-124404-0117
LOG (gmm-align-compiled[5.5.268-f9828]:main():gmm-align-compiled.cc:127) 311-124404-0119
LOG (gmm-align-compiled[5.5.268-f9828]:main():gmm-align-compiled.cc:127) 311-124404-0121
LOG (gmm-align-compiled[5.5.268-f9828]:main():gmm-align-compiled.cc:127) 3112-9554-0002
LOG (gmm-align-compiled[5.5.268-f9828]:main():gmm-align-compiled.cc:127) 3112-9554-0006
LOG (gmm-align-compiled[5.5.268-f9828]:main():gmm-align-compiled.cc:127) 3112-9554-0009
LOG (gmm-align-compiled[5.5.268-f9828]:main():gmm-align-compiled.cc:127) 3112-9554-0011
LOG (gmm-align-compiled[5.5.268-f9828]:main():gmm-align-compiled.cc:127) 3112-9554-0013
LOG (gmm-align-compiled[5.5.268-f9828]:main():gmm-align-compiled.cc:127) 3112-9554-0016
LOG (gmm-align-compiled[5.5.268-f9828]:main():gmm-align-compiled.cc:127) 3112-9554-0020
LOG (gmm-align-compiled[5.5.268-f9828]:main():gmm-align-compiled.cc:127) 3112-9554-0023
LOG (gmm-align-compiled[5.5.268-f9828]:main():gmm-align-compiled.cc:127) 3112-9555-0001
LOG (gmm-align-compiled[5.5.268-f9828]:main():gmm-align-compiled.cc:127) 3112-9555-0003
LOG (gmm-align-compiled[5.5.268-f9828]:main():gmm-align-compiled.cc:127) 3112-9555-0006
LOG (gmm-align-compiled[5.5.268-f9828]:main():gmm-align-compiled.cc:127) 3112-9555-0010
LOG (gmm-align-compiled[5.5.268-f9828]:main():gmm-align-compiled.cc:127) 3112-9555-0013
LOG (gmm-align-compiled[5.5.268-f9828]:main():gmm-align-compiled.cc:127) 3112-9555-0015
LOG (gmm-align-compiled[5.5.268-f9828]:main():gmm-align-compiled.cc:127) 3112-9555-0017
LOG (gmm-align-compiled[5.5.268-f9828]:main():gmm-align-compiled.cc:127) 3112-9555-0020
LOG (gmm-align-compiled[5.5.268-f9828]:main():gmm-align-compiled.cc:127) 3112-9555-0024
LOG (gmm-align-compiled[5.5.268-f9828]:main():gmm-align-compiled.cc:127) 3112-9555-0027
LOG (gmm-align-compiled[5.5.268-f9828]:main():gmm-align-compiled.cc:127) 3112-9555-0029
LOG (gmm-align-compiled[5.5.268-f9828]:main():gmm-align-compiled.cc:127) 3112-9555-0031
LOG (gmm-align-compiled[5.5.268-f9828]:main():gmm-align-compiled.cc:127) 3112-9555-0034
LOG (gmm-align-compiled[5.5.268-f9828]:main():gmm-align-compiled.cc:127) 3112-9555-0037
LOG (gmm-align-compiled[5.5.268-f9828]:main():gmm-align-compiled.cc:127) 3112-9555-0040
LOG (gmm-align-compiled[5.5.268-f9828]:main():gmm-align-compiled.cc:127) 3112-9555-0044
LOG (gmm-align-compiled[5.5.268-f9828]:main():gmm-align-compiled.cc:127) 3112-9555-0047
LOG (gmm-align-compiled[5.5.268-f9828]:main():gmm-align-compiled.cc:127) 3112-9555-0051
LOG (gmm-align-compiled[5.5.268-f9828]:main():gmm-align-compiled.cc:127) 3112-9555-0054
LOG (gmm-align-compiled[5.5.268-f9828]:main():gmm-align-compiled.cc:127) 3112-9555-0056
LOG (gmm-align-compiled[5.5.268-f9828]:main():gmm-align-compiled.cc:127) 3112-9555-0058
LOG (gmm-align-compiled[5.5.268-f9828]:main():gmm-align-compiled.cc:127) 3112-9555-0061
LOG (gmm-align-compiled[5.5.268-f9828]:main():gmm-align-compiled.cc:127) 3112-9555-0065
LOG (gmm-align-compiled[5.5.268-f9828]:main():gmm-align-compiled.cc:127) 3112-9555-0068
LOG (gmm-align-compiled[5.5.268-f9828]:main():gmm-align-compiled.cc:127) 3112-9555-0070
LOG (gmm-align-compiled[5.5.268-f9828]:main():gmm-align-compiled.cc:127) 3112-9555-0072
LOG (gmm-align-compiled[5.5.268-f9828]:main():gmm-align-compiled.cc:127) 3112-9555-0075
LOG (gmm-align-compiled[5.5.268-f9828]:main():gmm-align-compiled.cc:127) 3112-9555-0079
LOG (gmm-align-compiled[5.5.268-f9828]:main():gmm-align-compiled.cc:127) 3112-9555-0082
LOG (gmm-align-compiled[5.5.268-f9828]:main():gmm-align-compiled.cc:127) 3112-9555-0084
LOG (gmm-align-compiled[5.5.268-f9828]:main():gmm-align-compiled.cc:127) 3112-9555-0086
LOG (gmm-align-compiled[5.5.268-f9828]:main():gmm-align-compiled.cc:127) 3112-9555-0089
LOG (gmm-align-compiled[5.5.268-f9828]:main():gmm-align-compiled.cc:127) 3112-9555-0093
LOG (gmm-align-compiled[5.5.268-f9828]:main():gmm-align-compiled.cc:127) 3168-173564-0002
LOG (gmm-align-compiled[5.5.268-f9828]:main():gmm-align-compiled.cc:127) 3168-173564-0004
LOG (gmm-align-compiled[5.5.268-f9828]:main():gmm-align-compiled.cc:127) 3168-173564-0006
LOG (gmm-align-compiled[5.5.268-f9828]:main():gmm-align-compiled.cc:127) 3168-173564-0009
LOG (gmm-align-compiled[5.5.268-f9828]:main():gmm-align-compiled.cc:127) 3168-173564-0013
LOG (gmm-align-compiled[5.5.268-f9828]:main():gmm-align-compiled.cc:127) 3168-173564-0016
LOG (gmm-align-compiled[5.5.268-f9828]:main():gmm-align-compiled.cc:127) 3168-173564-0018
LOG (gmm-align-compiled[5.5.268-f9828]:main():gmm-align-compiled.cc:127) 3168-173564-0020
LOG (gmm-align-compiled[5.5.268-f9828]:main():gmm-align-compiled.cc:127) 3168-173564-0023
LOG (gmm-align-compiled[5.5.268-f9828]:main():gmm-align-compiled.cc:127) 3168-173564-0027
LOG (gmm-align-compiled[5.5.268-f9828]:main():gmm-align-compiled.cc:127) 3168-173564-0030
LOG (gmm-align-compiled[5.5.268-f9828]:main():gmm-align-compiled.cc:127) 3168-173564-0032
LOG (gmm-align-compiled[5.5.268-f9828]:main():gmm-align-compiled.cc:127) 3168-173564-0034
LOG (gmm-align-compiled[5.5.268-f9828]:main():gmm-align-compiled.cc:127) 3168-173564-0037
LOG (gmm-align-compiled[5.5.268-f9828]:main():gmm-align-compiled.cc:127) 3168-173564-0041
LOG (gmm-align-compiled[5.5.268-f9828]:main():gmm-align-compiled.cc:127) 3168-173564-0044
LOG (gmm-align-compiled[5.5.268-f9828]:main():gmm-align-compiled.cc:127) 3168-173565-0000
LOG (gmm-align-compiled[5.5.268-f9828]:main():gmm-align-compiled.cc:127) 3168-173565-0002
LOG (gmm-align-compiled[5.5.268-f9828]:main():gmm-align-compiled.cc:127) 3168-173565-0005
LOG (gmm-align-compiled[5.5.268-f9828]:main():gmm-align-compiled.cc:127) 3168-173565-0009
LOG (gmm-align-compiled[5.5.268-f9828]:main():gmm-align-compiled.cc:127) 3168-173565-0012
LOG (gmm-align-compiled[5.5.268-f9828]:main():gmm-align-compiled.cc:127) 3168-173565-0016
LOG (gmm-align-compiled[5.5.268-f9828]:main():gmm-align-compiled.cc:127) 3168-173565-0019
LOG (gmm-align-compiled[5.5.268-f9828]:main():gmm-align-compiled.cc:127) 3168-173565-0023
LOG (gmm-align-compiled[5.5.268-f9828]:main():gmm-align-compiled.cc:127) 3168-173565-0026
LOG (gmm-align-compiled[5.5.268-f9828]:main():gmm-align-compiled.cc:127) 3168-173565-0028
LOG (gmm-align-compiled[5.5.268-f9828]:main():gmm-align-compiled.cc:127) 3168-173565-0030
LOG (gmm-align-compiled[5.5.268-f9828]:main():gmm-align-compiled.cc:127) 3168-173565-0033
LOG (gmm-align-compiled[5.5.268-f9828]:main():gmm-align-compiled.cc:127) 3168-173565-0037
LOG (gmm-align-compiled[5.5.268-f9828]:main():gmm-align-compiled.cc:127) 3168-173565-0040
LOG (gmm-align-compiled[5.5.268-f9828]:main():gmm-align-compiled.cc:127) 3168-173565-0042
LOG (gmm-align-compiled[5.5.268-f9828]:main():gmm-align-compiled.cc:127) 3168-173565-0044
LOG (gmm-align-compiled[5.5.268-f9828]:main():gmm-align-compiled.cc:127) 3168-173565-0047
LOG (gmm-align-compiled[5.5.268-f9828]:main():gmm-align-compiled.cc:127) 3168-173565-0051
LOG (gmm-align-compiled[5.5.268-f9828]:main():gmm-align-compiled.cc:127) 3168-173565-0054
LOG (gmm-align-compiled[5.5.268-f9828]:main():gmm-align-compiled.cc:127) 3168-173565-0056
LOG (gmm-align-compiled[5.5.268-f9828]:main():gmm-align-compiled.cc:127) 3168-173565-0058
LOG (gmm-align-compiled[5.5.268-f9828]:main():gmm-align-compiled.cc:127) 3168-173565-0061
LOG (gmm-align-compiled[5.5.268-f9828]:main():gmm-align-compiled.cc:127) 32-21625-0003
LOG (gmm-align-compiled[5.5.268-f9828]:main():gmm-align-compiled.cc:127) 32-21625-0006
LOG (gmm-align-compiled[5.5.268-f9828]:main():gmm-align-compiled.cc:127) 32-21625-0008
LOG (gmm-align-compiled[5.5.268-f9828]:main():gmm-align-compiled.cc:127) 32-21625-0010
LOG (gmm-align-compiled[5.5.268-f9828]:main():gmm-align-compiled.cc:127) 32-21625-0013
LOG (gmm-align-compiled[5.5.268-f9828]:main():gmm-align-compiled.cc:127) 32-21625-0017
LOG (gmm-align-compiled[5.5.268-f9828]:main():gmm-align-compiled.cc:127) 32-21631-0002
LOG (gmm-align-compiled[5.5.268-f9828]:main():gmm-align-compiled.cc:127) 32-21631-0004
LOG (gmm-align-compiled[5.5.268-f9828]:main():gmm-align-compiled.cc:127) 32-21631-0006
LOG (gmm-align-compiled[5.5.268-f9828]:main():gmm-align-compiled.cc:127) 32-21631-0009
LOG (gmm-align-compiled[5.5.268-f9828]:main():gmm-align-compiled.cc:127) 32-21631-0013
LOG (gmm-align-compiled[5.5.268-f9828]:main():gmm-align-compiled.cc:127) 32-21631-0016
LOG (gmm-align-compiled[5.5.268-f9828]:main():gmm-align-compiled.cc:127) 32-21631-0018
LOG (gmm-align-compiled[5.5.268-f9828]:main():gmm-align-compiled.cc:127) 32-21634-0000
LOG (gmm-align-compiled[5.5.268-f9828]:main():gmm-align-compiled.cc:127) 32-21634-0003
LOG (gmm-align-compiled[5.5.268-f9828]:main():gmm-align-compiled.cc:127) 32-21634-0007
LOG (gmm-align-compiled[5.5.268-f9828]:main():gmm-align-compiled.cc:127) 32-21634-0010
LOG (gmm-align-compiled[5.5.268-f9828]:main():gmm-align-compiled.cc:127) 32-21634-0012
LOG (gmm-align-compiled[5.5.268-f9828]:main():gmm-align-compiled.cc:127) 32-21634-0014
LOG (gmm-align-compiled[5.5.268-f9828]:main():gmm-align-compiled.cc:127) 32-21634-0017
LOG (gmm-align-compiled[5.5.268-f9828]:main():gmm-align-compiled.cc:127) 32-4137-0000
LOG (gmm-align-compiled[5.5.268-f9828]:main():gmm-align-compiled.cc:127) 32-4137-0003
LOG (gmm-align-compiled[5.5.268-f9828]:main():gmm-align-compiled.cc:127) 32-4137-0007
LOG (gmm-align-compiled[5.5.268-f9828]:main():gmm-align-compiled.cc:127) 32-4137-0010
LOG (gmm-align-compiled[5.5.268-f9828]:main():gmm-align-compiled.cc:127) 32-4137-0014
LOG (gmm-align-compiled[5.5.268-f9828]:main():gmm-align-compiled.cc:127) 32-4137-0017
LOG (gmm-align-compiled[5.5.268-f9828]:main():gmm-align-compiled.cc:127) 32-4137-0019
LOG (gmm-align-compiled[5.5.268-f9828]:main():gmm-align-compiled.cc:127) 32-4137-0021
LOG (gmm-align-compiled[5.5.268-f9828]:main():gmm-align-compiled.cc:127) 32-4137-0024
LOG (gmm-align-compiled[5.5.268-f9828]:main():gmm-align-compiled.cc:127) 32-4137-0028
LOG (gmm-align-compiled[5.5.268-f9828]:main():gmm-align-compiled.cc:127) 32-4137-0031
LOG (gmm-align-compiled[5.5.268-f9828]:main():gmm-align-compiled.cc:127) 32-4137-0033
LOG (gmm-align-compiled[5.5.268-f9828]:main():gmm-align-compiled.cc:127) 32-4137-0035
LOG (gmm-align-compiled[5.5.268-f9828]:main():gmm-align-compiled.cc:127) 32-4137-0038
LOG (gmm-align-compiled[5.5.268-f9828]:main():gmm-align-compiled.cc:127) 32-4137-0042
LOG (gmm-align-compiled[5.5.268-f9828]:main():gmm-align-compiled.cc:127) 32-4137-0045
LOG (gmm-align-compiled[5.5.268-f9828]:main():gmm-align-compiled.cc:127) 32-4137-0047
LOG (gmm-align-compiled[5.5.268-f9828]:main():gmm-align-compiled.cc:127) 32-4137-0049
LOG (gmm-align-compiled[5.5.268-f9828]:main():gmm-align-compiled.cc:127) 32-4137-0052
LOG (gmm-align-compiled[5.5.268-f9828]:main():gmm-align-compiled.cc:127) 32-4137-0056
LOG (gmm-align-compiled[5.5.268-f9828]:main():gmm-align-compiled.cc:127) 3214-167602-0000
LOG (gmm-align-compiled[5.5.268-f9828]:main():gmm-align-compiled.cc:127) 3214-167602-0002
LOG (gmm-align-compiled[5.5.268-f9828]:main():gmm-align-compiled.cc:127) 3214-167602-0004
LOG (gmm-align-compiled[5.5.268-f9828]:main():gmm-align-compiled.cc:127) 3214-167602-0007
LOG (gmm-align-compiled[5.5.268-f9828]:main():gmm-align-compiled.cc:127) 3214-167602-0011
LOG (gmm-align-compiled[5.5.268-f9828]:main():gmm-align-compiled.cc:127) 3214-167602-0014
LOG (gmm-align-compiled[5.5.268-f9828]:main():gmm-align-compiled.cc:127) 3214-167602-0016
LOG (gmm-align-compiled[5.5.268-f9828]:main():gmm-align-compiled.cc:127) 3214-167602-0018
LOG (gmm-align-compiled[5.5.268-f9828]:main():gmm-align-compiled.cc:127) 3214-167602-0021
LOG (gmm-align-compiled[5.5.268-f9828]:main():gmm-align-compiled.cc:127) 3214-167602-0025
LOG (gmm-align-compiled[5.5.268-f9828]:main():gmm-align-compiled.cc:127) 3214-167602-0028
LOG (gmm-align-compiled[5.5.268-f9828]:main():gmm-align-compiled.cc:127) 3214-167602-0030
LOG (gmm-align-compiled[5.5.268-f9828]:main():gmm-align-compiled.cc:127) 3214-167602-0032
LOG (gmm-align-compiled[5.5.268-f9828]:main():gmm-align-compiled.cc:127) 3214-167602-0035
LOG (gmm-align-compiled[5.5.268-f9828]:main():gmm-align-compiled.cc:127) 3214-167606-0001
LOG (gmm-align-compiled[5.5.268-f9828]:main():gmm-align-compiled.cc:127) 3214-167606-0004
LOG (gmm-align-compiled[5.5.268-f9828]:main():gmm-align-compiled.cc:127) 3214-167606-0006
LOG (gmm-align-compiled[5.5.268-f9828]:main():gmm-align-compiled.cc:127) 3214-167606-0008
LOG (gmm-align-compiled[5.5.268-f9828]:main():gmm-align-compiled.cc:127) 3214-167606-0011
LOG (gmm-align-compiled[5.5.268-f9828]:main():gmm-align-compiled.cc:127) 3214-167606-0015
LOG (gmm-align-compiled[5.5.268-f9828]:main():gmm-align-compiled.cc:127) 3214-167606-0018
LOG (gmm-align-compiled[5.5.268-f9828]:main():gmm-align-compiled.cc:127) 3214-167606-0022
LOG (gmm-align-compiled[5.5.268-f9828]:main():gmm-align-compiled.cc:127) 3214-167606-0025
LOG (gmm-align-compiled[5.5.268-f9828]:main():gmm-align-compiled.cc:127) 3214-167606-0029
LOG (gmm-align-compiled[5.5.268-f9828]:main():gmm-align-compiled.cc:127) 3214-167606-0032
LOG (gmm-align-compiled[5.5.268-f9828]:main():gmm-align-compiled.cc:127) 3214-167606-0034
LOG (gmm-align-compiled[5.5.268-f9828]:main():gmm-align-compiled.cc:127) 3214-167606-0036
LOG (gmm-align-compiled[5.5.268-f9828]:main():gmm-align-compiled.cc:127) 3214-167607-0002
LOG (gmm-align-compiled[5.5.268-f9828]:main():gmm-align-compiled.cc:127) 3214-167607-0006
LOG (gmm-align-compiled[5.5.268-f9828]:main():gmm-align-compiled.cc:127) 3214-167607-0009
LOG (gmm-align-compiled[5.5.268-f9828]:main():gmm-align-compiled.cc:127) 3214-167607-0011
LOG (gmm-align-compiled[5.5.268-f9828]:main():gmm-align-compiled.cc:127) 3214-167607-0013
LOG (gmm-align-compiled[5.5.268-f9828]:main():gmm-align-compiled.cc:127) 3214-167607-0016
LOG (gmm-align-compiled[5.5.268-f9828]:main():gmm-align-compiled.cc:127) 3214-167607-0020
LOG (gmm-align-compiled[5.5.268-f9828]:main():gmm-align-compiled.cc:127) 3214-167607-0023
LOG (gmm-align-compiled[5.5.268-f9828]:main():gmm-align-compiled.cc:127) 3214-167607-0025
LOG (gmm-align-compiled[5.5.268-f9828]:main():gmm-align-compiled.cc:127) 3214-167607-0027
LOG (gmm-align-compiled[5.5.268-f9828]:main():gmm-align-compiled.cc:127) 3214-167607-0030
LOG (gmm-align-compiled[5.5.268-f9828]:main():gmm-align-compiled.cc:127) 3214-167607-0034
LOG (gmm-align-compiled[5.5.268-f9828]:main():gmm-align-compiled.cc:127) 3214-167607-0037
LOG (gmm-align-compiled[5.5.268-f9828]:main():gmm-align-compiled.cc:127) 3214-167607-0039
LOG (gmm-align-compiled[5.5.268-f9828]:main():gmm-align-compiled.cc:127) 322-124146-0000
LOG (gmm-align-compiled[5.5.268-f9828]:main():gmm-align-compiled.cc:127) 322-124146-0003
LOG (gmm-align-compiled[5.5.268-f9828]:main():gmm-align-compiled.cc:127) 322-124146-0007
LOG (gmm-align-compiled[5.5.268-f9828]:main():gmm-align-compiled.cc:127) 322-124146-0010
LOG (gmm-align-compiled[5.5.268-f9828]:main():gmm-align-compiled.cc:127) 322-124146-0012
LOG (gmm-align-compiled[5.5.268-f9828]:main():gmm-align-compiled.cc:127) 322-124146-0014
LOG (gmm-align-compiled[5.5.268-f9828]:main():gmm-align-compiled.cc:127) 322-124146-0017
LOG (gmm-align-compiled[5.5.268-f9828]:main():gmm-align-compiled.cc:127) 322-124146-0021
LOG (gmm-align-compiled[5.5.268-f9828]:main():gmm-align-compiled.cc:127) 322-124146-0024
LOG (gmm-align-compiled[5.5.268-f9828]:main():gmm-align-compiled.cc:127) 322-124146-0026
LOG (gmm-align-compiled[5.5.268-f9828]:main():gmm-align-compiled.cc:127) 322-124146-0028
LOG (gmm-align-compiled[5.5.268-f9828]:main():gmm-align-compiled.cc:127) 322-124146-0031
LOG (gmm-align-compiled[5.5.268-f9828]:main():gmm-align-compiled.cc:127) 322-124146-0035
LOG (gmm-align-compiled[5.5.268-f9828]:main():gmm-align-compiled.cc:127) 322-124147-0000
LOG (gmm-align-compiled[5.5.268-f9828]:main():gmm-align-compiled.cc:127) 322-124147-0002
LOG (gmm-align-compiled[5.5.268-f9828]:main():gmm-align-compiled.cc:127) 322-124147-0004
LOG (gmm-align-compiled[5.5.268-f9828]:main():gmm-align-compiled.cc:127) 322-124147-0007
LOG (gmm-align-compiled[5.5.268-f9828]:main():gmm-align-compiled.cc:127) 322-124147-0010
LOG (gmm-align-compiled[5.5.268-f9828]:main():gmm-align-compiled.cc:127) 322-124147-0013
LOG (gmm-align-compiled[5.5.268-f9828]:main():gmm-align-compiled.cc:127) 322-124147-0017
LOG (gmm-align-compiled[5.5.268-f9828]:main():gmm-align-compiled.cc:127) 322-124147-0020
LOG (gmm-align-compiled[5.5.268-f9828]:main():gmm-align-compiled.cc:127) 322-124147-0024
LOG (gmm-align-compiled[5.5.268-f9828]:main():gmm-align-compiled.cc:127) 322-124147-0027
LOG (gmm-align-compiled[5.5.268-f9828]:main():gmm-align-compiled.cc:127) 322-124147-0029
LOG (gmm-align-compiled[5.5.268-f9828]:main():gmm-align-compiled.cc:127) 322-124147-0031
LOG (gmm-align-compiled[5.5.268-f9828]:main():gmm-align-compiled.cc:127) 322-124147-0034
LOG (gmm-align-compiled[5.5.268-f9828]:main():gmm-align-compiled.cc:127) 322-124147-0038
LOG (gmm-align-compiled[5.5.268-f9828]:main():gmm-align-compiled.cc:127) 322-124147-0041
LOG (gmm-align-compiled[5.5.268-f9828]:main():gmm-align-compiled.cc:127) 322-124147-0043
LOG (gmm-align-compiled[5.5.268-f9828]:main():gmm-align-compiled.cc:127) 322-124147-0045
LOG (gmm-align-compiled[5.5.268-f9828]:main():gmm-align-compiled.cc:127) 322-124147-0048
LOG (gmm-align-compiled[5.5.268-f9828]:main():gmm-align-compiled.cc:127) 322-124147-0052
LOG (gmm-align-compiled[5.5.268-f9828]:main():gmm-align-compiled.cc:127) 322-124147-0055
LOG (gmm-align-compiled[5.5.268-f9828]:main():gmm-align-compiled.cc:127) 322-124147-0057
LOG (gmm-align-compiled[5.5.268-f9828]:main():gmm-align-compiled.cc:127) 322-124147-0059
LOG (gmm-align-compiled[5.5.268-f9828]:main():gmm-align-compiled.cc:127) 322-124147-0062
LOG (gmm-align-compiled[5.5.268-f9828]:main():gmm-align-compiled.cc:127) 322-124147-0066
LOG (gmm-align-compiled[5.5.268-f9828]:main():gmm-align-compiled.cc:127) 322-124147-0069
LOG (gmm-align-compiled[5.5.268-f9828]:main():gmm-align-compiled.cc:127) 322-124147-0071
LOG (gmm-align-compiled[5.5.268-f9828]:main():gmm-align-compiled.cc:127) 322-124147-0073
LOG (gmm-align-compiled[5.5.268-f9828]:main():gmm-align-compiled.cc:127) 322-124147-0076
LOG (gmm-align-compiled[5.5.268-f9828]:main():gmm-align-compiled.cc:127) 322-124147-0080
LOG (gmm-align-compiled[5.5.268-f9828]:main():gmm-align-compiled.cc:127) 322-124147-0083
LOG (gmm-align-compiled[5.5.268-f9828]:main():gmm-align-compiled.cc:127) 3235-11599-0001
LOG (gmm-align-compiled[5.5.268-f9828]:main():gmm-align-compiled.cc:127) 3235-11599-0003
LOG (gmm-align-compiled[5.5.268-f9828]:main():gmm-align-compiled.cc:127) 3235-11599-0006
LOG (gmm-align-compiled[5.5.268-f9828]:main():gmm-align-compiled.cc:127) 3235-11599-0010
LOG (gmm-align-compiled[5.5.268-f9828]:main():gmm-align-compiled.cc:127) 3235-11599-0013
LOG (gmm-align-compiled[5.5.268-f9828]:main():gmm-align-compiled.cc:127) 3235-11599-0015
LOG (gmm-align-compiled[5.5.268-f9828]:main():gmm-align-compiled.cc:127) 3235-11599-0017
LOG (gmm-align-compiled[5.5.268-f9828]:main():gmm-align-compiled.cc:127) 3235-11599-0020
LOG (gmm-align-compiled[5.5.268-f9828]:main():gmm-align-compiled.cc:127) 3235-11599-0024
LOG (gmm-align-compiled[5.5.268-f9828]:main():gmm-align-compiled.cc:127) 3235-11599-0027
LOG (gmm-align-compiled[5.5.268-f9828]:main():gmm-align-compiled.cc:127) 3235-28433-0000
LOG (gmm-align-compiled[5.5.268-f9828]:main():gmm-align-compiled.cc:127) 3235-28433-0002
LOG (gmm-align-compiled[5.5.268-f9828]:main():gmm-align-compiled.cc:127) 3235-28433-0005
LOG (gmm-align-compiled[5.5.268-f9828]:main():gmm-align-compiled.cc:127) 3235-28433-0009
LOG (gmm-align-compiled[5.5.268-f9828]:main():gmm-align-compiled.cc:127) 3235-28433-0012
LOG (gmm-align-compiled[5.5.268-f9828]:main():gmm-align-compiled.cc:127) 3235-28433-0016
LOG (gmm-align-compiled[5.5.268-f9828]:main():gmm-align-compiled.cc:127) 3235-28433-0019
LOG (gmm-align-compiled[5.5.268-f9828]:main():gmm-align-compiled.cc:127) 3235-28433-0023
LOG (gmm-align-compiled[5.5.268-f9828]:main():gmm-align-compiled.cc:127) 3235-28433-0026
LOG (gmm-align-compiled[5.5.268-f9828]:main():gmm-align-compiled.cc:127) 3235-28433-0028
LOG (gmm-align-compiled[5.5.268-f9828]:main():gmm-align-compiled.cc:127) 3235-28433-0030
LOG (gmm-align-compiled[5.5.268-f9828]:main():gmm-align-compiled.cc:127) 3235-28433-0033
LOG (gmm-align-compiled[5.5.268-f9828]:main():gmm-align-compiled.cc:127) 3235-28433-0037
LOG (gmm-align-compiled[5.5.268-f9828]:main():gmm-align-compiled.cc:127) 3235-28433-0040
LOG (gmm-align-compiled[5.5.268-f9828]:main():gmm-align-compiled.cc:127) 3235-28433-0042
LOG (gmm-align-compiled[5.5.268-f9828]:main():gmm-align-compiled.cc:127) 3235-28433-0044
LOG (gmm-align-compiled[5.5.268-f9828]:main():gmm-align-compiled.cc:127) 3235-28433-0047
LOG (gmm-align-compiled[5.5.268-f9828]:main():gmm-align-compiled.cc:127) 3235-28452-0001
LOG (gmm-align-compiled[5.5.268-f9828]:main():gmm-align-compiled.cc:127) 3235-28452-0004
LOG (gmm-align-compiled[5.5.268-f9828]:main():gmm-align-compiled.cc:127) 3235-28452-0006
LOG (gmm-align-compiled[5.5.268-f9828]:main():gmm-align-compiled.cc:127) 3235-28452-0008
LOG (gmm-align-compiled[5.5.268-f9828]:main():gmm-align-compiled.cc:127) 3235-28452-0011
LOG (gmm-align-compiled[5.5.268-f9828]:main():gmm-align-compiled.cc:127) 3235-28452-0015
LOG (gmm-align-compiled[5.5.268-f9828]:main():gmm-align-compiled.cc:127) 3235-28452-0018
LOG (gmm-align-compiled[5.5.268-f9828]:main():gmm-align-compiled.cc:127) 3235-28452-0020
LOG (gmm-align-compiled[5.5.268-f9828]:main():gmm-align-compiled.cc:127) 3235-28452-0022
LOG (gmm-align-compiled[5.5.268-f9828]:main():gmm-align-compiled.cc:127) 3235-28452-0025
LOG (gmm-align-compiled[5.5.268-f9828]:main():gmm-align-compiled.cc:127) 3235-28452-0029
LOG (gmm-align-compiled[5.5.268-f9828]:main():gmm-align-compiled.cc:127) 3235-28452-0032
LOG (gmm-align-compiled[5.5.268-f9828]:main():gmm-align-compiled.cc:127) 3240-131231-0000
LOG (gmm-align-compiled[5.5.268-f9828]:main():gmm-align-compiled.cc:127) 3240-131231-0002
LOG (gmm-align-compiled[5.5.268-f9828]:main():gmm-align-compiled.cc:127) 3240-131231-0005
LOG (gmm-align-compiled[5.5.268-f9828]:main():gmm-align-compiled.cc:127) 3240-131231-0009
LOG (gmm-align-compiled[5.5.268-f9828]:main():gmm-align-compiled.cc:127) 3240-131231-0012
LOG (gmm-align-compiled[5.5.268-f9828]:main():gmm-align-compiled.cc:127) 3240-131231-0014
LOG (gmm-align-compiled[5.5.268-f9828]:main():gmm-align-compiled.cc:127) 3240-131231-0016
LOG (gmm-align-compiled[5.5.268-f9828]:main():gmm-align-compiled.cc:127) 3240-131231-0019
LOG (gmm-align-compiled[5.5.268-f9828]:main():gmm-align-compiled.cc:127) 3240-131231-0023
LOG (gmm-align-compiled[5.5.268-f9828]:main():gmm-align-compiled.cc:127) 3240-131231-0026
LOG (gmm-align-compiled[5.5.268-f9828]:main():gmm-align-compiled.cc:127) 3240-131231-0028
LOG (gmm-align-compiled[5.5.268-f9828]:main():gmm-align-compiled.cc:127) 3240-131231-0030
LOG (gmm-align-compiled[5.5.268-f9828]:main():gmm-align-compiled.cc:127) 3240-131231-0033
LOG (gmm-align-compiled[5.5.268-f9828]:main():gmm-align-compiled.cc:127) 3240-131231-0036
LOG (gmm-align-compiled[5.5.268-f9828]:main():gmm-align-compiled.cc:127) 3240-131231-0039
LOG (gmm-align-compiled[5.5.268-f9828]:main():gmm-align-compiled.cc:127) 3240-131231-0043
LOG (gmm-align-compiled[5.5.268-f9828]:main():gmm-align-compiled.cc:127) 3240-131231-0046
LOG (gmm-align-compiled[5.5.268-f9828]:main():gmm-align-compiled.cc:127) 3240-131231-0050
LOG (gmm-align-compiled[5.5.268-f9828]:main():gmm-align-compiled.cc:127) 3240-131231-0053
LOG (gmm-align-compiled[5.5.268-f9828]:main():gmm-align-compiled.cc:127) 3240-131231-0055
LOG (gmm-align-compiled[5.5.268-f9828]:main():gmm-align-compiled.cc:127) 3240-131231-0057
LOG (gmm-align-compiled[5.5.268-f9828]:main():gmm-align-compiled.cc:127) 3240-131231-0060
LOG (gmm-align-compiled[5.5.268-f9828]:main():gmm-align-compiled.cc:127) 3240-131231-0064
LOG (gmm-align-compiled[5.5.268-f9828]:main():gmm-align-compiled.cc:127) 3240-131231-0067
LOG (gmm-align-compiled[5.5.268-f9828]:main():gmm-align-compiled.cc:127) 3240-131231-0069
LOG (gmm-align-compiled[5.5.268-f9828]:main():gmm-align-compiled.cc:127) 3240-131231-0071
LOG (gmm-align-compiled[5.5.268-f9828]:main():gmm-align-compiled.cc:127) 3240-131231-0074
LOG (gmm-align-compiled[5.5.268-f9828]:main():gmm-align-compiled.cc:127) 3240-131231-0078
LOG (gmm-align-compiled[5.5.268-f9828]:main():gmm-align-compiled.cc:127) 3240-131231-0081
LOG (gmm-align-compiled[5.5.268-f9828]:main():gmm-align-compiled.cc:127) 3240-131231-0083
LOG (gmm-align-compiled[5.5.268-f9828]:main():gmm-align-compiled.cc:127) 3240-131231-0085
LOG (gmm-align-compiled[5.5.268-f9828]:main():gmm-align-compiled.cc:127) 3240-131232-0002
LOG (gmm-align-compiled[5.5.268-f9828]:main():gmm-align-compiled.cc:127) 3240-131232-0006
LOG (gmm-align-compiled[5.5.268-f9828]:main():gmm-align-compiled.cc:127) 3240-131232-0009
LOG (gmm-align-compiled[5.5.268-f9828]:main():gmm-align-compiled.cc:127) 3240-131232-0011
LOG (gmm-align-compiled[5.5.268-f9828]:main():gmm-align-compiled.cc:127) 3240-131232-0013
LOG (gmm-align-compiled[5.5.268-f9828]:main():gmm-align-compiled.cc:127) 3240-131232-0016
LOG (gmm-align-compiled[5.5.268-f9828]:main():gmm-align-compiled.cc:127) 3240-131232-0020
LOG (gmm-align-compiled[5.5.268-f9828]:main():gmm-align-compiled.cc:127) 3240-131232-0023
LOG (gmm-align-compiled[5.5.268-f9828]:main():gmm-align-compiled.cc:127) 3240-131232-0025
LOG (gmm-align-compiled[5.5.268-f9828]:main():gmm-align-compiled.cc:127) 3240-131232-0027
LOG (gmm-align-compiled[5.5.268-f9828]:main():gmm-align-compiled.cc:127) 3240-131232-0030
LOG (gmm-align-compiled[5.5.268-f9828]:main():gmm-align-compiled.cc:127) 3240-131232-0034
LOG (gmm-align-compiled[5.5.268-f9828]:main():gmm-align-compiled.cc:127) 3240-131232-0037
LOG (gmm-align-compiled[5.5.268-f9828]:main():gmm-align-compiled.cc:127) 3240-131232-0039
LOG (gmm-align-compiled[5.5.268-f9828]:main():gmm-align-compiled.cc:127) 3242-67153-0000
LOG (gmm-align-compiled[5.5.268-f9828]:main():gmm-align-compiled.cc:127) 3242-67153-0003
LOG (gmm-align-compiled[5.5.268-f9828]:main():gmm-align-compiled.cc:127) 3242-67153-0007
LOG (gmm-align-compiled[5.5.268-f9828]:main():gmm-align-compiled.cc:127) 3242-67153-0010
LOG (gmm-align-compiled[5.5.268-f9828]:main():gmm-align-compiled.cc:127) 3242-67153-0012
LOG (gmm-align-compiled[5.5.268-f9828]:main():gmm-align-compiled.cc:127) 3242-67153-0014
LOG (gmm-align-compiled[5.5.268-f9828]:main():gmm-align-compiled.cc:127) 3242-67153-0017
LOG (gmm-align-compiled[5.5.268-f9828]:main():gmm-align-compiled.cc:127) 3242-67153-0021
LOG (gmm-align-compiled[5.5.268-f9828]:main():gmm-align-compiled.cc:127) 3242-67153-0024
LOG (gmm-align-compiled[5.5.268-f9828]:main():gmm-align-compiled.cc:127) 3242-67153-0028
LOG (gmm-align-compiled[5.5.268-f9828]:main():gmm-align-compiled.cc:127) 3242-67153-0031
LOG (gmm-align-compiled[5.5.268-f9828]:main():gmm-align-compiled.cc:127) 3242-67153-0035
LOG (gmm-align-compiled[5.5.268-f9828]:main():gmm-align-compiled.cc:127) 3242-67168-0000
LOG (gmm-align-compiled[5.5.268-f9828]:main():gmm-align-compiled.cc:127) 3242-67168-0002
LOG (gmm-align-compiled[5.5.268-f9828]:main():gmm-align-compiled.cc:127) 3242-67168-0004
LOG (gmm-align-compiled[5.5.268-f9828]:main():gmm-align-compiled.cc:127) 3242-67168-0007
LOG (gmm-align-compiled[5.5.268-f9828]:main():gmm-align-compiled.cc:127) 3242-67168-0011
LOG (gmm-align-compiled[5.5.268-f9828]:main():gmm-align-compiled.cc:127) 3242-67168-0014
LOG (gmm-align-compiled[5.5.268-f9828]:main():gmm-align-compiled.cc:127) 3242-67168-0016
LOG (gmm-align-compiled[5.5.268-f9828]:main():gmm-align-compiled.cc:127) 3242-67168-0018
LOG (gmm-align-compiled[5.5.268-f9828]:main():gmm-align-compiled.cc:127) 3242-67168-0021
LOG (gmm-align-compiled[5.5.268-f9828]:main():gmm-align-compiled.cc:127) 3242-67168-0025
LOG (gmm-align-compiled[5.5.268-f9828]:main():gmm-align-compiled.cc:127) 3242-67168-0028
LOG (gmm-align-compiled[5.5.268-f9828]:main():gmm-align-compiled.cc:127) 3242-67168-0030
LOG (gmm-align-compiled[5.5.268-f9828]:main():gmm-align-compiled.cc:127) 3242-67168-0032
LOG (gmm-align-compiled[5.5.268-f9828]:main():gmm-align-compiled.cc:127) 3242-67168-0035
LOG (gmm-align-compiled[5.5.268-f9828]:main():gmm-align-compiled.cc:127) 3242-67168-0039
LOG (gmm-align-compiled[5.5.268-f9828]:main():gmm-align-compiled.cc:127) 3242-8112-0002
LOG (gmm-align-compiled[5.5.268-f9828]:main():gmm-align-compiled.cc:127) 3242-8112-0004
LOG (gmm-align-compiled[5.5.268-f9828]:main():gmm-align-compiled.cc:127) 3242-8112-0006
LOG (gmm-align-compiled[5.5.268-f9828]:main():gmm-align-compiled.cc:127) 3242-8112-0009
LOG (gmm-align-compiled[5.5.268-f9828]:main():gmm-align-compiled.cc:127) 3242-8112-0013
LOG (gmm-align-compiled[5.5.268-f9828]:main():gmm-align-compiled.cc:127) 3242-8112-0016
LOG (gmm-align-compiled[5.5.268-f9828]:main():gmm-align-compiled.cc:127) 3242-8112-0018
LOG (gmm-align-compiled[5.5.268-f9828]:main():gmm-align-compiled.cc:127) 3242-8112-0020
LOG (gmm-align-compiled[5.5.268-f9828]:main():gmm-align-compiled.cc:127) 3242-8112-0023
LOG (gmm-align-compiled[5.5.268-f9828]:main():gmm-align-compiled.cc:127) 3242-8112-0027
LOG (gmm-align-compiled[5.5.268-f9828]:main():gmm-align-compiled.cc:127) 3242-8112-0030
LOG (gmm-align-compiled[5.5.268-f9828]:main():gmm-align-compiled.cc:127) 3242-8112-0032
LOG (gmm-align-compiled[5.5.268-f9828]:main():gmm-align-compiled.cc:127) 3242-8112-0034
LOG (gmm-align-compiled[5.5.268-f9828]:main():gmm-align-compiled.cc:127) 3242-8112-0037
LOG (gmm-align-compiled[5.5.268-f9828]:main():gmm-align-compiled.cc:127) 3242-8112-0041
LOG (gmm-align-compiled[5.5.268-f9828]:main():gmm-align-compiled.cc:127) 3242-8112-0044
LOG (gmm-align-compiled[5.5.268-f9828]:main():gmm-align-compiled.cc:127) 3259-158083-0001
LOG (gmm-align-compiled[5.5.268-f9828]:main():gmm-align-compiled.cc:127) 3259-158083-0003
LOG (gmm-align-compiled[5.5.268-f9828]:main():gmm-align-compiled.cc:127) 3259-158083-0006
LOG (gmm-align-compiled[5.5.268-f9828]:main():gmm-align-compiled.cc:127) 3259-158083-0009
LOG (gmm-align-compiled[5.5.268-f9828]:main():gmm-align-compiled.cc:127) 3259-158083-0012
LOG (gmm-align-compiled[5.5.268-f9828]:main():gmm-align-compiled.cc:127) 3259-158083-0016
LOG (gmm-align-compiled[5.5.268-f9828]:main():gmm-align-compiled.cc:127) 3259-158083-0019
LOG (gmm-align-compiled[5.5.268-f9828]:main():gmm-align-compiled.cc:127) 3259-158083-0023
LOG (gmm-align-compiled[5.5.268-f9828]:main():gmm-align-compiled.cc:127) 3259-158083-0026
LOG (gmm-align-compiled[5.5.268-f9828]:main():gmm-align-compiled.cc:127) 3259-158083-0028
LOG (gmm-align-compiled[5.5.268-f9828]:main():gmm-align-compiled.cc:127) 3259-158083-0030
WARNING (gmm-align-compiled[5.5.268-f9828]:AlignUtteranceWrapper():decoder-wrappers.cc:501) Retrying utterance 3259-158083-0030 with beam 40
LOG (gmm-align-compiled[5.5.268-f9828]:main():gmm-align-compiled.cc:127) 3259-158083-0033
LOG (gmm-align-compiled[5.5.268-f9828]:main():gmm-align-compiled.cc:127) 3259-158083-0037
LOG (gmm-align-compiled[5.5.268-f9828]:main():gmm-align-compiled.cc:127) 3259-158083-0040
LOG (gmm-align-compiled[5.5.268-f9828]:main():gmm-align-compiled.cc:127) 3259-158083-0042
LOG (gmm-align-compiled[5.5.268-f9828]:main():gmm-align-compiled.cc:127) 3259-158083-0044
LOG (gmm-align-compiled[5.5.268-f9828]:main():gmm-align-compiled.cc:127) 3259-158083-0047
LOG (gmm-align-compiled[5.5.268-f9828]:main():gmm-align-compiled.cc:127) 3259-158083-0051
LOG (gmm-align-compiled[5.5.268-f9828]:main():gmm-align-compiled.cc:127) 3259-158083-0054
LOG (gmm-align-compiled[5.5.268-f9828]:main():gmm-align-compiled.cc:127) 3259-158083-0056
LOG (gmm-align-compiled[5.5.268-f9828]:main():gmm-align-compiled.cc:127) 3259-158083-0058
LOG (gmm-align-compiled[5.5.268-f9828]:main():gmm-align-compiled.cc:127) 3259-158083-0061
LOG (gmm-align-compiled[5.5.268-f9828]:main():gmm-align-compiled.cc:127) 3259-158083-0065
LOG (gmm-align-compiled[5.5.268-f9828]:main():gmm-align-compiled.cc:127) 3259-158083-0068
LOG (gmm-align-compiled[5.5.268-f9828]:main():gmm-align-compiled.cc:127) 3259-158083-0070
LOG (gmm-align-compiled[5.5.268-f9828]:main():gmm-align-compiled.cc:127) 3259-158083-0072
LOG (gmm-align-compiled[5.5.268-f9828]:main():gmm-align-compiled.cc:127) 3259-158083-0075
LOG (gmm-align-compiled[5.5.268-f9828]:main():gmm-align-compiled.cc:127) 3259-158083-0079
LOG (gmm-align-compiled[5.5.268-f9828]:main():gmm-align-compiled.cc:127) 3259-158083-0082
LOG (gmm-align-compiled[5.5.268-f9828]:main():gmm-align-compiled.cc:127) 3259-158083-0084
LOG (gmm-align-compiled[5.5.268-f9828]:main():gmm-align-compiled.cc:127) 3259-158083-0086
LOG (gmm-align-compiled[5.5.268-f9828]:main():gmm-align-compiled.cc:127) 3259-158083-0089
LOG (gmm-align-compiled[5.5.268-f9828]:main():gmm-align-compiled.cc:127) 3259-158083-0093
LOG (gmm-align-compiled[5.5.268-f9828]:main():gmm-align-compiled.cc:127) 3259-158083-0096
LOG (gmm-align-compiled[5.5.268-f9828]:main():gmm-align-compiled.cc:127) 3259-158083-0098
LOG (gmm-align-compiled[5.5.268-f9828]:main():gmm-align-compiled.cc:127) 3259-158083-0100
LOG (gmm-align-compiled[5.5.268-f9828]:main():gmm-align-compiled.cc:127) 3259-158083-0103
LOG (gmm-align-compiled[5.5.268-f9828]:main():gmm-align-compiled.cc:127) 3259-158083-0107
LOG (gmm-align-compiled[5.5.268-f9828]:main():gmm-align-compiled.cc:127) 3259-158083-0110
LOG (gmm-align-compiled[5.5.268-f9828]:main():gmm-align-compiled.cc:127) 3259-158083-0112
LOG (gmm-align-compiled[5.5.268-f9828]:main():gmm-align-compiled.cc:127) 3259-158083-0114
LOG (gmm-align-compiled[5.5.268-f9828]:main():gmm-align-compiled.cc:127) 3259-158083-0117
LOG (gmm-align-compiled[5.5.268-f9828]:main():gmm-align-compiled.cc:127) 3259-158083-0121
LOG (gmm-align-compiled[5.5.268-f9828]:main():gmm-align-compiled.cc:127) 3259-158083-0124
LOG (gmm-align-compiled[5.5.268-f9828]:main():gmm-align-compiled.cc:127) 328-129766-0002
LOG (gmm-align-compiled[5.5.268-f9828]:main():gmm-align-compiled.cc:127) 328-129766-0005
LOG (gmm-align-compiled[5.5.268-f9828]:main():gmm-align-compiled.cc:127) 328-129766-0009
LOG (gmm-align-compiled[5.5.268-f9828]:main():gmm-align-compiled.cc:127) 328-129766-0012
LOG (gmm-align-compiled[5.5.268-f9828]:main():gmm-align-compiled.cc:127) 328-129766-0014
LOG (gmm-align-compiled[5.5.268-f9828]:main():gmm-align-compiled.cc:127) 328-129766-0016
LOG (gmm-align-compiled[5.5.268-f9828]:main():gmm-align-compiled.cc:127) 328-129766-0019
LOG (gmm-align-compiled[5.5.268-f9828]:main():gmm-align-compiled.cc:127) 328-129766-0023
LOG (gmm-align-compiled[5.5.268-f9828]:main():gmm-align-compiled.cc:127) 328-129766-0026
LOG (gmm-align-compiled[5.5.268-f9828]:main():gmm-align-compiled.cc:127) 328-129766-0028
LOG (gmm-align-compiled[5.5.268-f9828]:main():gmm-align-compiled.cc:127) 328-129766-0030
LOG (gmm-align-compiled[5.5.268-f9828]:main():gmm-align-compiled.cc:127) 328-129766-0033
LOG (gmm-align-compiled[5.5.268-f9828]:main():gmm-align-compiled.cc:127) 328-129766-0037
LOG (gmm-align-compiled[5.5.268-f9828]:main():gmm-align-compiled.cc:127) 328-129766-0040
LOG (gmm-align-compiled[5.5.268-f9828]:main():gmm-align-compiled.cc:127) 328-129766-0042
LOG (gmm-align-compiled[5.5.268-f9828]:main():gmm-align-compiled.cc:127) 328-129766-0044
LOG (gmm-align-compiled[5.5.268-f9828]:main():gmm-align-compiled.cc:127) 328-129766-0047
LOG (gmm-align-compiled[5.5.268-f9828]:main():gmm-align-compiled.cc:127) 328-129766-0051
LOG (gmm-align-compiled[5.5.268-f9828]:main():gmm-align-compiled.cc:127) 328-129766-0054
LOG (gmm-align-compiled[5.5.268-f9828]:main():gmm-align-compiled.cc:127) 328-129766-0056
LOG (gmm-align-compiled[5.5.268-f9828]:main():gmm-align-compiled.cc:127) 328-129766-0058
LOG (gmm-align-compiled[5.5.268-f9828]:main():gmm-align-compiled.cc:127) 328-129766-0061
LOG (gmm-align-compiled[5.5.268-f9828]:main():gmm-align-compiled.cc:127) 328-129766-0065
LOG (gmm-align-compiled[5.5.268-f9828]:main():gmm-align-compiled.cc:127) 328-129766-0068
LOG (gmm-align-compiled[5.5.268-f9828]:main():gmm-align-compiled.cc:127) 328-129766-0070
LOG (gmm-align-compiled[5.5.268-f9828]:main():gmm-align-compiled.cc:127) 328-129766-0072
LOG (gmm-align-compiled[5.5.268-f9828]:main():gmm-align-compiled.cc:127) 328-129766-0075
LOG (gmm-align-compiled[5.5.268-f9828]:main():gmm-align-compiled.cc:127) 328-129766-0079
LOG (gmm-align-compiled[5.5.268-f9828]:main():gmm-align-compiled.cc:127) 328-129766-0082
LOG (gmm-align-compiled[5.5.268-f9828]:main():gmm-align-compiled.cc:127) 328-129766-0084
LOG (gmm-align-compiled[5.5.268-f9828]:main():gmm-align-compiled.cc:127) 328-129766-0086
LOG (gmm-align-compiled[5.5.268-f9828]:main():gmm-align-compiled.cc:127) 328-129766-0089
LOG (gmm-align-compiled[5.5.268-f9828]:main():gmm-align-compiled.cc:127) 328-129766-0093
LOG (gmm-align-compiled[5.5.268-f9828]:main():gmm-align-compiled.cc:127) 328-129766-0096
LOG (gmm-align-compiled[5.5.268-f9828]:main():gmm-align-compiled.cc:127) 328-129766-0098
LOG (gmm-align-compiled[5.5.268-f9828]:main():gmm-align-compiled.cc:127) 332-128985-0001
LOG (gmm-align-compiled[5.5.268-f9828]:main():gmm-align-compiled.cc:127) 332-128985-0004
LOG (gmm-align-compiled[5.5.268-f9828]:main():gmm-align-compiled.cc:127) 332-128985-0007
LOG (gmm-align-compiled[5.5.268-f9828]:main():gmm-align-compiled.cc:127) 332-128985-0010
LOG (gmm-align-compiled[5.5.268-f9828]:main():gmm-align-compiled.cc:127) 332-128985-0014
LOG (gmm-align-compiled[5.5.268-f9828]:main():gmm-align-compiled.cc:127) 332-128985-0017
LOG (gmm-align-compiled[5.5.268-f9828]:main():gmm-align-compiled.cc:127) 332-128985-0021
LOG (gmm-align-compiled[5.5.268-f9828]:main():gmm-align-compiled.cc:127) 332-128985-0024
LOG (gmm-align-compiled[5.5.268-f9828]:main():gmm-align-compiled.cc:127) 332-128985-0026
LOG (gmm-align-compiled[5.5.268-f9828]:main():gmm-align-compiled.cc:127) 332-128985-0028
LOG (gmm-align-compiled[5.5.268-f9828]:main():gmm-align-compiled.cc:127) 332-128985-0031
LOG (gmm-align-compiled[5.5.268-f9828]:main():gmm-align-compiled.cc:127) 332-128985-0035
LOG (gmm-align-compiled[5.5.268-f9828]:main():gmm-align-compiled.cc:127) 332-128985-0038
LOG (gmm-align-compiled[5.5.268-f9828]:main():gmm-align-compiled.cc:127) 332-128985-0040
LOG (gmm-align-compiled[5.5.268-f9828]:main():gmm-align-compiled.cc:127) 332-128985-0042
LOG (gmm-align-compiled[5.5.268-f9828]:main():gmm-align-compiled.cc:127) 332-128985-0045
LOG (gmm-align-compiled[5.5.268-f9828]:main():gmm-align-compiled.cc:127) 332-128985-0049
LOG (gmm-align-compiled[5.5.268-f9828]:main():gmm-align-compiled.cc:127) 332-128985-0052
LOG (gmm-align-compiled[5.5.268-f9828]:main():gmm-align-compiled.cc:127) 332-128985-0054
LOG (gmm-align-compiled[5.5.268-f9828]:main():gmm-align-compiled.cc:127) 332-128985-0056
LOG (gmm-align-compiled[5.5.268-f9828]:main():gmm-align-compiled.cc:127) 332-128985-0059
LOG (gmm-align-compiled[5.5.268-f9828]:main():gmm-align-compiled.cc:127) 332-128985-0063
LOG (gmm-align-compiled[5.5.268-f9828]:main():gmm-align-compiled.cc:127) 332-128985-0066
LOG (gmm-align-compiled[5.5.268-f9828]:main():gmm-align-compiled.cc:127) 332-128985-0068
LOG (gmm-align-compiled[5.5.268-f9828]:main():gmm-align-compiled.cc:127) 332-128985-0070
LOG (gmm-align-compiled[5.5.268-f9828]:main():gmm-align-compiled.cc:127) 332-128985-0073
LOG (gmm-align-compiled[5.5.268-f9828]:main():gmm-align-compiled.cc:127) 332-128985-0077
LOG (gmm-align-compiled[5.5.268-f9828]:main():gmm-align-compiled.cc:127) 332-128985-0080
LOG (gmm-align-compiled[5.5.268-f9828]:main():gmm-align-compiled.cc:127) 332-128985-0082
LOG (gmm-align-compiled[5.5.268-f9828]:main():gmm-align-compiled.cc:127) 332-128985-0084
LOG (gmm-align-compiled[5.5.268-f9828]:main():gmm-align-compiled.cc:127) 332-128985-0087
LOG (gmm-align-compiled[5.5.268-f9828]:main():gmm-align-compiled.cc:127) 3374-298025-0002
LOG (gmm-align-compiled[5.5.268-f9828]:main():gmm-align-compiled.cc:127) 3374-298025-0005
LOG (gmm-align-compiled[5.5.268-f9828]:main():gmm-align-compiled.cc:127) 3374-298025-0007
LOG (gmm-align-compiled[5.5.268-f9828]:main():gmm-align-compiled.cc:127) 3374-298025-0009
LOG (gmm-align-compiled[5.5.268-f9828]:main():gmm-align-compiled.cc:127) 3374-298025-0012
LOG (gmm-align-compiled[5.5.268-f9828]:main():gmm-align-compiled.cc:127) 3374-298025-0016
LOG (gmm-align-compiled[5.5.268-f9828]:main():gmm-align-compiled.cc:127) 3374-298025-0019
LOG (gmm-align-compiled[5.5.268-f9828]:main():gmm-align-compiled.cc:127) 3374-298025-0021
LOG (gmm-align-compiled[5.5.268-f9828]:main():gmm-align-compiled.cc:127) 3374-298025-0023
LOG (gmm-align-compiled[5.5.268-f9828]:main():gmm-align-compiled.cc:127) 3374-298025-0026
LOG (gmm-align-compiled[5.5.268-f9828]:main():gmm-align-compiled.cc:127) 3374-298025-0030
LOG (gmm-align-compiled[5.5.268-f9828]:main():gmm-align-compiled.cc:127) 3374-298026-0000
LOG (gmm-align-compiled[5.5.268-f9828]:main():gmm-align-compiled.cc:127) 3374-298026-0004
LOG (gmm-align-compiled[5.5.268-f9828]:main():gmm-align-compiled.cc:127) 3374-298026-0007
LOG (gmm-align-compiled[5.5.268-f9828]:main():gmm-align-compiled.cc:127) 3374-298026-0011
LOG (gmm-align-compiled[5.5.268-f9828]:main():gmm-align-compiled.cc:127) 3374-298026-0014
LOG (gmm-align-compiled[5.5.268-f9828]:main():gmm-align-compiled.cc:127) 3374-298026-0016
LOG (gmm-align-compiled[5.5.268-f9828]:main():gmm-align-compiled.cc:127) 3374-298026-0018
LOG (gmm-align-compiled[5.5.268-f9828]:main():gmm-align-compiled.cc:127) 3374-298026-0021
LOG (gmm-align-compiled[5.5.268-f9828]:main():gmm-align-compiled.cc:127) 3374-298026-0025
LOG (gmm-align-compiled[5.5.268-f9828]:main():gmm-align-compiled.cc:127) 3374-298026-0028
LOG (gmm-align-compiled[5.5.268-f9828]:main():gmm-align-compiled.cc:127) 3374-298026-0030
LOG (gmm-align-compiled[5.5.268-f9828]:main():gmm-align-compiled.cc:127) 3374-298026-0032
LOG (gmm-align-compiled[5.5.268-f9828]:main():gmm-align-compiled.cc:127) 3374-298026-0035
LOG (gmm-align-compiled[5.5.268-f9828]:main():gmm-align-compiled.cc:127) 3374-298026-0039
LOG (gmm-align-compiled[5.5.268-f9828]:main():gmm-align-compiled.cc:127) 3374-298026-0042
LOG (gmm-align-compiled[5.5.268-f9828]:main():gmm-align-compiled.cc:127) 3374-298026-0044
LOG (gmm-align-compiled[5.5.268-f9828]:main():gmm-align-compiled.cc:127) 3374-298026-0046
LOG (gmm-align-compiled[5.5.268-f9828]:main():gmm-align-compiled.cc:127) 3374-298032-0002
LOG (gmm-align-compiled[5.5.268-f9828]:main():gmm-align-compiled.cc:127) 3374-298032-0006
LOG (gmm-align-compiled[5.5.268-f9828]:main():gmm-align-compiled.cc:127) 3374-298032-0009
LOG (gmm-align-compiled[5.5.268-f9828]:main():gmm-align-compiled.cc:127) 3374-298032-0011
LOG (gmm-align-compiled[5.5.268-f9828]:main():gmm-align-compiled.cc:127) 3374-298032-0013
LOG (gmm-align-compiled[5.5.268-f9828]:main():gmm-align-compiled.cc:127) 3374-298032-0016
LOG (gmm-align-compiled[5.5.268-f9828]:main():gmm-align-compiled.cc:127) 3374-298032-0020
LOG (gmm-align-compiled[5.5.268-f9828]:main():gmm-align-compiled.cc:127) 3374-298032-0023
LOG (gmm-align-compiled[5.5.268-f9828]:main():gmm-align-compiled.cc:127) 3374-298032-0025
LOG (gmm-align-compiled[5.5.268-f9828]:main():gmm-align-compiled.cc:127) 3374-298032-0027
LOG (gmm-align-compiled[5.5.268-f9828]:main():gmm-align-compiled.cc:127) 3374-298032-0030
LOG (gmm-align-compiled[5.5.268-f9828]:main():gmm-align-compiled.cc:127) 3374-298032-0034
LOG (gmm-align-compiled[5.5.268-f9828]:main():gmm-align-compiled.cc:127) 3374-298032-0037
LOG (gmm-align-compiled[5.5.268-f9828]:main():gmm-align-compiled.cc:127) 3374-298032-0039
LOG (gmm-align-compiled[5.5.268-f9828]:main():gmm-align-compiled.cc:127) 3374-298032-0041
LOG (gmm-align-compiled[5.5.268-f9828]:main():gmm-align-compiled.cc:127) 3436-172162-0001
LOG (gmm-align-compiled[5.5.268-f9828]:main():gmm-align-compiled.cc:127) 3436-172162-0005
LOG (gmm-align-compiled[5.5.268-f9828]:main():gmm-align-compiled.cc:127) 3436-172162-0008
LOG (gmm-align-compiled[5.5.268-f9828]:main():gmm-align-compiled.cc:127) 3436-172162-0010
LOG (gmm-align-compiled[5.5.268-f9828]:main():gmm-align-compiled.cc:127) 3436-172162-0012
LOG (gmm-align-compiled[5.5.268-f9828]:main():gmm-align-compiled.cc:127) 3436-172162-0015
LOG (gmm-align-compiled[5.5.268-f9828]:main():gmm-align-compiled.cc:127) 3436-172162-0018
LOG (gmm-align-compiled[5.5.268-f9828]:main():gmm-align-compiled.cc:127) 3436-172162-0021
LOG (gmm-align-compiled[5.5.268-f9828]:main():gmm-align-compiled.cc:127) 3436-172162-0025
LOG (gmm-align-compiled[5.5.268-f9828]:main():gmm-align-compiled.cc:127) 3436-172162-0028
LOG (gmm-align-compiled[5.5.268-f9828]:main():gmm-align-compiled.cc:127) 3436-172162-0032
LOG (gmm-align-compiled[5.5.268-f9828]:main():gmm-align-compiled.cc:127) 3436-172162-0035
LOG (gmm-align-compiled[5.5.268-f9828]:main():gmm-align-compiled.cc:127) 3436-172162-0037
LOG (gmm-align-compiled[5.5.268-f9828]:main():gmm-align-compiled.cc:127) 3436-172162-0039
LOG (gmm-align-compiled[5.5.268-f9828]:main():gmm-align-compiled.cc:127) 3436-172162-0042
LOG (gmm-align-compiled[5.5.268-f9828]:main():gmm-align-compiled.cc:127) 3436-172162-0046
LOG (gmm-align-compiled[5.5.268-f9828]:main():gmm-align-compiled.cc:127) 3436-172162-0049
LOG (gmm-align-compiled[5.5.268-f9828]:main():gmm-align-compiled.cc:127) 3436-172162-0051
LOG (gmm-align-compiled[5.5.268-f9828]:main():gmm-align-compiled.cc:127) 3436-172171-0000
LOG (gmm-align-compiled[5.5.268-f9828]:main():gmm-align-compiled.cc:127) 3436-172171-0003
LOG (gmm-align-compiled[5.5.268-f9828]:main():gmm-align-compiled.cc:127) 3436-172171-0007
LOG (gmm-align-compiled[5.5.268-f9828]:main():gmm-align-compiled.cc:127) 3436-172171-0010
LOG (gmm-align-compiled[5.5.268-f9828]:main():gmm-align-compiled.cc:127) 3436-172171-0012
LOG (gmm-align-compiled[5.5.268-f9828]:main():gmm-align-compiled.cc:127) 3436-172171-0014
LOG (gmm-align-compiled[5.5.268-f9828]:main():gmm-align-compiled.cc:127) 3436-172171-0017
LOG (gmm-align-compiled[5.5.268-f9828]:main():gmm-align-compiled.cc:127) 3436-172171-0021
LOG (gmm-align-compiled[5.5.268-f9828]:main():gmm-align-compiled.cc:127) 3436-172171-0024
LOG (gmm-align-compiled[5.5.268-f9828]:main():gmm-align-compiled.cc:127) 3436-172171-0026
LOG (gmm-align-compiled[5.5.268-f9828]:main():gmm-align-compiled.cc:127) 3436-172171-0028
LOG (gmm-align-compiled[5.5.268-f9828]:main():gmm-align-compiled.cc:127) 3436-172171-0031
LOG (gmm-align-compiled[5.5.268-f9828]:main():gmm-align-compiled.cc:127) 3436-172171-0035
LOG (gmm-align-compiled[5.5.268-f9828]:main():gmm-align-compiled.cc:127) 3436-172171-0038
LOG (gmm-align-compiled[5.5.268-f9828]:main():gmm-align-compiled.cc:127) 3436-172171-0040
LOG (gmm-align-compiled[5.5.268-f9828]:main():gmm-align-compiled.cc:127) 3436-172171-0042
LOG (gmm-align-compiled[5.5.268-f9828]:main():gmm-align-compiled.cc:127) 3436-172171-0045
LOG (gmm-align-compiled[5.5.268-f9828]:main():gmm-align-compiled.cc:127) 3436-172171-0049
LOG (gmm-align-compiled[5.5.268-f9828]:main():gmm-align-compiled.cc:127) 3436-172171-0052
LOG (gmm-align-compiled[5.5.268-f9828]:main():gmm-align-compiled.cc:127) 3436-172171-0054
LOG (gmm-align-compiled[5.5.268-f9828]:main():gmm-align-compiled.cc:127) 3436-172171-0056
LOG (gmm-align-compiled[5.5.268-f9828]:main():gmm-align-compiled.cc:127) 3436-172171-0059
LOG (gmm-align-compiled[5.5.268-f9828]:main():gmm-align-compiled.cc:127) 3436-172171-0063
LOG (gmm-align-compiled[5.5.268-f9828]:main():gmm-align-compiled.cc:127) 3440-171006-0000
LOG (gmm-align-compiled[5.5.268-f9828]:main():gmm-align-compiled.cc:127) 3440-171006-0002
LOG (gmm-align-compiled[5.5.268-f9828]:main():gmm-align-compiled.cc:127) 3440-171006-0004
LOG (gmm-align-compiled[5.5.268-f9828]:main():gmm-align-compiled.cc:127) 3440-171006-0007
LOG (gmm-align-compiled[5.5.268-f9828]:main():gmm-align-compiled.cc:127) 3440-171006-0011
LOG (gmm-align-compiled[5.5.268-f9828]:main():gmm-align-compiled.cc:127) 3440-171006-0014
LOG (gmm-align-compiled[5.5.268-f9828]:main():gmm-align-compiled.cc:127) 3440-171006-0016
LOG (gmm-align-compiled[5.5.268-f9828]:main():gmm-align-compiled.cc:127) 3440-171006-0018
LOG (gmm-align-compiled[5.5.268-f9828]:main():gmm-align-compiled.cc:127) 3440-171006-0021
LOG (gmm-align-compiled[5.5.268-f9828]:main():gmm-align-compiled.cc:127) 3440-171006-0025
LOG (gmm-align-compiled[5.5.268-f9828]:main():gmm-align-compiled.cc:127) 3440-171006-0028
LOG (gmm-align-compiled[5.5.268-f9828]:main():gmm-align-compiled.cc:127) 3440-171009-0000
LOG (gmm-align-compiled[5.5.268-f9828]:main():gmm-align-compiled.cc:127) 3440-171009-0002
LOG (gmm-align-compiled[5.5.268-f9828]:main():gmm-align-compiled.cc:127) 3440-171009-0005
LOG (gmm-align-compiled[5.5.268-f9828]:main():gmm-align-compiled.cc:127) 3440-171009-0009
LOG (gmm-align-compiled[5.5.268-f9828]:main():gmm-align-compiled.cc:127) 3440-171009-0012
LOG (gmm-align-compiled[5.5.268-f9828]:main():gmm-align-compiled.cc:127) 3440-171009-0014
LOG (gmm-align-compiled[5.5.268-f9828]:main():gmm-align-compiled.cc:127) 3440-171009-0016
LOG (gmm-align-compiled[5.5.268-f9828]:main():gmm-align-compiled.cc:127) 3440-171009-0019
LOG (gmm-align-compiled[5.5.268-f9828]:main():gmm-align-compiled.cc:127) 3440-171009-0023
LOG (gmm-align-compiled[5.5.268-f9828]:main():gmm-align-compiled.cc:127) 3440-171009-0026
LOG (gmm-align-compiled[5.5.268-f9828]:main():gmm-align-compiled.cc:127) 3440-171009-0028
LOG (gmm-align-compiled[5.5.268-f9828]:main():gmm-align-compiled.cc:127) 3440-171009-0030
LOG (gmm-align-compiled[5.5.268-f9828]:main():gmm-align-compiled.cc:127) 3440-171009-0033
LOG (gmm-align-compiled[5.5.268-f9828]:main():gmm-align-compiled.cc:127) 3440-171009-0037
LOG (gmm-align-compiled[5.5.268-f9828]:main():gmm-align-compiled.cc:127) 3440-171009-0040
LOG (gmm-align-compiled[5.5.268-f9828]:main():gmm-align-compiled.cc:127) 3440-171009-0042
LOG (gmm-align-compiled[5.5.268-f9828]:main():gmm-align-compiled.cc:127) 3440-171009-0044
LOG (gmm-align-compiled[5.5.268-f9828]:main():gmm-align-compiled.cc:127) 3440-171009-0047
LOG (gmm-align-compiled[5.5.268-f9828]:main():gmm-align-compiled.cc:127) 3440-171009-0051
LOG (gmm-align-compiled[5.5.268-f9828]:main():gmm-align-compiled.cc:127) 3440-171009-0054
LOG (gmm-align-compiled[5.5.268-f9828]:main():gmm-align-compiled.cc:127) 3440-171009-0056
LOG (gmm-align-compiled[5.5.268-f9828]:main():gmm-align-compiled.cc:127) 3440-171009-0058
LOG (gmm-align-compiled[5.5.268-f9828]:main():gmm-align-compiled.cc:127) 3440-171009-0061
LOG (gmm-align-compiled[5.5.268-f9828]:main():gmm-align-compiled.cc:127) 3440-171009-0065
LOG (gmm-align-compiled[5.5.268-f9828]:main():gmm-align-compiled.cc:127) 3440-171009-0068
LOG (gmm-align-compiled[5.5.268-f9828]:main():gmm-align-compiled.cc:127) 3440-171009-0070
LOG (gmm-align-compiled[5.5.268-f9828]:main():gmm-align-compiled.cc:127) 3440-171009-0072
LOG (gmm-align-compiled[5.5.268-f9828]:main():gmm-align-compiled.cc:127) 3440-171009-0075
LOG (gmm-align-compiled[5.5.268-f9828]:main():gmm-align-compiled.cc:127) 3440-171009-0079
LOG (gmm-align-compiled[5.5.268-f9828]:main():gmm-align-compiled.cc:127) 3440-171009-0082
LOG (gmm-align-compiled[5.5.268-f9828]:main():gmm-align-compiled.cc:127) 3486-166424-0001
LOG (gmm-align-compiled[5.5.268-f9828]:main():gmm-align-compiled.cc:127) 3486-166424-0003
LOG (gmm-align-compiled[5.5.268-f9828]:main():gmm-align-compiled.cc:127) 3486-166424-0006
LOG (gmm-align-compiled[5.5.268-f9828]:main():gmm-align-compiled.cc:127) 3486-166424-0009
LOG (gmm-align-compiled[5.5.268-f9828]:main():gmm-align-compiled.cc:127) 3486-166424-0012
LOG (gmm-align-compiled[5.5.268-f9828]:main():gmm-align-compiled.cc:127) 3486-166424-0016
LOG (gmm-align-compiled[5.5.268-f9828]:main():gmm-align-compiled.cc:127) 3486-166424-0019
LOG (gmm-align-compiled[5.5.268-f9828]:main():gmm-align-compiled.cc:127) 3486-166424-0023
LOG (gmm-align-compiled[5.5.268-f9828]:main():gmm-align-compiled.cc:127) 3486-166424-0026
LOG (gmm-align-compiled[5.5.268-f9828]:main():gmm-align-compiled.cc:127) 3486-166424-0028
LOG (gmm-align-compiled[5.5.268-f9828]:main():gmm-align-compiled.cc:127) 3486-166424-0030
LOG (gmm-align-compiled[5.5.268-f9828]:main():gmm-align-compiled.cc:127) 3486-166424-0033
LOG (gmm-align-compiled[5.5.268-f9828]:main():gmm-align-compiled.cc:127) 3486-166424-0037
LOG (gmm-align-compiled[5.5.268-f9828]:main():gmm-align-compiled.cc:127) 3486-166424-0040
LOG (gmm-align-compiled[5.5.268-f9828]:main():gmm-align-compiled.cc:127) 3486-166424-0042
LOG (gmm-align-compiled[5.5.268-f9828]:main():gmm-align-compiled.cc:127) 3486-166424-0044
LOG (gmm-align-compiled[5.5.268-f9828]:main():gmm-align-compiled.cc:127) 3486-166424-0047
LOG (gmm-align-compiled[5.5.268-f9828]:main():gmm-align-compiled.cc:127) 3486-166424-0051
LOG (gmm-align-compiled[5.5.268-f9828]:main():gmm-align-compiled.cc:127) 3486-166424-0054
LOG (gmm-align-compiled[5.5.268-f9828]:main():gmm-align-compiled.cc:127) 3486-166424-0056
LOG (gmm-align-compiled[5.5.268-f9828]:main():gmm-align-compiled.cc:127) 3486-166424-0058
LOG (gmm-align-compiled[5.5.268-f9828]:main():gmm-align-compiled.cc:127) 3486-166424-0061
LOG (gmm-align-compiled[5.5.268-f9828]:main():gmm-align-compiled.cc:127) 3486-166424-0065
LOG (gmm-align-compiled[5.5.268-f9828]:main():gmm-align-compiled.cc:127) 3486-166424-0068
LOG (gmm-align-compiled[5.5.268-f9828]:main():gmm-align-compiled.cc:127) 3486-166424-0070
LOG (gmm-align-compiled[5.5.268-f9828]:main():gmm-align-compiled.cc:127) 3486-166424-0072
LOG (gmm-align-compiled[5.5.268-f9828]:main():gmm-align-compiled.cc:127) 3486-166424-0075
LOG (gmm-align-compiled[5.5.268-f9828]:main():gmm-align-compiled.cc:127) 3486-166446-0003
LOG (gmm-align-compiled[5.5.268-f9828]:main():gmm-align-compiled.cc:127) 3486-166446-0006
LOG (gmm-align-compiled[5.5.268-f9828]:main():gmm-align-compiled.cc:127) 3486-166446-0008
LOG (gmm-align-compiled[5.5.268-f9828]:main():gmm-align-compiled.cc:127) 3486-166446-0010
LOG (gmm-align-compiled[5.5.268-f9828]:main():gmm-align-compiled.cc:127) 3486-166446-0013
LOG (gmm-align-compiled[5.5.268-f9828]:main():gmm-align-compiled.cc:127) 3486-166446-0017
LOG (gmm-align-compiled[5.5.268-f9828]:main():gmm-align-compiled.cc:127) 3486-166446-0020
LOG (gmm-align-compiled[5.5.268-f9828]:main():gmm-align-compiled.cc:127) 3486-166446-0022
LOG (gmm-align-compiled[5.5.268-f9828]:main():gmm-align-compiled.cc:127) 3486-166446-0024
LOG (gmm-align-compiled[5.5.268-f9828]:main():gmm-align-compiled.cc:127) 3486-166446-0027
LOG (gmm-align-compiled[5.5.268-f9828]:main():gmm-align-compiled.cc:127) 3486-166446-0031
LOG (gmm-align-compiled[5.5.268-f9828]:main():gmm-align-compiled.cc:127) 3486-166446-0034
LOG (gmm-align-compiled[5.5.268-f9828]:main():gmm-align-compiled.cc:127) 3486-166446-0036
LOG (gmm-align-compiled[5.5.268-f9828]:main():gmm-align-compiled.cc:127) 3486-166446-0038
LOG (gmm-align-compiled[5.5.268-f9828]:main():gmm-align-compiled.cc:127) 3486-166446-0041
LOG (gmm-align-compiled[5.5.268-f9828]:main():gmm-align-compiled.cc:127) 3526-175658-0001
LOG (gmm-align-compiled[5.5.268-f9828]:main():gmm-align-compiled.cc:127) 3526-175658-0004
LOG (gmm-align-compiled[5.5.268-f9828]:main():gmm-align-compiled.cc:127) 3526-175658-0008
LOG (gmm-align-compiled[5.5.268-f9828]:main():gmm-align-compiled.cc:127) 3526-175658-0011
LOG (gmm-align-compiled[5.5.268-f9828]:main():gmm-align-compiled.cc:127) 3526-175658-0015
LOG (gmm-align-compiled[5.5.268-f9828]:main():gmm-align-compiled.cc:127) 3526-175658-0018
LOG (gmm-align-compiled[5.5.268-f9828]:main():gmm-align-compiled.cc:127) 3526-175658-0020
LOG (gmm-align-compiled[5.5.268-f9828]:main():gmm-align-compiled.cc:127) 3526-175658-0022
LOG (gmm-align-compiled[5.5.268-f9828]:main():gmm-align-compiled.cc:127) 3526-175658-0025
LOG (gmm-align-compiled[5.5.268-f9828]:main():gmm-align-compiled.cc:127) 3526-175658-0029
LOG (gmm-align-compiled[5.5.268-f9828]:main():gmm-align-compiled.cc:127) 3526-175658-0032
LOG (gmm-align-compiled[5.5.268-f9828]:main():gmm-align-compiled.cc:127) 3526-175658-0034
LOG (gmm-align-compiled[5.5.268-f9828]:main():gmm-align-compiled.cc:127) 3526-176651-0000
LOG (gmm-align-compiled[5.5.268-f9828]:main():gmm-align-compiled.cc:127) 3526-176651-0003
LOG (gmm-align-compiled[5.5.268-f9828]:main():gmm-align-compiled.cc:127) 3526-176651-0007
LOG (gmm-align-compiled[5.5.268-f9828]:main():gmm-align-compiled.cc:127) 3526-176651-0010
LOG (gmm-align-compiled[5.5.268-f9828]:main():gmm-align-compiled.cc:127) 3526-176651-0012
LOG (gmm-align-compiled[5.5.268-f9828]:main():gmm-align-compiled.cc:127) 3526-176651-0014
LOG (gmm-align-compiled[5.5.268-f9828]:main():gmm-align-compiled.cc:127) 3526-176651-0017
LOG (gmm-align-compiled[5.5.268-f9828]:main():gmm-align-compiled.cc:127) 3526-176651-0021
LOG (gmm-align-compiled[5.5.268-f9828]:main():gmm-align-compiled.cc:127) 3526-176653-0001
LOG (gmm-align-compiled[5.5.268-f9828]:main():gmm-align-compiled.cc:127) 3526-176653-0003
LOG (gmm-align-compiled[5.5.268-f9828]:main():gmm-align-compiled.cc:127) 3526-176653-0005
LOG (gmm-align-compiled[5.5.268-f9828]:main():gmm-align-compiled.cc:127) 3526-176653-0008
LOG (gmm-align-compiled[5.5.268-f9828]:main():gmm-align-compiled.cc:127) 3526-176653-0012
LOG (gmm-align-compiled[5.5.268-f9828]:main():gmm-align-compiled.cc:127) 3526-176653-0015
LOG (gmm-align-compiled[5.5.268-f9828]:main():gmm-align-compiled.cc:127) 3526-176653-0017
LOG (gmm-align-compiled[5.5.268-f9828]:main():gmm-align-compiled.cc:127) 3526-176653-0019
LOG (gmm-align-compiled[5.5.268-f9828]:main():gmm-align-compiled.cc:127) 3526-176653-0022
LOG (gmm-align-compiled[5.5.268-f9828]:main():gmm-align-compiled.cc:127) 3526-176653-0026
LOG (gmm-align-compiled[5.5.268-f9828]:main():gmm-align-compiled.cc:127) 3526-176653-0029
LOG (gmm-align-compiled[5.5.268-f9828]:main():gmm-align-compiled.cc:127) 3526-176653-0031
LOG (gmm-align-compiled[5.5.268-f9828]:main():gmm-align-compiled.cc:127) 3526-176653-0033
LOG (gmm-align-compiled[5.5.268-f9828]:main():gmm-align-compiled.cc:127) 3526-176653-0036
LOG (gmm-align-compiled[5.5.268-f9828]:main():gmm-align-compiled.cc:127) 3526-176653-0040
LOG (gmm-align-compiled[5.5.268-f9828]:main():gmm-align-compiled.cc:127) 3526-176653-0043
LOG (gmm-align-compiled[5.5.268-f9828]:main():gmm-align-compiled.cc:127) 3526-176653-0045
LOG (gmm-align-compiled[5.5.268-f9828]:main():gmm-align-compiled.cc:127) 3526-176653-0047
LOG (gmm-align-compiled[5.5.268-f9828]:main():gmm-align-compiled.cc:127) 3526-176653-0050
LOG (gmm-align-compiled[5.5.268-f9828]:main():gmm-align-compiled.cc:127) 3526-176653-0053
LOG (gmm-align-compiled[5.5.268-f9828]:main():gmm-align-compiled.cc:127) 3607-135982-0001
LOG (gmm-align-compiled[5.5.268-f9828]:main():gmm-align-compiled.cc:127) 3607-135982-0005
LOG (gmm-align-compiled[5.5.268-f9828]:main():gmm-align-compiled.cc:127) 3607-135982-0008
LOG (gmm-align-compiled[5.5.268-f9828]:main():gmm-align-compiled.cc:127) 3607-135982-0012
LOG (gmm-align-compiled[5.5.268-f9828]:main():gmm-align-compiled.cc:127) 3607-135982-0015
LOG (gmm-align-compiled[5.5.268-f9828]:main():gmm-align-compiled.cc:127) 3607-135982-0017
LOG (gmm-align-compiled[5.5.268-f9828]:main():gmm-align-compiled.cc:127) 3607-135982-0019
LOG (gmm-align-compiled[5.5.268-f9828]:main():gmm-align-compiled.cc:127) 3607-135982-0022
LOG (gmm-align-compiled[5.5.268-f9828]:main():gmm-align-compiled.cc:127) 3607-135982-0026
LOG (gmm-align-compiled[5.5.268-f9828]:main():gmm-align-compiled.cc:127) 3607-135982-0029
LOG (gmm-align-compiled[5.5.268-f9828]:main():gmm-align-compiled.cc:127) 3607-135982-0031
LOG (gmm-align-compiled[5.5.268-f9828]:main():gmm-align-compiled.cc:127) 3607-135982-0033
LOG (gmm-align-compiled[5.5.268-f9828]:main():gmm-align-compiled.cc:127) 3607-135982-0036
LOG (gmm-align-compiled[5.5.268-f9828]:main():gmm-align-compiled.cc:127) 3607-135982-0040
LOG (gmm-align-compiled[5.5.268-f9828]:main():gmm-align-compiled.cc:127) 3607-135982-0043
LOG (gmm-align-compiled[5.5.268-f9828]:main():gmm-align-compiled.cc:127) 3607-135982-0045
LOG (gmm-align-compiled[5.5.268-f9828]:main():gmm-align-compiled.cc:127) 3607-135982-0047
LOG (gmm-align-compiled[5.5.268-f9828]:main():gmm-align-compiled.cc:127) 3607-135982-0050
LOG (gmm-align-compiled[5.5.268-f9828]:main():gmm-align-compiled.cc:127) 3607-29116-0002
LOG (gmm-align-compiled[5.5.268-f9828]:main():gmm-align-compiled.cc:127) 3607-29116-0005
LOG (gmm-align-compiled[5.5.268-f9828]:main():gmm-align-compiled.cc:127) 3607-29116-0007
LOG (gmm-align-compiled[5.5.268-f9828]:main():gmm-align-compiled.cc:127) 3607-29116-0009
LOG (gmm-align-compiled[5.5.268-f9828]:main():gmm-align-compiled.cc:127) 3607-29116-0012
LOG (gmm-align-compiled[5.5.268-f9828]:main():gmm-align-compiled.cc:127) 3607-29116-0016
LOG (gmm-align-compiled[5.5.268-f9828]:main():gmm-align-compiled.cc:127) 3607-29116-0019
LOG (gmm-align-compiled[5.5.268-f9828]:main():gmm-align-compiled.cc:127) 3607-29116-0021
LOG (gmm-align-compiled[5.5.268-f9828]:main():gmm-align-compiled.cc:127) 3607-29116-0023
LOG (gmm-align-compiled[5.5.268-f9828]:main():gmm-align-compiled.cc:127) 3607-29116-0026
LOG (gmm-align-compiled[5.5.268-f9828]:main():gmm-align-compiled.cc:127) 3607-29116-0030
LOG (gmm-align-compiled[5.5.268-f9828]:main():gmm-align-compiled.cc:127) 3607-29116-0033
LOG (gmm-align-compiled[5.5.268-f9828]:main():gmm-align-compiled.cc:127) 3607-29116-0035
WARNING (gmm-align-compiled[5.5.268-f9828]:AlignUtteranceWrapper():decoder-wrappers.cc:501) Retrying utterance 3607-29116-0035 with beam 40
LOG (gmm-align-compiled[5.5.268-f9828]:main():gmm-align-compiled.cc:127) 3607-29116-0037
LOG (gmm-align-compiled[5.5.268-f9828]:main():gmm-align-compiled.cc:127) 3607-29116-0040
LOG (gmm-align-compiled[5.5.268-f9828]:main():gmm-align-compiled.cc:127) 3607-29116-0044
LOG (gmm-align-compiled[5.5.268-f9828]:main():gmm-align-compiled.cc:127) 3664-11714-0001
LOG (gmm-align-compiled[5.5.268-f9828]:main():gmm-align-compiled.cc:127) 3664-11714-0003
LOG (gmm-align-compiled[5.5.268-f9828]:main():gmm-align-compiled.cc:127) 3664-11714-0005
LOG (gmm-align-compiled[5.5.268-f9828]:main():gmm-align-compiled.cc:127) 3664-11714-0008
LOG (gmm-align-compiled[5.5.268-f9828]:main():gmm-align-compiled.cc:127) 3664-11714-0012
LOG (gmm-align-compiled[5.5.268-f9828]:main():gmm-align-compiled.cc:127) 3664-11714-0015
LOG (gmm-align-compiled[5.5.268-f9828]:main():gmm-align-compiled.cc:127) 3664-11714-0019
LOG (gmm-align-compiled[5.5.268-f9828]:main():gmm-align-compiled.cc:127) 3664-11714-0022
LOG (gmm-align-compiled[5.5.268-f9828]:main():gmm-align-compiled.cc:127) 3664-11714-0026
LOG (gmm-align-compiled[5.5.268-f9828]:main():gmm-align-compiled.cc:127) 3664-11714-0029
LOG (gmm-align-compiled[5.5.268-f9828]:main():gmm-align-compiled.cc:127) 3664-11714-0031
LOG (gmm-align-compiled[5.5.268-f9828]:main():gmm-align-compiled.cc:127) 3664-178355-0001
LOG (gmm-align-compiled[5.5.268-f9828]:main():gmm-align-compiled.cc:127) 3664-178355-0004
LOG (gmm-align-compiled[5.5.268-f9828]:main():gmm-align-compiled.cc:127) 3664-178355-0008
LOG (gmm-align-compiled[5.5.268-f9828]:main():gmm-align-compiled.cc:127) 3664-178355-0011
LOG (gmm-align-compiled[5.5.268-f9828]:main():gmm-align-compiled.cc:127) 3664-178355-0013
LOG (gmm-align-compiled[5.5.268-f9828]:main():gmm-align-compiled.cc:127) 3664-178355-0015
LOG (gmm-align-compiled[5.5.268-f9828]:main():gmm-align-compiled.cc:127) 3664-178355-0018
LOG (gmm-align-compiled[5.5.268-f9828]:main():gmm-align-compiled.cc:127) 3664-178355-0022
LOG (gmm-align-compiled[5.5.268-f9828]:main():gmm-align-compiled.cc:127) 3664-178355-0025
LOG (gmm-align-compiled[5.5.268-f9828]:main():gmm-align-compiled.cc:127) 3664-178355-0027
LOG (gmm-align-compiled[5.5.268-f9828]:main():gmm-align-compiled.cc:127) 3664-178355-0029
LOG (gmm-align-compiled[5.5.268-f9828]:main():gmm-align-compiled.cc:127) 3664-178355-0032
LOG (gmm-align-compiled[5.5.268-f9828]:main():gmm-align-compiled.cc:127) 3664-178355-0036
LOG (gmm-align-compiled[5.5.268-f9828]:main():gmm-align-compiled.cc:127) 3664-178366-0002
LOG (gmm-align-compiled[5.5.268-f9828]:main():gmm-align-compiled.cc:127) 3664-178366-0004
LOG (gmm-align-compiled[5.5.268-f9828]:main():gmm-align-compiled.cc:127) 3664-178366-0006
LOG (gmm-align-compiled[5.5.268-f9828]:main():gmm-align-compiled.cc:127) 3664-178366-0009
LOG (gmm-align-compiled[5.5.268-f9828]:main():gmm-align-compiled.cc:127) 3664-178366-0013
LOG (gmm-align-compiled[5.5.268-f9828]:main():gmm-align-compiled.cc:127) 3664-178366-0016
LOG (gmm-align-compiled[5.5.268-f9828]:main():gmm-align-compiled.cc:127) 3664-178366-0018
LOG (gmm-align-compiled[5.5.268-f9828]:main():gmm-align-compiled.cc:127) 3664-178366-0020
LOG (gmm-align-compiled[5.5.268-f9828]:main():gmm-align-compiled.cc:127) 3664-178366-0023
LOG (gmm-align-compiled[5.5.268-f9828]:main():gmm-align-compiled.cc:127) 3664-178366-0027
LOG (gmm-align-compiled[5.5.268-f9828]:main():gmm-align-compiled.cc:127) 3664-178366-0030
LOG (gmm-align-compiled[5.5.268-f9828]:main():gmm-align-compiled.cc:127) 3664-178366-0032
LOG (gmm-align-compiled[5.5.268-f9828]:main():gmm-align-compiled.cc:127) 3664-178366-0034
LOG (gmm-align-compiled[5.5.268-f9828]:main():gmm-align-compiled.cc:127) 3664-178366-0037
LOG (gmm-align-compiled[5.5.268-f9828]:main():gmm-align-compiled.cc:127) 3699-175950-0003
LOG (gmm-align-compiled[5.5.268-f9828]:main():gmm-align-compiled.cc:127) 3699-175950-0006
LOG (gmm-align-compiled[5.5.268-f9828]:main():gmm-align-compiled.cc:127) 3699-175950-0008
LOG (gmm-align-compiled[5.5.268-f9828]:main():gmm-align-compiled.cc:127) 3699-175950-0010
LOG (gmm-align-compiled[5.5.268-f9828]:main():gmm-align-compiled.cc:127) 3699-175950-0013
LOG (gmm-align-compiled[5.5.268-f9828]:main():gmm-align-compiled.cc:127) 3699-175950-0016
LOG (gmm-align-compiled[5.5.268-f9828]:main():gmm-align-compiled.cc:127) 3699-175950-0019
LOG (gmm-align-compiled[5.5.268-f9828]:main():gmm-align-compiled.cc:127) 3699-175950-0023
LOG (gmm-align-compiled[5.5.268-f9828]:main():gmm-align-compiled.cc:127) 3699-19401-0000
LOG (gmm-align-compiled[5.5.268-f9828]:main():gmm-align-compiled.cc:127) 3699-19401-0004
LOG (gmm-align-compiled[5.5.268-f9828]:main():gmm-align-compiled.cc:127) 3699-19401-0007
LOG (gmm-align-compiled[5.5.268-f9828]:main():gmm-align-compiled.cc:127) 3699-19401-0009
LOG (gmm-align-compiled[5.5.268-f9828]:main():gmm-align-compiled.cc:127) 3699-19401-0011
LOG (gmm-align-compiled[5.5.268-f9828]:main():gmm-align-compiled.cc:127) 3699-19401-0014
LOG (gmm-align-compiled[5.5.268-f9828]:main():gmm-align-compiled.cc:127) 3699-19401-0018
LOG (gmm-align-compiled[5.5.268-f9828]:main():gmm-align-compiled.cc:127) 3699-19401-0021
LOG (gmm-align-compiled[5.5.268-f9828]:main():gmm-align-compiled.cc:127) 3699-19401-0023
LOG (gmm-align-compiled[5.5.268-f9828]:main():gmm-align-compiled.cc:127) 3699-19401-0025
LOG (gmm-align-compiled[5.5.268-f9828]:main():gmm-align-compiled.cc:127) 3699-19402-0001
LOG (gmm-align-compiled[5.5.268-f9828]:main():gmm-align-compiled.cc:127) 3699-19402-0005
LOG (gmm-align-compiled[5.5.268-f9828]:main():gmm-align-compiled.cc:127) 3699-19402-0008
LOG (gmm-align-compiled[5.5.268-f9828]:main():gmm-align-compiled.cc:127) 3699-19402-0010
LOG (gmm-align-compiled[5.5.268-f9828]:main():gmm-align-compiled.cc:127) 3699-19402-0012
LOG (gmm-align-compiled[5.5.268-f9828]:main():gmm-align-compiled.cc:127) 3699-19402-0015
LOG (gmm-align-compiled[5.5.268-f9828]:main():gmm-align-compiled.cc:127) 3699-19402-0019
LOG (gmm-align-compiled[5.5.268-f9828]:main():gmm-align-compiled.cc:127) 3699-19402-0022
LOG (gmm-align-compiled[5.5.268-f9828]:main():gmm-align-compiled.cc:127) 3699-19402-0024
LOG (gmm-align-compiled[5.5.268-f9828]:main():gmm-align-compiled.cc:127) 3699-19402-0026
LOG (gmm-align-compiled[5.5.268-f9828]:main():gmm-align-compiled.cc:127) 3699-19402-0029
LOG (gmm-align-compiled[5.5.268-f9828]:main():gmm-align-compiled.cc:127) 3699-47246-0002
LOG (gmm-align-compiled[5.5.268-f9828]:main():gmm-align-compiled.cc:127) 3699-47246-0005
LOG (gmm-align-compiled[5.5.268-f9828]:main():gmm-align-compiled.cc:127) 3699-47246-0007
LOG (gmm-align-compiled[5.5.268-f9828]:main():gmm-align-compiled.cc:127) 3699-47246-0009
LOG (gmm-align-compiled[5.5.268-f9828]:main():gmm-align-compiled.cc:127) 3699-47246-0012
LOG (gmm-align-compiled[5.5.268-f9828]:main():gmm-align-compiled.cc:127) 3699-47246-0016
LOG (gmm-align-compiled[5.5.268-f9828]:main():gmm-align-compiled.cc:127) 3699-47246-0019
LOG (gmm-align-compiled[5.5.268-f9828]:main():gmm-align-compiled.cc:127) 3699-47246-0021
LOG (gmm-align-compiled[5.5.268-f9828]:main():gmm-align-compiled.cc:127) 3699-47246-0023
LOG (gmm-align-compiled[5.5.268-f9828]:main():gmm-align-compiled.cc:127) 3699-47246-0026
LOG (gmm-align-compiled[5.5.268-f9828]:main():gmm-align-compiled.cc:127) 3699-47246-0030
LOG (gmm-align-compiled[5.5.268-f9828]:main():gmm-align-compiled.cc:127) 3723-171115-0000
LOG (gmm-align-compiled[5.5.268-f9828]:main():gmm-align-compiled.cc:127) 3723-171115-0002
LOG (gmm-align-compiled[5.5.268-f9828]:main():gmm-align-compiled.cc:127) 3723-171115-0004
LOG (gmm-align-compiled[5.5.268-f9828]:main():gmm-align-compiled.cc:127) 3723-171115-0007
LOG (gmm-align-compiled[5.5.268-f9828]:main():gmm-align-compiled.cc:127) 3723-171115-0011
LOG (gmm-align-compiled[5.5.268-f9828]:main():gmm-align-compiled.cc:127) 3723-171115-0014
LOG (gmm-align-compiled[5.5.268-f9828]:main():gmm-align-compiled.cc:127) 3723-171115-0018
LOG (gmm-align-compiled[5.5.268-f9828]:main():gmm-align-compiled.cc:127) 3723-171115-0021
LOG (gmm-align-compiled[5.5.268-f9828]:main():gmm-align-compiled.cc:127) 3723-171115-0025
LOG (gmm-align-compiled[5.5.268-f9828]:main():gmm-align-compiled.cc:127) 3723-171115-0028
LOG (gmm-align-compiled[5.5.268-f9828]:main():gmm-align-compiled.cc:127) 3723-171115-0030
LOG (gmm-align-compiled[5.5.268-f9828]:main():gmm-align-compiled.cc:127) 3723-171115-0032
LOG (gmm-align-compiled[5.5.268-f9828]:main():gmm-align-compiled.cc:127) 3723-171115-0035
LOG (gmm-align-compiled[5.5.268-f9828]:main():gmm-align-compiled.cc:127) 3723-171115-0039
LOG (gmm-align-compiled[5.5.268-f9828]:main():gmm-align-compiled.cc:127) 3723-171115-0042
LOG (gmm-align-compiled[5.5.268-f9828]:main():gmm-align-compiled.cc:127) 3723-171115-0044
LOG (gmm-align-compiled[5.5.268-f9828]:main():gmm-align-compiled.cc:127) 3723-171115-0046
LOG (gmm-align-compiled[5.5.268-f9828]:main():gmm-align-compiled.cc:127) 3723-171115-0049
LOG (gmm-align-compiled[5.5.268-f9828]:main():gmm-align-compiled.cc:127) 3723-171115-0053
LOG (gmm-align-compiled[5.5.268-f9828]:main():gmm-align-compiled.cc:127) 3723-171115-0056
LOG (gmm-align-compiled[5.5.268-f9828]:main():gmm-align-compiled.cc:127) 3723-171631-0000
LOG (gmm-align-compiled[5.5.268-f9828]:main():gmm-align-compiled.cc:127) 3723-171631-0002
LOG (gmm-align-compiled[5.5.268-f9828]:main():gmm-align-compiled.cc:127) 3723-171631-0005
LOG (gmm-align-compiled[5.5.268-f9828]:main():gmm-align-compiled.cc:127) 3723-171631-0009
LOG (gmm-align-compiled[5.5.268-f9828]:main():gmm-align-compiled.cc:127) 3723-171631-0012
LOG (gmm-align-compiled[5.5.268-f9828]:main():gmm-align-compiled.cc:127) 3723-171631-0014
LOG (gmm-align-compiled[5.5.268-f9828]:main():gmm-align-compiled.cc:127) 3723-171631-0016
LOG (gmm-align-compiled[5.5.268-f9828]:main():gmm-align-compiled.cc:127) 3723-171631-0019
LOG (gmm-align-compiled[5.5.268-f9828]:main():gmm-align-compiled.cc:127) 3723-171631-0023
LOG (gmm-align-compiled[5.5.268-f9828]:main():gmm-align-compiled.cc:127) 3723-171631-0026
LOG (gmm-align-compiled[5.5.268-f9828]:main():gmm-align-compiled.cc:127) 3723-171631-0028
LOG (gmm-align-compiled[5.5.268-f9828]:main():gmm-align-compiled.cc:127) 3723-171631-0030
LOG (gmm-align-compiled[5.5.268-f9828]:main():gmm-align-compiled.cc:127) 3723-171631-0033
LOG (gmm-align-compiled[5.5.268-f9828]:main():gmm-align-compiled.cc:127) 3723-171631-0037
LOG (gmm-align-compiled[5.5.268-f9828]:main():gmm-align-compiled.cc:127) 3723-171631-0040
LOG (gmm-align-compiled[5.5.268-f9828]:main():gmm-align-compiled.cc:127) 3723-171631-0042
LOG (gmm-align-compiled[5.5.268-f9828]:main():gmm-align-compiled.cc:127) 3723-171631-0044
LOG (gmm-align-compiled[5.5.268-f9828]:main():gmm-align-compiled.cc:127) 3723-171631-0047
LOG (gmm-align-compiled[5.5.268-f9828]:main():gmm-align-compiled.cc:127) 3723-171631-0051
LOG (gmm-align-compiled[5.5.268-f9828]:main():gmm-align-compiled.cc:127) 3723-171631-0054
LOG (apply-cmvn[5.5.268-f9828]:main():apply-cmvn.cc:162) Applied cepstral mean normalization to 1006 utterances, errors on 0
LOG (gmm-align-compiled[5.5.268-f9828]:main():gmm-align-compiled.cc:127) 3723-171631-0056
LOG (transform-feats[5.5.268-f9828]:main():transform-feats.cc:158) Overall average [pseudo-]logdet is -107.822 over 1.26693e+06 frames.
LOG (transform-feats[5.5.268-f9828]:main():transform-feats.cc:161) Applied transform to 1006 utterances; 0 had errors.
LOG (gmm-align-compiled[5.5.268-f9828]:main():gmm-align-compiled.cc:127) 3723-171631-0058
LOG (gmm-align-compiled[5.5.268-f9828]:main():gmm-align-compiled.cc:135) Overall log-likelihood per frame is -48.0722 over 1266930 frames.
LOG (gmm-align-compiled[5.5.268-f9828]:main():gmm-align-compiled.cc:137) Retried 2 out of 1006 utterances.
LOG (gmm-align-compiled[5.5.268-f9828]:main():gmm-align-compiled.cc:139) Done 1006, errors on 0
# Accounting: time=164 threads=1
# Ended (code 0) at Tue Mar 16 15:15:33 EET 2021, elapsed time 164 seconds
