# build-tree --verbose=1 --max-leaves=4370 --cluster-thresh=-1 exp/tri2b/treeacc data/lang_nosp/phones/roots.int exp/tri2b/questions.qst data/lang_nosp/topo exp/tri2b/tree 
# Started at Tue Mar 16 14:56:02 EET 2021
#
build-tree --verbose=1 --max-leaves=4370 --cluster-thresh=-1 exp/tri2b/treeacc data/lang_nosp/phones/roots.int exp/tri2b/questions.qst data/lang_nosp/topo exp/tri2b/tree 
LOG (build-tree[5.5.268-f9828]:main():build-tree.cc:104) Number of separate statistics is 162255
LOG (build-tree[5.5.268-f9828]:BuildTree():build-tree.cc:161) BuildTree: before building trees, map has 41 leaves.
LOG (build-tree[5.5.268-f9828]:SplitDecisionTree():build-tree-utils.cc:577) DoDecisionTreeSplit: split 4329 times, #leaves now 4370
LOG (build-tree[5.5.268-f9828]:BuildTree():build-tree.cc:187) Setting clustering threshold to smallest split 1985.91
VLOG[1] (build-tree[5.5.268-f9828]:BuildTree():build-tree.cc:196) After decision tree split, num-leaves = 4370, like-impr = 6.07816 per frame over 1.26268e+07 frames.
VLOG[1] (build-tree[5.5.268-f9828]:BuildTree():build-tree.cc:200) Including just phones that were split, improvement is 6.07816 per frame over 1.26268e+07 frames.
LOG (build-tree[5.5.268-f9828]:BuildTree():build-tree.cc:215) BuildTree: removed 657 leaves.
VLOG[1] (build-tree[5.5.268-f9828]:ClusterEventMapToNClustersRestrictedByMap():build-tree-utils.cc:914) Number of non-empty clusters in map = 41
VLOG[1] (build-tree[5.5.268-f9828]:ClusterEventMapToNClustersRestrictedByMap():build-tree-utils.cc:915) Number of non-empty clusters = 3713
LOG (build-tree[5.5.268-f9828]:BuildTree():build-tree.cc:231) BuildTree: Rounded num leaves to multiple of 8 by removing 1 leaves.
VLOG[1] (build-tree[5.5.268-f9828]:BuildTree():build-tree.cc:256) Objf change due to clustering -0.0707622 per frame.
VLOG[1] (build-tree[5.5.268-f9828]:BuildTree():build-tree.cc:259) Normalizing over only split phones, this is: -0.0707622 per frame.
VLOG[1] (build-tree[5.5.268-f9828]:BuildTree():build-tree.cc:262) Num-leaves is now 3712
WARNING (build-tree[5.5.268-f9828]:main():build-tree.cc:185) Saw no stats for following phones: 2 3 4 5 6 7 8 9 11 12 13 14 18 26 27 28 29 30 32 34 36 38 40 42 43 44 45 46 54 56 58 59 60 61 62 66 74 75 76 77 78 82 86 90 91 92 93 94 98 106 110 114 118 122 123 124 125 126 128 130 136 138 139 140 141 142 151 154 155 156 157 158 162 170 174 178 180 182 183 184 185 186 190 194 198 199 200 201 202 206 214 218 222 226 230 234 235 238 239 240 241 242 246 254 255 256 257 258 259 260 262 266 267 270 274 278 282 286 290 294 295 296 297 298 299 300 302 303 306 307 308 310 311 312 313 314 315 318 322 323 326 330 332 334 336 338 342 346 
LOG (build-tree[5.5.268-f9828]:main():build-tree.cc:189) Wrote tree
# Accounting: time=26 threads=1
# Ended (code 0) at Tue Mar 16 14:56:28 EET 2021, elapsed time 26 seconds
