# compile-train-graphs --read-disambig-syms=data/lang_nosp/phones/disambig.int exp/tri2b/tree exp/tri2b/1.mdl data/lang_nosp/L.fst "ark:utils/sym2int.pl --map-oov 3 -f 2- data/lang_nosp/words.txt < data/train_10k/split10/9/text |" "ark:|gzip -c >exp/tri2b/fsts.9.gz" 
# Started at Tue Mar 16 14:56:40 EET 2021
#
compile-train-graphs --read-disambig-syms=data/lang_nosp/phones/disambig.int exp/tri2b/tree exp/tri2b/1.mdl data/lang_nosp/L.fst 'ark:utils/sym2int.pl --map-oov 3 -f 2- data/lang_nosp/words.txt < data/train_10k/split10/9/text |' 'ark:|gzip -c >exp/tri2b/fsts.9.gz' 
sym2int.pl: replacing CUSPADORE with 3
sym2int.pl: replacing CENTRICS with 3
sym2int.pl: replacing INDEPENDENCE' with 3
sym2int.pl: replacing OLASTON with 3
sym2int.pl: replacing NOIRTIER with 3
sym2int.pl: replacing VILLEFORT'S with 3
sym2int.pl: replacing PASTRINI with 3
sym2int.pl: replacing COLOSSEO with 3
sym2int.pl: replacing PASTRINI with 3
sym2int.pl: replacing PASTRINI with 3
sym2int.pl: replacing PAMPINARA with 3
sym2int.pl: replacing VALMONTONE with 3
sym2int.pl: replacing FELICE'S with 3
sym2int.pl: replacing DECESARIS with 3
sym2int.pl: replacing GASPERONE with 3
sym2int.pl: replacing PAMPINARA with 3
sym2int.pl: replacing CUCUMETTO with 3
sym2int.pl: replacing CUCUMETTO with 3
sym2int.pl: replacing CARLINI'S with 3
sym2int.pl: replacing DIOVALACCIO with 3
sym2int.pl: not warning for OOVs any more times
** Replaced 77 instances of OOVs with 3
LOG (compile-train-graphs[5.5.268-f9828]:main():compile-train-graphs.cc:147) compile-train-graphs: succeeded for 988 graphs, failed for 0
# Accounting: time=42 threads=1
# Ended (code 0) at Tue Mar 16 14:57:22 EET 2021, elapsed time 42 seconds
