# compile-train-graphs --read-disambig-syms=data/lang_nosp/phones/disambig.int exp/tri2b/tree exp/tri2b/1.mdl data/lang_nosp/L.fst "ark:utils/sym2int.pl --map-oov 3 -f 2- data/lang_nosp/words.txt < data/train_10k/split10/4/text |" "ark:|gzip -c >exp/tri2b/fsts.4.gz" 
# Started at Tue Mar 16 14:56:40 EET 2021
#
compile-train-graphs --read-disambig-syms=data/lang_nosp/phones/disambig.int exp/tri2b/tree exp/tri2b/1.mdl data/lang_nosp/L.fst 'ark:utils/sym2int.pl --map-oov 3 -f 2- data/lang_nosp/words.txt < data/train_10k/split10/4/text |' 'ark:|gzip -c >exp/tri2b/fsts.4.gz' 
sym2int.pl: replacing PANZAS with 3
sym2int.pl: replacing GRAVELLING with 3
sym2int.pl: replacing TOLEDANS with 3
sym2int.pl: replacing CORCHUELO with 3
sym2int.pl: replacing CAMACHO'S with 3
sym2int.pl: replacing KOVA with 3
sym2int.pl: replacing KOVA with 3
sym2int.pl: replacing KAN'S with 3
sym2int.pl: replacing COMPENSE with 3
sym2int.pl: replacing ARTERIOSA with 3
sym2int.pl: replacing COUNTERWEIGHTS with 3
sym2int.pl: replacing FERULES with 3
sym2int.pl: replacing SCHOSS with 3
sym2int.pl: replacing TIMOKHIN with 3
sym2int.pl: replacing MYTISHCHI with 3
sym2int.pl: replacing TIMOKHIN with 3
sym2int.pl: replacing NATASHA'S with 3
sym2int.pl: replacing TIMOKHIN with 3
sym2int.pl: replacing ROSTOVS with 3
sym2int.pl: replacing BOLKONSKI with 3
sym2int.pl: not warning for OOVs any more times
** Replaced 99 instances of OOVs with 3
LOG (compile-train-graphs[5.5.268-f9828]:main():compile-train-graphs.cc:147) compile-train-graphs: succeeded for 1006 graphs, failed for 0
# Accounting: time=45 threads=1
# Ended (code 0) at Tue Mar 16 14:57:25 EET 2021, elapsed time 45 seconds
