# compile-train-graphs --read-disambig-syms=data/lang_nosp/phones/disambig.int exp/tri2b/tree exp/tri2b/1.mdl data/lang_nosp/L.fst "ark:utils/sym2int.pl --map-oov 3 -f 2- data/lang_nosp/words.txt < data/train_10k/split10/10/text |" "ark:|gzip -c >exp/tri2b/fsts.10.gz" 
# Started at Tue Mar 16 14:56:40 EET 2021
#
compile-train-graphs --read-disambig-syms=data/lang_nosp/phones/disambig.int exp/tri2b/tree exp/tri2b/1.mdl data/lang_nosp/L.fst 'ark:utils/sym2int.pl --map-oov 3 -f 2- data/lang_nosp/words.txt < data/train_10k/split10/10/text |' 'ark:|gzip -c >exp/tri2b/fsts.10.gz' 
sym2int.pl: replacing KIMBOLTON with 3
sym2int.pl: replacing UNIQUITY with 3
sym2int.pl: replacing RITZNER with 3
sym2int.pl: replacing MYSTIFIC with 3
sym2int.pl: replacing RITZNER with 3
sym2int.pl: replacing DUELLI with 3
sym2int.pl: replacing EURALIA with 3
sym2int.pl: replacing THENARDIER with 3
sym2int.pl: replacing THENARDIER with 3
sym2int.pl: replacing THENARDIER with 3
sym2int.pl: replacing THENARDIER with 3
sym2int.pl: replacing THENARDIER with 3
sym2int.pl: replacing THENARDIER with 3
sym2int.pl: replacing EPONINE'S with 3
sym2int.pl: replacing THENARDIER with 3
sym2int.pl: replacing PONINE with 3
sym2int.pl: replacing WASHABILITY with 3
sym2int.pl: replacing TROUTINA with 3
sym2int.pl: replacing TROUTINA with 3
sym2int.pl: replacing SOUSSIO with 3
sym2int.pl: not warning for OOVs any more times
** Replaced 95 instances of OOVs with 3
LOG (compile-train-graphs[5.5.268-f9828]:main():compile-train-graphs.cc:147) compile-train-graphs: succeeded for 1004 graphs, failed for 0
# Accounting: time=46 threads=1
# Ended (code 0) at Tue Mar 16 14:57:26 EET 2021, elapsed time 46 seconds
