# compile-train-graphs --read-disambig-syms=data/lang_nosp/phones/disambig.int exp/tri2b/tree exp/tri2b/1.mdl data/lang_nosp/L.fst "ark:utils/sym2int.pl --map-oov 3 -f 2- data/lang_nosp/words.txt < data/train_10k/split10/5/text |" "ark:|gzip -c >exp/tri2b/fsts.5.gz" 
# Started at Tue Mar 16 14:56:40 EET 2021
#
compile-train-graphs --read-disambig-syms=data/lang_nosp/phones/disambig.int exp/tri2b/tree exp/tri2b/1.mdl data/lang_nosp/L.fst 'ark:utils/sym2int.pl --map-oov 3 -f 2- data/lang_nosp/words.txt < data/train_10k/split10/5/text |' 'ark:|gzip -c >exp/tri2b/fsts.5.gz' 
sym2int.pl: replacing EAGLEHAWK with 3
sym2int.pl: replacing HOMESITE with 3
sym2int.pl: replacing BARBELLION with 3
sym2int.pl: replacing GROTAUT with 3
sym2int.pl: replacing HOSTAQUA with 3
sym2int.pl: replacing GAMBIE with 3
sym2int.pl: replacing VASSEUR'S with 3
sym2int.pl: replacing ASTINA with 3
sym2int.pl: replacing OUTINA'S with 3
sym2int.pl: replacing BROWBOROUGH with 3
sym2int.pl: replacing RETRICKED with 3
sym2int.pl: replacing LOREEN'S with 3
sym2int.pl: replacing LOREEN with 3
sym2int.pl: replacing UNDERCUTT with 3
sym2int.pl: replacing NOIRTIER with 3
sym2int.pl: replacing NUPTUAL with 3
sym2int.pl: replacing ERMINTRUDE with 3
sym2int.pl: replacing DARNAY'S with 3
sym2int.pl: replacing NAUTILUS'S with 3
sym2int.pl: replacing HYDROXIDE with 3
sym2int.pl: not warning for OOVs any more times
** Replaced 61 instances of OOVs with 3
LOG (compile-train-graphs[5.5.268-f9828]:main():compile-train-graphs.cc:147) compile-train-graphs: succeeded for 1002 graphs, failed for 0
# Accounting: time=46 threads=1
# Ended (code 0) at Tue Mar 16 14:57:26 EET 2021, elapsed time 46 seconds
