# compile-train-graphs --read-disambig-syms=data/lang_nosp/phones/disambig.int exp/tri2b/tree exp/tri2b/1.mdl data/lang_nosp/L.fst "ark:utils/sym2int.pl --map-oov 3 -f 2- data/lang_nosp/words.txt < data/train_10k/split10/8/text |" "ark:|gzip -c >exp/tri2b/fsts.8.gz" 
# Started at Tue Mar 16 14:56:40 EET 2021
#
compile-train-graphs --read-disambig-syms=data/lang_nosp/phones/disambig.int exp/tri2b/tree exp/tri2b/1.mdl data/lang_nosp/L.fst 'ark:utils/sym2int.pl --map-oov 3 -f 2- data/lang_nosp/words.txt < data/train_10k/split10/8/text |' 'ark:|gzip -c >exp/tri2b/fsts.8.gz' 
sym2int.pl: replacing LADSON with 3
sym2int.pl: replacing PALMIRY with 3
sym2int.pl: replacing GRAND'THER'S with 3
sym2int.pl: replacing RUGGLES'S with 3
sym2int.pl: replacing COURCHAMP with 3
sym2int.pl: replacing POINTI'S with 3
sym2int.pl: replacing GWYNPLAINE'S with 3
sym2int.pl: replacing SCHERIN with 3
sym2int.pl: replacing REENTERTAINING with 3
sym2int.pl: replacing COLYUMIST'S with 3
sym2int.pl: replacing PETTINGIL'S with 3
sym2int.pl: replacing ICECREAMS with 3
sym2int.pl: replacing MULATTER with 3
sym2int.pl: replacing SWEENEYS with 3
sym2int.pl: replacing DEASEY with 3
sym2int.pl: replacing DEASEY with 3
sym2int.pl: replacing DEASEY with 3
sym2int.pl: replacing DEASEY with 3
sym2int.pl: replacing DEASEY with 3
sym2int.pl: replacing DEASEY with 3
sym2int.pl: not warning for OOVs any more times
** Replaced 154 instances of OOVs with 3
LOG (compile-train-graphs[5.5.268-f9828]:main():compile-train-graphs.cc:147) compile-train-graphs: succeeded for 1004 graphs, failed for 0
# Accounting: time=43 threads=1
# Ended (code 0) at Tue Mar 16 14:57:23 EET 2021, elapsed time 43 seconds
