# ali-to-post "ark:gunzip -c exp/tri1_ali_10k/ali.3.gz|" ark:- | weight-silence-post 0.0 1:2:3:4:5:6:7:8:9:10 exp/tri1_ali_10k/final.mdl ark:- ark:- | acc-lda --rand-prune=4.0 exp/tri1_ali_10k/final.mdl "ark,s,cs:apply-cmvn  --utt2spk=ark:data/train_10k/split10/3/utt2spk scp:data/train_10k/split10/3/cmvn.scp scp:data/train_10k/split10/3/feats.scp ark:- | splice-feats --left-context=10 --right-context=10 ark:- ark:- |" ark,s,cs:- exp/tri2b/lda.3.acc 
# Started at Tue Mar 16 14:54:21 EET 2021
#
acc-lda --rand-prune=4.0 exp/tri1_ali_10k/final.mdl 'ark,s,cs:apply-cmvn  --utt2spk=ark:data/train_10k/split10/3/utt2spk scp:data/train_10k/split10/3/cmvn.scp scp:data/train_10k/split10/3/feats.scp ark:- | splice-feats --left-context=10 --right-context=10 ark:- ark:- |' ark,s,cs:- exp/tri2b/lda.3.acc 
ali-to-post 'ark:gunzip -c exp/tri1_ali_10k/ali.3.gz|' ark:- 
weight-silence-post 0.0 1:2:3:4:5:6:7:8:9:10 exp/tri1_ali_10k/final.mdl ark:- ark:- 
splice-feats --left-context=10 --right-context=10 ark:- ark:- 
apply-cmvn --utt2spk=ark:data/train_10k/split10/3/utt2spk scp:data/train_10k/split10/3/cmvn.scp scp:data/train_10k/split10/3/feats.scp ark:- 
WARNING (acc-lda[5.5.268-f9828]:main():acc-lda.cc:77) No posteriors for utterance 226-122538-0000
WARNING (acc-lda[5.5.268-f9828]:main():acc-lda.cc:77) No posteriors for utterance 226-122538-0002
WARNING (acc-lda[5.5.268-f9828]:main():acc-lda.cc:77) No posteriors for utterance 226-122538-0005
WARNING (acc-lda[5.5.268-f9828]:main():acc-lda.cc:77) No posteriors for utterance 226-122538-0009
WARNING (acc-lda[5.5.268-f9828]:main():acc-lda.cc:77) No posteriors for utterance 226-122538-0012
WARNING (acc-lda[5.5.268-f9828]:main():acc-lda.cc:77) No posteriors for utterance 226-122538-0014
WARNING (acc-lda[5.5.268-f9828]:main():acc-lda.cc:77) No posteriors for utterance 226-122538-0016
WARNING (acc-lda[5.5.268-f9828]:main():acc-lda.cc:77) No posteriors for utterance 226-122538-0019
WARNING (acc-lda[5.5.268-f9828]:main():acc-lda.cc:77) No posteriors for utterance 226-122538-0023
WARNING (acc-lda[5.5.268-f9828]:main():acc-lda.cc:77) No posteriors for utterance 226-122538-0026
WARNING (acc-lda[5.5.268-f9828]:main():acc-lda.cc:77) No posteriors for utterance 226-122538-0028
WARNING (acc-lda[5.5.268-f9828]:main():acc-lda.cc:77) No posteriors for utterance 226-122538-0030
WARNING (acc-lda[5.5.268-f9828]:main():acc-lda.cc:77) No posteriors for utterance 226-122538-0033
LOG (acc-lda[5.5.268-f9828]:main():acc-lda.cc:114) Done 100 utterances.
LOG (acc-lda[5.5.268-f9828]:main():acc-lda.cc:114) Done 200 utterances.
LOG (acc-lda[5.5.268-f9828]:main():acc-lda.cc:114) Done 300 utterances.
LOG (acc-lda[5.5.268-f9828]:main():acc-lda.cc:114) Done 400 utterances.
LOG (acc-lda[5.5.268-f9828]:main():acc-lda.cc:114) Done 500 utterances.
LOG (acc-lda[5.5.268-f9828]:main():acc-lda.cc:114) Done 600 utterances.
LOG (acc-lda[5.5.268-f9828]:main():acc-lda.cc:114) Done 700 utterances.
LOG (acc-lda[5.5.268-f9828]:main():acc-lda.cc:114) Done 800 utterances.
LOG (acc-lda[5.5.268-f9828]:main():acc-lda.cc:114) Done 900 utterances.
LOG (apply-cmvn[5.5.268-f9828]:main():apply-cmvn.cc:162) Applied cepstral mean normalization to 1003 utterances, errors on 0
LOG (ali-to-post[5.5.268-f9828]:main():ali-to-post.cc:73) Converted 2827 alignments.
LOG (weight-silence-post[5.5.268-f9828]:main():weight-silence-post.cc:95) Done 2827 posteriors.
LOG (acc-lda[5.5.268-f9828]:main():acc-lda.cc:117) Done 990 files, failed for 13
LOG (acc-lda[5.5.268-f9828]:main():acc-lda.cc:122) Written statistics.
# Accounting: time=59 threads=1
# Ended (code 0) at Tue Mar 16 14:55:20 EET 2021, elapsed time 59 seconds
