# gmm-acc-stats-ali exp/tri1/8.mdl "ark,s,cs:apply-cmvn  --utt2spk=ark:data/train_5k/split10/4/utt2spk scp:data/train_5k/split10/4/cmvn.scp scp:data/train_5k/split10/4/feats.scp ark:- | add-deltas  ark:- ark:- |" "ark,s,cs:gunzip -c exp/tri1/ali.4.gz|" exp/tri1/8.4.acc 
# Started at Sun Mar 14 15:44:46 EET 2021
#
gmm-acc-stats-ali exp/tri1/8.mdl 'ark,s,cs:apply-cmvn  --utt2spk=ark:data/train_5k/split10/4/utt2spk scp:data/train_5k/split10/4/cmvn.scp scp:data/train_5k/split10/4/feats.scp ark:- | add-deltas  ark:- ark:- |' 'ark,s,cs:gunzip -c exp/tri1/ali.4.gz|' exp/tri1/8.4.acc 
apply-cmvn --utt2spk=ark:data/train_5k/split10/4/utt2spk scp:data/train_5k/split10/4/cmvn.scp scp:data/train_5k/split10/4/feats.scp ark:- 
add-deltas ark:- ark:- 
LOG (gmm-acc-stats-ali[5.5.268-f9828]:main():gmm-acc-stats-ali.cc:105) Processed 50 utterances; for utterance 302-123516-0020 avg. like is -104.474 over 980 frames.
LOG (gmm-acc-stats-ali[5.5.268-f9828]:main():gmm-acc-stats-ali.cc:105) Processed 100 utterances; for utterance 311-124404-0107 avg. like is -101.917 over 1248 frames.
LOG (gmm-acc-stats-ali[5.5.268-f9828]:main():gmm-acc-stats-ali.cc:105) Processed 150 utterances; for utterance 32-21634-0007 avg. like is -100.162 over 1444 frames.
LOG (gmm-acc-stats-ali[5.5.268-f9828]:main():gmm-acc-stats-ali.cc:105) Processed 200 utterances; for utterance 322-124147-0059 avg. like is -90.6122 over 1470 frames.
LOG (gmm-acc-stats-ali[5.5.268-f9828]:main():gmm-acc-stats-ali.cc:105) Processed 250 utterances; for utterance 3242-67153-0021 avg. like is -106.101 over 379 frames.
LOG (gmm-acc-stats-ali[5.5.268-f9828]:main():gmm-acc-stats-ali.cc:105) Processed 300 utterances; for utterance 328-129766-0058 avg. like is -97.8708 over 1467 frames.
LOG (gmm-acc-stats-ali[5.5.268-f9828]:main():gmm-acc-stats-ali.cc:105) Processed 350 utterances; for utterance 3436-172162-0032 avg. like is -99.7942 over 1603 frames.
LOG (gmm-acc-stats-ali[5.5.268-f9828]:main():gmm-acc-stats-ali.cc:105) Processed 400 utterances; for utterance 3486-166446-0006 avg. like is -98.8968 over 1228 frames.
LOG (gmm-acc-stats-ali[5.5.268-f9828]:main():gmm-acc-stats-ali.cc:105) Processed 450 utterances; for utterance 3664-178355-0001 avg. like is -102.425 over 1635 frames.
LOG (gmm-acc-stats-ali[5.5.268-f9828]:main():gmm-acc-stats-ali.cc:105) Processed 500 utterances; for utterance 3723-171631-0037 avg. like is -91.711 over 655 frames.
LOG (apply-cmvn[5.5.268-f9828]:main():apply-cmvn.cc:162) Applied cepstral mean normalization to 504 utterances, errors on 0
LOG (gmm-acc-stats-ali[5.5.268-f9828]:main():gmm-acc-stats-ali.cc:112) Done 504 files, 0 with errors.
LOG (gmm-acc-stats-ali[5.5.268-f9828]:main():gmm-acc-stats-ali.cc:115) Overall avg like per frame (Gaussian only) = -99.2179 over 636662 frames.
LOG (gmm-acc-stats-ali[5.5.268-f9828]:main():gmm-acc-stats-ali.cc:123) Written accs.
# Accounting: time=8 threads=1
# Ended (code 0) at Sun Mar 14 15:44:54 EET 2021, elapsed time 8 seconds
