# gmm-align-compiled --transition-scale=1.0 --acoustic-scale=0.1 --self-loop-scale=0.1 --beam=10 --retry-beam=40 --careful=false "gmm-boost-silence --boost=1.25 1 exp/tri1/20.mdl - |" "ark:gunzip -c exp/tri1/fsts.9.gz|" "ark,s,cs:apply-cmvn  --utt2spk=ark:data/train_5k/split10/9/utt2spk scp:data/train_5k/split10/9/cmvn.scp scp:data/train_5k/split10/9/feats.scp ark:- | add-deltas  ark:- ark:- |" "ark:|gzip -c >exp/tri1/ali.9.gz" 
# Started at Sun Mar 14 15:48:27 EET 2021
#
gmm-align-compiled --transition-scale=1.0 --acoustic-scale=0.1 --self-loop-scale=0.1 --beam=10 --retry-beam=40 --careful=false 'gmm-boost-silence --boost=1.25 1 exp/tri1/20.mdl - |' 'ark:gunzip -c exp/tri1/fsts.9.gz|' 'ark,s,cs:apply-cmvn  --utt2spk=ark:data/train_5k/split10/9/utt2spk scp:data/train_5k/split10/9/cmvn.scp scp:data/train_5k/split10/9/feats.scp ark:- | add-deltas  ark:- ark:- |' 'ark:|gzip -c >exp/tri1/ali.9.gz' 
gmm-boost-silence --boost=1.25 1 exp/tri1/20.mdl - 
WARNING (gmm-boost-silence[5.5.268-f9828]:main():gmm-boost-silence.cc:82) The pdfs for the silence phones may be shared by other phones (note: this probably does not matter.)
LOG (gmm-boost-silence[5.5.268-f9828]:main():gmm-boost-silence.cc:93) Boosted weights for 5 pdfs, by factor of 1.25
LOG (gmm-boost-silence[5.5.268-f9828]:main():gmm-boost-silence.cc:103) Wrote model to -
add-deltas ark:- ark:- 
apply-cmvn --utt2spk=ark:data/train_5k/split10/9/utt2spk scp:data/train_5k/split10/9/cmvn.scp scp:data/train_5k/split10/9/feats.scp ark:- 
LOG (gmm-align-compiled[5.5.268-f9828]:main():gmm-align-compiled.cc:127) 7226-86965-0000
LOG (gmm-align-compiled[5.5.268-f9828]:main():gmm-align-compiled.cc:127) 7226-86965-0007
LOG (gmm-align-compiled[5.5.268-f9828]:main():gmm-align-compiled.cc:127) 7226-86965-0014
LOG (gmm-align-compiled[5.5.268-f9828]:main():gmm-align-compiled.cc:127) 7226-86965-0017
LOG (gmm-align-compiled[5.5.268-f9828]:main():gmm-align-compiled.cc:127) 7226-86965-0021
LOG (gmm-align-compiled[5.5.268-f9828]:main():gmm-align-compiled.cc:127) 7226-86965-0028
LOG (gmm-align-compiled[5.5.268-f9828]:main():gmm-align-compiled.cc:127) 7226-86965-0035
LOG (gmm-align-compiled[5.5.268-f9828]:main():gmm-align-compiled.cc:127) 7226-86965-0042
LOG (gmm-align-compiled[5.5.268-f9828]:main():gmm-align-compiled.cc:127) 7226-86965-0045
LOG (gmm-align-compiled[5.5.268-f9828]:main():gmm-align-compiled.cc:127) 7226-86965-0049
LOG (gmm-align-compiled[5.5.268-f9828]:main():gmm-align-compiled.cc:127) 7264-92310-0006
LOG (gmm-align-compiled[5.5.268-f9828]:main():gmm-align-compiled.cc:127) 7264-92310-0013
LOG (gmm-align-compiled[5.5.268-f9828]:main():gmm-align-compiled.cc:127) 7264-92310-0020
LOG (gmm-align-compiled[5.5.268-f9828]:main():gmm-align-compiled.cc:127) 7264-92310-0023
LOG (gmm-align-compiled[5.5.268-f9828]:main():gmm-align-compiled.cc:127) 7264-92310-0027
LOG (gmm-align-compiled[5.5.268-f9828]:main():gmm-align-compiled.cc:127) 7264-92314-0001
LOG (gmm-align-compiled[5.5.268-f9828]:main():gmm-align-compiled.cc:127) 7264-92314-0008
LOG (gmm-align-compiled[5.5.268-f9828]:main():gmm-align-compiled.cc:127) 7264-92314-0015
LOG (gmm-align-compiled[5.5.268-f9828]:main():gmm-align-compiled.cc:127) 7264-92314-0018
LOG (gmm-align-compiled[5.5.268-f9828]:main():gmm-align-compiled.cc:127) 7264-92314-0022
LOG (gmm-align-compiled[5.5.268-f9828]:main():gmm-align-compiled.cc:127) 7264-92314-0028
LOG (gmm-align-compiled[5.5.268-f9828]:main():gmm-align-compiled.cc:127) 7264-92316-0003
LOG (gmm-align-compiled[5.5.268-f9828]:main():gmm-align-compiled.cc:127) 7264-92316-0010
LOG (gmm-align-compiled[5.5.268-f9828]:main():gmm-align-compiled.cc:127) 7264-92316-0017
LOG (gmm-align-compiled[5.5.268-f9828]:main():gmm-align-compiled.cc:127) 7264-92316-0024
LOG (gmm-align-compiled[5.5.268-f9828]:main():gmm-align-compiled.cc:127) 7264-92316-0031
LOG (gmm-align-compiled[5.5.268-f9828]:main():gmm-align-compiled.cc:127) 7264-92316-0038
LOG (gmm-align-compiled[5.5.268-f9828]:main():gmm-align-compiled.cc:127) 7264-92316-0041
LOG (gmm-align-compiled[5.5.268-f9828]:main():gmm-align-compiled.cc:127) 7264-92316-0045
LOG (gmm-align-compiled[5.5.268-f9828]:main():gmm-align-compiled.cc:127) 7278-104730-0006
LOG (gmm-align-compiled[5.5.268-f9828]:main():gmm-align-compiled.cc:127) 7278-104730-0013
LOG (gmm-align-compiled[5.5.268-f9828]:main():gmm-align-compiled.cc:127) 7278-104730-0020
LOG (gmm-align-compiled[5.5.268-f9828]:main():gmm-align-compiled.cc:127) 7278-104730-0023
LOG (gmm-align-compiled[5.5.268-f9828]:main():gmm-align-compiled.cc:127) 7278-104730-0027
LOG (gmm-align-compiled[5.5.268-f9828]:main():gmm-align-compiled.cc:127) 7278-104730-0034
LOG (gmm-align-compiled[5.5.268-f9828]:main():gmm-align-compiled.cc:127) 7278-104730-0041
LOG (gmm-align-compiled[5.5.268-f9828]:main():gmm-align-compiled.cc:127) 7278-246956-0005
LOG (gmm-align-compiled[5.5.268-f9828]:main():gmm-align-compiled.cc:127) 7278-246956-0008
LOG (gmm-align-compiled[5.5.268-f9828]:main():gmm-align-compiled.cc:127) 7278-246956-0012
LOG (gmm-align-compiled[5.5.268-f9828]:main():gmm-align-compiled.cc:127) 7278-246956-0019
LOG (gmm-align-compiled[5.5.268-f9828]:main():gmm-align-compiled.cc:127) 7278-246956-0026
LOG (gmm-align-compiled[5.5.268-f9828]:main():gmm-align-compiled.cc:127) 7278-246956-0033
LOG (gmm-align-compiled[5.5.268-f9828]:main():gmm-align-compiled.cc:127) 7278-91083-0000
LOG (gmm-align-compiled[5.5.268-f9828]:main():gmm-align-compiled.cc:127) 7278-91083-0004
LOG (gmm-align-compiled[5.5.268-f9828]:main():gmm-align-compiled.cc:127) 7278-91083-0011
LOG (gmm-align-compiled[5.5.268-f9828]:main():gmm-align-compiled.cc:127) 7278-91083-0018
LOG (gmm-align-compiled[5.5.268-f9828]:main():gmm-align-compiled.cc:127) 7278-91083-0025
LOG (gmm-align-compiled[5.5.268-f9828]:main():gmm-align-compiled.cc:127) 7278-91083-0028
LOG (gmm-align-compiled[5.5.268-f9828]:main():gmm-align-compiled.cc:127) 7278-91083-0032
LOG (gmm-align-compiled[5.5.268-f9828]:main():gmm-align-compiled.cc:127) 7278-91083-0039
LOG (gmm-align-compiled[5.5.268-f9828]:main():gmm-align-compiled.cc:127) 730-358-0004
LOG (gmm-align-compiled[5.5.268-f9828]:main():gmm-align-compiled.cc:127) 730-358-0011
LOG (gmm-align-compiled[5.5.268-f9828]:main():gmm-align-compiled.cc:127) 730-358-0014
LOG (gmm-align-compiled[5.5.268-f9828]:main():gmm-align-compiled.cc:127) 730-358-0018
LOG (gmm-align-compiled[5.5.268-f9828]:main():gmm-align-compiled.cc:127) 730-358-0025
LOG (gmm-align-compiled[5.5.268-f9828]:main():gmm-align-compiled.cc:127) 730-358-0032
LOG (gmm-align-compiled[5.5.268-f9828]:main():gmm-align-compiled.cc:127) 730-358-0039
LOG (gmm-align-compiled[5.5.268-f9828]:main():gmm-align-compiled.cc:127) 730-358-0042
LOG (gmm-align-compiled[5.5.268-f9828]:main():gmm-align-compiled.cc:127) 730-358-0046
LOG (gmm-align-compiled[5.5.268-f9828]:main():gmm-align-compiled.cc:127) 730-358-0052
LOG (gmm-align-compiled[5.5.268-f9828]:main():gmm-align-compiled.cc:127) 730-358-0059
LOG (gmm-align-compiled[5.5.268-f9828]:main():gmm-align-compiled.cc:127) 730-359-0001
LOG (gmm-align-compiled[5.5.268-f9828]:main():gmm-align-compiled.cc:127) 730-359-0008
LOG (gmm-align-compiled[5.5.268-f9828]:main():gmm-align-compiled.cc:127) 730-359-0015
LOG (gmm-align-compiled[5.5.268-f9828]:main():gmm-align-compiled.cc:127) 730-359-0022
LOG (gmm-align-compiled[5.5.268-f9828]:main():gmm-align-compiled.cc:127) 730-359-0029
LOG (gmm-align-compiled[5.5.268-f9828]:main():gmm-align-compiled.cc:127) 730-359-0032
LOG (gmm-align-compiled[5.5.268-f9828]:main():gmm-align-compiled.cc:127) 730-359-0036
LOG (gmm-align-compiled[5.5.268-f9828]:main():gmm-align-compiled.cc:127) 730-359-0043
LOG (gmm-align-compiled[5.5.268-f9828]:main():gmm-align-compiled.cc:127) 730-359-0050
LOG (gmm-align-compiled[5.5.268-f9828]:main():gmm-align-compiled.cc:127) 730-360-0006
LOG (gmm-align-compiled[5.5.268-f9828]:main():gmm-align-compiled.cc:127) 730-360-0009
LOG (gmm-align-compiled[5.5.268-f9828]:main():gmm-align-compiled.cc:127) 730-360-0013
LOG (gmm-align-compiled[5.5.268-f9828]:main():gmm-align-compiled.cc:127) 730-360-0020
LOG (gmm-align-compiled[5.5.268-f9828]:main():gmm-align-compiled.cc:127) 730-360-0027
LOG (gmm-align-compiled[5.5.268-f9828]:main():gmm-align-compiled.cc:127) 730-360-0034
LOG (gmm-align-compiled[5.5.268-f9828]:main():gmm-align-compiled.cc:127) 730-360-0037
LOG (gmm-align-compiled[5.5.268-f9828]:main():gmm-align-compiled.cc:127) 730-360-0041
LOG (gmm-align-compiled[5.5.268-f9828]:main():gmm-align-compiled.cc:127) 7302-86814-0003
LOG (gmm-align-compiled[5.5.268-f9828]:main():gmm-align-compiled.cc:127) 7302-86814-0010
LOG (gmm-align-compiled[5.5.268-f9828]:main():gmm-align-compiled.cc:127) 7302-86814-0017
LOG (gmm-align-compiled[5.5.268-f9828]:main():gmm-align-compiled.cc:127) 7302-86814-0020
LOG (gmm-align-compiled[5.5.268-f9828]:main():gmm-align-compiled.cc:127) 7302-86814-0024
LOG (gmm-align-compiled[5.5.268-f9828]:main():gmm-align-compiled.cc:127) 7302-86814-0031
LOG (gmm-align-compiled[5.5.268-f9828]:main():gmm-align-compiled.cc:127) 7302-86814-0038
LOG (gmm-align-compiled[5.5.268-f9828]:main():gmm-align-compiled.cc:127) 7302-86814-0045
LOG (gmm-align-compiled[5.5.268-f9828]:main():gmm-align-compiled.cc:127) 7302-86814-0048
LOG (gmm-align-compiled[5.5.268-f9828]:main():gmm-align-compiled.cc:127) 7302-86815-0002
LOG (gmm-align-compiled[5.5.268-f9828]:main():gmm-align-compiled.cc:127) 7302-86815-0009
LOG (gmm-align-compiled[5.5.268-f9828]:main():gmm-align-compiled.cc:127) 7302-86815-0016
LOG (gmm-align-compiled[5.5.268-f9828]:main():gmm-align-compiled.cc:127) 7302-86815-0023
LOG (gmm-align-compiled[5.5.268-f9828]:main():gmm-align-compiled.cc:127) 7302-86815-0026
LOG (gmm-align-compiled[5.5.268-f9828]:main():gmm-align-compiled.cc:127) 7302-86815-0030
LOG (gmm-align-compiled[5.5.268-f9828]:main():gmm-align-compiled.cc:127) 7302-86815-0037
LOG (gmm-align-compiled[5.5.268-f9828]:main():gmm-align-compiled.cc:127) 7302-86815-0044
LOG (gmm-align-compiled[5.5.268-f9828]:main():gmm-align-compiled.cc:127) 7302-86815-0051
LOG (gmm-align-compiled[5.5.268-f9828]:main():gmm-align-compiled.cc:127) 7302-86815-0054
LOG (gmm-align-compiled[5.5.268-f9828]:main():gmm-align-compiled.cc:127) 7302-86815-0058
LOG (gmm-align-compiled[5.5.268-f9828]:main():gmm-align-compiled.cc:127) 7302-86815-0064
LOG (gmm-align-compiled[5.5.268-f9828]:main():gmm-align-compiled.cc:127) 7302-86815-0071
LOG (gmm-align-compiled[5.5.268-f9828]:main():gmm-align-compiled.cc:127) 7302-86815-0078
LOG (gmm-align-compiled[5.5.268-f9828]:main():gmm-align-compiled.cc:127) 7312-92432-0000
LOG (gmm-align-compiled[5.5.268-f9828]:main():gmm-align-compiled.cc:127) 7312-92432-0007
LOG (gmm-align-compiled[5.5.268-f9828]:main():gmm-align-compiled.cc:127) 7312-92432-0014
LOG (gmm-align-compiled[5.5.268-f9828]:main():gmm-align-compiled.cc:127) 7312-92432-0021
LOG (gmm-align-compiled[5.5.268-f9828]:main():gmm-align-compiled.cc:127) 7312-92432-0024
LOG (gmm-align-compiled[5.5.268-f9828]:main():gmm-align-compiled.cc:127) 7367-86737-0002
LOG (gmm-align-compiled[5.5.268-f9828]:main():gmm-align-compiled.cc:127) 7367-86737-0009
LOG (gmm-align-compiled[5.5.268-f9828]:main():gmm-align-compiled.cc:127) 7367-86737-0016
LOG (gmm-align-compiled[5.5.268-f9828]:main():gmm-align-compiled.cc:127) 7367-86737-0023
LOG (gmm-align-compiled[5.5.268-f9828]:main():gmm-align-compiled.cc:127) 7367-86737-0026
LOG (gmm-align-compiled[5.5.268-f9828]:main():gmm-align-compiled.cc:127) 7367-86737-0030
LOG (gmm-align-compiled[5.5.268-f9828]:main():gmm-align-compiled.cc:127) 7367-86737-0037
LOG (gmm-align-compiled[5.5.268-f9828]:main():gmm-align-compiled.cc:127) 7367-86737-0044
LOG (gmm-align-compiled[5.5.268-f9828]:main():gmm-align-compiled.cc:127) 7367-86737-0051
LOG (gmm-align-compiled[5.5.268-f9828]:main():gmm-align-compiled.cc:127) 7367-86737-0054
LOG (gmm-align-compiled[5.5.268-f9828]:main():gmm-align-compiled.cc:127) 7367-86737-0058
LOG (gmm-align-compiled[5.5.268-f9828]:main():gmm-align-compiled.cc:127) 7367-86737-0065
LOG (gmm-align-compiled[5.5.268-f9828]:main():gmm-align-compiled.cc:127) 7367-86737-0072
LOG (gmm-align-compiled[5.5.268-f9828]:main():gmm-align-compiled.cc:127) 7367-86737-0079
LOG (gmm-align-compiled[5.5.268-f9828]:main():gmm-align-compiled.cc:127) 7367-86737-0082
LOG (gmm-align-compiled[5.5.268-f9828]:main():gmm-align-compiled.cc:127) 7367-86737-0086
LOG (gmm-align-compiled[5.5.268-f9828]:main():gmm-align-compiled.cc:127) 7367-86737-0093
LOG (gmm-align-compiled[5.5.268-f9828]:main():gmm-align-compiled.cc:127) 7367-86737-0100
LOG (gmm-align-compiled[5.5.268-f9828]:main():gmm-align-compiled.cc:127) 7367-86737-0107
LOG (gmm-align-compiled[5.5.268-f9828]:main():gmm-align-compiled.cc:127) 7367-86737-0110
LOG (gmm-align-compiled[5.5.268-f9828]:main():gmm-align-compiled.cc:127) 7367-86737-0114
LOG (gmm-align-compiled[5.5.268-f9828]:main():gmm-align-compiled.cc:127) 7402-59171-0002
LOG (gmm-align-compiled[5.5.268-f9828]:main():gmm-align-compiled.cc:127) 7402-59171-0009
LOG (gmm-align-compiled[5.5.268-f9828]:main():gmm-align-compiled.cc:127) 7402-59171-0016
LOG (gmm-align-compiled[5.5.268-f9828]:main():gmm-align-compiled.cc:127) 7402-59171-0019
LOG (gmm-align-compiled[5.5.268-f9828]:main():gmm-align-compiled.cc:127) 7402-59171-0023
LOG (gmm-align-compiled[5.5.268-f9828]:main():gmm-align-compiled.cc:127) 7402-59171-0030
LOG (gmm-align-compiled[5.5.268-f9828]:main():gmm-align-compiled.cc:127) 7402-59171-0037
LOG (gmm-align-compiled[5.5.268-f9828]:main():gmm-align-compiled.cc:127) 7402-59171-0044
LOG (gmm-align-compiled[5.5.268-f9828]:main():gmm-align-compiled.cc:127) 7402-59171-0047
LOG (gmm-align-compiled[5.5.268-f9828]:main():gmm-align-compiled.cc:127) 7402-90848-0002
LOG (gmm-align-compiled[5.5.268-f9828]:main():gmm-align-compiled.cc:127) 7402-90848-0008
LOG (gmm-align-compiled[5.5.268-f9828]:main():gmm-align-compiled.cc:127) 7402-90848-0015
LOG (gmm-align-compiled[5.5.268-f9828]:main():gmm-align-compiled.cc:127) 7402-90848-0022
LOG (gmm-align-compiled[5.5.268-f9828]:main():gmm-align-compiled.cc:127) 7402-90848-0029
LOG (gmm-align-compiled[5.5.268-f9828]:main():gmm-align-compiled.cc:127) 7402-90848-0036
LOG (gmm-align-compiled[5.5.268-f9828]:main():gmm-align-compiled.cc:127) 7402-90848-0043
LOG (gmm-align-compiled[5.5.268-f9828]:main():gmm-align-compiled.cc:127) 7402-90848-0050
LOG (gmm-align-compiled[5.5.268-f9828]:main():gmm-align-compiled.cc:127) 7402-90848-0053
LOG (gmm-align-compiled[5.5.268-f9828]:main():gmm-align-compiled.cc:127) 7402-90848-0057
LOG (gmm-align-compiled[5.5.268-f9828]:main():gmm-align-compiled.cc:127) 7447-91186-0001
LOG (gmm-align-compiled[5.5.268-f9828]:main():gmm-align-compiled.cc:127) 7447-91186-0008
LOG (gmm-align-compiled[5.5.268-f9828]:main():gmm-align-compiled.cc:127) 7447-91186-0015
LOG (gmm-align-compiled[5.5.268-f9828]:main():gmm-align-compiled.cc:127) 7447-91186-0018
LOG (gmm-align-compiled[5.5.268-f9828]:main():gmm-align-compiled.cc:127) 7447-91186-0022
LOG (gmm-align-compiled[5.5.268-f9828]:main():gmm-align-compiled.cc:127) 7447-91186-0029
LOG (gmm-align-compiled[5.5.268-f9828]:main():gmm-align-compiled.cc:127) 7447-91186-0036
LOG (gmm-align-compiled[5.5.268-f9828]:main():gmm-align-compiled.cc:127) 7447-91186-0043
LOG (gmm-align-compiled[5.5.268-f9828]:main():gmm-align-compiled.cc:127) 7447-91187-0002
LOG (gmm-align-compiled[5.5.268-f9828]:main():gmm-align-compiled.cc:127) 7447-91187-0006
LOG (gmm-align-compiled[5.5.268-f9828]:main():gmm-align-compiled.cc:127) 7447-91187-0013
LOG (gmm-align-compiled[5.5.268-f9828]:main():gmm-align-compiled.cc:127) 7447-91187-0020
LOG (gmm-align-compiled[5.5.268-f9828]:main():gmm-align-compiled.cc:127) 7447-91187-0027
LOG (gmm-align-compiled[5.5.268-f9828]:main():gmm-align-compiled.cc:127) 7447-91187-0030
LOG (gmm-align-compiled[5.5.268-f9828]:main():gmm-align-compiled.cc:127) 7447-91187-0034
LOG (gmm-align-compiled[5.5.268-f9828]:main():gmm-align-compiled.cc:127) 7447-91187-0041
LOG (gmm-align-compiled[5.5.268-f9828]:main():gmm-align-compiled.cc:127) 7447-91187-0048
LOG (gmm-align-compiled[5.5.268-f9828]:main():gmm-align-compiled.cc:127) 7447-91187-0055
LOG (gmm-align-compiled[5.5.268-f9828]:main():gmm-align-compiled.cc:127) 7447-91187-0058
LOG (gmm-align-compiled[5.5.268-f9828]:main():gmm-align-compiled.cc:127) 7447-91187-0062
LOG (gmm-align-compiled[5.5.268-f9828]:main():gmm-align-compiled.cc:127) 7447-91187-0069
LOG (gmm-align-compiled[5.5.268-f9828]:main():gmm-align-compiled.cc:127) 7505-258958-0006
LOG (gmm-align-compiled[5.5.268-f9828]:main():gmm-align-compiled.cc:127) 7505-258958-0013
LOG (gmm-align-compiled[5.5.268-f9828]:main():gmm-align-compiled.cc:127) 7505-258958-0016
LOG (gmm-align-compiled[5.5.268-f9828]:main():gmm-align-compiled.cc:127) 7505-258958-0020
LOG (gmm-align-compiled[5.5.268-f9828]:main():gmm-align-compiled.cc:127) 7505-258958-0027
LOG (gmm-align-compiled[5.5.268-f9828]:main():gmm-align-compiled.cc:127) 7505-258958-0034
LOG (gmm-align-compiled[5.5.268-f9828]:main():gmm-align-compiled.cc:127) 7505-258964-0005
LOG (gmm-align-compiled[5.5.268-f9828]:main():gmm-align-compiled.cc:127) 7505-258964-0008
LOG (gmm-align-compiled[5.5.268-f9828]:main():gmm-align-compiled.cc:127) 7505-258964-0012
LOG (gmm-align-compiled[5.5.268-f9828]:main():gmm-align-compiled.cc:127) 7505-258964-0018
LOG (gmm-align-compiled[5.5.268-f9828]:main():gmm-align-compiled.cc:127) 7505-258964-0025
LOG (gmm-align-compiled[5.5.268-f9828]:main():gmm-align-compiled.cc:127) 7505-258964-0032
LOG (gmm-align-compiled[5.5.268-f9828]:main():gmm-align-compiled.cc:127) 7505-258964-0039
LOG (gmm-align-compiled[5.5.268-f9828]:main():gmm-align-compiled.cc:127) 7505-258964-0046
LOG (gmm-align-compiled[5.5.268-f9828]:main():gmm-align-compiled.cc:127) 7505-83618-0001
LOG (gmm-align-compiled[5.5.268-f9828]:main():gmm-align-compiled.cc:127) 7505-83618-0008
LOG (gmm-align-compiled[5.5.268-f9828]:main():gmm-align-compiled.cc:127) 7505-83618-0011
LOG (gmm-align-compiled[5.5.268-f9828]:main():gmm-align-compiled.cc:127) 7505-83618-0015
LOG (gmm-align-compiled[5.5.268-f9828]:main():gmm-align-compiled.cc:127) 7505-83618-0022
LOG (gmm-align-compiled[5.5.268-f9828]:main():gmm-align-compiled.cc:127) 7511-102419-0002
LOG (gmm-align-compiled[5.5.268-f9828]:main():gmm-align-compiled.cc:127) 7511-102419-0009
LOG (gmm-align-compiled[5.5.268-f9828]:main():gmm-align-compiled.cc:127) 7511-102419-0012
LOG (gmm-align-compiled[5.5.268-f9828]:main():gmm-align-compiled.cc:127) 7511-102419-0016
LOG (gmm-align-compiled[5.5.268-f9828]:main():gmm-align-compiled.cc:127) 7511-102419-0023
LOG (gmm-align-compiled[5.5.268-f9828]:main():gmm-align-compiled.cc:127) 7511-102419-0030
LOG (gmm-align-compiled[5.5.268-f9828]:main():gmm-align-compiled.cc:127) 7511-102419-0037
LOG (gmm-align-compiled[5.5.268-f9828]:main():gmm-align-compiled.cc:127) 7511-102419-0040
LOG (gmm-align-compiled[5.5.268-f9828]:main():gmm-align-compiled.cc:127) 7511-102419-0044
LOG (gmm-align-compiled[5.5.268-f9828]:main():gmm-align-compiled.cc:127) 7511-102419-0051
LOG (gmm-align-compiled[5.5.268-f9828]:main():gmm-align-compiled.cc:127) 7511-102420-0001
LOG (gmm-align-compiled[5.5.268-f9828]:main():gmm-align-compiled.cc:127) 7511-102420-0008
LOG (gmm-align-compiled[5.5.268-f9828]:main():gmm-align-compiled.cc:127) 7511-102420-0011
LOG (gmm-align-compiled[5.5.268-f9828]:main():gmm-align-compiled.cc:127) 7511-102420-0015
LOG (gmm-align-compiled[5.5.268-f9828]:main():gmm-align-compiled.cc:127) 7511-102420-0022
LOG (gmm-align-compiled[5.5.268-f9828]:main():gmm-align-compiled.cc:127) 7511-102420-0029
LOG (gmm-align-compiled[5.5.268-f9828]:main():gmm-align-compiled.cc:127) 7511-102420-0036
LOG (gmm-align-compiled[5.5.268-f9828]:main():gmm-align-compiled.cc:127) 7511-102420-0039
LOG (gmm-align-compiled[5.5.268-f9828]:main():gmm-align-compiled.cc:127) 7511-102420-0043
LOG (gmm-align-compiled[5.5.268-f9828]:main():gmm-align-compiled.cc:127) 7511-102420-0050
LOG (gmm-align-compiled[5.5.268-f9828]:main():gmm-align-compiled.cc:127) 7517-100429-0006
LOG (gmm-align-compiled[5.5.268-f9828]:main():gmm-align-compiled.cc:127) 7517-100429-0013
LOG (gmm-align-compiled[5.5.268-f9828]:main():gmm-align-compiled.cc:127) 7517-100429-0016
LOG (gmm-align-compiled[5.5.268-f9828]:main():gmm-align-compiled.cc:127) 7517-100429-0020
LOG (gmm-align-compiled[5.5.268-f9828]:main():gmm-align-compiled.cc:127) 7517-100429-0027
LOG (gmm-align-compiled[5.5.268-f9828]:main():gmm-align-compiled.cc:127) 7517-100437-0001
LOG (gmm-align-compiled[5.5.268-f9828]:main():gmm-align-compiled.cc:127) 7517-100437-0008
LOG (gmm-align-compiled[5.5.268-f9828]:main():gmm-align-compiled.cc:127) 7517-100437-0011
LOG (gmm-align-compiled[5.5.268-f9828]:main():gmm-align-compiled.cc:127) 7517-100437-0015
LOG (gmm-align-compiled[5.5.268-f9828]:main():gmm-align-compiled.cc:127) 7517-100437-0021
LOG (gmm-align-compiled[5.5.268-f9828]:main():gmm-align-compiled.cc:127) 7517-100437-0028
LOG (gmm-align-compiled[5.5.268-f9828]:main():gmm-align-compiled.cc:127) 7517-100442-0000
LOG (gmm-align-compiled[5.5.268-f9828]:main():gmm-align-compiled.cc:127) 7517-100442-0007
LOG (gmm-align-compiled[5.5.268-f9828]:main():gmm-align-compiled.cc:127) 7517-100442-0014
LOG (gmm-align-compiled[5.5.268-f9828]:main():gmm-align-compiled.cc:127) 7517-100442-0021
LOG (gmm-align-compiled[5.5.268-f9828]:main():gmm-align-compiled.cc:127) 7517-100442-0028
LOG (gmm-align-compiled[5.5.268-f9828]:main():gmm-align-compiled.cc:127) 7517-100442-0031
LOG (gmm-align-compiled[5.5.268-f9828]:main():gmm-align-compiled.cc:127) 7635-105409-0000
LOG (gmm-align-compiled[5.5.268-f9828]:main():gmm-align-compiled.cc:127) 7635-105409-0007
LOG (gmm-align-compiled[5.5.268-f9828]:main():gmm-align-compiled.cc:127) 7635-105409-0014
LOG (gmm-align-compiled[5.5.268-f9828]:main():gmm-align-compiled.cc:127) 7635-105409-0021
LOG (gmm-align-compiled[5.5.268-f9828]:main():gmm-align-compiled.cc:127) 7635-105409-0024
LOG (gmm-align-compiled[5.5.268-f9828]:main():gmm-align-compiled.cc:127) 7635-105409-0028
LOG (gmm-align-compiled[5.5.268-f9828]:main():gmm-align-compiled.cc:127) 7635-105409-0035
LOG (gmm-align-compiled[5.5.268-f9828]:main():gmm-align-compiled.cc:127) 7635-105409-0042
LOG (gmm-align-compiled[5.5.268-f9828]:main():gmm-align-compiled.cc:127) 7635-105409-0049
LOG (gmm-align-compiled[5.5.268-f9828]:main():gmm-align-compiled.cc:127) 7635-105409-0052
LOG (gmm-align-compiled[5.5.268-f9828]:main():gmm-align-compiled.cc:127) 7635-105409-0056
LOG (gmm-align-compiled[5.5.268-f9828]:main():gmm-align-compiled.cc:127) 7635-105409-0063
LOG (gmm-align-compiled[5.5.268-f9828]:main():gmm-align-compiled.cc:127) 7635-105409-0070
LOG (gmm-align-compiled[5.5.268-f9828]:main():gmm-align-compiled.cc:127) 7635-105661-0005
LOG (gmm-align-compiled[5.5.268-f9828]:main():gmm-align-compiled.cc:127) 7635-105661-0008
LOG (gmm-align-compiled[5.5.268-f9828]:main():gmm-align-compiled.cc:127) 7635-105661-0012
LOG (gmm-align-compiled[5.5.268-f9828]:main():gmm-align-compiled.cc:127) 7635-105661-0019
LOG (gmm-align-compiled[5.5.268-f9828]:main():gmm-align-compiled.cc:127) 7635-105661-0026
LOG (gmm-align-compiled[5.5.268-f9828]:main():gmm-align-compiled.cc:127) 7635-105661-0033
LOG (gmm-align-compiled[5.5.268-f9828]:main():gmm-align-compiled.cc:127) 7635-105661-0036
LOG (gmm-align-compiled[5.5.268-f9828]:main():gmm-align-compiled.cc:127) 7635-105661-0040
LOG (gmm-align-compiled[5.5.268-f9828]:main():gmm-align-compiled.cc:127) 7635-105661-0047
LOG (gmm-align-compiled[5.5.268-f9828]:main():gmm-align-compiled.cc:127) 7780-274562-0004
LOG (gmm-align-compiled[5.5.268-f9828]:main():gmm-align-compiled.cc:127) 7780-274562-0011
LOG (gmm-align-compiled[5.5.268-f9828]:main():gmm-align-compiled.cc:127) 7780-274562-0014
LOG (gmm-align-compiled[5.5.268-f9828]:main():gmm-align-compiled.cc:127) 7780-274562-0018
LOG (gmm-align-compiled[5.5.268-f9828]:main():gmm-align-compiled.cc:127) 7780-274562-0025
LOG (gmm-align-compiled[5.5.268-f9828]:main():gmm-align-compiled.cc:127) 7780-274562-0032
LOG (gmm-align-compiled[5.5.268-f9828]:main():gmm-align-compiled.cc:127) 7780-274562-0039
LOG (gmm-align-compiled[5.5.268-f9828]:main():gmm-align-compiled.cc:127) 7780-274562-0042
LOG (gmm-align-compiled[5.5.268-f9828]:main():gmm-align-compiled.cc:127) 7780-274562-0046
LOG (gmm-align-compiled[5.5.268-f9828]:main():gmm-align-compiled.cc:127) 7780-274562-0052
LOG (gmm-align-compiled[5.5.268-f9828]:main():gmm-align-compiled.cc:127) 7780-274562-0059
LOG (gmm-align-compiled[5.5.268-f9828]:main():gmm-align-compiled.cc:127) 7780-274562-0066
LOG (gmm-align-compiled[5.5.268-f9828]:main():gmm-align-compiled.cc:127) 7780-274562-0073
LOG (gmm-align-compiled[5.5.268-f9828]:main():gmm-align-compiled.cc:127) 7780-274562-0080
LOG (gmm-align-compiled[5.5.268-f9828]:main():gmm-align-compiled.cc:127) 7780-274562-0087
LOG (gmm-align-compiled[5.5.268-f9828]:main():gmm-align-compiled.cc:127) 7780-274562-0094
LOG (gmm-align-compiled[5.5.268-f9828]:main():gmm-align-compiled.cc:127) 7780-274562-0097
LOG (gmm-align-compiled[5.5.268-f9828]:main():gmm-align-compiled.cc:127) 7780-274562-0101
LOG (gmm-align-compiled[5.5.268-f9828]:main():gmm-align-compiled.cc:127) 7794-295947-0002
LOG (gmm-align-compiled[5.5.268-f9828]:main():gmm-align-compiled.cc:127) 7794-295947-0009
LOG (gmm-align-compiled[5.5.268-f9828]:main():gmm-align-compiled.cc:127) 7794-295947-0016
LOG (gmm-align-compiled[5.5.268-f9828]:main():gmm-align-compiled.cc:127) 7794-295947-0019
LOG (gmm-align-compiled[5.5.268-f9828]:main():gmm-align-compiled.cc:127) 7794-295947-0023
LOG (gmm-align-compiled[5.5.268-f9828]:main():gmm-align-compiled.cc:127) 7794-295947-0030
LOG (gmm-align-compiled[5.5.268-f9828]:main():gmm-align-compiled.cc:127) 7794-295947-0037
LOG (gmm-align-compiled[5.5.268-f9828]:main():gmm-align-compiled.cc:127) 7794-295947-0044
LOG (gmm-align-compiled[5.5.268-f9828]:main():gmm-align-compiled.cc:127) 7794-295948-0000
LOG (gmm-align-compiled[5.5.268-f9828]:main():gmm-align-compiled.cc:127) 7794-295948-0004
LOG (gmm-align-compiled[5.5.268-f9828]:main():gmm-align-compiled.cc:127) 7794-295948-0011
LOG (gmm-align-compiled[5.5.268-f9828]:main():gmm-align-compiled.cc:127) 7794-295948-0018
LOG (gmm-align-compiled[5.5.268-f9828]:main():gmm-align-compiled.cc:127) 7794-295948-0025
LOG (gmm-align-compiled[5.5.268-f9828]:main():gmm-align-compiled.cc:127) 7794-295955-0001
LOG (gmm-align-compiled[5.5.268-f9828]:main():gmm-align-compiled.cc:127) 7794-295955-0005
LOG (gmm-align-compiled[5.5.268-f9828]:main():gmm-align-compiled.cc:127) 7794-295955-0012
LOG (gmm-align-compiled[5.5.268-f9828]:main():gmm-align-compiled.cc:127) 7794-295955-0019
LOG (gmm-align-compiled[5.5.268-f9828]:main():gmm-align-compiled.cc:127) 7794-295955-0026
LOG (gmm-align-compiled[5.5.268-f9828]:main():gmm-align-compiled.cc:127) 7794-295955-0029
LOG (gmm-align-compiled[5.5.268-f9828]:main():gmm-align-compiled.cc:127) 78-368-0001
LOG (gmm-align-compiled[5.5.268-f9828]:main():gmm-align-compiled.cc:127) 78-368-0008
LOG (gmm-align-compiled[5.5.268-f9828]:main():gmm-align-compiled.cc:127) 78-368-0015
LOG (gmm-align-compiled[5.5.268-f9828]:main():gmm-align-compiled.cc:127) 78-368-0022
LOG (gmm-align-compiled[5.5.268-f9828]:main():gmm-align-compiled.cc:127) 78-368-0025
LOG (gmm-align-compiled[5.5.268-f9828]:main():gmm-align-compiled.cc:127) 78-368-0029
LOG (gmm-align-compiled[5.5.268-f9828]:main():gmm-align-compiled.cc:127) 78-368-0036
LOG (gmm-align-compiled[5.5.268-f9828]:main():gmm-align-compiled.cc:127) 78-368-0043
LOG (gmm-align-compiled[5.5.268-f9828]:main():gmm-align-compiled.cc:127) 78-368-0050
LOG (gmm-align-compiled[5.5.268-f9828]:main():gmm-align-compiled.cc:127) 78-368-0053
LOG (gmm-align-compiled[5.5.268-f9828]:main():gmm-align-compiled.cc:127) 78-369-0003
LOG (gmm-align-compiled[5.5.268-f9828]:main():gmm-align-compiled.cc:127) 78-369-0009
LOG (gmm-align-compiled[5.5.268-f9828]:main():gmm-align-compiled.cc:127) 78-369-0016
LOG (gmm-align-compiled[5.5.268-f9828]:main():gmm-align-compiled.cc:127) 78-369-0023
LOG (gmm-align-compiled[5.5.268-f9828]:main():gmm-align-compiled.cc:127) 78-369-0030
LOG (gmm-align-compiled[5.5.268-f9828]:main():gmm-align-compiled.cc:127) 78-369-0037
LOG (gmm-align-compiled[5.5.268-f9828]:main():gmm-align-compiled.cc:127) 78-369-0044
LOG (gmm-align-compiled[5.5.268-f9828]:main():gmm-align-compiled.cc:127) 78-369-0051
LOG (gmm-align-compiled[5.5.268-f9828]:main():gmm-align-compiled.cc:127) 78-369-0054
LOG (gmm-align-compiled[5.5.268-f9828]:main():gmm-align-compiled.cc:127) 78-369-0058
LOG (gmm-align-compiled[5.5.268-f9828]:main():gmm-align-compiled.cc:127) 7800-283478-0001
LOG (gmm-align-compiled[5.5.268-f9828]:main():gmm-align-compiled.cc:127) 7800-283478-0008
LOG (gmm-align-compiled[5.5.268-f9828]:main():gmm-align-compiled.cc:127) 7800-283478-0015
LOG (gmm-align-compiled[5.5.268-f9828]:main():gmm-align-compiled.cc:127) 7800-283478-0018
LOG (gmm-align-compiled[5.5.268-f9828]:main():gmm-align-compiled.cc:127) 7800-283478-0022
LOG (gmm-align-compiled[5.5.268-f9828]:main():gmm-align-compiled.cc:127) 7800-283478-0029
LOG (gmm-align-compiled[5.5.268-f9828]:main():gmm-align-compiled.cc:127) 7800-283492-0001
LOG (gmm-align-compiled[5.5.268-f9828]:main():gmm-align-compiled.cc:127) 7800-283492-0008
LOG (gmm-align-compiled[5.5.268-f9828]:main():gmm-align-compiled.cc:127) 7800-283492-0011
LOG (gmm-align-compiled[5.5.268-f9828]:main():gmm-align-compiled.cc:127) 7800-283492-0015
LOG (gmm-align-compiled[5.5.268-f9828]:main():gmm-align-compiled.cc:127) 7800-283492-0022
LOG (gmm-align-compiled[5.5.268-f9828]:main():gmm-align-compiled.cc:127) 7800-283492-0029
LOG (gmm-align-compiled[5.5.268-f9828]:main():gmm-align-compiled.cc:127) 7800-283492-0036
LOG (gmm-align-compiled[5.5.268-f9828]:main():gmm-align-compiled.cc:127) 7800-283492-0039
LOG (gmm-align-compiled[5.5.268-f9828]:main():gmm-align-compiled.cc:127) 7800-283493-0002
LOG (gmm-align-compiled[5.5.268-f9828]:main():gmm-align-compiled.cc:127) 7800-283493-0009
LOG (gmm-align-compiled[5.5.268-f9828]:main():gmm-align-compiled.cc:127) 7800-283493-0016
LOG (gmm-align-compiled[5.5.268-f9828]:main():gmm-align-compiled.cc:127) 7800-283493-0023
LOG (gmm-align-compiled[5.5.268-f9828]:main():gmm-align-compiled.cc:127) 7800-283493-0026
LOG (gmm-align-compiled[5.5.268-f9828]:main():gmm-align-compiled.cc:127) 7800-283493-0030
LOG (gmm-align-compiled[5.5.268-f9828]:main():gmm-align-compiled.cc:127) 7800-283493-0037
LOG (gmm-align-compiled[5.5.268-f9828]:main():gmm-align-compiled.cc:127) 7859-102518-0005
LOG (gmm-align-compiled[5.5.268-f9828]:main():gmm-align-compiled.cc:127) 7859-102518-0012
LOG (gmm-align-compiled[5.5.268-f9828]:main():gmm-align-compiled.cc:127) 7859-102518-0015
LOG (gmm-align-compiled[5.5.268-f9828]:main():gmm-align-compiled.cc:127) 7859-102518-0019
LOG (gmm-align-compiled[5.5.268-f9828]:main():gmm-align-compiled.cc:127) 7859-102518-0026
LOG (gmm-align-compiled[5.5.268-f9828]:main():gmm-align-compiled.cc:127) 7859-102518-0033
LOG (gmm-align-compiled[5.5.268-f9828]:main():gmm-align-compiled.cc:127) 7859-102519-0005
LOG (gmm-align-compiled[5.5.268-f9828]:main():gmm-align-compiled.cc:127) 7859-102519-0008
LOG (gmm-align-compiled[5.5.268-f9828]:main():gmm-align-compiled.cc:127) 7859-102519-0012
LOG (gmm-align-compiled[5.5.268-f9828]:main():gmm-align-compiled.cc:127) 7859-102519-0018
LOG (gmm-align-compiled[5.5.268-f9828]:main():gmm-align-compiled.cc:127) 7859-102519-0025
LOG (gmm-align-compiled[5.5.268-f9828]:main():gmm-align-compiled.cc:127) 7859-102519-0032
LOG (gmm-align-compiled[5.5.268-f9828]:main():gmm-align-compiled.cc:127) 7859-102519-0035
LOG (gmm-align-compiled[5.5.268-f9828]:main():gmm-align-compiled.cc:127) 7859-102519-0039
LOG (gmm-align-compiled[5.5.268-f9828]:main():gmm-align-compiled.cc:127) 7859-102519-0046
LOG (gmm-align-compiled[5.5.268-f9828]:main():gmm-align-compiled.cc:127) 7859-102519-0053
LOG (gmm-align-compiled[5.5.268-f9828]:main():gmm-align-compiled.cc:127) 7859-102521-0003
LOG (gmm-align-compiled[5.5.268-f9828]:main():gmm-align-compiled.cc:127) 7859-102521-0006
LOG (gmm-align-compiled[5.5.268-f9828]:main():gmm-align-compiled.cc:127) 7859-102521-0010
LOG (gmm-align-compiled[5.5.268-f9828]:main():gmm-align-compiled.cc:127) 7859-102521-0017
LOG (gmm-align-compiled[5.5.268-f9828]:main():gmm-align-compiled.cc:127) 8014-112586-0006
LOG (gmm-align-compiled[5.5.268-f9828]:main():gmm-align-compiled.cc:127) 8014-112586-0013
LOG (gmm-align-compiled[5.5.268-f9828]:main():gmm-align-compiled.cc:127) 8014-112586-0016
LOG (gmm-align-compiled[5.5.268-f9828]:main():gmm-align-compiled.cc:127) 8014-112586-0020
LOG (gmm-align-compiled[5.5.268-f9828]:main():gmm-align-compiled.cc:127) 8014-112602-0006
LOG (gmm-align-compiled[5.5.268-f9828]:main():gmm-align-compiled.cc:127) 8014-112602-0013
LOG (gmm-align-compiled[5.5.268-f9828]:main():gmm-align-compiled.cc:127) 8014-112602-0020
LOG (gmm-align-compiled[5.5.268-f9828]:main():gmm-align-compiled.cc:127) 8014-112602-0023
LOG (gmm-align-compiled[5.5.268-f9828]:main():gmm-align-compiled.cc:127) 8014-112602-0027
LOG (gmm-align-compiled[5.5.268-f9828]:main():gmm-align-compiled.cc:127) 8014-112602-0034
LOG (gmm-align-compiled[5.5.268-f9828]:main():gmm-align-compiled.cc:127) 8014-112602-0041
LOG (gmm-align-compiled[5.5.268-f9828]:main():gmm-align-compiled.cc:127) 8014-280382-0006
LOG (gmm-align-compiled[5.5.268-f9828]:main():gmm-align-compiled.cc:127) 8014-280382-0009
LOG (gmm-align-compiled[5.5.268-f9828]:main():gmm-align-compiled.cc:127) 8051-118101-0000
LOG (gmm-align-compiled[5.5.268-f9828]:main():gmm-align-compiled.cc:127) 8051-118101-0007
LOG (gmm-align-compiled[5.5.268-f9828]:main():gmm-align-compiled.cc:127) 8051-118101-0014
LOG (gmm-align-compiled[5.5.268-f9828]:main():gmm-align-compiled.cc:127) 8051-118101-0021
LOG (gmm-align-compiled[5.5.268-f9828]:main():gmm-align-compiled.cc:127) 8051-118101-0024
LOG (gmm-align-compiled[5.5.268-f9828]:main():gmm-align-compiled.cc:127) 8051-118101-0028
LOG (gmm-align-compiled[5.5.268-f9828]:main():gmm-align-compiled.cc:127) 8051-118101-0035
LOG (gmm-align-compiled[5.5.268-f9828]:main():gmm-align-compiled.cc:127) 8051-119902-0004
LOG (gmm-align-compiled[5.5.268-f9828]:main():gmm-align-compiled.cc:127) 8051-119902-0011
LOG (gmm-align-compiled[5.5.268-f9828]:main():gmm-align-compiled.cc:127) 8051-119902-0014
LOG (gmm-align-compiled[5.5.268-f9828]:main():gmm-align-compiled.cc:127) 8051-119902-0018
LOG (gmm-align-compiled[5.5.268-f9828]:main():gmm-align-compiled.cc:127) 8051-119902-0025
LOG (gmm-align-compiled[5.5.268-f9828]:main():gmm-align-compiled.cc:127) 8051-119902-0032
LOG (gmm-align-compiled[5.5.268-f9828]:main():gmm-align-compiled.cc:127) 8051-295385-0000
LOG (gmm-align-compiled[5.5.268-f9828]:main():gmm-align-compiled.cc:127) 8051-295385-0003
LOG (gmm-align-compiled[5.5.268-f9828]:main():gmm-align-compiled.cc:127) 8051-295385-0007
LOG (gmm-align-compiled[5.5.268-f9828]:main():gmm-align-compiled.cc:127) 8051-295385-0013
LOG (gmm-align-compiled[5.5.268-f9828]:main():gmm-align-compiled.cc:127) 8051-295385-0020
LOG (gmm-align-compiled[5.5.268-f9828]:main():gmm-align-compiled.cc:127) 8051-295385-0027
LOG (gmm-align-compiled[5.5.268-f9828]:main():gmm-align-compiled.cc:127) 8051-295385-0034
LOG (gmm-align-compiled[5.5.268-f9828]:main():gmm-align-compiled.cc:127) 8063-274112-0002
LOG (gmm-align-compiled[5.5.268-f9828]:main():gmm-align-compiled.cc:127) 8063-274112-0009
LOG (gmm-align-compiled[5.5.268-f9828]:main():gmm-align-compiled.cc:127) 8063-274112-0016
LOG (gmm-align-compiled[5.5.268-f9828]:main():gmm-align-compiled.cc:127) 8063-274112-0019
LOG (gmm-align-compiled[5.5.268-f9828]:main():gmm-align-compiled.cc:127) 8063-274112-0023
LOG (gmm-align-compiled[5.5.268-f9828]:main():gmm-align-compiled.cc:127) 8063-274112-0030
LOG (gmm-align-compiled[5.5.268-f9828]:main():gmm-align-compiled.cc:127) 8063-274112-0037
LOG (gmm-align-compiled[5.5.268-f9828]:main():gmm-align-compiled.cc:127) 8063-274115-0003
LOG (gmm-align-compiled[5.5.268-f9828]:main():gmm-align-compiled.cc:127) 8063-274115-0006
LOG (gmm-align-compiled[5.5.268-f9828]:main():gmm-align-compiled.cc:127) 8063-274115-0010
LOG (gmm-align-compiled[5.5.268-f9828]:main():gmm-align-compiled.cc:127) 8063-274115-0017
LOG (gmm-align-compiled[5.5.268-f9828]:main():gmm-align-compiled.cc:127) 8063-274115-0024
LOG (gmm-align-compiled[5.5.268-f9828]:main():gmm-align-compiled.cc:127) 8063-274115-0031
LOG (gmm-align-compiled[5.5.268-f9828]:main():gmm-align-compiled.cc:127) 8063-274115-0034
LOG (gmm-align-compiled[5.5.268-f9828]:main():gmm-align-compiled.cc:127) 8063-274116-0001
LOG (gmm-align-compiled[5.5.268-f9828]:main():gmm-align-compiled.cc:127) 8063-274116-0008
LOG (gmm-align-compiled[5.5.268-f9828]:main():gmm-align-compiled.cc:127) 8063-274116-0015
LOG (gmm-align-compiled[5.5.268-f9828]:main():gmm-align-compiled.cc:127) 8063-274116-0022
LOG (gmm-align-compiled[5.5.268-f9828]:main():gmm-align-compiled.cc:127) 8063-274116-0025
LOG (gmm-align-compiled[5.5.268-f9828]:main():gmm-align-compiled.cc:127) 8063-274116-0029
LOG (gmm-align-compiled[5.5.268-f9828]:main():gmm-align-compiled.cc:127) 8063-274116-0036
LOG (gmm-align-compiled[5.5.268-f9828]:main():gmm-align-compiled.cc:127) 8063-274117-0002
LOG (gmm-align-compiled[5.5.268-f9828]:main():gmm-align-compiled.cc:127) 8063-274117-0009
LOG (gmm-align-compiled[5.5.268-f9828]:main():gmm-align-compiled.cc:127) 8063-274117-0012
LOG (gmm-align-compiled[5.5.268-f9828]:main():gmm-align-compiled.cc:127) 8063-274117-0016
LOG (gmm-align-compiled[5.5.268-f9828]:main():gmm-align-compiled.cc:127) 8063-274117-0023
LOG (gmm-align-compiled[5.5.268-f9828]:main():gmm-align-compiled.cc:127) 8063-274117-0030
LOG (gmm-align-compiled[5.5.268-f9828]:main():gmm-align-compiled.cc:127) 8088-284756-0001
LOG (gmm-align-compiled[5.5.268-f9828]:main():gmm-align-compiled.cc:127) 8088-284756-0004
LOG (gmm-align-compiled[5.5.268-f9828]:main():gmm-align-compiled.cc:127) 8088-284756-0008
LOG (gmm-align-compiled[5.5.268-f9828]:main():gmm-align-compiled.cc:127) 8088-284756-0015
LOG (gmm-align-compiled[5.5.268-f9828]:main():gmm-align-compiled.cc:127) 8088-284756-0022
LOG (gmm-align-compiled[5.5.268-f9828]:main():gmm-align-compiled.cc:127) 8088-284756-0029
LOG (gmm-align-compiled[5.5.268-f9828]:main():gmm-align-compiled.cc:127) 8088-284756-0032
LOG (gmm-align-compiled[5.5.268-f9828]:main():gmm-align-compiled.cc:127) 8088-284756-0036
LOG (gmm-align-compiled[5.5.268-f9828]:main():gmm-align-compiled.cc:127) 8088-284756-0042
LOG (gmm-align-compiled[5.5.268-f9828]:main():gmm-align-compiled.cc:127) 8088-284756-0049
LOG (gmm-align-compiled[5.5.268-f9828]:main():gmm-align-compiled.cc:127) 8088-284756-0056
LOG (gmm-align-compiled[5.5.268-f9828]:main():gmm-align-compiled.cc:127) 8088-284756-0063
LOG (gmm-align-compiled[5.5.268-f9828]:main():gmm-align-compiled.cc:127) 8088-284756-0070
LOG (gmm-align-compiled[5.5.268-f9828]:main():gmm-align-compiled.cc:127) 8088-284756-0077
LOG (gmm-align-compiled[5.5.268-f9828]:main():gmm-align-compiled.cc:127) 8088-284756-0084
LOG (gmm-align-compiled[5.5.268-f9828]:main():gmm-align-compiled.cc:127) 8088-284756-0087
LOG (gmm-align-compiled[5.5.268-f9828]:main():gmm-align-compiled.cc:127) 8088-284756-0091
LOG (gmm-align-compiled[5.5.268-f9828]:main():gmm-align-compiled.cc:127) 8088-284756-0098
LOG (gmm-align-compiled[5.5.268-f9828]:main():gmm-align-compiled.cc:127) 8088-284756-0105
LOG (gmm-align-compiled[5.5.268-f9828]:main():gmm-align-compiled.cc:127) 8088-284756-0112
LOG (gmm-align-compiled[5.5.268-f9828]:main():gmm-align-compiled.cc:127) 8088-284756-0115
LOG (gmm-align-compiled[5.5.268-f9828]:main():gmm-align-compiled.cc:127) 8088-284756-0119
LOG (gmm-align-compiled[5.5.268-f9828]:main():gmm-align-compiled.cc:127) 8095-274345-0006
LOG (gmm-align-compiled[5.5.268-f9828]:main():gmm-align-compiled.cc:127) 8095-274345-0013
LOG (gmm-align-compiled[5.5.268-f9828]:main():gmm-align-compiled.cc:127) 8095-274345-0020
LOG (gmm-align-compiled[5.5.268-f9828]:main():gmm-align-compiled.cc:127) 8095-274345-0023
LOG (gmm-align-compiled[5.5.268-f9828]:main():gmm-align-compiled.cc:127) 8095-274345-0027
LOG (gmm-align-compiled[5.5.268-f9828]:main():gmm-align-compiled.cc:127) 8095-274345-0034
LOG (gmm-align-compiled[5.5.268-f9828]:main():gmm-align-compiled.cc:127) 8095-274346-0005
LOG (gmm-align-compiled[5.5.268-f9828]:main():gmm-align-compiled.cc:127) 8095-274346-0012
LOG (gmm-align-compiled[5.5.268-f9828]:main():gmm-align-compiled.cc:127) 8095-274346-0015
LOG (gmm-align-compiled[5.5.268-f9828]:main():gmm-align-compiled.cc:127) 8095-274346-0019
LOG (gmm-align-compiled[5.5.268-f9828]:main():gmm-align-compiled.cc:127) 8095-274346-0026
LOG (gmm-align-compiled[5.5.268-f9828]:main():gmm-align-compiled.cc:127) 8095-274346-0033
LOG (gmm-align-compiled[5.5.268-f9828]:main():gmm-align-compiled.cc:127) 8095-274346-0040
LOG (gmm-align-compiled[5.5.268-f9828]:main():gmm-align-compiled.cc:127) 8095-274346-0043
LOG (gmm-align-compiled[5.5.268-f9828]:main():gmm-align-compiled.cc:127) 8095-274346-0047
LOG (gmm-align-compiled[5.5.268-f9828]:main():gmm-align-compiled.cc:127) 8095-274346-0054
LOG (gmm-align-compiled[5.5.268-f9828]:main():gmm-align-compiled.cc:127) 8095-274348-0003
LOG (gmm-align-compiled[5.5.268-f9828]:main():gmm-align-compiled.cc:127) 8095-274348-0010
LOG (gmm-align-compiled[5.5.268-f9828]:main():gmm-align-compiled.cc:127) 8095-274348-0013
LOG (gmm-align-compiled[5.5.268-f9828]:main():gmm-align-compiled.cc:127) 8095-274348-0017
LOG (gmm-align-compiled[5.5.268-f9828]:main():gmm-align-compiled.cc:127) 8098-275181-0006
LOG (gmm-align-compiled[5.5.268-f9828]:main():gmm-align-compiled.cc:127) 8098-275181-0013
LOG (gmm-align-compiled[5.5.268-f9828]:main():gmm-align-compiled.cc:127) 8098-275181-0020
LOG (gmm-align-compiled[5.5.268-f9828]:main():gmm-align-compiled.cc:127) 8098-275181-0023
LOG (gmm-align-compiled[5.5.268-f9828]:main():gmm-align-compiled.cc:127) 8098-275181-0027
LOG (gmm-align-compiled[5.5.268-f9828]:main():gmm-align-compiled.cc:127) 8098-275181-0033
LOG (gmm-align-compiled[5.5.268-f9828]:main():gmm-align-compiled.cc:127) 8098-278252-0006
LOG (gmm-align-compiled[5.5.268-f9828]:main():gmm-align-compiled.cc:127) 8098-278252-0013
LOG (gmm-align-compiled[5.5.268-f9828]:main():gmm-align-compiled.cc:127) 8098-278252-0020
LOG (gmm-align-compiled[5.5.268-f9828]:main():gmm-align-compiled.cc:127) 8098-278252-0027
LOG (gmm-align-compiled[5.5.268-f9828]:main():gmm-align-compiled.cc:127) 8098-278252-0034
LOG (gmm-align-compiled[5.5.268-f9828]:main():gmm-align-compiled.cc:127) 8098-278278-0000
LOG (gmm-align-compiled[5.5.268-f9828]:main():gmm-align-compiled.cc:127) 8098-278278-0003
LOG (gmm-align-compiled[5.5.268-f9828]:main():gmm-align-compiled.cc:127) 8098-278278-0007
LOG (gmm-align-compiled[5.5.268-f9828]:main():gmm-align-compiled.cc:127) 8098-278278-0014
LOG (gmm-align-compiled[5.5.268-f9828]:main():gmm-align-compiled.cc:127) 8098-278278-0021
LOG (gmm-align-compiled[5.5.268-f9828]:main():gmm-align-compiled.cc:127) 8098-278278-0028
LOG (gmm-align-compiled[5.5.268-f9828]:main():gmm-align-compiled.cc:127) 8098-278278-0031
LOG (gmm-align-compiled[5.5.268-f9828]:main():gmm-align-compiled.cc:127) 8098-278278-0035
LOG (gmm-align-compiled[5.5.268-f9828]:main():gmm-align-compiled.cc:127) 8108-274318-0001
LOG (gmm-align-compiled[5.5.268-f9828]:main():gmm-align-compiled.cc:127) 8108-274318-0008
LOG (gmm-align-compiled[5.5.268-f9828]:main():gmm-align-compiled.cc:127) 8108-274318-0015
LOG (gmm-align-compiled[5.5.268-f9828]:main():gmm-align-compiled.cc:127) 8108-274318-0018
LOG (gmm-align-compiled[5.5.268-f9828]:main():gmm-align-compiled.cc:127) 8108-274318-0022
LOG (gmm-align-compiled[5.5.268-f9828]:main():gmm-align-compiled.cc:127) 8108-274318-0029
LOG (gmm-align-compiled[5.5.268-f9828]:main():gmm-align-compiled.cc:127) 8108-274318-0036
LOG (gmm-align-compiled[5.5.268-f9828]:main():gmm-align-compiled.cc:127) 8108-274318-0043
LOG (gmm-align-compiled[5.5.268-f9828]:main():gmm-align-compiled.cc:127) 8108-274318-0046
LOG (gmm-align-compiled[5.5.268-f9828]:main():gmm-align-compiled.cc:127) 8108-280354-0001
LOG (gmm-align-compiled[5.5.268-f9828]:main():gmm-align-compiled.cc:127) 8108-280354-0008
LOG (gmm-align-compiled[5.5.268-f9828]:main():gmm-align-compiled.cc:127) 8108-280354-0015
LOG (gmm-align-compiled[5.5.268-f9828]:main():gmm-align-compiled.cc:127) 8108-280354-0022
LOG (gmm-align-compiled[5.5.268-f9828]:main():gmm-align-compiled.cc:127) 8108-280354-0025
LOG (gmm-align-compiled[5.5.268-f9828]:main():gmm-align-compiled.cc:127) 8108-280354-0029
LOG (gmm-align-compiled[5.5.268-f9828]:main():gmm-align-compiled.cc:127) 8108-280359-0004
LOG (gmm-align-compiled[5.5.268-f9828]:main():gmm-align-compiled.cc:127) 8108-280359-0011
LOG (gmm-align-compiled[5.5.268-f9828]:main():gmm-align-compiled.cc:127) 8108-280359-0018
LOG (gmm-align-compiled[5.5.268-f9828]:main():gmm-align-compiled.cc:127) 8108-280359-0021
LOG (gmm-align-compiled[5.5.268-f9828]:main():gmm-align-compiled.cc:127) 8108-280359-0025
LOG (gmm-align-compiled[5.5.268-f9828]:main():gmm-align-compiled.cc:127) 8123-275193-0003
LOG (gmm-align-compiled[5.5.268-f9828]:main():gmm-align-compiled.cc:127) 8123-275193-0010
LOG (gmm-align-compiled[5.5.268-f9828]:main():gmm-align-compiled.cc:127) 8123-275193-0017
LOG (gmm-align-compiled[5.5.268-f9828]:main():gmm-align-compiled.cc:127) 8123-275193-0020
LOG (gmm-align-compiled[5.5.268-f9828]:main():gmm-align-compiled.cc:127) 8123-275193-0024
LOG (gmm-align-compiled[5.5.268-f9828]:main():gmm-align-compiled.cc:127) 8123-275209-0002
LOG (gmm-align-compiled[5.5.268-f9828]:main():gmm-align-compiled.cc:127) 8123-275209-0009
LOG (gmm-align-compiled[5.5.268-f9828]:main():gmm-align-compiled.cc:127) 8123-275209-0016
LOG (gmm-align-compiled[5.5.268-f9828]:main():gmm-align-compiled.cc:127) 8123-275209-0023
LOG (gmm-align-compiled[5.5.268-f9828]:main():gmm-align-compiled.cc:127) 8123-275209-0030
LOG (gmm-align-compiled[5.5.268-f9828]:main():gmm-align-compiled.cc:127) 8123-275216-0002
LOG (gmm-align-compiled[5.5.268-f9828]:main():gmm-align-compiled.cc:127) 8123-275216-0009
LOG (gmm-align-compiled[5.5.268-f9828]:main():gmm-align-compiled.cc:127) 8123-275216-0012
LOG (gmm-align-compiled[5.5.268-f9828]:main():gmm-align-compiled.cc:127) 8123-275216-0016
LOG (gmm-align-compiled[5.5.268-f9828]:main():gmm-align-compiled.cc:127) 8123-275216-0023
LOG (gmm-align-compiled[5.5.268-f9828]:main():gmm-align-compiled.cc:127) 8123-275216-0030
LOG (gmm-align-compiled[5.5.268-f9828]:main():gmm-align-compiled.cc:127) 8123-275216-0037
LOG (gmm-align-compiled[5.5.268-f9828]:main():gmm-align-compiled.cc:127) 8123-275216-0040
LOG (apply-cmvn[5.5.268-f9828]:main():apply-cmvn.cc:162) Applied cepstral mean normalization to 503 utterances, errors on 0
LOG (gmm-align-compiled[5.5.268-f9828]:main():gmm-align-compiled.cc:127) 8123-275216-0044
LOG (gmm-align-compiled[5.5.268-f9828]:main():gmm-align-compiled.cc:135) Overall log-likelihood per frame is -98.5368 over 627183 frames.
LOG (gmm-align-compiled[5.5.268-f9828]:main():gmm-align-compiled.cc:137) Retried 0 out of 503 utterances.
LOG (gmm-align-compiled[5.5.268-f9828]:main():gmm-align-compiled.cc:139) Done 503, errors on 0
# Accounting: time=111 threads=1
# Ended (code 0) at Sun Mar 14 15:50:18 EET 2021, elapsed time 111 seconds
