# gmm-align-compiled --transition-scale=1.0 --acoustic-scale=0.1 --self-loop-scale=0.1 --beam=10 --retry-beam=40 --careful=false "gmm-boost-silence --boost=1.25 1 exp/tri1/30.mdl - |" "ark:gunzip -c exp/tri1/fsts.10.gz|" "ark,s,cs:apply-cmvn  --utt2spk=ark:data/train_5k/split10/10/utt2spk scp:data/train_5k/split10/10/cmvn.scp scp:data/train_5k/split10/10/feats.scp ark:- | add-deltas  ark:- ark:- |" "ark:|gzip -c >exp/tri1/ali.10.gz" 
# Started at Sun Mar 14 15:53:25 EET 2021
#
gmm-align-compiled --transition-scale=1.0 --acoustic-scale=0.1 --self-loop-scale=0.1 --beam=10 --retry-beam=40 --careful=false 'gmm-boost-silence --boost=1.25 1 exp/tri1/30.mdl - |' 'ark:gunzip -c exp/tri1/fsts.10.gz|' 'ark,s,cs:apply-cmvn  --utt2spk=ark:data/train_5k/split10/10/utt2spk scp:data/train_5k/split10/10/cmvn.scp scp:data/train_5k/split10/10/feats.scp ark:- | add-deltas  ark:- ark:- |' 'ark:|gzip -c >exp/tri1/ali.10.gz' 
gmm-boost-silence --boost=1.25 1 exp/tri1/30.mdl - 
WARNING (gmm-boost-silence[5.5.268-f9828]:main():gmm-boost-silence.cc:82) The pdfs for the silence phones may be shared by other phones (note: this probably does not matter.)
LOG (gmm-boost-silence[5.5.268-f9828]:main():gmm-boost-silence.cc:93) Boosted weights for 5 pdfs, by factor of 1.25
LOG (gmm-boost-silence[5.5.268-f9828]:main():gmm-boost-silence.cc:103) Wrote model to -
apply-cmvn --utt2spk=ark:data/train_5k/split10/10/utt2spk scp:data/train_5k/split10/10/cmvn.scp scp:data/train_5k/split10/10/feats.scp ark:- 
add-deltas ark:- ark:- 
LOG (gmm-align-compiled[5.5.268-f9828]:main():gmm-align-compiled.cc:127) 8226-274369-0005
LOG (gmm-align-compiled[5.5.268-f9828]:main():gmm-align-compiled.cc:127) 8226-274369-0012
LOG (gmm-align-compiled[5.5.268-f9828]:main():gmm-align-compiled.cc:127) 8226-274369-0019
LOG (gmm-align-compiled[5.5.268-f9828]:main():gmm-align-compiled.cc:127) 8226-274369-0022
LOG (gmm-align-compiled[5.5.268-f9828]:main():gmm-align-compiled.cc:127) 8226-274369-0026
LOG (gmm-align-compiled[5.5.268-f9828]:main():gmm-align-compiled.cc:127) 8226-274369-0033
LOG (gmm-align-compiled[5.5.268-f9828]:main():gmm-align-compiled.cc:127) 8226-274369-0040
LOG (gmm-align-compiled[5.5.268-f9828]:main():gmm-align-compiled.cc:127) 8226-274369-0047
LOG (gmm-align-compiled[5.5.268-f9828]:main():gmm-align-compiled.cc:127) 8226-274369-0050
LOG (gmm-align-compiled[5.5.268-f9828]:main():gmm-align-compiled.cc:127) 8226-274369-0054
LOG (gmm-align-compiled[5.5.268-f9828]:main():gmm-align-compiled.cc:127) 8226-274369-0061
LOG (gmm-align-compiled[5.5.268-f9828]:main():gmm-align-compiled.cc:127) 8226-274371-0004
LOG (gmm-align-compiled[5.5.268-f9828]:main():gmm-align-compiled.cc:127) 8226-274371-0011
LOG (gmm-align-compiled[5.5.268-f9828]:main():gmm-align-compiled.cc:127) 8226-274371-0014
LOG (gmm-align-compiled[5.5.268-f9828]:main():gmm-align-compiled.cc:127) 8226-274371-0018
LOG (gmm-align-compiled[5.5.268-f9828]:main():gmm-align-compiled.cc:127) 8226-274371-0025
LOG (gmm-align-compiled[5.5.268-f9828]:main():gmm-align-compiled.cc:127) 8226-274371-0032
LOG (gmm-align-compiled[5.5.268-f9828]:main():gmm-align-compiled.cc:127) 8226-274371-0039
LOG (gmm-align-compiled[5.5.268-f9828]:main():gmm-align-compiled.cc:127) 8226-274371-0042
LOG (gmm-align-compiled[5.5.268-f9828]:main():gmm-align-compiled.cc:127) 8226-274371-0046
LOG (gmm-align-compiled[5.5.268-f9828]:main():gmm-align-compiled.cc:127) 8226-274371-0053
LOG (gmm-align-compiled[5.5.268-f9828]:main():gmm-align-compiled.cc:127) 8238-274553-0006
LOG (gmm-align-compiled[5.5.268-f9828]:main():gmm-align-compiled.cc:127) 8238-274553-0013
LOG (gmm-align-compiled[5.5.268-f9828]:main():gmm-align-compiled.cc:127) 8238-274553-0016
LOG (gmm-align-compiled[5.5.268-f9828]:main():gmm-align-compiled.cc:127) 8238-274553-0020
LOG (gmm-align-compiled[5.5.268-f9828]:main():gmm-align-compiled.cc:127) 8238-274553-0026
LOG (gmm-align-compiled[5.5.268-f9828]:main():gmm-align-compiled.cc:127) 8238-274553-0033
LOG (gmm-align-compiled[5.5.268-f9828]:main():gmm-align-compiled.cc:127) 8238-274553-0040
LOG (gmm-align-compiled[5.5.268-f9828]:main():gmm-align-compiled.cc:127) 8238-274553-0047
LOG (gmm-align-compiled[5.5.268-f9828]:main():gmm-align-compiled.cc:127) 8238-274553-0054
LOG (gmm-align-compiled[5.5.268-f9828]:main():gmm-align-compiled.cc:127) 8238-274553-0061
LOG (gmm-align-compiled[5.5.268-f9828]:main():gmm-align-compiled.cc:127) 8238-274553-0068
LOG (gmm-align-compiled[5.5.268-f9828]:main():gmm-align-compiled.cc:127) 8238-274553-0071
LOG (gmm-align-compiled[5.5.268-f9828]:main():gmm-align-compiled.cc:127) 8238-283452-0000
LOG (gmm-align-compiled[5.5.268-f9828]:main():gmm-align-compiled.cc:127) 8238-283452-0007
LOG (gmm-align-compiled[5.5.268-f9828]:main():gmm-align-compiled.cc:127) 8238-283452-0014
LOG (gmm-align-compiled[5.5.268-f9828]:main():gmm-align-compiled.cc:127) 8238-283452-0021
LOG (gmm-align-compiled[5.5.268-f9828]:main():gmm-align-compiled.cc:127) 8238-283452-0024
LOG (gmm-align-compiled[5.5.268-f9828]:main():gmm-align-compiled.cc:127) 8238-283452-0028
LOG (gmm-align-compiled[5.5.268-f9828]:main():gmm-align-compiled.cc:127) 8238-283452-0035
LOG (gmm-align-compiled[5.5.268-f9828]:main():gmm-align-compiled.cc:127) 8238-283452-0042
LOG (gmm-align-compiled[5.5.268-f9828]:main():gmm-align-compiled.cc:127) 83-11691-0001
LOG (gmm-align-compiled[5.5.268-f9828]:main():gmm-align-compiled.cc:127) 83-11691-0004
LOG (gmm-align-compiled[5.5.268-f9828]:main():gmm-align-compiled.cc:127) 83-11691-0008
LOG (gmm-align-compiled[5.5.268-f9828]:main():gmm-align-compiled.cc:127) 83-11691-0015
LOG (gmm-align-compiled[5.5.268-f9828]:main():gmm-align-compiled.cc:127) 83-11691-0022
LOG (gmm-align-compiled[5.5.268-f9828]:main():gmm-align-compiled.cc:127) 83-11691-0029
LOG (gmm-align-compiled[5.5.268-f9828]:main():gmm-align-compiled.cc:127) 83-11691-0032
LOG (gmm-align-compiled[5.5.268-f9828]:main():gmm-align-compiled.cc:127) 83-11691-0036
LOG (gmm-align-compiled[5.5.268-f9828]:main():gmm-align-compiled.cc:127) 83-11691-0043
LOG (gmm-align-compiled[5.5.268-f9828]:main():gmm-align-compiled.cc:127) 83-3054-0004
LOG (gmm-align-compiled[5.5.268-f9828]:main():gmm-align-compiled.cc:127) 83-3054-0011
LOG (gmm-align-compiled[5.5.268-f9828]:main():gmm-align-compiled.cc:127) 83-3054-0014
LOG (gmm-align-compiled[5.5.268-f9828]:main():gmm-align-compiled.cc:127) 83-3054-0018
LOG (gmm-align-compiled[5.5.268-f9828]:main():gmm-align-compiled.cc:127) 83-9960-0005
LOG (gmm-align-compiled[5.5.268-f9828]:main():gmm-align-compiled.cc:127) 83-9960-0012
LOG (gmm-align-compiled[5.5.268-f9828]:main():gmm-align-compiled.cc:127) 83-9960-0019
LOG (gmm-align-compiled[5.5.268-f9828]:main():gmm-align-compiled.cc:127) 83-9960-0022
LOG (gmm-align-compiled[5.5.268-f9828]:main():gmm-align-compiled.cc:127) 83-9960-0026
LOG (gmm-align-compiled[5.5.268-f9828]:main():gmm-align-compiled.cc:127) 83-9960-0033
LOG (gmm-align-compiled[5.5.268-f9828]:main():gmm-align-compiled.cc:127) 83-9960-0040
LOG (gmm-align-compiled[5.5.268-f9828]:main():gmm-align-compiled.cc:127) 83-9960-0047
LOG (gmm-align-compiled[5.5.268-f9828]:main():gmm-align-compiled.cc:127) 83-9960-0050
LOG (gmm-align-compiled[5.5.268-f9828]:main():gmm-align-compiled.cc:127) 83-9960-0054
LOG (gmm-align-compiled[5.5.268-f9828]:main():gmm-align-compiled.cc:127) 831-130739-0003
LOG (gmm-align-compiled[5.5.268-f9828]:main():gmm-align-compiled.cc:127) 831-130739-0010
LOG (gmm-align-compiled[5.5.268-f9828]:main():gmm-align-compiled.cc:127) 831-130739-0017
LOG (gmm-align-compiled[5.5.268-f9828]:main():gmm-align-compiled.cc:127) 831-130739-0024
LOG (gmm-align-compiled[5.5.268-f9828]:main():gmm-align-compiled.cc:127) 831-130739-0031
LOG (gmm-align-compiled[5.5.268-f9828]:main():gmm-align-compiled.cc:127) 831-130739-0038
LOG (gmm-align-compiled[5.5.268-f9828]:main():gmm-align-compiled.cc:127) 831-130739-0045
LOG (gmm-align-compiled[5.5.268-f9828]:main():gmm-align-compiled.cc:127) 831-130739-0048
LOG (gmm-align-compiled[5.5.268-f9828]:main():gmm-align-compiled.cc:127) 831-130739-0052
LOG (gmm-align-compiled[5.5.268-f9828]:main():gmm-align-compiled.cc:127) 831-130739-0059
LOG (gmm-align-compiled[5.5.268-f9828]:main():gmm-align-compiled.cc:127) 831-130746-0003
LOG (gmm-align-compiled[5.5.268-f9828]:main():gmm-align-compiled.cc:127) 831-130746-0010
LOG (gmm-align-compiled[5.5.268-f9828]:main():gmm-align-compiled.cc:127) 831-130746-0013
LOG (gmm-align-compiled[5.5.268-f9828]:main():gmm-align-compiled.cc:127) 831-130746-0017
LOG (gmm-align-compiled[5.5.268-f9828]:main():gmm-align-compiled.cc:127) 831-130746-0024
LOG (gmm-align-compiled[5.5.268-f9828]:main():gmm-align-compiled.cc:127) 831-130746-0031
LOG (gmm-align-compiled[5.5.268-f9828]:main():gmm-align-compiled.cc:127) 831-130746-0038
LOG (gmm-align-compiled[5.5.268-f9828]:main():gmm-align-compiled.cc:127) 831-130746-0041
LOG (gmm-align-compiled[5.5.268-f9828]:main():gmm-align-compiled.cc:127) 831-130746-0045
LOG (gmm-align-compiled[5.5.268-f9828]:main():gmm-align-compiled.cc:127) 831-130746-0052
LOG (gmm-align-compiled[5.5.268-f9828]:main():gmm-align-compiled.cc:127) 831-130746-0059
LOG (gmm-align-compiled[5.5.268-f9828]:main():gmm-align-compiled.cc:127) 8312-279790-0005
LOG (gmm-align-compiled[5.5.268-f9828]:main():gmm-align-compiled.cc:127) 8312-279790-0008
LOG (gmm-align-compiled[5.5.268-f9828]:main():gmm-align-compiled.cc:127) 8312-279790-0012
LOG (gmm-align-compiled[5.5.268-f9828]:main():gmm-align-compiled.cc:127) 8312-279790-0019
LOG (gmm-align-compiled[5.5.268-f9828]:main():gmm-align-compiled.cc:127) 8312-279790-0026
LOG (gmm-align-compiled[5.5.268-f9828]:main():gmm-align-compiled.cc:127) 8312-279790-0033
LOG (gmm-align-compiled[5.5.268-f9828]:main():gmm-align-compiled.cc:127) 8312-279790-0036
LOG (gmm-align-compiled[5.5.268-f9828]:main():gmm-align-compiled.cc:127) 8312-279790-0040
LOG (gmm-align-compiled[5.5.268-f9828]:main():gmm-align-compiled.cc:127) 8312-279790-0047
LOG (gmm-align-compiled[5.5.268-f9828]:main():gmm-align-compiled.cc:127) 8312-279791-0002
LOG (gmm-align-compiled[5.5.268-f9828]:main():gmm-align-compiled.cc:127) 8312-279791-0009
LOG (gmm-align-compiled[5.5.268-f9828]:main():gmm-align-compiled.cc:127) 8312-279791-0012
LOG (gmm-align-compiled[5.5.268-f9828]:main():gmm-align-compiled.cc:127) 8312-279791-0016
LOG (gmm-align-compiled[5.5.268-f9828]:main():gmm-align-compiled.cc:127) 8312-279791-0023
LOG (gmm-align-compiled[5.5.268-f9828]:main():gmm-align-compiled.cc:127) 8312-279791-0030
LOG (gmm-align-compiled[5.5.268-f9828]:main():gmm-align-compiled.cc:127) 8312-279791-0037
LOG (gmm-align-compiled[5.5.268-f9828]:main():gmm-align-compiled.cc:127) 8312-279791-0040
LOG (gmm-align-compiled[5.5.268-f9828]:main():gmm-align-compiled.cc:127) 8312-279791-0044
LOG (gmm-align-compiled[5.5.268-f9828]:main():gmm-align-compiled.cc:127) 8312-279791-0050
LOG (gmm-align-compiled[5.5.268-f9828]:main():gmm-align-compiled.cc:127) 8324-286681-0003
LOG (gmm-align-compiled[5.5.268-f9828]:main():gmm-align-compiled.cc:127) 8324-286681-0010
LOG (gmm-align-compiled[5.5.268-f9828]:main():gmm-align-compiled.cc:127) 8324-286681-0017
LOG (gmm-align-compiled[5.5.268-f9828]:main():gmm-align-compiled.cc:127) 8324-286681-0024
LOG (gmm-align-compiled[5.5.268-f9828]:main():gmm-align-compiled.cc:127) 8324-286682-0006
LOG (gmm-align-compiled[5.5.268-f9828]:main():gmm-align-compiled.cc:127) 8324-286682-0013
LOG (gmm-align-compiled[5.5.268-f9828]:main():gmm-align-compiled.cc:127) 8324-286682-0016
LOG (gmm-align-compiled[5.5.268-f9828]:main():gmm-align-compiled.cc:127) 8324-286682-0020
LOG (gmm-align-compiled[5.5.268-f9828]:main():gmm-align-compiled.cc:127) 8324-286682-0027
LOG (gmm-align-compiled[5.5.268-f9828]:main():gmm-align-compiled.cc:127) 8324-286682-0034
LOG (gmm-align-compiled[5.5.268-f9828]:main():gmm-align-compiled.cc:127) 8324-286682-0041
LOG (gmm-align-compiled[5.5.268-f9828]:main():gmm-align-compiled.cc:127) 8324-286682-0044
LOG (gmm-align-compiled[5.5.268-f9828]:main():gmm-align-compiled.cc:127) 8324-286682-0048
LOG (gmm-align-compiled[5.5.268-f9828]:main():gmm-align-compiled.cc:127) 8324-286683-0006
LOG (gmm-align-compiled[5.5.268-f9828]:main():gmm-align-compiled.cc:127) 8324-286683-0013
LOG (gmm-align-compiled[5.5.268-f9828]:main():gmm-align-compiled.cc:127) 8324-286683-0020
LOG (gmm-align-compiled[5.5.268-f9828]:main():gmm-align-compiled.cc:127) 8324-286683-0023
LOG (gmm-align-compiled[5.5.268-f9828]:main():gmm-align-compiled.cc:127) 8324-286683-0027
LOG (gmm-align-compiled[5.5.268-f9828]:main():gmm-align-compiled.cc:127) 8324-286683-0034
LOG (gmm-align-compiled[5.5.268-f9828]:main():gmm-align-compiled.cc:127) 839-130898-0002
LOG (gmm-align-compiled[5.5.268-f9828]:main():gmm-align-compiled.cc:127) 839-130898-0009
LOG (gmm-align-compiled[5.5.268-f9828]:main():gmm-align-compiled.cc:127) 839-130898-0012
LOG (gmm-align-compiled[5.5.268-f9828]:main():gmm-align-compiled.cc:127) 839-130898-0016
LOG (gmm-align-compiled[5.5.268-f9828]:main():gmm-align-compiled.cc:127) 839-130898-0023
LOG (gmm-align-compiled[5.5.268-f9828]:main():gmm-align-compiled.cc:127) 839-130898-0030
LOG (gmm-align-compiled[5.5.268-f9828]:main():gmm-align-compiled.cc:127) 839-130898-0037
LOG (gmm-align-compiled[5.5.268-f9828]:main():gmm-align-compiled.cc:127) 839-130898-0040
LOG (gmm-align-compiled[5.5.268-f9828]:main():gmm-align-compiled.cc:127) 839-130898-0044
LOG (gmm-align-compiled[5.5.268-f9828]:main():gmm-align-compiled.cc:127) 839-130898-0051
LOG (gmm-align-compiled[5.5.268-f9828]:main():gmm-align-compiled.cc:127) 839-130898-0058
LOG (gmm-align-compiled[5.5.268-f9828]:main():gmm-align-compiled.cc:127) 839-130898-0065
LOG (gmm-align-compiled[5.5.268-f9828]:main():gmm-align-compiled.cc:127) 839-130898-0068
LOG (gmm-align-compiled[5.5.268-f9828]:main():gmm-align-compiled.cc:127) 839-130898-0072
LOG (gmm-align-compiled[5.5.268-f9828]:main():gmm-align-compiled.cc:127) 839-130898-0079
LOG (gmm-align-compiled[5.5.268-f9828]:main():gmm-align-compiled.cc:127) 839-130898-0086
LOG (gmm-align-compiled[5.5.268-f9828]:main():gmm-align-compiled.cc:127) 839-130898-0093
LOG (gmm-align-compiled[5.5.268-f9828]:main():gmm-align-compiled.cc:127) 839-130898-0096
LOG (gmm-align-compiled[5.5.268-f9828]:main():gmm-align-compiled.cc:127) 8419-286667-0000
LOG (gmm-align-compiled[5.5.268-f9828]:main():gmm-align-compiled.cc:127) 8419-286667-0006
LOG (gmm-align-compiled[5.5.268-f9828]:main():gmm-align-compiled.cc:127) 8419-286667-0013
LOG (gmm-align-compiled[5.5.268-f9828]:main():gmm-align-compiled.cc:127) 8419-286667-0020
LOG (gmm-align-compiled[5.5.268-f9828]:main():gmm-align-compiled.cc:127) 8419-286667-0027
LOG (gmm-align-compiled[5.5.268-f9828]:main():gmm-align-compiled.cc:127) 8419-286676-0003
LOG (gmm-align-compiled[5.5.268-f9828]:main():gmm-align-compiled.cc:127) 8419-286676-0010
LOG (gmm-align-compiled[5.5.268-f9828]:main():gmm-align-compiled.cc:127) 8419-286676-0017
LOG (gmm-align-compiled[5.5.268-f9828]:main():gmm-align-compiled.cc:127) 8419-286676-0020
LOG (gmm-align-compiled[5.5.268-f9828]:main():gmm-align-compiled.cc:127) 8419-286676-0024
LOG (gmm-align-compiled[5.5.268-f9828]:main():gmm-align-compiled.cc:127) 8419-286676-0031
LOG (gmm-align-compiled[5.5.268-f9828]:main():gmm-align-compiled.cc:127) 8419-293469-0004
LOG (gmm-align-compiled[5.5.268-f9828]:main():gmm-align-compiled.cc:127) 8419-293469-0011
LOG (gmm-align-compiled[5.5.268-f9828]:main():gmm-align-compiled.cc:127) 8419-293469-0014
LOG (gmm-align-compiled[5.5.268-f9828]:main():gmm-align-compiled.cc:127) 8419-293469-0018
LOG (gmm-align-compiled[5.5.268-f9828]:main():gmm-align-compiled.cc:127) 8419-293469-0025
LOG (gmm-align-compiled[5.5.268-f9828]:main():gmm-align-compiled.cc:127) 8419-293473-0006
LOG (gmm-align-compiled[5.5.268-f9828]:main():gmm-align-compiled.cc:127) 8419-293473-0013
LOG (gmm-align-compiled[5.5.268-f9828]:main():gmm-align-compiled.cc:127) 8419-293473-0016
LOG (gmm-align-compiled[5.5.268-f9828]:main():gmm-align-compiled.cc:127) 8419-293473-0020
LOG (gmm-align-compiled[5.5.268-f9828]:main():gmm-align-compiled.cc:127) 8425-246962-0006
LOG (gmm-align-compiled[5.5.268-f9828]:main():gmm-align-compiled.cc:127) 8425-246962-0013
LOG (gmm-align-compiled[5.5.268-f9828]:main():gmm-align-compiled.cc:127) 8425-246962-0020
LOG (gmm-align-compiled[5.5.268-f9828]:main():gmm-align-compiled.cc:127) 8425-246962-0023
LOG (gmm-align-compiled[5.5.268-f9828]:main():gmm-align-compiled.cc:127) 8425-246962-0027
LOG (gmm-align-compiled[5.5.268-f9828]:main():gmm-align-compiled.cc:127) 8425-287387-0003
LOG (gmm-align-compiled[5.5.268-f9828]:main():gmm-align-compiled.cc:127) 8425-287387-0010
LOG (gmm-align-compiled[5.5.268-f9828]:main():gmm-align-compiled.cc:127) 8425-287387-0017
LOG (gmm-align-compiled[5.5.268-f9828]:main():gmm-align-compiled.cc:127) 8425-287387-0020
LOG (gmm-align-compiled[5.5.268-f9828]:main():gmm-align-compiled.cc:127) 8425-287387-0024
LOG (gmm-align-compiled[5.5.268-f9828]:main():gmm-align-compiled.cc:127) 8425-287387-0031
LOG (gmm-align-compiled[5.5.268-f9828]:main():gmm-align-compiled.cc:127) 8425-291444-0005
LOG (gmm-align-compiled[5.5.268-f9828]:main():gmm-align-compiled.cc:127) 8425-291444-0012
LOG (gmm-align-compiled[5.5.268-f9828]:main():gmm-align-compiled.cc:127) 8425-291444-0015
LOG (gmm-align-compiled[5.5.268-f9828]:main():gmm-align-compiled.cc:127) 8425-291444-0019
LOG (gmm-align-compiled[5.5.268-f9828]:main():gmm-align-compiled.cc:127) 8425-292520-0006
LOG (gmm-align-compiled[5.5.268-f9828]:main():gmm-align-compiled.cc:127) 8425-292520-0013
LOG (gmm-align-compiled[5.5.268-f9828]:main():gmm-align-compiled.cc:127) 8425-292520-0020
LOG (gmm-align-compiled[5.5.268-f9828]:main():gmm-align-compiled.cc:127) 8425-292520-0023
LOG (gmm-align-compiled[5.5.268-f9828]:main():gmm-align-compiled.cc:127) 8425-292520-0027
LOG (gmm-align-compiled[5.5.268-f9828]:main():gmm-align-compiled.cc:127) 8465-246940-0003
LOG (gmm-align-compiled[5.5.268-f9828]:main():gmm-align-compiled.cc:127) 8465-246940-0010
LOG (gmm-align-compiled[5.5.268-f9828]:main():gmm-align-compiled.cc:127) 8465-246940-0017
LOG (gmm-align-compiled[5.5.268-f9828]:main():gmm-align-compiled.cc:127) 8465-246940-0024
LOG (gmm-align-compiled[5.5.268-f9828]:main():gmm-align-compiled.cc:127) 8465-246940-0031
LOG (gmm-align-compiled[5.5.268-f9828]:main():gmm-align-compiled.cc:127) 8465-246942-0006
LOG (gmm-align-compiled[5.5.268-f9828]:main():gmm-align-compiled.cc:127) 8465-246942-0013
LOG (gmm-align-compiled[5.5.268-f9828]:main():gmm-align-compiled.cc:127) 8465-246942-0016
LOG (gmm-align-compiled[5.5.268-f9828]:main():gmm-align-compiled.cc:127) 8465-246942-0020
LOG (gmm-align-compiled[5.5.268-f9828]:main():gmm-align-compiled.cc:127) 8465-246942-0027
LOG (gmm-align-compiled[5.5.268-f9828]:main():gmm-align-compiled.cc:127) 8465-246943-0006
LOG (gmm-align-compiled[5.5.268-f9828]:main():gmm-align-compiled.cc:127) 8465-246943-0013
LOG (gmm-align-compiled[5.5.268-f9828]:main():gmm-align-compiled.cc:127) 8465-246943-0016
LOG (gmm-align-compiled[5.5.268-f9828]:main():gmm-align-compiled.cc:127) 8465-246943-0020
LOG (gmm-align-compiled[5.5.268-f9828]:main():gmm-align-compiled.cc:127) 8465-246943-0027
LOG (gmm-align-compiled[5.5.268-f9828]:main():gmm-align-compiled.cc:127) 8465-246947-0004
LOG (gmm-align-compiled[5.5.268-f9828]:main():gmm-align-compiled.cc:127) 8465-246947-0011
LOG (gmm-align-compiled[5.5.268-f9828]:main():gmm-align-compiled.cc:127) 8465-246947-0014
LOG (gmm-align-compiled[5.5.268-f9828]:main():gmm-align-compiled.cc:127) 8465-246947-0018
LOG (gmm-align-compiled[5.5.268-f9828]:main():gmm-align-compiled.cc:127) 8465-246947-0025
LOG (gmm-align-compiled[5.5.268-f9828]:main():gmm-align-compiled.cc:127) 8468-286673-0004
LOG (gmm-align-compiled[5.5.268-f9828]:main():gmm-align-compiled.cc:127) 8468-286673-0011
LOG (gmm-align-compiled[5.5.268-f9828]:main():gmm-align-compiled.cc:127) 8468-286673-0014
LOG (gmm-align-compiled[5.5.268-f9828]:main():gmm-align-compiled.cc:127) 8468-286673-0018
LOG (gmm-align-compiled[5.5.268-f9828]:main():gmm-align-compiled.cc:127) 8468-286673-0025
LOG (gmm-align-compiled[5.5.268-f9828]:main():gmm-align-compiled.cc:127) 8468-286673-0032
LOG (gmm-align-compiled[5.5.268-f9828]:main():gmm-align-compiled.cc:127) 8468-286673-0039
LOG (gmm-align-compiled[5.5.268-f9828]:main():gmm-align-compiled.cc:127) 8468-294887-0001
LOG (gmm-align-compiled[5.5.268-f9828]:main():gmm-align-compiled.cc:127) 8468-294887-0005
LOG (gmm-align-compiled[5.5.268-f9828]:main():gmm-align-compiled.cc:127) 8468-294887-0012
LOG (gmm-align-compiled[5.5.268-f9828]:main():gmm-align-compiled.cc:127) 8468-294887-0019
LOG (gmm-align-compiled[5.5.268-f9828]:main():gmm-align-compiled.cc:127) 8468-294887-0026
LOG (gmm-align-compiled[5.5.268-f9828]:main():gmm-align-compiled.cc:127) 8468-294887-0029
LOG (gmm-align-compiled[5.5.268-f9828]:main():gmm-align-compiled.cc:127) 8468-294887-0033
LOG (gmm-align-compiled[5.5.268-f9828]:main():gmm-align-compiled.cc:127) 8468-294887-0040
LOG (gmm-align-compiled[5.5.268-f9828]:main():gmm-align-compiled.cc:127) 8468-295198-0004
LOG (gmm-align-compiled[5.5.268-f9828]:main():gmm-align-compiled.cc:127) 8468-295198-0011
LOG (gmm-align-compiled[5.5.268-f9828]:main():gmm-align-compiled.cc:127) 8468-295198-0014
LOG (gmm-align-compiled[5.5.268-f9828]:main():gmm-align-compiled.cc:127) 8468-295198-0018
LOG (gmm-align-compiled[5.5.268-f9828]:main():gmm-align-compiled.cc:127) 8468-295198-0024
LOG (gmm-align-compiled[5.5.268-f9828]:main():gmm-align-compiled.cc:127) 8468-295198-0031
LOG (gmm-align-compiled[5.5.268-f9828]:main():gmm-align-compiled.cc:127) 8580-287363-0004
LOG (gmm-align-compiled[5.5.268-f9828]:main():gmm-align-compiled.cc:127) 8580-287363-0011
LOG (gmm-align-compiled[5.5.268-f9828]:main():gmm-align-compiled.cc:127) 8580-287363-0018
LOG (gmm-align-compiled[5.5.268-f9828]:main():gmm-align-compiled.cc:127) 8580-287363-0025
LOG (gmm-align-compiled[5.5.268-f9828]:main():gmm-align-compiled.cc:127) 8580-287363-0032
LOG (gmm-align-compiled[5.5.268-f9828]:main():gmm-align-compiled.cc:127) 8580-287363-0035
LOG (gmm-align-compiled[5.5.268-f9828]:main():gmm-align-compiled.cc:127) 8580-287364-0002
LOG (gmm-align-compiled[5.5.268-f9828]:main():gmm-align-compiled.cc:127) 8580-287364-0009
LOG (gmm-align-compiled[5.5.268-f9828]:main():gmm-align-compiled.cc:127) 8580-287364-0016
LOG (gmm-align-compiled[5.5.268-f9828]:main():gmm-align-compiled.cc:127) 8580-287364-0023
LOG (gmm-align-compiled[5.5.268-f9828]:main():gmm-align-compiled.cc:127) 8580-287364-0026
LOG (gmm-align-compiled[5.5.268-f9828]:main():gmm-align-compiled.cc:127) 8580-287364-0030
LOG (gmm-align-compiled[5.5.268-f9828]:main():gmm-align-compiled.cc:127) 8580-287364-0037
LOG (gmm-align-compiled[5.5.268-f9828]:main():gmm-align-compiled.cc:127) 8580-287364-0044
LOG (gmm-align-compiled[5.5.268-f9828]:main():gmm-align-compiled.cc:127) 8609-262281-0001
LOG (gmm-align-compiled[5.5.268-f9828]:main():gmm-align-compiled.cc:127) 8609-262281-0004
LOG (gmm-align-compiled[5.5.268-f9828]:main():gmm-align-compiled.cc:127) 8609-262281-0008
LOG (gmm-align-compiled[5.5.268-f9828]:main():gmm-align-compiled.cc:127) 8609-262281-0015
LOG (gmm-align-compiled[5.5.268-f9828]:main():gmm-align-compiled.cc:127) 8609-262281-0022
LOG (gmm-align-compiled[5.5.268-f9828]:main():gmm-align-compiled.cc:127) 8609-262281-0029
LOG (gmm-align-compiled[5.5.268-f9828]:main():gmm-align-compiled.cc:127) 8609-262281-0032
LOG (gmm-align-compiled[5.5.268-f9828]:main():gmm-align-compiled.cc:127) 8609-262281-0036
LOG (gmm-align-compiled[5.5.268-f9828]:main():gmm-align-compiled.cc:127) 8609-262281-0043
LOG (gmm-align-compiled[5.5.268-f9828]:main():gmm-align-compiled.cc:127) 8609-283227-0006
LOG (gmm-align-compiled[5.5.268-f9828]:main():gmm-align-compiled.cc:127) 8609-283227-0013
LOG (gmm-align-compiled[5.5.268-f9828]:main():gmm-align-compiled.cc:127) 8609-283227-0016
LOG (gmm-align-compiled[5.5.268-f9828]:main():gmm-align-compiled.cc:127) 8609-283227-0020
LOG (gmm-align-compiled[5.5.268-f9828]:main():gmm-align-compiled.cc:127) 8609-283227-0027
LOG (gmm-align-compiled[5.5.268-f9828]:main():gmm-align-compiled.cc:127) 8609-283227-0034
LOG (gmm-align-compiled[5.5.268-f9828]:main():gmm-align-compiled.cc:127) 8609-283227-0041
LOG (gmm-align-compiled[5.5.268-f9828]:main():gmm-align-compiled.cc:127) 8609-283227-0044
LOG (gmm-align-compiled[5.5.268-f9828]:main():gmm-align-compiled.cc:127) 8609-283227-0048
LOG (gmm-align-compiled[5.5.268-f9828]:main():gmm-align-compiled.cc:127) 8609-283227-0055
LOG (gmm-align-compiled[5.5.268-f9828]:main():gmm-align-compiled.cc:127) 8609-283227-0062
LOG (gmm-align-compiled[5.5.268-f9828]:main():gmm-align-compiled.cc:127) 8609-283227-0069
LOG (gmm-align-compiled[5.5.268-f9828]:main():gmm-align-compiled.cc:127) 8629-261139-0001
LOG (gmm-align-compiled[5.5.268-f9828]:main():gmm-align-compiled.cc:127) 8629-261139-0005
LOG (gmm-align-compiled[5.5.268-f9828]:main():gmm-align-compiled.cc:127) 8629-261139-0011
LOG (gmm-align-compiled[5.5.268-f9828]:main():gmm-align-compiled.cc:127) 8629-261139-0018
LOG (gmm-align-compiled[5.5.268-f9828]:main():gmm-align-compiled.cc:127) 8629-261139-0025
LOG (gmm-align-compiled[5.5.268-f9828]:main():gmm-align-compiled.cc:127) 8629-261139-0032
LOG (gmm-align-compiled[5.5.268-f9828]:main():gmm-align-compiled.cc:127) 8629-261139-0039
LOG (gmm-align-compiled[5.5.268-f9828]:main():gmm-align-compiled.cc:127) 8629-261139-0046
LOG (gmm-align-compiled[5.5.268-f9828]:main():gmm-align-compiled.cc:127) 8629-261139-0053
LOG (gmm-align-compiled[5.5.268-f9828]:main():gmm-align-compiled.cc:127) 8629-261139-0056
LOG (gmm-align-compiled[5.5.268-f9828]:main():gmm-align-compiled.cc:127) 8629-261139-0060
LOG (gmm-align-compiled[5.5.268-f9828]:main():gmm-align-compiled.cc:127) 8629-261139-0067
LOG (gmm-align-compiled[5.5.268-f9828]:main():gmm-align-compiled.cc:127) 8629-261139-0074
LOG (gmm-align-compiled[5.5.268-f9828]:main():gmm-align-compiled.cc:127) 8629-261140-0004
LOG (gmm-align-compiled[5.5.268-f9828]:main():gmm-align-compiled.cc:127) 8629-261140-0007
LOG (gmm-align-compiled[5.5.268-f9828]:main():gmm-align-compiled.cc:127) 8629-261140-0011
LOG (gmm-align-compiled[5.5.268-f9828]:main():gmm-align-compiled.cc:127) 8629-261140-0018
LOG (gmm-align-compiled[5.5.268-f9828]:main():gmm-align-compiled.cc:127) 8629-261140-0025
LOG (gmm-align-compiled[5.5.268-f9828]:main():gmm-align-compiled.cc:127) 8629-261140-0032
LOG (gmm-align-compiled[5.5.268-f9828]:main():gmm-align-compiled.cc:127) 8629-261140-0035
LOG (gmm-align-compiled[5.5.268-f9828]:main():gmm-align-compiled.cc:127) 8629-261140-0039
LOG (gmm-align-compiled[5.5.268-f9828]:main():gmm-align-compiled.cc:127) 8629-261140-0046
LOG (gmm-align-compiled[5.5.268-f9828]:main():gmm-align-compiled.cc:127) 8630-305212-0002
LOG (gmm-align-compiled[5.5.268-f9828]:main():gmm-align-compiled.cc:127) 8630-305212-0009
LOG (gmm-align-compiled[5.5.268-f9828]:main():gmm-align-compiled.cc:127) 8630-305212-0012
LOG (gmm-align-compiled[5.5.268-f9828]:main():gmm-align-compiled.cc:127) 8630-305212-0016
LOG (gmm-align-compiled[5.5.268-f9828]:main():gmm-align-compiled.cc:127) 8630-305212-0023
LOG (gmm-align-compiled[5.5.268-f9828]:main():gmm-align-compiled.cc:127) 8630-305212-0030
LOG (gmm-align-compiled[5.5.268-f9828]:main():gmm-align-compiled.cc:127) 8630-305212-0037
LOG (gmm-align-compiled[5.5.268-f9828]:main():gmm-align-compiled.cc:127) 8630-305212-0040
LOG (gmm-align-compiled[5.5.268-f9828]:main():gmm-align-compiled.cc:127) 8630-305212-0044
LOG (gmm-align-compiled[5.5.268-f9828]:main():gmm-align-compiled.cc:127) 8630-305213-0006
LOG (gmm-align-compiled[5.5.268-f9828]:main():gmm-align-compiled.cc:127) 8630-305213-0013
LOG (gmm-align-compiled[5.5.268-f9828]:main():gmm-align-compiled.cc:127) 8630-305213-0020
LOG (gmm-align-compiled[5.5.268-f9828]:main():gmm-align-compiled.cc:127) 8630-305213-0023
LOG (gmm-align-compiled[5.5.268-f9828]:main():gmm-align-compiled.cc:127) 8630-305213-0027
LOG (gmm-align-compiled[5.5.268-f9828]:main():gmm-align-compiled.cc:127) 8630-305213-0034
LOG (gmm-align-compiled[5.5.268-f9828]:main():gmm-align-compiled.cc:127) 8630-305213-0041
LOG (gmm-align-compiled[5.5.268-f9828]:main():gmm-align-compiled.cc:127) 8630-305213-0048
LOG (gmm-align-compiled[5.5.268-f9828]:main():gmm-align-compiled.cc:127) 8630-305213-0051
LOG (gmm-align-compiled[5.5.268-f9828]:main():gmm-align-compiled.cc:127) 87-121553-0000
LOG (gmm-align-compiled[5.5.268-f9828]:main():gmm-align-compiled.cc:127) 87-121553-0006
LOG (gmm-align-compiled[5.5.268-f9828]:main():gmm-align-compiled.cc:127) 87-121553-0013
LOG (gmm-align-compiled[5.5.268-f9828]:main():gmm-align-compiled.cc:127) 87-121553-0020
LOG (gmm-align-compiled[5.5.268-f9828]:main():gmm-align-compiled.cc:127) 87-121553-0027
LOG (gmm-align-compiled[5.5.268-f9828]:main():gmm-align-compiled.cc:127) 87-121553-0034
LOG (gmm-align-compiled[5.5.268-f9828]:main():gmm-align-compiled.cc:127) 87-121553-0041
LOG (gmm-align-compiled[5.5.268-f9828]:main():gmm-align-compiled.cc:127) 87-121553-0048
LOG (gmm-align-compiled[5.5.268-f9828]:main():gmm-align-compiled.cc:127) 87-121553-0051
LOG (gmm-align-compiled[5.5.268-f9828]:main():gmm-align-compiled.cc:127) 87-121553-0055
LOG (gmm-align-compiled[5.5.268-f9828]:main():gmm-align-compiled.cc:127) 87-121553-0062
LOG (gmm-align-compiled[5.5.268-f9828]:main():gmm-align-compiled.cc:127) 87-121553-0069
LOG (gmm-align-compiled[5.5.268-f9828]:main():gmm-align-compiled.cc:127) 87-121553-0076
LOG (gmm-align-compiled[5.5.268-f9828]:main():gmm-align-compiled.cc:127) 87-121553-0079
LOG (gmm-align-compiled[5.5.268-f9828]:main():gmm-align-compiled.cc:127) 87-121553-0083
LOG (gmm-align-compiled[5.5.268-f9828]:main():gmm-align-compiled.cc:127) 87-121553-0090
LOG (gmm-align-compiled[5.5.268-f9828]:main():gmm-align-compiled.cc:127) 87-121553-0097
LOG (gmm-align-compiled[5.5.268-f9828]:main():gmm-align-compiled.cc:127) 87-121553-0104
LOG (gmm-align-compiled[5.5.268-f9828]:main():gmm-align-compiled.cc:127) 87-121553-0107
LOG (gmm-align-compiled[5.5.268-f9828]:main():gmm-align-compiled.cc:127) 8747-293952-0003
LOG (gmm-align-compiled[5.5.268-f9828]:main():gmm-align-compiled.cc:127) 8747-293952-0010
LOG (gmm-align-compiled[5.5.268-f9828]:main():gmm-align-compiled.cc:127) 8747-293952-0017
LOG (gmm-align-compiled[5.5.268-f9828]:main():gmm-align-compiled.cc:127) 8747-293952-0024
LOG (gmm-align-compiled[5.5.268-f9828]:main():gmm-align-compiled.cc:127) 8747-293952-0027
LOG (gmm-align-compiled[5.5.268-f9828]:main():gmm-align-compiled.cc:127) 8747-293952-0031
LOG (gmm-align-compiled[5.5.268-f9828]:main():gmm-align-compiled.cc:127) 8747-293952-0038
LOG (gmm-align-compiled[5.5.268-f9828]:main():gmm-align-compiled.cc:127) 8747-293952-0045
LOG (gmm-align-compiled[5.5.268-f9828]:main():gmm-align-compiled.cc:127) 8747-293952-0052
LOG (gmm-align-compiled[5.5.268-f9828]:main():gmm-align-compiled.cc:127) 8747-293952-0055
LOG (gmm-align-compiled[5.5.268-f9828]:main():gmm-align-compiled.cc:127) 8747-293952-0059
LOG (gmm-align-compiled[5.5.268-f9828]:main():gmm-align-compiled.cc:127) 8747-293952-0066
LOG (gmm-align-compiled[5.5.268-f9828]:main():gmm-align-compiled.cc:127) 8747-293952-0073
LOG (gmm-align-compiled[5.5.268-f9828]:main():gmm-align-compiled.cc:127) 8747-293952-0080
LOG (gmm-align-compiled[5.5.268-f9828]:main():gmm-align-compiled.cc:127) 8747-293952-0083
LOG (gmm-align-compiled[5.5.268-f9828]:main():gmm-align-compiled.cc:127) 8747-293952-0087
LOG (gmm-align-compiled[5.5.268-f9828]:main():gmm-align-compiled.cc:127) 8747-293952-0094
LOG (gmm-align-compiled[5.5.268-f9828]:main():gmm-align-compiled.cc:127) 8747-293952-0101
LOG (gmm-align-compiled[5.5.268-f9828]:main():gmm-align-compiled.cc:127) 8747-293952-0108
LOG (gmm-align-compiled[5.5.268-f9828]:main():gmm-align-compiled.cc:127) 8770-295462-0001
LOG (gmm-align-compiled[5.5.268-f9828]:main():gmm-align-compiled.cc:127) 8770-295462-0005
LOG (gmm-align-compiled[5.5.268-f9828]:main():gmm-align-compiled.cc:127) 8770-295462-0011
LOG (gmm-align-compiled[5.5.268-f9828]:main():gmm-align-compiled.cc:127) 8770-295462-0018
LOG (gmm-align-compiled[5.5.268-f9828]:main():gmm-align-compiled.cc:127) 8770-295462-0025
LOG (gmm-align-compiled[5.5.268-f9828]:main():gmm-align-compiled.cc:127) 8770-295462-0032
LOG (gmm-align-compiled[5.5.268-f9828]:main():gmm-align-compiled.cc:127) 8770-295462-0039
LOG (gmm-align-compiled[5.5.268-f9828]:main():gmm-align-compiled.cc:127) 8770-295463-0004
LOG (gmm-align-compiled[5.5.268-f9828]:main():gmm-align-compiled.cc:127) 8770-295463-0011
LOG (gmm-align-compiled[5.5.268-f9828]:main():gmm-align-compiled.cc:127) 8770-295463-0014
LOG (gmm-align-compiled[5.5.268-f9828]:main():gmm-align-compiled.cc:127) 8770-295463-0018
LOG (gmm-align-compiled[5.5.268-f9828]:main():gmm-align-compiled.cc:127) 8770-295463-0025
LOG (gmm-align-compiled[5.5.268-f9828]:main():gmm-align-compiled.cc:127) 8770-295465-0004
LOG (gmm-align-compiled[5.5.268-f9828]:main():gmm-align-compiled.cc:127) 8770-295465-0011
LOG (gmm-align-compiled[5.5.268-f9828]:main():gmm-align-compiled.cc:127) 8770-295465-0014
LOG (gmm-align-compiled[5.5.268-f9828]:main():gmm-align-compiled.cc:127) 8770-295465-0018
LOG (gmm-align-compiled[5.5.268-f9828]:main():gmm-align-compiled.cc:127) 8770-295465-0025
LOG (gmm-align-compiled[5.5.268-f9828]:main():gmm-align-compiled.cc:127) 8770-295465-0032
LOG (gmm-align-compiled[5.5.268-f9828]:main():gmm-align-compiled.cc:127) 8770-295465-0039
LOG (gmm-align-compiled[5.5.268-f9828]:main():gmm-align-compiled.cc:127) 8797-294123-0001
LOG (gmm-align-compiled[5.5.268-f9828]:main():gmm-align-compiled.cc:127) 8797-294123-0005
LOG (gmm-align-compiled[5.5.268-f9828]:main():gmm-align-compiled.cc:127) 8797-294123-0012
LOG (gmm-align-compiled[5.5.268-f9828]:main():gmm-align-compiled.cc:127) 8797-294123-0019
LOG (gmm-align-compiled[5.5.268-f9828]:main():gmm-align-compiled.cc:127) 8797-294123-0026
LOG (gmm-align-compiled[5.5.268-f9828]:main():gmm-align-compiled.cc:127) 8797-294123-0029
LOG (gmm-align-compiled[5.5.268-f9828]:main():gmm-align-compiled.cc:127) 8797-294123-0033
LOG (gmm-align-compiled[5.5.268-f9828]:main():gmm-align-compiled.cc:127) 8797-294123-0040
LOG (gmm-align-compiled[5.5.268-f9828]:main():gmm-align-compiled.cc:127) 8797-294123-0047
LOG (gmm-align-compiled[5.5.268-f9828]:main():gmm-align-compiled.cc:127) 8797-294123-0054
LOG (gmm-align-compiled[5.5.268-f9828]:main():gmm-align-compiled.cc:127) 8797-294123-0057
LOG (gmm-align-compiled[5.5.268-f9828]:main():gmm-align-compiled.cc:127) 8797-294123-0061
LOG (gmm-align-compiled[5.5.268-f9828]:main():gmm-align-compiled.cc:127) 8797-294123-0068
LOG (gmm-align-compiled[5.5.268-f9828]:main():gmm-align-compiled.cc:127) 8797-294123-0075
LOG (gmm-align-compiled[5.5.268-f9828]:main():gmm-align-compiled.cc:127) 8797-294123-0082
LOG (gmm-align-compiled[5.5.268-f9828]:main():gmm-align-compiled.cc:127) 8797-294123-0085
LOG (gmm-align-compiled[5.5.268-f9828]:main():gmm-align-compiled.cc:127) 8797-294123-0089
LOG (gmm-align-compiled[5.5.268-f9828]:main():gmm-align-compiled.cc:127) 8797-294123-0096
LOG (gmm-align-compiled[5.5.268-f9828]:main():gmm-align-compiled.cc:127) 8797-294123-0103
LOG (gmm-align-compiled[5.5.268-f9828]:main():gmm-align-compiled.cc:127) 8838-298545-0006
LOG (gmm-align-compiled[5.5.268-f9828]:main():gmm-align-compiled.cc:127) 8838-298545-0009
LOG (gmm-align-compiled[5.5.268-f9828]:main():gmm-align-compiled.cc:127) 8838-298545-0013
LOG (gmm-align-compiled[5.5.268-f9828]:main():gmm-align-compiled.cc:127) 8838-298545-0019
LOG (gmm-align-compiled[5.5.268-f9828]:main():gmm-align-compiled.cc:127) 8838-298545-0026
LOG (gmm-align-compiled[5.5.268-f9828]:main():gmm-align-compiled.cc:127) 8838-298545-0033
LOG (gmm-align-compiled[5.5.268-f9828]:main():gmm-align-compiled.cc:127) 8838-298545-0040
LOG (gmm-align-compiled[5.5.268-f9828]:main():gmm-align-compiled.cc:127) 8838-298545-0047
LOG (gmm-align-compiled[5.5.268-f9828]:main():gmm-align-compiled.cc:127) 8838-298546-0001
LOG (gmm-align-compiled[5.5.268-f9828]:main():gmm-align-compiled.cc:127) 8838-298546-0008
LOG (gmm-align-compiled[5.5.268-f9828]:main():gmm-align-compiled.cc:127) 8838-298546-0011
LOG (gmm-align-compiled[5.5.268-f9828]:main():gmm-align-compiled.cc:127) 8838-298546-0015
LOG (gmm-align-compiled[5.5.268-f9828]:main():gmm-align-compiled.cc:127) 8838-298546-0022
LOG (gmm-align-compiled[5.5.268-f9828]:main():gmm-align-compiled.cc:127) 8838-298546-0029
LOG (gmm-align-compiled[5.5.268-f9828]:main():gmm-align-compiled.cc:127) 8838-298546-0036
LOG (gmm-align-compiled[5.5.268-f9828]:main():gmm-align-compiled.cc:127) 8838-298546-0039
LOG (gmm-align-compiled[5.5.268-f9828]:main():gmm-align-compiled.cc:127) 8838-298546-0043
WARNING (gmm-align-compiled[5.5.268-f9828]:AlignUtteranceWrapper():decoder-wrappers.cc:501) Retrying utterance 8838-298546-0043 with beam 40
LOG (gmm-align-compiled[5.5.268-f9828]:main():gmm-align-compiled.cc:127) 8838-298546-0050
LOG (gmm-align-compiled[5.5.268-f9828]:main():gmm-align-compiled.cc:127) 887-123289-0003
LOG (gmm-align-compiled[5.5.268-f9828]:main():gmm-align-compiled.cc:127) 887-123289-0010
LOG (gmm-align-compiled[5.5.268-f9828]:main():gmm-align-compiled.cc:127) 887-123289-0013
LOG (gmm-align-compiled[5.5.268-f9828]:main():gmm-align-compiled.cc:127) 887-123289-0017
LOG (gmm-align-compiled[5.5.268-f9828]:main():gmm-align-compiled.cc:127) 887-123289-0024
LOG (gmm-align-compiled[5.5.268-f9828]:main():gmm-align-compiled.cc:127) 887-123289-0031
LOG (gmm-align-compiled[5.5.268-f9828]:main():gmm-align-compiled.cc:127) 887-123289-0038
LOG (gmm-align-compiled[5.5.268-f9828]:main():gmm-align-compiled.cc:127) 887-123290-0001
LOG (gmm-align-compiled[5.5.268-f9828]:main():gmm-align-compiled.cc:127) 887-123290-0005
LOG (gmm-align-compiled[5.5.268-f9828]:main():gmm-align-compiled.cc:127) 887-123290-0012
LOG (gmm-align-compiled[5.5.268-f9828]:main():gmm-align-compiled.cc:127) 887-123290-0019
LOG (gmm-align-compiled[5.5.268-f9828]:main():gmm-align-compiled.cc:127) 887-123290-0026
LOG (gmm-align-compiled[5.5.268-f9828]:main():gmm-align-compiled.cc:127) 887-123290-0029
LOG (gmm-align-compiled[5.5.268-f9828]:main():gmm-align-compiled.cc:127) 887-123291-0001
LOG (gmm-align-compiled[5.5.268-f9828]:main():gmm-align-compiled.cc:127) 887-123291-0008
LOG (gmm-align-compiled[5.5.268-f9828]:main():gmm-align-compiled.cc:127) 887-123291-0015
LOG (gmm-align-compiled[5.5.268-f9828]:main():gmm-align-compiled.cc:127) 887-123291-0022
LOG (gmm-align-compiled[5.5.268-f9828]:main():gmm-align-compiled.cc:127) 887-123291-0025
LOG (gmm-align-compiled[5.5.268-f9828]:main():gmm-align-compiled.cc:127) 887-123291-0029
LOG (gmm-align-compiled[5.5.268-f9828]:main():gmm-align-compiled.cc:127) 887-123291-0036
LOG (gmm-align-compiled[5.5.268-f9828]:main():gmm-align-compiled.cc:127) 89-218-0000
LOG (gmm-align-compiled[5.5.268-f9828]:main():gmm-align-compiled.cc:127) 89-218-0007
LOG (gmm-align-compiled[5.5.268-f9828]:main():gmm-align-compiled.cc:127) 89-218-0010
LOG (gmm-align-compiled[5.5.268-f9828]:main():gmm-align-compiled.cc:127) 89-218-0014
LOG (gmm-align-compiled[5.5.268-f9828]:main():gmm-align-compiled.cc:127) 89-218-0020
LOG (gmm-align-compiled[5.5.268-f9828]:main():gmm-align-compiled.cc:127) 89-218-0027
LOG (gmm-align-compiled[5.5.268-f9828]:main():gmm-align-compiled.cc:127) 89-218-0034
LOG (gmm-align-compiled[5.5.268-f9828]:main():gmm-align-compiled.cc:127) 89-218-0041
LOG (gmm-align-compiled[5.5.268-f9828]:main():gmm-align-compiled.cc:127) 89-218-0048
LOG (gmm-align-compiled[5.5.268-f9828]:main():gmm-align-compiled.cc:127) 89-218-0055
LOG (gmm-align-compiled[5.5.268-f9828]:main():gmm-align-compiled.cc:127) 89-219-0004
LOG (gmm-align-compiled[5.5.268-f9828]:main():gmm-align-compiled.cc:127) 89-219-0007
LOG (gmm-align-compiled[5.5.268-f9828]:main():gmm-align-compiled.cc:127) 89-219-0011
LOG (gmm-align-compiled[5.5.268-f9828]:main():gmm-align-compiled.cc:127) 89-219-0018
LOG (gmm-align-compiled[5.5.268-f9828]:main():gmm-align-compiled.cc:127) 89-219-0025
LOG (gmm-align-compiled[5.5.268-f9828]:main():gmm-align-compiled.cc:127) 89-219-0032
LOG (gmm-align-compiled[5.5.268-f9828]:main():gmm-align-compiled.cc:127) 89-219-0035
LOG (gmm-align-compiled[5.5.268-f9828]:main():gmm-align-compiled.cc:127) 89-219-0039
LOG (gmm-align-compiled[5.5.268-f9828]:main():gmm-align-compiled.cc:127) 89-219-0046
LOG (gmm-align-compiled[5.5.268-f9828]:main():gmm-align-compiled.cc:127) 89-219-0053
LOG (gmm-align-compiled[5.5.268-f9828]:main():gmm-align-compiled.cc:127) 89-219-0060
LOG (gmm-align-compiled[5.5.268-f9828]:main():gmm-align-compiled.cc:127) 89-219-0063
LOG (gmm-align-compiled[5.5.268-f9828]:main():gmm-align-compiled.cc:127) 8975-270782-0002
LOG (gmm-align-compiled[5.5.268-f9828]:main():gmm-align-compiled.cc:127) 8975-270782-0009
LOG (gmm-align-compiled[5.5.268-f9828]:main():gmm-align-compiled.cc:127) 8975-270782-0016
LOG (gmm-align-compiled[5.5.268-f9828]:main():gmm-align-compiled.cc:127) 8975-270782-0023
LOG (gmm-align-compiled[5.5.268-f9828]:main():gmm-align-compiled.cc:127) 8975-270782-0026
LOG (gmm-align-compiled[5.5.268-f9828]:main():gmm-align-compiled.cc:127) 8975-270782-0030
LOG (gmm-align-compiled[5.5.268-f9828]:main():gmm-align-compiled.cc:127) 8975-270782-0037
LOG (gmm-align-compiled[5.5.268-f9828]:main():gmm-align-compiled.cc:127) 8975-270782-0044
LOG (gmm-align-compiled[5.5.268-f9828]:main():gmm-align-compiled.cc:127) 8975-270782-0051
LOG (gmm-align-compiled[5.5.268-f9828]:main():gmm-align-compiled.cc:127) 8975-270782-0054
LOG (gmm-align-compiled[5.5.268-f9828]:main():gmm-align-compiled.cc:127) 8975-270782-0058
LOG (gmm-align-compiled[5.5.268-f9828]:main():gmm-align-compiled.cc:127) 8975-270782-0065
LOG (gmm-align-compiled[5.5.268-f9828]:main():gmm-align-compiled.cc:127) 8975-270782-0072
LOG (gmm-align-compiled[5.5.268-f9828]:main():gmm-align-compiled.cc:127) 8975-270782-0079
LOG (gmm-align-compiled[5.5.268-f9828]:main():gmm-align-compiled.cc:127) 8975-270782-0082
LOG (gmm-align-compiled[5.5.268-f9828]:main():gmm-align-compiled.cc:127) 8975-270782-0086
LOG (gmm-align-compiled[5.5.268-f9828]:main():gmm-align-compiled.cc:127) 8975-270782-0093
LOG (gmm-align-compiled[5.5.268-f9828]:main():gmm-align-compiled.cc:127) 8975-270782-0100
LOG (gmm-align-compiled[5.5.268-f9828]:main():gmm-align-compiled.cc:127) 8975-270782-0107
LOG (gmm-align-compiled[5.5.268-f9828]:main():gmm-align-compiled.cc:127) 8975-270782-0110
LOG (gmm-align-compiled[5.5.268-f9828]:main():gmm-align-compiled.cc:127) 8975-270782-0114
LOG (gmm-align-compiled[5.5.268-f9828]:main():gmm-align-compiled.cc:127) 909-131041-0005
LOG (gmm-align-compiled[5.5.268-f9828]:main():gmm-align-compiled.cc:127) 909-131041-0012
LOG (gmm-align-compiled[5.5.268-f9828]:main():gmm-align-compiled.cc:127) 909-131041-0019
LOG (gmm-align-compiled[5.5.268-f9828]:main():gmm-align-compiled.cc:127) 909-131041-0022
LOG (gmm-align-compiled[5.5.268-f9828]:main():gmm-align-compiled.cc:127) 909-131041-0026
LOG (gmm-align-compiled[5.5.268-f9828]:main():gmm-align-compiled.cc:127) 909-131044-0001
LOG (gmm-align-compiled[5.5.268-f9828]:main():gmm-align-compiled.cc:127) 909-131044-0008
LOG (gmm-align-compiled[5.5.268-f9828]:main():gmm-align-compiled.cc:127) 909-131044-0015
LOG (gmm-align-compiled[5.5.268-f9828]:main():gmm-align-compiled.cc:127) 909-131044-0018
LOG (gmm-align-compiled[5.5.268-f9828]:main():gmm-align-compiled.cc:127) 909-131044-0022
LOG (gmm-align-compiled[5.5.268-f9828]:main():gmm-align-compiled.cc:127) 909-131044-0029
LOG (gmm-align-compiled[5.5.268-f9828]:main():gmm-align-compiled.cc:127) 909-131045-0002
LOG (gmm-align-compiled[5.5.268-f9828]:main():gmm-align-compiled.cc:127) 909-131045-0009
LOG (gmm-align-compiled[5.5.268-f9828]:main():gmm-align-compiled.cc:127) 909-131045-0012
LOG (gmm-align-compiled[5.5.268-f9828]:main():gmm-align-compiled.cc:127) 909-131045-0016
LOG (gmm-align-compiled[5.5.268-f9828]:main():gmm-align-compiled.cc:127) 909-131045-0023
LOG (gmm-align-compiled[5.5.268-f9828]:main():gmm-align-compiled.cc:127) 909-131045-0030
LOG (gmm-align-compiled[5.5.268-f9828]:main():gmm-align-compiled.cc:127) 909-131045-0037
LOG (gmm-align-compiled[5.5.268-f9828]:main():gmm-align-compiled.cc:127) 909-131045-0040
LOG (gmm-align-compiled[5.5.268-f9828]:main():gmm-align-compiled.cc:127) 911-128684-0000
LOG (gmm-align-compiled[5.5.268-f9828]:main():gmm-align-compiled.cc:127) 911-128684-0007
LOG (gmm-align-compiled[5.5.268-f9828]:main():gmm-align-compiled.cc:127) 911-128684-0014
LOG (gmm-align-compiled[5.5.268-f9828]:main():gmm-align-compiled.cc:127) 911-128684-0021
LOG (gmm-align-compiled[5.5.268-f9828]:main():gmm-align-compiled.cc:127) 911-128684-0024
LOG (gmm-align-compiled[5.5.268-f9828]:main():gmm-align-compiled.cc:127) 911-128684-0028
LOG (gmm-align-compiled[5.5.268-f9828]:main():gmm-align-compiled.cc:127) 911-128684-0035
LOG (gmm-align-compiled[5.5.268-f9828]:main():gmm-align-compiled.cc:127) 911-128684-0042
LOG (gmm-align-compiled[5.5.268-f9828]:main():gmm-align-compiled.cc:127) 911-128684-0049
LOG (gmm-align-compiled[5.5.268-f9828]:main():gmm-align-compiled.cc:127) 911-128684-0052
LOG (gmm-align-compiled[5.5.268-f9828]:main():gmm-align-compiled.cc:127) 911-128684-0056
LOG (gmm-align-compiled[5.5.268-f9828]:main():gmm-align-compiled.cc:127) 911-128684-0063
LOG (gmm-align-compiled[5.5.268-f9828]:main():gmm-align-compiled.cc:127) 911-128684-0070
LOG (gmm-align-compiled[5.5.268-f9828]:main():gmm-align-compiled.cc:127) 911-128684-0077
LOG (gmm-align-compiled[5.5.268-f9828]:main():gmm-align-compiled.cc:127) 911-128684-0080
LOG (gmm-align-compiled[5.5.268-f9828]:main():gmm-align-compiled.cc:127) 911-128684-0084
LOG (gmm-align-compiled[5.5.268-f9828]:main():gmm-align-compiled.cc:127) 911-128684-0091
LOG (gmm-align-compiled[5.5.268-f9828]:main():gmm-align-compiled.cc:127) 911-130578-0006
LOG (gmm-align-compiled[5.5.268-f9828]:main():gmm-align-compiled.cc:127) 911-130578-0013
LOG (apply-cmvn[5.5.268-f9828]:main():apply-cmvn.cc:162) Applied cepstral mean normalization to 494 utterances, errors on 0
LOG (gmm-align-compiled[5.5.268-f9828]:main():gmm-align-compiled.cc:127) 911-130578-0016
LOG (gmm-align-compiled[5.5.268-f9828]:main():gmm-align-compiled.cc:127) 911-130578-0020
LOG (gmm-align-compiled[5.5.268-f9828]:main():gmm-align-compiled.cc:135) Overall log-likelihood per frame is -96.7627 over 640887 frames.
LOG (gmm-align-compiled[5.5.268-f9828]:main():gmm-align-compiled.cc:137) Retried 1 out of 494 utterances.
LOG (gmm-align-compiled[5.5.268-f9828]:main():gmm-align-compiled.cc:139) Done 494, errors on 0
# Accounting: time=132 threads=1
# Ended (code 0) at Sun Mar 14 15:55:37 EET 2021, elapsed time 132 seconds
