# compile-train-graphs --read-disambig-syms=data/lang_nosp/phones/disambig.int exp/tri1/tree exp/tri1/1.mdl data/lang_nosp/L.fst "ark:utils/sym2int.pl --map-oov 3 -f 2- data/lang_nosp/words.txt < data/train_5k/split10/7/text |" "ark:|gzip -c >exp/tri1/fsts.7.gz" 
# Started at Sun Mar 14 15:43:34 EET 2021
#
compile-train-graphs --read-disambig-syms=data/lang_nosp/phones/disambig.int exp/tri1/tree exp/tri1/1.mdl data/lang_nosp/L.fst 'ark:utils/sym2int.pl --map-oov 3 -f 2- data/lang_nosp/words.txt < data/train_5k/split10/7/text |' 'ark:|gzip -c >exp/tri1/fsts.7.gz' 
sym2int.pl: replacing GALLOONS with 3
sym2int.pl: replacing COSETTE'S with 3
sym2int.pl: replacing MASCARADES with 3
sym2int.pl: replacing DISAGGREGATE with 3
sym2int.pl: replacing POPULACES with 3
sym2int.pl: replacing YESSES with 3
sym2int.pl: replacing GILLENORMAND with 3
sym2int.pl: replacing COSETTE'S with 3
sym2int.pl: replacing NEMORIN with 3
sym2int.pl: replacing QUIRKING with 3
sym2int.pl: replacing POMUM with 3
sym2int.pl: replacing MUSCOVADO with 3
sym2int.pl: replacing WIMMINS with 3
sym2int.pl: replacing FOOEL with 3
sym2int.pl: replacing LUFTON'S with 3
sym2int.pl: replacing ARABIN with 3
sym2int.pl: replacing FANNICOT with 3
sym2int.pl: replacing MAUBUEE with 3
sym2int.pl: replacing COURFEYRAC with 3
sym2int.pl: replacing L'HOTELIER with 3
sym2int.pl: not warning for OOVs any more times
** Replaced 59 instances of OOVs with 3
LOG (compile-train-graphs[5.5.268-f9828]:main():compile-train-graphs.cc:147) compile-train-graphs: succeeded for 499 graphs, failed for 0
# Accounting: time=23 threads=1
# Ended (code 0) at Sun Mar 14 15:43:57 EET 2021, elapsed time 23 seconds
