# compile-train-graphs --read-disambig-syms=data/lang_nosp/phones/disambig.int exp/tri1/tree exp/tri1/1.mdl data/lang_nosp/L.fst "ark:utils/sym2int.pl --map-oov 3 -f 2- data/lang_nosp/words.txt < data/train_5k/split10/6/text |" "ark:|gzip -c >exp/tri1/fsts.6.gz" 
# Started at Sun Mar 14 15:43:34 EET 2021
#
compile-train-graphs --read-disambig-syms=data/lang_nosp/phones/disambig.int exp/tri1/tree exp/tri1/1.mdl data/lang_nosp/L.fst 'ark:utils/sym2int.pl --map-oov 3 -f 2- data/lang_nosp/words.txt < data/train_5k/split10/6/text |' 'ark:|gzip -c >exp/tri1/fsts.6.gz' 
sym2int.pl: replacing SUMMIT'S with 3
sym2int.pl: replacing UNGARISH with 3
sym2int.pl: replacing OQUIRRH with 3
sym2int.pl: replacing CAYOS with 3
sym2int.pl: replacing FALANDER'S with 3
sym2int.pl: replacing REHNHJELM'S with 3
sym2int.pl: replacing SAKKED with 3
sym2int.pl: replacing CHIFUL with 3
sym2int.pl: replacing IMITHATION with 3
sym2int.pl: replacing FUNDEVOGEL with 3
sym2int.pl: replacing CHEREAS with 3
sym2int.pl: replacing MONDETOUR with 3
sym2int.pl: replacing COMBEFERRE with 3
sym2int.pl: replacing AMPHICTYONS with 3
sym2int.pl: replacing AMPHICTYONS with 3
sym2int.pl: replacing EPONINE with 3
sym2int.pl: replacing THENARDIER with 3
sym2int.pl: replacing EPONINE'S with 3
sym2int.pl: replacing EPONINE with 3
sym2int.pl: replacing THENARDIER with 3
sym2int.pl: not warning for OOVs any more times
** Replaced 62 instances of OOVs with 3
LOG (compile-train-graphs[5.5.268-f9828]:main():compile-train-graphs.cc:147) compile-train-graphs: succeeded for 510 graphs, failed for 0
# Accounting: time=24 threads=1
# Ended (code 0) at Sun Mar 14 15:43:58 EET 2021, elapsed time 24 seconds
