# compile-train-graphs --read-disambig-syms=data/lang_nosp/phones/disambig.int exp/tri1/tree exp/tri1/1.mdl data/lang_nosp/L.fst "ark:utils/sym2int.pl --map-oov 3 -f 2- data/lang_nosp/words.txt < data/train_5k/split10/5/text |" "ark:|gzip -c >exp/tri1/fsts.5.gz" 
# Started at Sun Mar 14 15:43:34 EET 2021
#
compile-train-graphs --read-disambig-syms=data/lang_nosp/phones/disambig.int exp/tri1/tree exp/tri1/1.mdl data/lang_nosp/L.fst 'ark:utils/sym2int.pl --map-oov 3 -f 2- data/lang_nosp/words.txt < data/train_5k/split10/5/text |' 'ark:|gzip -c >exp/tri1/fsts.5.gz' 
sym2int.pl: replacing EAGLEHAWK with 3
sym2int.pl: replacing GAMBIE with 3
sym2int.pl: replacing ASTINA with 3
sym2int.pl: replacing BROWBOROUGH with 3
sym2int.pl: replacing RETRICKED with 3
sym2int.pl: replacing UNDERCUTT with 3
sym2int.pl: replacing NOIRTIER with 3
sym2int.pl: replacing NUPTUAL with 3
sym2int.pl: replacing DARNAY'S with 3
sym2int.pl: replacing HYDROXIDE with 3
sym2int.pl: replacing NAUTILUS'S with 3
sym2int.pl: replacing THROATFULS with 3
sym2int.pl: replacing MEDUSAS with 3
sym2int.pl: replacing FRAGE with 3
sym2int.pl: replacing AMERI with 3
sym2int.pl: replacing PRESI with 3
sym2int.pl: replacing TIONAL with 3
sym2int.pl: replacing BARODIA with 3
sym2int.pl: replacing BELVANE'S with 3
sym2int.pl: replacing BARODIA with 3
sym2int.pl: not warning for OOVs any more times
** Replaced 30 instances of OOVs with 3
LOG (compile-train-graphs[5.5.268-f9828]:main():compile-train-graphs.cc:147) compile-train-graphs: succeeded for 500 graphs, failed for 0
# Accounting: time=23 threads=1
# Ended (code 0) at Sun Mar 14 15:43:57 EET 2021, elapsed time 23 seconds
