# compile-train-graphs --read-disambig-syms=data/lang_nosp/phones/disambig.int exp/tri1/tree exp/tri1/1.mdl data/lang_nosp/L.fst "ark:utils/sym2int.pl --map-oov 3 -f 2- data/lang_nosp/words.txt < data/train_5k/split10/4/text |" "ark:|gzip -c >exp/tri1/fsts.4.gz" 
# Started at Sun Mar 14 15:43:34 EET 2021
#
compile-train-graphs --read-disambig-syms=data/lang_nosp/phones/disambig.int exp/tri1/tree exp/tri1/1.mdl data/lang_nosp/L.fst 'ark:utils/sym2int.pl --map-oov 3 -f 2- data/lang_nosp/words.txt < data/train_5k/split10/4/text |' 'ark:|gzip -c >exp/tri1/fsts.4.gz' 
sym2int.pl: replacing CORCHUELO with 3
sym2int.pl: replacing KOVA with 3
sym2int.pl: replacing KAN'S with 3
sym2int.pl: replacing ARTERIOSA with 3
sym2int.pl: replacing SCHOSS with 3
sym2int.pl: replacing TIMOKHIN with 3
sym2int.pl: replacing MYTISHCHI with 3
sym2int.pl: replacing NATASHA'S with 3
sym2int.pl: replacing ROSTOVS with 3
sym2int.pl: replacing BOLKONSKI with 3
sym2int.pl: replacing GENTMAN with 3
sym2int.pl: replacing ALTHESA with 3
sym2int.pl: replacing OVERRESIST with 3
sym2int.pl: replacing DRON with 3
sym2int.pl: replacing LOBNOE with 3
sym2int.pl: replacing SHEVARDINO with 3
sym2int.pl: replacing PERKHUSHKOVO with 3
sym2int.pl: replacing MOZHAYSK with 3
sym2int.pl: replacing KUTUZOV with 3
sym2int.pl: replacing SHEVARDINO with 3
sym2int.pl: not warning for OOVs any more times
** Replaced 54 instances of OOVs with 3
LOG (compile-train-graphs[5.5.268-f9828]:main():compile-train-graphs.cc:147) compile-train-graphs: succeeded for 504 graphs, failed for 0
# Accounting: time=25 threads=1
# Ended (code 0) at Sun Mar 14 15:43:59 EET 2021, elapsed time 25 seconds
