# compile-train-graphs --read-disambig-syms=data/lang_nosp/phones/disambig.int exp/tri1/tree exp/tri1/1.mdl data/lang_nosp/L.fst "ark:utils/sym2int.pl --map-oov 3 -f 2- data/lang_nosp/words.txt < data/train_5k/split10/3/text |" "ark:|gzip -c >exp/tri1/fsts.3.gz" 
# Started at Sun Mar 14 15:43:34 EET 2021
#
compile-train-graphs --read-disambig-syms=data/lang_nosp/phones/disambig.int exp/tri1/tree exp/tri1/1.mdl data/lang_nosp/L.fst 'ark:utils/sym2int.pl --map-oov 3 -f 2- data/lang_nosp/words.txt < data/train_5k/split10/3/text |' 'ark:|gzip -c >exp/tri1/fsts.3.gz' 
sym2int.pl: replacing AT'TI with 3
sym2int.pl: replacing THOR'IS with 3
sym2int.pl: replacing MAJORIAN with 3
sym2int.pl: replacing ACEPHALA with 3
sym2int.pl: replacing TESTACEA with 3
sym2int.pl: replacing TESTACEA with 3
sym2int.pl: replacing MELEAGRINA with 3
sym2int.pl: replacing MARGARITIFERA with 3
sym2int.pl: replacing MOLLUSK'S with 3
sym2int.pl: replacing BUNDEFJORD with 3
sym2int.pl: replacing NETCHELLI with 3
sym2int.pl: replacing ANORAKS with 3
sym2int.pl: replacing ANORAK with 3
sym2int.pl: replacing SCHANZ with 3
sym2int.pl: replacing TOURNELLE'S with 3
sym2int.pl: replacing GOGOFFS with 3
sym2int.pl: replacing GOGOFFS with 3
sym2int.pl: replacing THEALE'S with 3
sym2int.pl: replacing BRASHY with 3
sym2int.pl: replacing GARBOILS with 3
sym2int.pl: not warning for OOVs any more times
** Replaced 55 instances of OOVs with 3
LOG (compile-train-graphs[5.5.268-f9828]:main():compile-train-graphs.cc:147) compile-train-graphs: succeeded for 496 graphs, failed for 0
# Accounting: time=24 threads=1
# Ended (code 0) at Sun Mar 14 15:43:58 EET 2021, elapsed time 24 seconds
