# compile-train-graphs --read-disambig-syms=data/lang_nosp/phones/disambig.int exp/tri1/tree exp/tri1/1.mdl data/lang_nosp/L.fst "ark:utils/sym2int.pl --map-oov 3 -f 2- data/lang_nosp/words.txt < data/train_5k/split10/9/text |" "ark:|gzip -c >exp/tri1/fsts.9.gz" 
# Started at Sun Mar 14 15:43:34 EET 2021
#
compile-train-graphs --read-disambig-syms=data/lang_nosp/phones/disambig.int exp/tri1/tree exp/tri1/1.mdl data/lang_nosp/L.fst 'ark:utils/sym2int.pl --map-oov 3 -f 2- data/lang_nosp/words.txt < data/train_5k/split10/9/text |' 'ark:|gzip -c >exp/tri1/fsts.9.gz' 
sym2int.pl: replacing OLASTON with 3
sym2int.pl: replacing VILLEFORT'S with 3
sym2int.pl: replacing COLOSSEO with 3
sym2int.pl: replacing PASTRINI with 3
sym2int.pl: replacing PAMPINARA with 3
sym2int.pl: replacing FELICE'S with 3
sym2int.pl: replacing CUCUMETTO with 3
sym2int.pl: replacing CUCUMETTO with 3
sym2int.pl: replacing DIAVOLACCIO with 3
sym2int.pl: replacing CLAVIERS with 3
sym2int.pl: replacing COUPERIN'S with 3
sym2int.pl: replacing RUBARE with 3
sym2int.pl: replacing PACHAYACHACHIC with 3
sym2int.pl: replacing YOLCUAT with 3
sym2int.pl: replacing TOHIL with 3
sym2int.pl: replacing RUMBLER with 3
sym2int.pl: replacing HUEMAC with 3
sym2int.pl: replacing TESCHALL with 3
sym2int.pl: replacing GOLIAR with 3
sym2int.pl: replacing SHILALEY with 3
sym2int.pl: not warning for OOVs any more times
** Replaced 43 instances of OOVs with 3
LOG (compile-train-graphs[5.5.268-f9828]:main():compile-train-graphs.cc:147) compile-train-graphs: succeeded for 503 graphs, failed for 0
# Accounting: time=24 threads=1
# Ended (code 0) at Sun Mar 14 15:43:58 EET 2021, elapsed time 24 seconds
