# gmm-est --mix-up=50000 --power=0.25 --write-occs=exp/tri1/32.occs exp/tri1/31.mdl "gmm-sum-accs - exp/tri1/31.*.acc |" exp/tri1/32.mdl 
# Started at Sun Mar 14 15:56:25 EET 2021
#
gmm-est --mix-up=50000 --power=0.25 --write-occs=exp/tri1/32.occs exp/tri1/31.mdl 'gmm-sum-accs - exp/tri1/31.*.acc |' exp/tri1/32.mdl 
gmm-sum-accs - exp/tri1/31.1.acc exp/tri1/31.10.acc exp/tri1/31.2.acc exp/tri1/31.3.acc exp/tri1/31.4.acc exp/tri1/31.5.acc exp/tri1/31.6.acc exp/tri1/31.7.acc exp/tri1/31.8.acc exp/tri1/31.9.acc 
LOG (gmm-sum-accs[5.5.268-f9828]:main():gmm-sum-accs.cc:63) Summed 10 stats, total count 6.34221e+06, avg like/frame -95.5804
LOG (gmm-sum-accs[5.5.268-f9828]:main():gmm-sum-accs.cc:66) Total count of stats is 6.34221e+06
LOG (gmm-sum-accs[5.5.268-f9828]:main():gmm-sum-accs.cc:67) Written stats to -
LOG (gmm-est[5.5.268-f9828]:MleUpdate():transition-model.cc:528) TransitionModel::Update, objf change is -2.41343e-11 per frame over 6.34221e+06 frames. 
LOG (gmm-est[5.5.268-f9828]:MleUpdate():transition-model.cc:531) 139 probabilities floored, 7942 out of 12811 transition-states skipped due to insuffient data (it is normal to have some skipped.)
LOG (gmm-est[5.5.268-f9828]:main():gmm-est.cc:102) Transition model update: Overall -2.41343e-11 log-like improvement per frame over 6.34221e+06 frames.
WARNING (gmm-est[5.5.268-f9828]:MleDiagGmmUpdate():mle-diag-gmm.cc:359) Too little data - removing Gaussian (weight 0.007194, occupation count 9.000008, vector size 39)
LOG (gmm-est[5.5.268-f9828]:MleAmDiagGmmUpdate():mle-am-diag-gmm.cc:225) 0 variance elements floored in 0 Gaussians, out of 50098
LOG (gmm-est[5.5.268-f9828]:MleAmDiagGmmUpdate():mle-am-diag-gmm.cc:229) Removed 1 Gaussians due to counts < --min-gaussian-occupancy=10 and --remove-low-count-gaussians=true
LOG (gmm-est[5.5.268-f9828]:main():gmm-est.cc:113) GMM update: Overall 0.0190841 objective function improvement per frame over 6.34221e+06 frames
LOG (gmm-est[5.5.268-f9828]:main():gmm-est.cc:116) GMM update: Overall avg like per frame = -95.5804 over 6.34221e+06 frames.
LOG (gmm-est[5.5.268-f9828]:SplitByCount():am-diag-gmm.cc:116) Split 1600 states with target = 50000, power = 0.25, perturb_factor = 0.01 and min_count = 20, split #Gauss from 50098 to 50099
LOG (gmm-est[5.5.268-f9828]:main():gmm-est.cc:146) Written model to exp/tri1/32.mdl
# Accounting: time=2 threads=1
# Ended (code 0) at Sun Mar 14 15:56:27 EET 2021, elapsed time 2 seconds
