# gmm-est --mix-up=50000 --power=0.25 --write-occs=exp/tri1/29.occs exp/tri1/28.mdl "gmm-sum-accs - exp/tri1/28.*.acc |" exp/tri1/29.mdl 
# Started at Sun Mar 14 15:53:03 EET 2021
#
gmm-est --mix-up=50000 --power=0.25 --write-occs=exp/tri1/29.occs exp/tri1/28.mdl 'gmm-sum-accs - exp/tri1/28.*.acc |' exp/tri1/29.mdl 
gmm-sum-accs - exp/tri1/28.1.acc exp/tri1/28.10.acc exp/tri1/28.2.acc exp/tri1/28.3.acc exp/tri1/28.4.acc exp/tri1/28.5.acc exp/tri1/28.6.acc exp/tri1/28.7.acc exp/tri1/28.8.acc exp/tri1/28.9.acc 
LOG (gmm-sum-accs[5.5.268-f9828]:main():gmm-sum-accs.cc:63) Summed 10 stats, total count 6.34221e+06, avg like/frame -95.8321
LOG (gmm-sum-accs[5.5.268-f9828]:main():gmm-sum-accs.cc:66) Total count of stats is 6.34221e+06
LOG (gmm-sum-accs[5.5.268-f9828]:main():gmm-sum-accs.cc:67) Written stats to -
LOG (gmm-est[5.5.268-f9828]:MleUpdate():transition-model.cc:528) TransitionModel::Update, objf change is -1.74992e-11 per frame over 6.34221e+06 frames. 
LOG (gmm-est[5.5.268-f9828]:MleUpdate():transition-model.cc:531) 142 probabilities floored, 7948 out of 12811 transition-states skipped due to insuffient data (it is normal to have some skipped.)
LOG (gmm-est[5.5.268-f9828]:main():gmm-est.cc:102) Transition model update: Overall -1.74992e-11 log-like improvement per frame over 6.34221e+06 frames.
WARNING (gmm-est[5.5.268-f9828]:MleDiagGmmUpdate():mle-diag-gmm.cc:359) Too little data - removing Gaussian (weight 0.014898, occupation count 8.536745, vector size 39)
LOG (gmm-est[5.5.268-f9828]:MleAmDiagGmmUpdate():mle-am-diag-gmm.cc:225) 0 variance elements floored in 0 Gaussians, out of 49999
LOG (gmm-est[5.5.268-f9828]:MleAmDiagGmmUpdate():mle-am-diag-gmm.cc:229) Removed 1 Gaussians due to counts < --min-gaussian-occupancy=10 and --remove-low-count-gaussians=true
LOG (gmm-est[5.5.268-f9828]:main():gmm-est.cc:113) GMM update: Overall 0.0322402 objective function improvement per frame over 6.34221e+06 frames
LOG (gmm-est[5.5.268-f9828]:main():gmm-est.cc:116) GMM update: Overall avg like per frame = -95.8321 over 6.34221e+06 frames.
LOG (gmm-est[5.5.268-f9828]:SplitByCount():am-diag-gmm.cc:116) Split 1600 states with target = 50000, power = 0.25, perturb_factor = 0.01 and min_count = 20, split #Gauss from 49999 to 50000
LOG (gmm-est[5.5.268-f9828]:main():gmm-est.cc:146) Written model to exp/tri1/29.mdl
# Accounting: time=1 threads=1
# Ended (code 0) at Sun Mar 14 15:53:04 EET 2021, elapsed time 1 seconds
