# align-equal-compiled "ark:gunzip -c exp/mono-2/fsts.4.gz|" "ark,s,cs:apply-cmvn  --utt2spk=ark:data/train_2kshort/split10/4/utt2spk scp:data/train_2kshort/split10/4/cmvn.scp scp:data/train_2kshort/split10/4/feats.scp ark:- | add-deltas  ark:- ark:- |" ark,t:- | gmm-acc-stats-ali --binary=true exp/mono-2/0.mdl "ark,s,cs:apply-cmvn  --utt2spk=ark:data/train_2kshort/split10/4/utt2spk scp:data/train_2kshort/split10/4/cmvn.scp scp:data/train_2kshort/split10/4/feats.scp ark:- | add-deltas  ark:- ark:- |" ark:- exp/mono-2/0.4.acc 
# Started at Sat Mar 13 13:13:19 EET 2021
#
align-equal-compiled 'ark:gunzip -c exp/mono-2/fsts.4.gz|' 'ark,s,cs:apply-cmvn  --utt2spk=ark:data/train_2kshort/split10/4/utt2spk scp:data/train_2kshort/split10/4/cmvn.scp scp:data/train_2kshort/split10/4/feats.scp ark:- | add-deltas  ark:- ark:- |' ark,t:- 
gmm-acc-stats-ali --binary=true exp/mono-2/0.mdl 'ark,s,cs:apply-cmvn  --utt2spk=ark:data/train_2kshort/split10/4/utt2spk scp:data/train_2kshort/split10/4/cmvn.scp scp:data/train_2kshort/split10/4/feats.scp ark:- | add-deltas  ark:- ark:- |' ark:- exp/mono-2/0.4.acc 
apply-cmvn --utt2spk=ark:data/train_2kshort/split10/4/utt2spk scp:data/train_2kshort/split10/4/cmvn.scp scp:data/train_2kshort/split10/4/feats.scp ark:- 
add-deltas ark:- ark:- 
apply-cmvn --utt2spk=ark:data/train_2kshort/split10/4/utt2spk scp:data/train_2kshort/split10/4/cmvn.scp scp:data/train_2kshort/split10/4/feats.scp ark:- 
add-deltas ark:- ark:- 
LOG (gmm-acc-stats-ali[5.5.268-f9828]:main():gmm-acc-stats-ali.cc:105) Processed 50 utterances; for utterance 2911-15084-0002 avg. like is -109.466 over 410 frames.
LOG (gmm-acc-stats-ali[5.5.268-f9828]:main():gmm-acc-stats-ali.cc:105) Processed 100 utterances; for utterance 307-127535-0015 avg. like is -110.228 over 396 frames.
LOG (gmm-acc-stats-ali[5.5.268-f9828]:main():gmm-acc-stats-ali.cc:105) Processed 150 utterances; for utterance 322-124146-0023 avg. like is -120.455 over 354 frames.
LOG (apply-cmvn[5.5.268-f9828]:main():apply-cmvn.cc:162) Applied cepstral mean normalization to 205 utterances, errors on 0
LOG (align-equal-compiled[5.5.268-f9828]:main():align-equal-compiled.cc:107) Success: done 205 utterances.
LOG (apply-cmvn[5.5.268-f9828]:main():apply-cmvn.cc:162) Applied cepstral mean normalization to 205 utterances, errors on 0
LOG (gmm-acc-stats-ali[5.5.268-f9828]:main():gmm-acc-stats-ali.cc:105) Processed 200 utterances; for utterance 3259-158083-0039 avg. like is -112.439 over 213 frames.
LOG (gmm-acc-stats-ali[5.5.268-f9828]:main():gmm-acc-stats-ali.cc:112) Done 205 files, 0 with errors.
LOG (gmm-acc-stats-ali[5.5.268-f9828]:main():gmm-acc-stats-ali.cc:115) Overall avg like per frame (Gaussian only) = -110.499 over 75260 frames.
LOG (gmm-acc-stats-ali[5.5.268-f9828]:main():gmm-acc-stats-ali.cc:123) Written accs.
# Accounting: time=1 threads=1
# Ended (code 0) at Sat Mar 13 13:13:20 EET 2021, elapsed time 1 seconds
