# gmm-align-compiled --transition-scale=1.0 --acoustic-scale=0.1 --self-loop-scale=0.1 --beam=10 --retry-beam=40 --careful=false "gmm-boost-silence --boost=1.25 1 exp/mono-2/16.mdl - |" "ark:gunzip -c exp/mono-2/fsts.5.gz|" "ark,s,cs:apply-cmvn  --utt2spk=ark:data/train_2kshort/split10/5/utt2spk scp:data/train_2kshort/split10/5/cmvn.scp scp:data/train_2kshort/split10/5/feats.scp ark:- | add-deltas  ark:- ark:- |" "ark,t:|gzip -c >exp/mono-2/ali.5.gz" 
# Started at Sat Mar 13 13:14:31 EET 2021
#
gmm-align-compiled --transition-scale=1.0 --acoustic-scale=0.1 --self-loop-scale=0.1 --beam=10 --retry-beam=40 --careful=false 'gmm-boost-silence --boost=1.25 1 exp/mono-2/16.mdl - |' 'ark:gunzip -c exp/mono-2/fsts.5.gz|' 'ark,s,cs:apply-cmvn  --utt2spk=ark:data/train_2kshort/split10/5/utt2spk scp:data/train_2kshort/split10/5/cmvn.scp scp:data/train_2kshort/split10/5/feats.scp ark:- | add-deltas  ark:- ark:- |' 'ark,t:|gzip -c >exp/mono-2/ali.5.gz' 
gmm-boost-silence --boost=1.25 1 exp/mono-2/16.mdl - 
WARNING (gmm-boost-silence[5.5.268-f9828]:main():gmm-boost-silence.cc:82) The pdfs for the silence phones may be shared by other phones (note: this probably does not matter.)
LOG (gmm-boost-silence[5.5.268-f9828]:main():gmm-boost-silence.cc:93) Boosted weights for 5 pdfs, by factor of 1.25
LOG (gmm-boost-silence[5.5.268-f9828]:main():gmm-boost-silence.cc:103) Wrote model to -
apply-cmvn --utt2spk=ark:data/train_2kshort/split10/5/utt2spk scp:data/train_2kshort/split10/5/cmvn.scp scp:data/train_2kshort/split10/5/feats.scp ark:- 
add-deltas ark:- ark:- 
LOG (gmm-align-compiled[5.5.268-f9828]:main():gmm-align-compiled.cc:127) 328-129766-0000
LOG (gmm-align-compiled[5.5.268-f9828]:main():gmm-align-compiled.cc:127) 328-129766-0005
LOG (gmm-align-compiled[5.5.268-f9828]:main():gmm-align-compiled.cc:127) 328-129766-0010
LOG (gmm-align-compiled[5.5.268-f9828]:main():gmm-align-compiled.cc:127) 328-129766-0017
LOG (gmm-align-compiled[5.5.268-f9828]:main():gmm-align-compiled.cc:127) 328-129766-0036
LOG (gmm-align-compiled[5.5.268-f9828]:main():gmm-align-compiled.cc:127) 328-129766-0044
LOG (gmm-align-compiled[5.5.268-f9828]:main():gmm-align-compiled.cc:127) 328-129766-0045
LOG (gmm-align-compiled[5.5.268-f9828]:main():gmm-align-compiled.cc:127) 328-129766-0052
LOG (gmm-align-compiled[5.5.268-f9828]:main():gmm-align-compiled.cc:127) 328-129766-0070
LOG (gmm-align-compiled[5.5.268-f9828]:main():gmm-align-compiled.cc:127) 328-129766-0074
LOG (gmm-align-compiled[5.5.268-f9828]:main():gmm-align-compiled.cc:127) 328-129766-0079
LOG (gmm-align-compiled[5.5.268-f9828]:main():gmm-align-compiled.cc:127) 328-129766-0090
LOG (gmm-align-compiled[5.5.268-f9828]:main():gmm-align-compiled.cc:127) 332-128985-0009
LOG (gmm-align-compiled[5.5.268-f9828]:main():gmm-align-compiled.cc:127) 332-128985-0027
LOG (gmm-align-compiled[5.5.268-f9828]:main():gmm-align-compiled.cc:127) 332-128985-0072
LOG (gmm-align-compiled[5.5.268-f9828]:main():gmm-align-compiled.cc:127) 332-128985-0088
LOG (gmm-align-compiled[5.5.268-f9828]:main():gmm-align-compiled.cc:127) 3374-298025-0003
LOG (gmm-align-compiled[5.5.268-f9828]:main():gmm-align-compiled.cc:127) 3374-298025-0009
LOG (gmm-align-compiled[5.5.268-f9828]:main():gmm-align-compiled.cc:127) 3374-298025-0018
LOG (gmm-align-compiled[5.5.268-f9828]:main():gmm-align-compiled.cc:127) 3374-298025-0022
LOG (gmm-align-compiled[5.5.268-f9828]:main():gmm-align-compiled.cc:127) 3374-298026-0004
LOG (gmm-align-compiled[5.5.268-f9828]:main():gmm-align-compiled.cc:127) 3374-298026-0040
LOG (gmm-align-compiled[5.5.268-f9828]:main():gmm-align-compiled.cc:127) 3374-298026-0046
LOG (gmm-align-compiled[5.5.268-f9828]:main():gmm-align-compiled.cc:127) 3374-298032-0013
LOG (gmm-align-compiled[5.5.268-f9828]:main():gmm-align-compiled.cc:127) 3374-298032-0017
LOG (gmm-align-compiled[5.5.268-f9828]:main():gmm-align-compiled.cc:127) 3374-298032-0039
LOG (gmm-align-compiled[5.5.268-f9828]:main():gmm-align-compiled.cc:127) 3436-172162-0013
LOG (gmm-align-compiled[5.5.268-f9828]:main():gmm-align-compiled.cc:127) 3436-172162-0031
LOG (gmm-align-compiled[5.5.268-f9828]:main():gmm-align-compiled.cc:127) 3436-172162-0052
LOG (gmm-align-compiled[5.5.268-f9828]:main():gmm-align-compiled.cc:127) 3436-172171-0027
LOG (gmm-align-compiled[5.5.268-f9828]:main():gmm-align-compiled.cc:127) 3436-172171-0051
LOG (gmm-align-compiled[5.5.268-f9828]:main():gmm-align-compiled.cc:127) 3436-172171-0057
LOG (gmm-align-compiled[5.5.268-f9828]:main():gmm-align-compiled.cc:127) 3436-172171-0062
LOG (gmm-align-compiled[5.5.268-f9828]:main():gmm-align-compiled.cc:127) 3440-171006-0024
LOG (gmm-align-compiled[5.5.268-f9828]:main():gmm-align-compiled.cc:127) 3440-171009-0032
LOG (gmm-align-compiled[5.5.268-f9828]:main():gmm-align-compiled.cc:127) 3440-171009-0042
LOG (gmm-align-compiled[5.5.268-f9828]:main():gmm-align-compiled.cc:127) 3440-171009-0062
LOG (gmm-align-compiled[5.5.268-f9828]:main():gmm-align-compiled.cc:127) 3440-171009-0077
LOG (gmm-align-compiled[5.5.268-f9828]:main():gmm-align-compiled.cc:127) 3440-171009-0080
LOG (gmm-align-compiled[5.5.268-f9828]:main():gmm-align-compiled.cc:127) 3486-166424-0027
LOG (gmm-align-compiled[5.5.268-f9828]:main():gmm-align-compiled.cc:127) 3486-166424-0047
LOG (gmm-align-compiled[5.5.268-f9828]:main():gmm-align-compiled.cc:127) 3486-166424-0051
LOG (gmm-align-compiled[5.5.268-f9828]:main():gmm-align-compiled.cc:127) 3486-166424-0053
LOG (gmm-align-compiled[5.5.268-f9828]:main():gmm-align-compiled.cc:127) 3486-166446-0001
LOG (gmm-align-compiled[5.5.268-f9828]:main():gmm-align-compiled.cc:127) 3486-166446-0004
LOG (gmm-align-compiled[5.5.268-f9828]:main():gmm-align-compiled.cc:127) 3486-166446-0011
LOG (gmm-align-compiled[5.5.268-f9828]:main():gmm-align-compiled.cc:127) 3526-175658-0012
LOG (gmm-align-compiled[5.5.268-f9828]:main():gmm-align-compiled.cc:127) 3526-175658-0015
LOG (gmm-align-compiled[5.5.268-f9828]:main():gmm-align-compiled.cc:127) 3526-176653-0018
LOG (gmm-align-compiled[5.5.268-f9828]:main():gmm-align-compiled.cc:127) 3526-176653-0038
LOG (gmm-align-compiled[5.5.268-f9828]:main():gmm-align-compiled.cc:127) 3526-176653-0050
LOG (gmm-align-compiled[5.5.268-f9828]:main():gmm-align-compiled.cc:127) 3526-176653-0051
LOG (gmm-align-compiled[5.5.268-f9828]:main():gmm-align-compiled.cc:127) 3607-135982-0038
LOG (gmm-align-compiled[5.5.268-f9828]:main():gmm-align-compiled.cc:127) 3607-135982-0051
LOG (gmm-align-compiled[5.5.268-f9828]:main():gmm-align-compiled.cc:127) 3607-29116-0014
LOG (gmm-align-compiled[5.5.268-f9828]:main():gmm-align-compiled.cc:127) 3607-29116-0043
LOG (gmm-align-compiled[5.5.268-f9828]:main():gmm-align-compiled.cc:127) 3664-178355-0019
LOG (gmm-align-compiled[5.5.268-f9828]:main():gmm-align-compiled.cc:127) 3664-178366-0007
LOG (gmm-align-compiled[5.5.268-f9828]:main():gmm-align-compiled.cc:127) 3699-175950-0000
LOG (gmm-align-compiled[5.5.268-f9828]:main():gmm-align-compiled.cc:127) 3723-171115-0001
LOG (gmm-align-compiled[5.5.268-f9828]:main():gmm-align-compiled.cc:127) 3723-171115-0052
LOG (gmm-align-compiled[5.5.268-f9828]:main():gmm-align-compiled.cc:127) 3723-171631-0027
LOG (gmm-align-compiled[5.5.268-f9828]:main():gmm-align-compiled.cc:127) 3723-171631-0032
LOG (gmm-align-compiled[5.5.268-f9828]:main():gmm-align-compiled.cc:127) 3723-171631-0042
LOG (gmm-align-compiled[5.5.268-f9828]:main():gmm-align-compiled.cc:127) 374-180298-0026
LOG (gmm-align-compiled[5.5.268-f9828]:main():gmm-align-compiled.cc:127) 374-180298-0046
LOG (gmm-align-compiled[5.5.268-f9828]:main():gmm-align-compiled.cc:127) 374-180299-0001
LOG (gmm-align-compiled[5.5.268-f9828]:main():gmm-align-compiled.cc:127) 374-180299-0002
LOG (gmm-align-compiled[5.5.268-f9828]:main():gmm-align-compiled.cc:127) 374-180299-0005
LOG (gmm-align-compiled[5.5.268-f9828]:main():gmm-align-compiled.cc:127) 3807-4923-0047
LOG (gmm-align-compiled[5.5.268-f9828]:main():gmm-align-compiled.cc:127) 3830-12529-0005
LOG (gmm-align-compiled[5.5.268-f9828]:main():gmm-align-compiled.cc:127) 3830-12530-0022
LOG (gmm-align-compiled[5.5.268-f9828]:main():gmm-align-compiled.cc:127) 3830-12530-0033
LOG (gmm-align-compiled[5.5.268-f9828]:main():gmm-align-compiled.cc:127) 3830-12531-0008
LOG (gmm-align-compiled[5.5.268-f9828]:main():gmm-align-compiled.cc:127) 3830-12531-0030
LOG (gmm-align-compiled[5.5.268-f9828]:main():gmm-align-compiled.cc:127) 3830-12531-0031
LOG (gmm-align-compiled[5.5.268-f9828]:main():gmm-align-compiled.cc:127) 3830-12535-0003
LOG (gmm-align-compiled[5.5.268-f9828]:main():gmm-align-compiled.cc:127) 3830-12535-0004
LOG (gmm-align-compiled[5.5.268-f9828]:main():gmm-align-compiled.cc:127) 3830-12535-0018
LOG (gmm-align-compiled[5.5.268-f9828]:main():gmm-align-compiled.cc:127) 3830-12535-0019
LOG (gmm-align-compiled[5.5.268-f9828]:main():gmm-align-compiled.cc:127) 3830-12535-0020
LOG (gmm-align-compiled[5.5.268-f9828]:main():gmm-align-compiled.cc:127) 3830-12535-0032
LOG (gmm-align-compiled[5.5.268-f9828]:main():gmm-align-compiled.cc:127) 3857-182315-0022
LOG (gmm-align-compiled[5.5.268-f9828]:main():gmm-align-compiled.cc:127) 3879-173592-0013
LOG (gmm-align-compiled[5.5.268-f9828]:main():gmm-align-compiled.cc:127) 3879-173592-0030
LOG (gmm-align-compiled[5.5.268-f9828]:main():gmm-align-compiled.cc:127) 3879-173592-0035
LOG (gmm-align-compiled[5.5.268-f9828]:main():gmm-align-compiled.cc:127) 3879-173592-0043
LOG (gmm-align-compiled[5.5.268-f9828]:main():gmm-align-compiled.cc:127) 3879-174923-0005
LOG (gmm-align-compiled[5.5.268-f9828]:main():gmm-align-compiled.cc:127) 3879-174923-0017
LOG (gmm-align-compiled[5.5.268-f9828]:main():gmm-align-compiled.cc:127) 3879-174923-0052
LOG (gmm-align-compiled[5.5.268-f9828]:main():gmm-align-compiled.cc:127) 3879-174923-0057
LOG (gmm-align-compiled[5.5.268-f9828]:main():gmm-align-compiled.cc:127) 3879-174923-0070
LOG (gmm-align-compiled[5.5.268-f9828]:main():gmm-align-compiled.cc:127) 39-121914-0001
LOG (gmm-align-compiled[5.5.268-f9828]:main():gmm-align-compiled.cc:127) 39-121914-0009
LOG (gmm-align-compiled[5.5.268-f9828]:main():gmm-align-compiled.cc:127) 39-121914-0025
LOG (gmm-align-compiled[5.5.268-f9828]:main():gmm-align-compiled.cc:127) 39-121914-0027
LOG (gmm-align-compiled[5.5.268-f9828]:main():gmm-align-compiled.cc:127) 39-121914-0055
LOG (gmm-align-compiled[5.5.268-f9828]:main():gmm-align-compiled.cc:127) 39-121914-0056
LOG (gmm-align-compiled[5.5.268-f9828]:main():gmm-align-compiled.cc:127) 39-121915-0004
LOG (gmm-align-compiled[5.5.268-f9828]:main():gmm-align-compiled.cc:127) 39-121915-0007
LOG (gmm-align-compiled[5.5.268-f9828]:main():gmm-align-compiled.cc:127) 39-121915-0026
LOG (gmm-align-compiled[5.5.268-f9828]:main():gmm-align-compiled.cc:127) 39-121916-0025
LOG (gmm-align-compiled[5.5.268-f9828]:main():gmm-align-compiled.cc:127) 39-121916-0026
LOG (gmm-align-compiled[5.5.268-f9828]:main():gmm-align-compiled.cc:127) 3947-13262-0016
LOG (gmm-align-compiled[5.5.268-f9828]:main():gmm-align-compiled.cc:127) 3982-178459-0004
LOG (gmm-align-compiled[5.5.268-f9828]:main():gmm-align-compiled.cc:127) 3982-178459-0007
LOG (gmm-align-compiled[5.5.268-f9828]:main():gmm-align-compiled.cc:127) 3982-178459-0012
LOG (gmm-align-compiled[5.5.268-f9828]:main():gmm-align-compiled.cc:127) 3982-178459-0036
LOG (gmm-align-compiled[5.5.268-f9828]:main():gmm-align-compiled.cc:127) 3982-178459-0049
LOG (gmm-align-compiled[5.5.268-f9828]:main():gmm-align-compiled.cc:127) 3982-178459-0061
LOG (gmm-align-compiled[5.5.268-f9828]:main():gmm-align-compiled.cc:127) 3982-178459-0066
LOG (gmm-align-compiled[5.5.268-f9828]:main():gmm-align-compiled.cc:127) 3982-182255-0000
LOG (gmm-align-compiled[5.5.268-f9828]:main():gmm-align-compiled.cc:127) 3982-182255-0027
LOG (gmm-align-compiled[5.5.268-f9828]:main():gmm-align-compiled.cc:127) 3983-5371-0002
LOG (gmm-align-compiled[5.5.268-f9828]:main():gmm-align-compiled.cc:127) 3983-5371-0039
LOG (gmm-align-compiled[5.5.268-f9828]:main():gmm-align-compiled.cc:127) 3983-5371-0040
LOG (gmm-align-compiled[5.5.268-f9828]:main():gmm-align-compiled.cc:127) 40-121026-0007
LOG (gmm-align-compiled[5.5.268-f9828]:main():gmm-align-compiled.cc:127) 40-121026-0009
LOG (gmm-align-compiled[5.5.268-f9828]:main():gmm-align-compiled.cc:127) 40-121026-0010
LOG (gmm-align-compiled[5.5.268-f9828]:main():gmm-align-compiled.cc:127) 40-121026-0012
LOG (gmm-align-compiled[5.5.268-f9828]:main():gmm-align-compiled.cc:127) 40-121026-0022
LOG (gmm-align-compiled[5.5.268-f9828]:main():gmm-align-compiled.cc:127) 40-222-0033
LOG (gmm-align-compiled[5.5.268-f9828]:main():gmm-align-compiled.cc:127) 40-222-0067
LOG (gmm-align-compiled[5.5.268-f9828]:main():gmm-align-compiled.cc:127) 4014-186175-0005
LOG (gmm-align-compiled[5.5.268-f9828]:main():gmm-align-compiled.cc:127) 4014-186175-0007
LOG (gmm-align-compiled[5.5.268-f9828]:main():gmm-align-compiled.cc:127) 4014-186175-0008
LOG (gmm-align-compiled[5.5.268-f9828]:main():gmm-align-compiled.cc:127) 4014-186175-0017
LOG (gmm-align-compiled[5.5.268-f9828]:main():gmm-align-compiled.cc:127) 4014-186175-0021
LOG (gmm-align-compiled[5.5.268-f9828]:main():gmm-align-compiled.cc:127) 4014-186175-0022
LOG (gmm-align-compiled[5.5.268-f9828]:main():gmm-align-compiled.cc:127) 4014-186175-0024
LOG (gmm-align-compiled[5.5.268-f9828]:main():gmm-align-compiled.cc:127) 4014-186175-0026
LOG (gmm-align-compiled[5.5.268-f9828]:main():gmm-align-compiled.cc:127) 4014-186175-0029
LOG (gmm-align-compiled[5.5.268-f9828]:main():gmm-align-compiled.cc:127) 4014-186175-0030
LOG (gmm-align-compiled[5.5.268-f9828]:main():gmm-align-compiled.cc:127) 4014-186175-0031
LOG (gmm-align-compiled[5.5.268-f9828]:main():gmm-align-compiled.cc:127) 4014-186175-0032
LOG (gmm-align-compiled[5.5.268-f9828]:main():gmm-align-compiled.cc:127) 4014-186175-0036
LOG (gmm-align-compiled[5.5.268-f9828]:main():gmm-align-compiled.cc:127) 4014-186175-0041
LOG (gmm-align-compiled[5.5.268-f9828]:main():gmm-align-compiled.cc:127) 4014-186176-0000
LOG (gmm-align-compiled[5.5.268-f9828]:main():gmm-align-compiled.cc:127) 4014-186176-0003
LOG (gmm-align-compiled[5.5.268-f9828]:main():gmm-align-compiled.cc:127) 4014-186176-0011
LOG (gmm-align-compiled[5.5.268-f9828]:main():gmm-align-compiled.cc:127) 4014-186176-0018
LOG (gmm-align-compiled[5.5.268-f9828]:main():gmm-align-compiled.cc:127) 4014-186176-0019
LOG (gmm-align-compiled[5.5.268-f9828]:main():gmm-align-compiled.cc:127) 4014-186176-0022
LOG (gmm-align-compiled[5.5.268-f9828]:main():gmm-align-compiled.cc:127) 4014-186176-0024
LOG (gmm-align-compiled[5.5.268-f9828]:main():gmm-align-compiled.cc:127) 4014-186176-0029
LOG (gmm-align-compiled[5.5.268-f9828]:main():gmm-align-compiled.cc:127) 4014-186176-0030
LOG (gmm-align-compiled[5.5.268-f9828]:main():gmm-align-compiled.cc:127) 4014-186176-0031
LOG (gmm-align-compiled[5.5.268-f9828]:main():gmm-align-compiled.cc:127) 4014-186176-0032
LOG (gmm-align-compiled[5.5.268-f9828]:main():gmm-align-compiled.cc:127) 4014-186176-0033
LOG (gmm-align-compiled[5.5.268-f9828]:main():gmm-align-compiled.cc:127) 4014-186176-0034
LOG (gmm-align-compiled[5.5.268-f9828]:main():gmm-align-compiled.cc:127) 4014-186176-0035
LOG (gmm-align-compiled[5.5.268-f9828]:main():gmm-align-compiled.cc:127) 4014-186176-0036
LOG (gmm-align-compiled[5.5.268-f9828]:main():gmm-align-compiled.cc:127) 4014-186176-0039
LOG (gmm-align-compiled[5.5.268-f9828]:main():gmm-align-compiled.cc:127) 4014-186179-0004
LOG (gmm-align-compiled[5.5.268-f9828]:main():gmm-align-compiled.cc:127) 4014-186179-0005
LOG (gmm-align-compiled[5.5.268-f9828]:main():gmm-align-compiled.cc:127) 4014-186179-0009
LOG (gmm-align-compiled[5.5.268-f9828]:main():gmm-align-compiled.cc:127) 4014-186179-0012
LOG (gmm-align-compiled[5.5.268-f9828]:main():gmm-align-compiled.cc:127) 4014-186179-0017
LOG (gmm-align-compiled[5.5.268-f9828]:main():gmm-align-compiled.cc:127) 4014-186179-0027
LOG (gmm-align-compiled[5.5.268-f9828]:main():gmm-align-compiled.cc:127) 4014-186179-0036
LOG (gmm-align-compiled[5.5.268-f9828]:main():gmm-align-compiled.cc:127) 4014-186179-0040
LOG (gmm-align-compiled[5.5.268-f9828]:main():gmm-align-compiled.cc:127) 4014-186179-0044
LOG (gmm-align-compiled[5.5.268-f9828]:main():gmm-align-compiled.cc:127) 4014-186179-0046
LOG (gmm-align-compiled[5.5.268-f9828]:main():gmm-align-compiled.cc:127) 4014-186183-0005
LOG (gmm-align-compiled[5.5.268-f9828]:main():gmm-align-compiled.cc:127) 4014-186183-0007
LOG (gmm-align-compiled[5.5.268-f9828]:main():gmm-align-compiled.cc:127) 4014-186183-0011
LOG (gmm-align-compiled[5.5.268-f9828]:main():gmm-align-compiled.cc:127) 4014-186183-0017
LOG (gmm-align-compiled[5.5.268-f9828]:main():gmm-align-compiled.cc:127) 4014-186183-0021
LOG (gmm-align-compiled[5.5.268-f9828]:main():gmm-align-compiled.cc:127) 4014-186183-0022
LOG (gmm-align-compiled[5.5.268-f9828]:main():gmm-align-compiled.cc:127) 4014-186183-0025
LOG (gmm-align-compiled[5.5.268-f9828]:main():gmm-align-compiled.cc:127) 4014-186183-0027
LOG (gmm-align-compiled[5.5.268-f9828]:main():gmm-align-compiled.cc:127) 4018-103416-0015
LOG (gmm-align-compiled[5.5.268-f9828]:main():gmm-align-compiled.cc:127) 4018-103416-0023
LOG (gmm-align-compiled[5.5.268-f9828]:main():gmm-align-compiled.cc:127) 4018-107312-0036
LOG (gmm-align-compiled[5.5.268-f9828]:main():gmm-align-compiled.cc:127) 4018-107338-0002
LOG (gmm-align-compiled[5.5.268-f9828]:main():gmm-align-compiled.cc:127) 403-126855-0000
LOG (gmm-align-compiled[5.5.268-f9828]:main():gmm-align-compiled.cc:127) 403-126855-0027
LOG (gmm-align-compiled[5.5.268-f9828]:main():gmm-align-compiled.cc:127) 403-128339-0013
LOG (gmm-align-compiled[5.5.268-f9828]:main():gmm-align-compiled.cc:127) 403-128339-0052
LOG (gmm-align-compiled[5.5.268-f9828]:main():gmm-align-compiled.cc:127) 403-216-0014
LOG (gmm-align-compiled[5.5.268-f9828]:main():gmm-align-compiled.cc:127) 403-216-0017
LOG (gmm-align-compiled[5.5.268-f9828]:main():gmm-align-compiled.cc:127) 405-130894-0014
LOG (gmm-align-compiled[5.5.268-f9828]:main():gmm-align-compiled.cc:127) 405-130894-0031
LOG (gmm-align-compiled[5.5.268-f9828]:main():gmm-align-compiled.cc:127) 405-130894-0051
LOG (gmm-align-compiled[5.5.268-f9828]:main():gmm-align-compiled.cc:127) 405-130894-0053
LOG (gmm-align-compiled[5.5.268-f9828]:main():gmm-align-compiled.cc:127) 405-130894-0077
LOG (gmm-align-compiled[5.5.268-f9828]:main():gmm-align-compiled.cc:127) 405-130895-0034
LOG (gmm-align-compiled[5.5.268-f9828]:main():gmm-align-compiled.cc:127) 4051-10927-0002
LOG (gmm-align-compiled[5.5.268-f9828]:main():gmm-align-compiled.cc:127) 4051-10927-0022
LOG (gmm-align-compiled[5.5.268-f9828]:main():gmm-align-compiled.cc:127) 4051-11217-0008
LOG (gmm-align-compiled[5.5.268-f9828]:main():gmm-align-compiled.cc:127) 4051-11217-0009
LOG (gmm-align-compiled[5.5.268-f9828]:main():gmm-align-compiled.cc:127) 4051-11217-0010
LOG (apply-cmvn[5.5.268-f9828]:main():apply-cmvn.cc:162) Applied cepstral mean normalization to 198 utterances, errors on 0
LOG (gmm-align-compiled[5.5.268-f9828]:main():gmm-align-compiled.cc:127) 4051-11217-0012
LOG (gmm-align-compiled[5.5.268-f9828]:main():gmm-align-compiled.cc:127) 4051-11217-0015
LOG (gmm-align-compiled[5.5.268-f9828]:main():gmm-align-compiled.cc:127) 4051-11217-0027
LOG (gmm-align-compiled[5.5.268-f9828]:main():gmm-align-compiled.cc:127) 4051-11217-0030
LOG (gmm-align-compiled[5.5.268-f9828]:main():gmm-align-compiled.cc:127) 4051-11217-0034
LOG (gmm-align-compiled[5.5.268-f9828]:main():gmm-align-compiled.cc:127) 4051-11217-0037
LOG (gmm-align-compiled[5.5.268-f9828]:main():gmm-align-compiled.cc:135) Overall log-likelihood per frame is -101.085 over 71067 frames.
LOG (gmm-align-compiled[5.5.268-f9828]:main():gmm-align-compiled.cc:137) Retried 0 out of 198 utterances.
LOG (gmm-align-compiled[5.5.268-f9828]:main():gmm-align-compiled.cc:139) Done 198, errors on 0
# Accounting: time=5 threads=1
# Ended (code 0) at Sat Mar 13 13:14:36 EET 2021, elapsed time 5 seconds
