# align-equal-compiled "ark:gunzip -c exp/mono-2/fsts.7.gz|" "ark,s,cs:apply-cmvn  --utt2spk=ark:data/train_2kshort/split10/7/utt2spk scp:data/train_2kshort/split10/7/cmvn.scp scp:data/train_2kshort/split10/7/feats.scp ark:- | add-deltas  ark:- ark:- |" ark,t:- | gmm-acc-stats-ali --binary=true exp/mono-2/0.mdl "ark,s,cs:apply-cmvn  --utt2spk=ark:data/train_2kshort/split10/7/utt2spk scp:data/train_2kshort/split10/7/cmvn.scp scp:data/train_2kshort/split10/7/feats.scp ark:- | add-deltas  ark:- ark:- |" ark:- exp/mono-2/0.7.acc 
# Started at Sat Mar 13 13:13:19 EET 2021
#
gmm-acc-stats-ali --binary=true exp/mono-2/0.mdl 'ark,s,cs:apply-cmvn  --utt2spk=ark:data/train_2kshort/split10/7/utt2spk scp:data/train_2kshort/split10/7/cmvn.scp scp:data/train_2kshort/split10/7/feats.scp ark:- | add-deltas  ark:- ark:- |' ark:- exp/mono-2/0.7.acc 
align-equal-compiled 'ark:gunzip -c exp/mono-2/fsts.7.gz|' 'ark,s,cs:apply-cmvn  --utt2spk=ark:data/train_2kshort/split10/7/utt2spk scp:data/train_2kshort/split10/7/cmvn.scp scp:data/train_2kshort/split10/7/feats.scp ark:- | add-deltas  ark:- ark:- |' ark,t:- 
add-deltas ark:- ark:- 
apply-cmvn --utt2spk=ark:data/train_2kshort/split10/7/utt2spk scp:data/train_2kshort/split10/7/cmvn.scp scp:data/train_2kshort/split10/7/feats.scp ark:- 
add-deltas ark:- ark:- 
apply-cmvn --utt2spk=ark:data/train_2kshort/split10/7/utt2spk scp:data/train_2kshort/split10/7/cmvn.scp scp:data/train_2kshort/split10/7/feats.scp ark:- 
LOG (gmm-acc-stats-ali[5.5.268-f9828]:main():gmm-acc-stats-ali.cc:105) Processed 50 utterances; for utterance 5339-14133-0001 avg. like is -116.104 over 495 frames.
LOG (gmm-acc-stats-ali[5.5.268-f9828]:main():gmm-acc-stats-ali.cc:105) Processed 100 utterances; for utterance 5456-58161-0019 avg. like is -113.77 over 459 frames.
LOG (gmm-acc-stats-ali[5.5.268-f9828]:main():gmm-acc-stats-ali.cc:105) Processed 150 utterances; for utterance 5652-19215-0032 avg. like is -113.068 over 246 frames.
LOG (apply-cmvn[5.5.268-f9828]:main():apply-cmvn.cc:162) Applied cepstral mean normalization to 194 utterances, errors on 0
LOG (align-equal-compiled[5.5.268-f9828]:main():align-equal-compiled.cc:107) Success: done 194 utterances.
LOG (apply-cmvn[5.5.268-f9828]:main():apply-cmvn.cc:162) Applied cepstral mean normalization to 194 utterances, errors on 0
LOG (gmm-acc-stats-ali[5.5.268-f9828]:main():gmm-acc-stats-ali.cc:112) Done 194 files, 0 with errors.
LOG (gmm-acc-stats-ali[5.5.268-f9828]:main():gmm-acc-stats-ali.cc:115) Overall avg like per frame (Gaussian only) = -112.926 over 69400 frames.
LOG (gmm-acc-stats-ali[5.5.268-f9828]:main():gmm-acc-stats-ali.cc:123) Written accs.
# Accounting: time=1 threads=1
# Ended (code 0) at Sat Mar 13 13:13:20 EET 2021, elapsed time 1 seconds
