# align-equal-compiled "ark:gunzip -c exp/mono-2/fsts.10.gz|" "ark,s,cs:apply-cmvn  --utt2spk=ark:data/train_2kshort/split10/10/utt2spk scp:data/train_2kshort/split10/10/cmvn.scp scp:data/train_2kshort/split10/10/feats.scp ark:- | add-deltas  ark:- ark:- |" ark,t:- | gmm-acc-stats-ali --binary=true exp/mono-2/0.mdl "ark,s,cs:apply-cmvn  --utt2spk=ark:data/train_2kshort/split10/10/utt2spk scp:data/train_2kshort/split10/10/cmvn.scp scp:data/train_2kshort/split10/10/feats.scp ark:- | add-deltas  ark:- ark:- |" ark:- exp/mono-2/0.10.acc 
# Started at Sat Mar 13 13:13:19 EET 2021
#
align-equal-compiled 'ark:gunzip -c exp/mono-2/fsts.10.gz|' 'ark,s,cs:apply-cmvn  --utt2spk=ark:data/train_2kshort/split10/10/utt2spk scp:data/train_2kshort/split10/10/cmvn.scp scp:data/train_2kshort/split10/10/feats.scp ark:- | add-deltas  ark:- ark:- |' ark,t:- 
gmm-acc-stats-ali --binary=true exp/mono-2/0.mdl 'ark,s,cs:apply-cmvn  --utt2spk=ark:data/train_2kshort/split10/10/utt2spk scp:data/train_2kshort/split10/10/cmvn.scp scp:data/train_2kshort/split10/10/feats.scp ark:- | add-deltas  ark:- ark:- |' ark:- exp/mono-2/0.10.acc 
add-deltas ark:- ark:- 
apply-cmvn --utt2spk=ark:data/train_2kshort/split10/10/utt2spk scp:data/train_2kshort/split10/10/cmvn.scp scp:data/train_2kshort/split10/10/feats.scp ark:- 
apply-cmvn --utt2spk=ark:data/train_2kshort/split10/10/utt2spk scp:data/train_2kshort/split10/10/cmvn.scp scp:data/train_2kshort/split10/10/feats.scp ark:- 
add-deltas ark:- ark:- 
LOG (gmm-acc-stats-ali[5.5.268-f9828]:main():gmm-acc-stats-ali.cc:105) Processed 50 utterances; for utterance 8238-274553-0022 avg. like is -114.44 over 341 frames.
LOG (gmm-acc-stats-ali[5.5.268-f9828]:main():gmm-acc-stats-ali.cc:105) Processed 100 utterances; for utterance 8425-287387-0027 avg. like is -108.994 over 320 frames.
LOG (apply-cmvn[5.5.268-f9828]:main():apply-cmvn.cc:162) Applied cepstral mean normalization to 188 utterances, errors on 0
LOG (align-equal-compiled[5.5.268-f9828]:main():align-equal-compiled.cc:107) Success: done 188 utterances.
LOG (gmm-acc-stats-ali[5.5.268-f9828]:main():gmm-acc-stats-ali.cc:105) Processed 150 utterances; for utterance 8797-294123-0037 avg. like is -113.378 over 220 frames.
LOG (apply-cmvn[5.5.268-f9828]:main():apply-cmvn.cc:162) Applied cepstral mean normalization to 188 utterances, errors on 0
LOG (gmm-acc-stats-ali[5.5.268-f9828]:main():gmm-acc-stats-ali.cc:112) Done 188 files, 0 with errors.
LOG (gmm-acc-stats-ali[5.5.268-f9828]:main():gmm-acc-stats-ali.cc:115) Overall avg like per frame (Gaussian only) = -111.975 over 65870 frames.
LOG (gmm-acc-stats-ali[5.5.268-f9828]:main():gmm-acc-stats-ali.cc:123) Written accs.
# Accounting: time=1 threads=1
# Ended (code 0) at Sat Mar 13 13:13:20 EET 2021, elapsed time 1 seconds
