# align-equal-compiled "ark:gunzip -c exp/mono-2/fsts.1.gz|" "ark,s,cs:apply-cmvn  --utt2spk=ark:data/train_2kshort/split10/1/utt2spk scp:data/train_2kshort/split10/1/cmvn.scp scp:data/train_2kshort/split10/1/feats.scp ark:- | add-deltas  ark:- ark:- |" ark,t:- | gmm-acc-stats-ali --binary=true exp/mono-2/0.mdl "ark,s,cs:apply-cmvn  --utt2spk=ark:data/train_2kshort/split10/1/utt2spk scp:data/train_2kshort/split10/1/cmvn.scp scp:data/train_2kshort/split10/1/feats.scp ark:- | add-deltas  ark:- ark:- |" ark:- exp/mono-2/0.1.acc 
# Started at Sat Mar 13 13:13:19 EET 2021
#
align-equal-compiled 'ark:gunzip -c exp/mono-2/fsts.1.gz|' 'ark,s,cs:apply-cmvn  --utt2spk=ark:data/train_2kshort/split10/1/utt2spk scp:data/train_2kshort/split10/1/cmvn.scp scp:data/train_2kshort/split10/1/feats.scp ark:- | add-deltas  ark:- ark:- |' ark,t:- 
gmm-acc-stats-ali --binary=true exp/mono-2/0.mdl 'ark,s,cs:apply-cmvn  --utt2spk=ark:data/train_2kshort/split10/1/utt2spk scp:data/train_2kshort/split10/1/cmvn.scp scp:data/train_2kshort/split10/1/feats.scp ark:- | add-deltas  ark:- ark:- |' ark:- exp/mono-2/0.1.acc 
add-deltas ark:- ark:- 
apply-cmvn --utt2spk=ark:data/train_2kshort/split10/1/utt2spk scp:data/train_2kshort/split10/1/cmvn.scp scp:data/train_2kshort/split10/1/feats.scp ark:- 
apply-cmvn --utt2spk=ark:data/train_2kshort/split10/1/utt2spk scp:data/train_2kshort/split10/1/cmvn.scp scp:data/train_2kshort/split10/1/feats.scp ark:- 
add-deltas ark:- ark:- 
LOG (gmm-acc-stats-ali[5.5.268-f9828]:main():gmm-acc-stats-ali.cc:105) Processed 50 utterances; for utterance 1088-134315-0055 avg. like is -108.885 over 277 frames.
LOG (gmm-acc-stats-ali[5.5.268-f9828]:main():gmm-acc-stats-ali.cc:105) Processed 100 utterances; for utterance 118-47824-0085 avg. like is -112.943 over 329 frames.
LOG (gmm-acc-stats-ali[5.5.268-f9828]:main():gmm-acc-stats-ali.cc:105) Processed 150 utterances; for utterance 125-121124-0060 avg. like is -111.125 over 500 frames.
LOG (apply-cmvn[5.5.268-f9828]:main():apply-cmvn.cc:162) Applied cepstral mean normalization to 220 utterances, errors on 0
LOG (align-equal-compiled[5.5.268-f9828]:main():align-equal-compiled.cc:107) Success: done 220 utterances.
LOG (gmm-acc-stats-ali[5.5.268-f9828]:main():gmm-acc-stats-ali.cc:105) Processed 200 utterances; for utterance 1455-138263-0000 avg. like is -106.236 over 452 frames.
LOG (apply-cmvn[5.5.268-f9828]:main():apply-cmvn.cc:162) Applied cepstral mean normalization to 220 utterances, errors on 0
LOG (gmm-acc-stats-ali[5.5.268-f9828]:main():gmm-acc-stats-ali.cc:112) Done 220 files, 0 with errors.
LOG (gmm-acc-stats-ali[5.5.268-f9828]:main():gmm-acc-stats-ali.cc:115) Overall avg like per frame (Gaussian only) = -110.212 over 79463 frames.
LOG (gmm-acc-stats-ali[5.5.268-f9828]:main():gmm-acc-stats-ali.cc:123) Written accs.
# Accounting: time=1 threads=1
# Ended (code 0) at Sat Mar 13 13:13:20 EET 2021, elapsed time 1 seconds
