# align-equal-compiled "ark:gunzip -c exp/mono-2/fsts.2.gz|" "ark,s,cs:apply-cmvn  --utt2spk=ark:data/train_2kshort/split10/2/utt2spk scp:data/train_2kshort/split10/2/cmvn.scp scp:data/train_2kshort/split10/2/feats.scp ark:- | add-deltas  ark:- ark:- |" ark,t:- | gmm-acc-stats-ali --binary=true exp/mono-2/0.mdl "ark,s,cs:apply-cmvn  --utt2spk=ark:data/train_2kshort/split10/2/utt2spk scp:data/train_2kshort/split10/2/cmvn.scp scp:data/train_2kshort/split10/2/feats.scp ark:- | add-deltas  ark:- ark:- |" ark:- exp/mono-2/0.2.acc 
# Started at Sat Mar 13 13:13:19 EET 2021
#
align-equal-compiled 'ark:gunzip -c exp/mono-2/fsts.2.gz|' 'ark,s,cs:apply-cmvn  --utt2spk=ark:data/train_2kshort/split10/2/utt2spk scp:data/train_2kshort/split10/2/cmvn.scp scp:data/train_2kshort/split10/2/feats.scp ark:- | add-deltas  ark:- ark:- |' ark,t:- 
gmm-acc-stats-ali --binary=true exp/mono-2/0.mdl 'ark,s,cs:apply-cmvn  --utt2spk=ark:data/train_2kshort/split10/2/utt2spk scp:data/train_2kshort/split10/2/cmvn.scp scp:data/train_2kshort/split10/2/feats.scp ark:- | add-deltas  ark:- ark:- |' ark:- exp/mono-2/0.2.acc 
add-deltas ark:- ark:- 
apply-cmvn --utt2spk=ark:data/train_2kshort/split10/2/utt2spk scp:data/train_2kshort/split10/2/cmvn.scp scp:data/train_2kshort/split10/2/feats.scp ark:- 
add-deltas ark:- ark:- 
apply-cmvn --utt2spk=ark:data/train_2kshort/split10/2/utt2spk scp:data/train_2kshort/split10/2/cmvn.scp scp:data/train_2kshort/split10/2/feats.scp ark:- 
LOG (gmm-acc-stats-ali[5.5.268-f9828]:main():gmm-acc-stats-ali.cc:105) Processed 50 utterances; for utterance 1624-168623-0053 avg. like is -104.792 over 404 frames.
LOG (gmm-acc-stats-ali[5.5.268-f9828]:main():gmm-acc-stats-ali.cc:105) Processed 100 utterances; for utterance 1898-145702-0017 avg. like is -105.167 over 219 frames.
LOG (gmm-acc-stats-ali[5.5.268-f9828]:main():gmm-acc-stats-ali.cc:105) Processed 150 utterances; for utterance 1970-10594-0028 avg. like is -106.767 over 438 frames.
LOG (apply-cmvn[5.5.268-f9828]:main():apply-cmvn.cc:162) Applied cepstral mean normalization to 222 utterances, errors on 0
LOG (align-equal-compiled[5.5.268-f9828]:main():align-equal-compiled.cc:107) Success: done 222 utterances.
LOG (gmm-acc-stats-ali[5.5.268-f9828]:main():gmm-acc-stats-ali.cc:105) Processed 200 utterances; for utterance 201-127786-0049 avg. like is -109.37 over 496 frames.
LOG (apply-cmvn[5.5.268-f9828]:main():apply-cmvn.cc:162) Applied cepstral mean normalization to 222 utterances, errors on 0
LOG (gmm-acc-stats-ali[5.5.268-f9828]:main():gmm-acc-stats-ali.cc:112) Done 222 files, 0 with errors.
LOG (gmm-acc-stats-ali[5.5.268-f9828]:main():gmm-acc-stats-ali.cc:115) Overall avg like per frame (Gaussian only) = -110.871 over 79219 frames.
LOG (gmm-acc-stats-ali[5.5.268-f9828]:main():gmm-acc-stats-ali.cc:123) Written accs.
# Accounting: time=1 threads=1
# Ended (code 0) at Sat Mar 13 13:13:20 EET 2021, elapsed time 1 seconds
