# align-equal-compiled "ark:gunzip -c exp/mono-2/fsts.3.gz|" "ark,s,cs:apply-cmvn  --utt2spk=ark:data/train_2kshort/split10/3/utt2spk scp:data/train_2kshort/split10/3/cmvn.scp scp:data/train_2kshort/split10/3/feats.scp ark:- | add-deltas  ark:- ark:- |" ark,t:- | gmm-acc-stats-ali --binary=true exp/mono-2/0.mdl "ark,s,cs:apply-cmvn  --utt2spk=ark:data/train_2kshort/split10/3/utt2spk scp:data/train_2kshort/split10/3/cmvn.scp scp:data/train_2kshort/split10/3/feats.scp ark:- | add-deltas  ark:- ark:- |" ark:- exp/mono-2/0.3.acc 
# Started at Sat Mar 13 13:13:19 EET 2021
#
align-equal-compiled 'ark:gunzip -c exp/mono-2/fsts.3.gz|' 'ark,s,cs:apply-cmvn  --utt2spk=ark:data/train_2kshort/split10/3/utt2spk scp:data/train_2kshort/split10/3/cmvn.scp scp:data/train_2kshort/split10/3/feats.scp ark:- | add-deltas  ark:- ark:- |' ark,t:- 
gmm-acc-stats-ali --binary=true exp/mono-2/0.mdl 'ark,s,cs:apply-cmvn  --utt2spk=ark:data/train_2kshort/split10/3/utt2spk scp:data/train_2kshort/split10/3/cmvn.scp scp:data/train_2kshort/split10/3/feats.scp ark:- | add-deltas  ark:- ark:- |' ark:- exp/mono-2/0.3.acc 
apply-cmvn --utt2spk=ark:data/train_2kshort/split10/3/utt2spk scp:data/train_2kshort/split10/3/cmvn.scp scp:data/train_2kshort/split10/3/feats.scp ark:- 
add-deltas ark:- ark:- 
add-deltas ark:- ark:- 
apply-cmvn --utt2spk=ark:data/train_2kshort/split10/3/utt2spk scp:data/train_2kshort/split10/3/cmvn.scp scp:data/train_2kshort/split10/3/feats.scp ark:- 
LOG (gmm-acc-stats-ali[5.5.268-f9828]:main():gmm-acc-stats-ali.cc:105) Processed 50 utterances; for utterance 2159-179154-0018 avg. like is -110.948 over 468 frames.
LOG (gmm-acc-stats-ali[5.5.268-f9828]:main():gmm-acc-stats-ali.cc:105) Processed 100 utterances; for utterance 2391-145015-0100 avg. like is -114.462 over 503 frames.
LOG (gmm-acc-stats-ali[5.5.268-f9828]:main():gmm-acc-stats-ali.cc:105) Processed 150 utterances; for utterance 26-496-0026 avg. like is -109.542 over 237 frames.
LOG (apply-cmvn[5.5.268-f9828]:main():apply-cmvn.cc:162) Applied cepstral mean normalization to 206 utterances, errors on 0
LOG (align-equal-compiled[5.5.268-f9828]:main():align-equal-compiled.cc:107) Success: done 206 utterances.
LOG (gmm-acc-stats-ali[5.5.268-f9828]:main():gmm-acc-stats-ali.cc:105) Processed 200 utterances; for utterance 27-124992-0072 avg. like is -108.164 over 445 frames.
LOG (apply-cmvn[5.5.268-f9828]:main():apply-cmvn.cc:162) Applied cepstral mean normalization to 206 utterances, errors on 0
LOG (gmm-acc-stats-ali[5.5.268-f9828]:main():gmm-acc-stats-ali.cc:112) Done 206 files, 0 with errors.
LOG (gmm-acc-stats-ali[5.5.268-f9828]:main():gmm-acc-stats-ali.cc:115) Overall avg like per frame (Gaussian only) = -109.73 over 72416 frames.
LOG (gmm-acc-stats-ali[5.5.268-f9828]:main():gmm-acc-stats-ali.cc:123) Written accs.
# Accounting: time=1 threads=1
# Ended (code 0) at Sat Mar 13 13:13:20 EET 2021, elapsed time 1 seconds
