# compile-train-graphs --read-disambig-syms=data/lang_nosp/phones/disambig.int exp/mono-2/tree exp/mono-2/0.mdl data/lang_nosp/L.fst "ark:sym2int.pl --map-oov 3 -f 2- data/lang_nosp/words.txt < data/train_2kshort/split10/4/text|" "ark:|gzip -c >exp/mono-2/fsts.4.gz" 
# Started at Sat Mar 13 13:13:15 EET 2021
#
compile-train-graphs --read-disambig-syms=data/lang_nosp/phones/disambig.int exp/mono-2/tree exp/mono-2/0.mdl data/lang_nosp/L.fst 'ark:sym2int.pl --map-oov 3 -f 2- data/lang_nosp/words.txt < data/train_2kshort/split10/4/text|' 'ark:|gzip -c >exp/mono-2/fsts.4.gz' 
sym2int.pl: replacing LOAMSNIRE with 3
sym2int.pl: replacing SMELL'S with 3
sym2int.pl: replacing POYSERS with 3
sym2int.pl: replacing BAUNE with 3
sym2int.pl: replacing FOCILE with 3
sym2int.pl: replacing TOLEDANS with 3
sym2int.pl: replacing COUNTEFIT with 3
sym2int.pl: replacing GENEWINE with 3
sym2int.pl: replacing ARTEKIL with 3
sym2int.pl: replacing DISSIMULATION'S with 3
sym2int.pl: replacing DRON with 3
sym2int.pl: replacing MORADABAD with 3
sym2int.pl: replacing FERIDPOOR with 3
sym2int.pl: replacing CYN with 3
** Replaced 14 instances of OOVs with 3
LOG (compile-train-graphs[5.5.268-f9828]:main():compile-train-graphs.cc:147) compile-train-graphs: succeeded for 205 graphs, failed for 0
# Accounting: time=4 threads=1
# Ended (code 0) at Sat Mar 13 13:13:19 EET 2021, elapsed time 4 seconds
