# compile-train-graphs --read-disambig-syms=data/lang_nosp/phones/disambig.int exp/mono-2/tree exp/mono-2/0.mdl data/lang_nosp/L.fst "ark:sym2int.pl --map-oov 3 -f 2- data/lang_nosp/words.txt < data/train_2kshort/split10/8/text|" "ark:|gzip -c >exp/mono-2/fsts.8.gz" 
# Started at Sat Mar 13 13:13:15 EET 2021
#
compile-train-graphs --read-disambig-syms=data/lang_nosp/phones/disambig.int exp/mono-2/tree exp/mono-2/0.mdl data/lang_nosp/L.fst 'ark:sym2int.pl --map-oov 3 -f 2- data/lang_nosp/words.txt < data/train_2kshort/split10/8/text|' 'ark:|gzip -c >exp/mono-2/fsts.8.gz' 
sym2int.pl: replacing OLLAYS with 3
sym2int.pl: replacing OLLAYS with 3
sym2int.pl: replacing EAMES'S with 3
sym2int.pl: replacing CANICAN with 3
sym2int.pl: replacing JOSIANA with 3
sym2int.pl: replacing DEVERIA with 3
sym2int.pl: replacing NATSIR with 3
sym2int.pl: replacing NATSIR with 3
sym2int.pl: replacing AKHUNI with 3
sym2int.pl: replacing AKHABBU with 3
sym2int.pl: replacing QARQAR with 3
sym2int.pl: replacing ARAMAEAN with 3
sym2int.pl: replacing SHAMSHI with 3
sym2int.pl: replacing DABAN with 3
** Replaced 14 instances of OOVs with 3
LOG (compile-train-graphs[5.5.268-f9828]:main():compile-train-graphs.cc:147) compile-train-graphs: succeeded for 191 graphs, failed for 0
# Accounting: time=4 threads=1
# Ended (code 0) at Sat Mar 13 13:13:19 EET 2021, elapsed time 4 seconds
